BOOTSTRAP OF SNAQ ESTIMATION 

main seed 4321

BEGIN: 50 replicates
Fri 24 Feb 2023 11:15:24 AM CST

begin replicate 1
bootstrap data simulation: seed 16194
estimation, 5 runs: seed 50182
((Eremanthus_incanus,(Lychnophorasalicifolia,#H21:2.0990548461302705::0.41966269570731596):0.10112122388279975):0.13992588030943448,(Presteliaeriopus,(((Lychnophoraalbertinioides,(Lychnocephalusjolianus,(Lychnocephalustomentosus)#H23:::0.6239784028439732)0.7:0.6683050852538043)1:0.20548939410556707,(#H23:::0.37602159715602673,Lychnophorasouzae):0.0936520230755556)0.99:0.03285234618473478)#H21:0.13379277279337298::0.580337304292684)0.77:0.2681904009255843,((Hololepis_pedunculata,(Heterocoma_ekmaniana,(Chronopappus_bifrons,#H22:::0.4379763984567166):0.2984386128428273)0.89:0.6363905812637471)1:0.6253233945849082,(Minasiascapigera,(Proteopisargentea)#H22:::0.5620236015432833)0.41:0.09853768259814405)0.77:0.08506579882826043)0.54;

begin replicate 2
bootstrap data simulation: seed 13850
estimation, 5 runs: seed 89995
(Minasiascapigera,(((Proteopisargentea)#H22:::0.5956385107445514,(Hololepis_pedunculata,(Heterocoma_ekmaniana,(Chronopappus_bifrons,#H22:::0.4043614892554485):0.0)0.89:0.6788612458951686)1:0.5580032407431978)0.41:1.116770117510277e-9,#H21:::0.46047680295773663)0.77:0.0900737507777608,((Eremanthus_incanus,Lychnophorasalicifolia):0.011638865735466571,((Presteliaeriopus)#H21:::0.5395231970422634,((Lychnophoraalbertinioides,(Lychnocephalusjolianus,#H23:::0.29614217905336776)1:9.999841994683921)0.7:0.21914435255672898,(Lychnophorasouzae,(Lychnocephalustomentosus)#H23:::0.7038578209466322):0.07488355524067276)0.99:0.0)0.77:0.4296300047951367):0.11677604963306583)0.54;

begin replicate 3
bootstrap data simulation: seed 63550
estimation, 5 runs: seed 20206
((((Chronopappus_bifrons,(Proteopisargentea)#H22:::0.6118983061236498):0.218240814824633,Heterocoma_ekmaniana)0.89:0.5752612215480627,Hololepis_pedunculata)1:0.7986843397242851,((Presteliaeriopus,#H21:0.000159196581347447::0.31827836300142387)0.77:1.7999295731325713,(Eremanthus_incanus,(Lychnophorasalicifolia,((#H23:::0.33806397027655755,(Lychnophorasouzae,(Lychnophoraalbertinioides,(Lychnocephalusjolianus,(Lychnocephalustomentosus)#H23:::0.6619360297234425)1:0.5879988082239629)0.7:0.294298955365055)0.99:0.0):0.07334218581373343)#H21:0.39527144376214857::0.6817216369985761):0.023697318561934664):0.09175185276650316)0.77:0.00972775636446537,(Minasiascapigera,#H22:::0.3881016938763502)0.41:0.3805087613370165)0.54;

begin replicate 4
bootstrap data simulation: seed 36326
estimation, 5 runs: seed 96831
(((Hololepis_pedunculata,((Proteopisargentea)#H22:::0.5056071847814128,(Heterocoma_ekmaniana,Chronopappus_bifrons)0.89:0.0003804365290469938):0.6370501145751776)1:0.6726519074374061,#H22:::0.49439281521858724)0.41:0.01658953910022955,((Eremanthus_incanus,Lychnophorasalicifolia)0.77:0.15114487895207449,(Presteliaeriopus,(((Lychnophoraalbertinioides,(Lychnocephalusjolianus,(Lychnocephalustomentosus)#H23:::0.536368959524975)1:0.5890631600875512)0.7:0.17720550627018294,#H23:::0.463631040475025):0.025803298065195344,(Lychnophorasouzae,#H21:::0.046819461654229635)0.77:2.478178022121524)0.99:0.24337006089699703):0.20565931455589231):0.0669605762055403,(Minasiascapigera)#H21:::0.9531805383457703)0.54;

begin replicate 5
bootstrap data simulation: seed 37005
estimation, 5 runs: seed 32968
(Minasiascapigera,((Presteliaeriopus,#H21:0.0001405631993200334::0.26111883363441224)0.77:2.0113281809650987,((Hololepis_pedunculata,(Heterocoma_ekmaniana,(Chronopappus_bifrons,#H22:::0.2953711479775774):0.37882796574460265)0.89:0.61595659195247)1:0.4869827186380829,(Proteopisargentea)#H22:::0.7046288520224226)0.41:7.241430210291701e-5)0.77:0.08233757468553884,(Lychnophorasalicifolia,((Eremanthus_incanus,((Lychnophoraalbertinioides,(Lychnocephalusjolianus,(Lychnocephalustomentosus)#H23:::0.6591013726622023)1:0.47253689877995436)0.7:0.31204517442158897,(Lychnophorasouzae,#H23:::0.34089862733779774):0.050402475996196294):0.3472694346206237)0.99:4.1805618554328794e-5)#H21:0.0::0.7388811663655878):0.18210283761191226)0.54;

begin replicate 6
bootstrap data simulation: seed 83325
estimation, 5 runs: seed 17365
(Minasiascapigera,(((Eremanthus_incanus,Lychnophorasalicifolia):0.07141085971099274,(((Lychnophoraalbertinioides,(Lychnocephalusjolianus,(Lychnocephalustomentosus)#H23:::0.8169369500877829)1:0.38067750953120927)0.7:0.25208894723918057,(Lychnophorasouzae,#H23:::0.18306304991221714):0.5182959932599768)0.99:0.0,#H21:::0.4314415531131506)0.77:0.38084540848053616):0.09190385013458219,(Presteliaeriopus)#H21:::0.5685584468868494)0.77:0.10058835968999379,((Hololepis_pedunculata,(Chronopappus_bifrons,(Heterocoma_ekmaniana,#H22:::0.20845402399784294):2.1661004523862037)0.89:0.623693799439451)1:0.4409483783802157,(Proteopisargentea)#H22:::0.791545976002157)0.41:0.20112387979053256)0.54;

begin replicate 7
bootstrap data simulation: seed 69101
estimation, 5 runs: seed 58116
((Lychnophorasalicifolia,(Presteliaeriopus,(((Lychnophoraalbertinioides,(Lychnocephalusjolianus,(Lychnocephalustomentosus)#H23:::0.7541721365357121)1:0.3548517261486872)0.7:0.31465942704700706,(Lychnophorasouzae,#H23:::0.24582786346428787):0.622803076103249)0.99:0.1436065210816204)#H21:2.366100174752892e-8::0.9281255658300552):0.24643030907239138)0.77:0.021708755766647842,((#H22:::0.4544239810502161,(Hololepis_pedunculata,(Heterocoma_ekmaniana,(Chronopappus_bifrons,(Proteopisargentea)#H22:::0.5455760189497839):0.004361527622713086)0.89:0.46655430583298163)1:0.6050615154624074)0.41:0.0004263768256757933,(Minasiascapigera,#H21:0.0005811375276845088::0.0718744341699448):2.5985048873065493)0.77:0.13734189190732282,Eremanthus_incanus)0.54;

begin replicate 8
bootstrap data simulation: seed 8205
estimation, 5 runs: seed 65293
((Lychnocephalustomentosus,(Lychnophoraalbertinioides,(Lychnophorasouzae,(Presteliaeriopus,(((Eremanthus_incanus,(Lychnophorasalicifolia,#H21:::0.13299181323899434)0.54:7.1630658230557716)0.77:0.16401869561439533,(((Hololepis_pedunculata,(#H22:::0.464620428309235,(Heterocoma_ekmaniana,Chronopappus_bifrons)0.89:0.0005531787576404988):0.5094200639900915)1:0.6569945159662057,(Proteopisargentea)#H22:::0.535379571690765)0.41:0.0,(Minasiascapigera)#H21:::0.8670081867610057)0.77:0.11151864543203069):0.02480760976154941)#H23:0.4181839438813002::0.7827180402784204):0.46299001948012136)0.99:0.33913986274882557):0.425856481772062)0.7:0.02761349085507168,#H23:0.006286429998375337::0.21728195972157957,Lychnocephalusjolianus)1;

begin replicate 9
bootstrap data simulation: seed 64418
estimation, 5 runs: seed 12183
((Eremanthus_incanus,(Lychnophorasalicifolia,((((Lychnocephalusjolianus,#H23:::0.38772587146188914)1:1.7728699292388175,Lychnophoraalbertinioides)0.99:0.1759394809711845,(Lychnophorasouzae,(Lychnocephalustomentosus)#H23:::0.6122741285381108):0.014060982051554618)0.7:0.0011557650240026534)#H21:1.8502920127841316::0.6922278853120633):8.01871409996378e-8):0.13173065858030253,(Presteliaeriopus,#H21:6.791945860813541e-9::0.30777211468793675)0.77:1.0066696637439059,((Proteopisargentea)#H22:::0.6607744645387739,((Hololepis_pedunculata,(#H22:::0.33922553546122614,(Chronopappus_bifrons,Heterocoma_ekmaniana)0.89:0.0):0.5392721417086869)1:0.5406090369119584,Minasiascapigera)0.77:0.028015973620815093)0.41:0.06157803196484559)0.54;

begin replicate 10
bootstrap data simulation: seed 87304
estimation, 5 runs: seed 63022
(Lychnophorasalicifolia,(Eremanthus_incanus,((Presteliaeriopus,(Lychnophorasouzae,((Lychnocephalustomentosus,(Lychnocephalusjolianus)#H23:::0.8395478237533311):0.3749955708589992,(Lychnophoraalbertinioides,#H23:::0.16045217624666896)0.7:0.3749955708589992):0.09440177602596782)1:0.1682593328225866)0.77:0.16331580925341818)#H21:0.33046281375221775::0.6073539783237115):0.0,(((Minasiascapigera,(Proteopisargentea)#H22:::0.648252807101549)0.41:0.003684465009893686,(Hololepis_pedunculata,((Heterocoma_ekmaniana,#H22:::0.35174719289845097):0.6802308594537068,Chronopappus_bifrons)0.89:0.8374812836202938)1:0.627262167803695)0.77:0.0,#H21:0.013064365671723302::0.3926460216762885)0.99:0.37360073437511326)0.54;

begin replicate 11
bootstrap data simulation: seed 70563
estimation, 5 runs: seed 54971
((Minasiascapigera,(Proteopisargentea)#H22:::0.6745326340477946)0.41:0.16043050183303806,(Hololepis_pedunculata,(Heterocoma_ekmaniana,(Chronopappus_bifrons,#H22:::0.3254673659522054):0.4623769313347074)0.89:0.4390438082561652)1:0.6786192259739574,(((Eremanthus_incanus,Lychnophorasalicifolia):0.07531683270561325,(((Lychnophoraalbertinioides,(Lychnocephalusjolianus,#H23:::0.35851121155442445)1:1.0380118092755677)0.7:0.23904096033134326,(Lychnocephalustomentosus)#H23:::0.6414887884455756):0.045614987249190976,(#H21:::0.35581507531734624,Lychnophorasouzae)0.77:0.17302848986250804)0.99:0.3546851470723211):0.11045383603731089,(Presteliaeriopus)#H21:::0.6441849246826538)0.77:0.0)0.54;

begin replicate 12
bootstrap data simulation: seed 52801
estimation, 5 runs: seed 4268
((Lychnophorasalicifolia,(Eremanthus_incanus,#H21:::0.3483472523670412):0.0734260070486604):0.12979936001667106,((Presteliaeriopus)#H21:::0.6516527476329588,(((Lychnocephalusjolianus,(Lychnocephalustomentosus)#H23:::0.9927658690534187)1:0.3881825761216798,Lychnophoraalbertinioides)0.99:0.10525174312148958,(Lychnophorasouzae,#H23:::0.0072341309465813455):0.0)0.7:0.08243362740000117)0.77:0.340252115661662,(Minasiascapigera,((Hololepis_pedunculata,(Heterocoma_ekmaniana,(Chronopappus_bifrons,#H22:::0.4345391282566924):0.06485652772473346)0.89:0.5699296892807746)1:0.8240383782306899,(Proteopisargentea)#H22:::0.5654608717433076)0.41:0.0)0.77:0.07260265674652254)0.54;

begin replicate 13
bootstrap data simulation: seed 41389
estimation, 5 runs: seed 62025
(Minasiascapigera,((Presteliaeriopus,#H21:5.5436820803208995e-6::0.37890137176090705)0.77:0.8944784066044142,((Hololepis_pedunculata,(Heterocoma_ekmaniana,(Chronopappus_bifrons,#H22:::0.4544341182404087):0.2816524979502546)0.89:0.5857634558299559)1:0.6111002804155614,(Proteopisargentea)#H22:::0.5455658817595913)0.41:1.5063705520794904e-7)0.77:0.08020708954407979,((((Lychnophorasalicifolia,Eremanthus_incanus):0.18201469838567402,((Lychnocephalustomentosus,Lychnocephalusjolianus)0.7:0.1801349360385379,(Lychnophoraalbertinioides,(Lychnophorasouzae)#H23:::0.5800097380357231):0.12871835319678512)1:0.567476395661027)0.99:4.4442440835861893e-7,#H23:::0.4199902619642769):0.023603508177069778)#H21:0.44660588803014994::0.6210986282390929)0.54;

begin replicate 14
bootstrap data simulation: seed 49228
estimation, 5 runs: seed 82615
((Eremanthus_incanus,(Lychnophorasalicifolia,(((Lychnophorasouzae,(Lychnophoraalbertinioides)#H23:::0.8446233450944504):0.05412390266590678,(Lychnocephalustomentosus,(Lychnocephalusjolianus,#H23:::0.15537665490554967)1:1.8433144858030295)0.7:0.39567380658189405)0.99:0.0)#H21:1.491135429297737::0.6696791182594096):0.0005827950480724711):0.16468717309738892,(Presteliaeriopus,#H21:0.00013535720401167486::0.3303208817405904)0.77:1.4289784966027197,((Minasiascapigera,(Proteopisargentea)#H22:::0.6487492759481767)0.41:0.0001058528302689524,(Hololepis_pedunculata,(Heterocoma_ekmaniana,(Chronopappus_bifrons,#H22:::0.35125072405182334):0.5762012844445514)0.89:0.580439673668213)1:0.4735367115067588)0.77:0.01511173891168016)0.54;

begin replicate 15
bootstrap data simulation: seed 24885
estimation, 5 runs: seed 54604
((((Proteopisargentea)#H22:::0.5086466094249917,((Minasiascapigera,(Presteliaeriopus,#H21:9.002788465876338e-9::0.26373193644132825)0.77:2.7498445036815338)0.77:0.044965085620608886,((#H23:::0.38491872918459974,(Lychnophorasouzae,(Lychnophoraalbertinioides,(Lychnocephalusjolianus,(Lychnocephalustomentosus)#H23:::0.6150812708154003)1:0.7095854302006624)0.7:0.17307202096069732)0.99:0.0):0.0)#H21:0.6476058993699106::0.7362680635586718):1.1864107916484506e-7)0.41:0.01713967481287443,(Hololepis_pedunculata,(Heterocoma_ekmaniana,(Chronopappus_bifrons,#H22:::0.4913533905750082):0.1844988858426952)0.89:0.9235461480771309)1:0.7611719519399527):0.09145129913249954,Lychnophorasalicifolia,Eremanthus_incanus)0.54;

begin replicate 16
bootstrap data simulation: seed 5781
estimation, 5 runs: seed 75067
((((Proteopisargentea)#H22:::0.6222209763525023,((Chronopappus_bifrons,Heterocoma_ekmaniana)0.89:0.49680587181584585,(#H22:::0.3777790236474977,Hololepis_pedunculata):0.19717153597243522)1:0.6591775810675846)0.41:0.00017089370017874333,((Presteliaeriopus,((Lychnophoraalbertinioides,(Lychnocephalusjolianus,(Lychnocephalustomentosus)#H23:::0.7128059005209026)1:0.6320412670382505)0.7:0.21258939853954195,(Lychnophorasouzae,#H23:::0.28719409947909735):0.5483363346536213)0.99:0.1680907709066072)0.77:2.4883473296559014e-5)#H21:0.19595353074809024::0.9383280317032953)0.77:0.04632503723660959,Minasiascapigera,(Eremanthus_incanus,(Lychnophorasalicifolia,#H21:3.2499996856248323::0.06167196829670469):3.197117266840674):0.11684931982800766)0.54;

begin replicate 17
bootstrap data simulation: seed 91481
estimation, 5 runs: seed 26133
(Minasiascapigera,((Presteliaeriopus,#H21:0.00013735316399852786::0.20894416243173422)0.77:3.4099610141294527,((Hololepis_pedunculata,(Heterocoma_ekmaniana,(Chronopappus_bifrons,#H22:::0.4061904697897054):0.30247312376564167)0.89:0.579007780894406)1:0.6659857555866782,(Proteopisargentea)#H22:::0.5938095302102946)0.41:0.0037542688131716757)0.77:0.08750307464757709,(Lychnophorasalicifolia,((Eremanthus_incanus,(#H23:::0.34296040981710785,((Lychnophoraalbertinioides,(Lychnocephalusjolianus,(Lychnocephalustomentosus)#H23:::0.6570395901828922)1:0.41102705521220045)0.7:0.2325992499731974,Lychnophorasouzae)0.99:0.009463286932638848):0.3179093601317252):0.0)#H21:0.0::0.7910558375682658):0.01568040666129193)0.54;

begin replicate 18
bootstrap data simulation: seed 91752
estimation, 5 runs: seed 83326
(Minasiascapigera,(Hololepis_pedunculata,((Proteopisargentea)#H22:::0.5644297600617156,(Chronopappus_bifrons,Heterocoma_ekmaniana)0.89:0.33648459007963555):0.154881412379609)1:0.6650760981835867,(#H22:::0.4355702399382843,((Presteliaeriopus,(#H21:::0.09409204936016467,((Lychnophoraalbertinioides,(Lychnocephalusjolianus,(Lychnocephalustomentosus)#H23:::0.7356934779356907)1:0.7449829078259635)0.7:0.21915734707380596,(Lychnophorasouzae,#H23:::0.2643065220643092):0.5577234885626193)0.99:0.0):0.10840236525940819):0.19758537824034894,(Eremanthus_incanus,(Lychnophorasalicifolia)#H21:::0.9059079506398353)0.77:0.16565860806139182)0.77:3.888286334677626e-5)0.41:0.12330523477594825)0.54;

begin replicate 19
bootstrap data simulation: seed 55376
estimation, 5 runs: seed 54975
(Minasiascapigera,(((Hololepis_pedunculata,(Heterocoma_ekmaniana,(Chronopappus_bifrons,#H22:::0.17445447947433207):0.5913526192759855)0.89:0.6111282421183318)1:0.6528399064050776,(Proteopisargentea)#H22:::0.8255455205256679)0.41:0.0)#H21:0.0::0.8358773791026249,((Eremanthus_incanus,(((Lychnophoraalbertinioides,(Lychnocephalusjolianus,(Lychnocephalustomentosus)#H23:::0.577772433088288)1:0.8082188634016326)0.7:0.3825606634113092,(Lychnophorasouzae,#H23:::0.42222756691171204):0.020382261275435635)0.99:0.1616254113026781,(Presteliaeriopus,#H21:0.00014513403786477094::0.1641226208973751)0.77:1.5440942701254567):0.23989341094450495)0.77:0.028388328851818703,Lychnophorasalicifolia):0.24163175726651384)0.54;

begin replicate 20
bootstrap data simulation: seed 54422
estimation, 5 runs: seed 97370
((Minasiascapigera,(Proteopisargentea)#H22:::0.7763342085859679)0.41:0.20021829957245346,(Hololepis_pedunculata,(Heterocoma_ekmaniana,(Chronopappus_bifrons,#H22:::0.22366579141403214):2.7191104119025895)0.89:0.5879883738029864)1:0.7203205053965974,((Lychnophorasalicifolia,#H21:::0.31460159466043863)0.77:0.017240589828749608,(Eremanthus_incanus,((Lychnophorasouzae,((Lychnophoraalbertinioides,(Lychnocephalusjolianus,(Lychnocephalustomentosus)#H23:::0.5571902233035808)1:0.6818679385629186)0.7:0.2859539155147384,#H23:::0.4428097766964192):0.019750025224950788)0.99:0.0,(Presteliaeriopus)#H21:::0.6853984053395614)0.77:0.32703181328920705):0.10053865700855098):0.03029824107002389)0.54;

begin replicate 21
bootstrap data simulation: seed 47874
estimation, 5 runs: seed 75514
((((Lychnophorasalicifolia,(((Lychnophoraalbertinioides,(Lychnocephalusjolianus,#H23:::0.4652909837208666)1:0.9378972956544775)0.7:0.1481475781654683,(Lychnophorasouzae,(Lychnocephalustomentosus)#H23:::0.5347090162791335):0.025368000242876512)0.99:0.0)#H21:1.5394871852369099::0.6393323841217695):0.07608525967222277,Eremanthus_incanus):0.04585080175088216,((Proteopisargentea)#H22:::0.6850902252019593,(Hololepis_pedunculata,(Chronopappus_bifrons,(Heterocoma_ekmaniana,#H22:::0.3149097747980408):0.3672228649870677)0.89:0.6138195619875307)1:0.6741769994621999)0.41:0.0022265643823034587)0.77:0.052294885965423595,(Presteliaeriopus,#H21:0.0::0.36066761587823054)0.77:0.8567854752199953,Minasiascapigera)0.54;

begin replicate 22
bootstrap data simulation: seed 19237
estimation, 5 runs: seed 65290
((Presteliaeriopus,#H21:4.8539980223798365e-9::0.30358524851707236)0.77:1.7483461885936307,((Minasiascapigera,(Proteopisargentea)#H22:::0.5265894062280047)0.41:0.33281994356629363,(Hololepis_pedunculata,(Heterocoma_ekmaniana,(Chronopappus_bifrons,#H22:::0.47341059377199535):0.1558257404720835)0.89:0.5506005217488085)1:0.7481570429621243)0.77:2.0355990501450904e-8,(Lychnophorasalicifolia,(Eremanthus_incanus,(((Lychnophorasouzae,(Lychnophoraalbertinioides,(Lychnocephalusjolianus,(Lychnocephalustomentosus)#H23:::0.677024821061422)1:0.4135312633860878)0.7:0.2087955908048083)0.99:0.06596139236666966,#H23:::0.3229751789385779):0.0)#H21:0.8582791368632655::0.6964147514829276):0.006865478197167382):0.14101884102860937)0.54;

begin replicate 23
bootstrap data simulation: seed 55793
estimation, 5 runs: seed 41233
((#H21:::0.4165473351438266,((Eremanthus_incanus,Lychnophorasalicifolia):0.06916383316740216,(((Presteliaeriopus)#H21:::0.5834526648561734,Lychnophorasouzae)0.77:0.09306487764641538,((Lychnophoraalbertinioides,(Lychnocephalusjolianus,#H23:::0.3743258846709728):1.5478526935855643)0.99:0.1925682881281585,(Lychnocephalustomentosus)#H23:::0.6256741153290273)0.7:0.0)1:0.3672241776763281):0.16977538456452712)0.77:0.0,(Hololepis_pedunculata,(Heterocoma_ekmaniana,(Chronopappus_bifrons,(Proteopisargentea)#H22:::0.5899493834963652):0.23780614922128826)0.89:0.5073952803977946)1:0.7262085875442318,(Minasiascapigera,#H22:::0.41005061650363483)0.41:0.044272066802642944)0.54;

begin replicate 24
bootstrap data simulation: seed 3273
estimation, 5 runs: seed 63659
((Hololepis_pedunculata,((Heterocoma_ekmaniana,#H22:::0.4826412365379222):0.6264553422150886,Chronopappus_bifrons)0.89:0.5870382613567945)1:0.6910551231029637,((Presteliaeriopus,(Lychnophorasouzae,(((Lychnophoraalbertinioides,(Lychnocephalusjolianus,#H23:::0.3152462124551954)1:9.869833232526844):0.18377847651837734,(Lychnocephalustomentosus)#H23:::0.6847537875448046)0.99:0.0)#H21:::0.9573849960755236)0.7:0.40886076519631664):0.16756635276274184,(Lychnophorasalicifolia,(#H21:::0.042615003924476404,Eremanthus_incanus)0.77:9.0695877893068):0.23960192326638072)0.77:0.11218156841847607,(Minasiascapigera,(Proteopisargentea)#H22:::0.5173587634620778)0.41:0.3900232750737911)0.54;

begin replicate 25
bootstrap data simulation: seed 72988
estimation, 5 runs: seed 12772
((Minasiascapigera,((Hololepis_pedunculata,(Heterocoma_ekmaniana,(Chronopappus_bifrons,#H22:::0.142611419647252):6.378146913333486)0.89:0.5510647518334705)1:0.6634604577953765,(Proteopisargentea)#H22:::0.857388580352748)0.41:8.178701649692317e-6)0.77:0.0,((Eremanthus_incanus,Lychnophorasalicifolia):0.0726467656045187,((Presteliaeriopus)#H21:::0.5334731097377949,((Lychnophorasouzae,(Lychnophoraalbertinioides,(Lychnocephalusjolianus,#H23:::0.37585565159156736)1:1.8709023644957614)0.7:0.2815808467279476)0.99:0.0,(Lychnocephalustomentosus)#H23:::0.6241443484084326):0.0)0.77:0.42781038111919):0.19935050589321004,#H21:::0.46652689026220506)0.54;

begin replicate 26
bootstrap data simulation: seed 56400
estimation, 5 runs: seed 53593
((Minasiascapigera,(((Lychnophoraalbertinioides,(Lychnocephalusjolianus,(Lychnocephalustomentosus)#H23:::0.6166339204453203)1:0.7830277716127888)0.7:0.2486783941744708,(Lychnophorasouzae,#H23:::0.3833660795546797):0.21364320198351963)0.99:0.0003733157694901051,#H21:::0.44948562340495424)0.77:0.4097973670185929)0.77:0.0003541661412182531,((Hololepis_pedunculata,(Heterocoma_ekmaniana,(Chronopappus_bifrons,#H22:::0.23244766400910688):0.25709211729354503)0.89:0.6227521146273595)1:0.5680601718466282,(Proteopisargentea)#H22:::0.7675523359908931)0.41:1.8358223578320233e-7,((Lychnophorasalicifolia,Eremanthus_incanus):0.0,(Presteliaeriopus)#H21:::0.5505143765950458):0.06897782321159295)0.54;

begin replicate 27
bootstrap data simulation: seed 19215
estimation, 5 runs: seed 95102
(Minasiascapigera,((Lychnophorasalicifolia,(((Lychnophorasouzae,((Lychnocephalustomentosus,Lychnocephalusjolianus):0.2121458320131238,(Lychnophoraalbertinioides)#H24:::0.9389671470531944)0.99:0.1768253557239202)0.7:0.46775398049962175,(Eremanthus_incanus,#H24:::0.06103285294680556):0.0):0.0)#H21:0.0::0.7955042293855838):0.15470303867666269,(Presteliaeriopus,#H21:1.0540722536345323e-8::0.2044957706144162)0.77:6.636724356077723)0.77:0.018497320549467632,((Hololepis_pedunculata,(Chronopappus_bifrons,(Heterocoma_ekmaniana,#H22:::0.3542574446998334):0.19399062293120758)0.89:0.5612173806175279)1:0.6292267258416437,(Proteopisargentea)#H22:::0.6457425553001666)0.41:0.0)0.54;

begin replicate 28
bootstrap data simulation: seed 71487
estimation, 5 runs: seed 64828
(((((Heterocoma_ekmaniana,(Chronopappus_bifrons,#H22:::0.442112064814034):0.3146043818348163)1:0.44058215977807946,Hololepis_pedunculata)0.89:0.697830689866885,(Proteopisargentea)#H22:::0.557887935185966)0.41:0.0,Minasiascapigera)0.77:0.2573242206153056,(Eremanthus_incanus,(Lychnophorasalicifolia,#H21:1.000785784725801::0.28440301648911026):2.501099299842566e-6):0.04771602914691441,(Presteliaeriopus,((Lychnophorasouzae,((Lychnophoraalbertinioides,(Lychnocephalusjolianus)#H23:::0.3110406009265245)0.7:0.5289799144369662,(Lychnocephalustomentosus,#H23:::0.6889593990734754)1:0.5289799144369662):0.04258800542435205)0.99:0.24138750553109548)#H21:7.640002138174159e-6::0.7155969835108897)0.77:0.3035174558182612)0.54;

begin replicate 29
bootstrap data simulation: seed 55194
estimation, 5 runs: seed 28778
((Lychnophorasalicifolia,Eremanthus_incanus):0.056601174695784094,(((Lychnophorasouzae,#H21:::0.32387791300482466)0.77:0.19319193778531515,((Lychnocephalustomentosus,(Lychnocephalusjolianus)#H23:::0.7912755101226289)1:0.3214101277052875,(Lychnophoraalbertinioides,#H23:::0.20872448987737124)0.7:0.3214101277052875)0.99:0.06113139237629683):0.4490137064907689,(Minasiascapigera,((Proteopisargentea)#H22:::0.7133347113647025,(Hololepis_pedunculata,(Chronopappus_bifrons,(Heterocoma_ekmaniana,#H22:::0.2866652886352975):0.149545913828483)0.89:0.6510273461162027)1:0.35570156552870125)0.41:0.26500658976144853)0.77:0.11764614639645647):0.0,(Presteliaeriopus)#H21:::0.6761220869951754)0.54;

begin replicate 30
bootstrap data simulation: seed 28620
estimation, 5 runs: seed 50959
(Minasiascapigera,((Presteliaeriopus,#H21:8.58928544670951e-5::0.2092164285616475)0.77:1.6939954947502245,(((Heterocoma_ekmaniana,Chronopappus_bifrons)0.89:0.48754894233479085,(#H22:::0.41969724947678144,Hololepis_pedunculata):0.18586917791953497)1:0.6414468351527574,(Proteopisargentea)#H22:::0.5803027505232186)0.41:0.01496995390208333)0.77:0.1261689294241603,(Eremanthus_incanus,(Lychnophorasalicifolia,(((Lychnophoraalbertinioides,(Lychnocephalusjolianus,(Lychnocephalustomentosus)#H23:::0.58405443387603)1:0.8137320400413669)0.7:0.2482849425440972,(Lychnophorasouzae,#H23:::0.41594556612397005):0.10781786722840414)0.99:0.05297577412959611)#H21:0.7283808018880352::0.7907835714383525):0.022388624264589704):0.1129502024705566)0.54;

begin replicate 31
bootstrap data simulation: seed 69877
estimation, 5 runs: seed 53721
(#H21:1.5542629630444185e-9::0.3999680621104036,((Eremanthus_incanus,((Lychnophorasalicifolia,(#H22:::0.3940532784674552,(Minasiascapigera,(Hololepis_pedunculata,(Heterocoma_ekmaniana,(Chronopappus_bifrons,(Proteopisargentea)#H22:::0.6059467215325448):0.06175412142547117)1:0.6485104022188701)0.89:0.6833671271876589)0.77:0.01362453705772475)0.41:0.11394036019300195)0.77:0.0)#H21:0.0::0.6000319378895964):0.45182700485289395,Presteliaeriopus):0.031985024413579304,((Lychnocephalustomentosus)#H23:::0.6390784865039187,((Lychnophoraalbertinioides,(Lychnocephalusjolianus,#H23:::0.3609215134960813)1:3.5977509818498294)0.7:0.17493243448595688,Lychnophorasouzae)0.99:0.0):0.21770604081619943)0.54;

begin replicate 32
bootstrap data simulation: seed 72951
estimation, 5 runs: seed 91914
((Lychnophorasalicifolia,(Eremanthus_incanus)#H21:::0.9728004785004184):0.052341312086936743,((#H21:::0.02719952149958163,Presteliaeriopus):1.2015756294497544,(Lychnophorasouzae,((Lychnocephalustomentosus)#H23:::0.5777987717655246,(Lychnophoraalbertinioides,(Lychnocephalusjolianus,#H23:::0.4222012282344753)1:1.0718559716320482)0.7:0.09329342275052993):0.04980225677177469)0.99:0.2530126224851251)0.77:0.14306850285249803,((Hololepis_pedunculata,(#H22:::0.25683540054671034,(Chronopappus_bifrons,Heterocoma_ekmaniana)0.89:0.0001460317172807427):0.5339716539334389)1:0.7202479355625133,(Minasiascapigera,(Proteopisargentea)#H22:::0.7431645994532896)0.41:0.12376830134627582)0.77:0.14114927388101345)0.54;

begin replicate 33
bootstrap data simulation: seed 89178
estimation, 5 runs: seed 93016
(Eremanthus_incanus,Lychnophorasalicifolia,((((Lychnophorasouzae,#H23:::0.38322913312346546):0.16884839643098676,(Lychnophoraalbertinioides,(Lychnocephalusjolianus,(Lychnocephalustomentosus)#H23:::0.6167708668765346)1:0.4747174595432972)0.7:0.3123752855498092)0.99:0.044445021182063275,#H21:::0.47400017491891155):0.26113895980343843,((Presteliaeriopus)#H21:::0.5259998250810884,((Minasiascapigera,(Proteopisargentea)#H22:::0.6281653074396718)0.41:0.1882561180830645,(Hololepis_pedunculata,(Heterocoma_ekmaniana,(Chronopappus_bifrons,#H22:::0.37183469256032814):1.0065571361861123)0.89:0.5531296641117023)1:0.6679310058901895)0.77:0.0)0.77:0.10226595255187619):0.03950638491734628)0.54;

begin replicate 34
bootstrap data simulation: seed 31058
estimation, 5 runs: seed 90599
(Lychnophorasalicifolia,Eremanthus_incanus,(((Presteliaeriopus)#H21:::0.6140758228598222,((Hololepis_pedunculata,(Chronopappus_bifrons,(Heterocoma_ekmaniana,#H22:::0.4451562502080028):0.24486409898867897)0.89:0.5485553133279593)1:0.6981765265864509,((Proteopisargentea)#H22:::0.5548437497919971,Minasiascapigera)0.41:0.01657878875801878):0.027971220686778712)0.77:0.08653929577165907,(Lychnophorasouzae,(#H21:::0.3859241771401778,((Lychnophoraalbertinioides,(Lychnocephalusjolianus,#H23:::0.47275685775672)1:0.8484433848607118)0.7:0.16177524667728413,(Lychnocephalustomentosus)#H23:::0.52724314224328):0.010071529882269987)0.77:0.07195539653669168)0.99:0.2623372478072897):0.20897122076830923)0.54;

begin replicate 35
bootstrap data simulation: seed 19252
estimation, 5 runs: seed 28986
((Presteliaeriopus,#H21:0.542471333568831::0.2199324382581406)0.77:9.984089446269913,((((Lychnophoraalbertinioides,(Lychnocephalusjolianus,(Lychnocephalustomentosus)#H23:::0.7480952439822923)1:0.5140886257274004)0.99:0.19494203306257352,(Lychnophorasouzae,#H23:::0.2519047560177077)0.7:0.0):0.14472545518637386)#H21:0.40599420927212104::0.7800675617418594,(Lychnophorasalicifolia,Eremanthus_incanus):0.09425139844911713):0.06888638170570235,(Minasiascapigera,((Hololepis_pedunculata,(Heterocoma_ekmaniana,(Chronopappus_bifrons,#H22:::0.4591480194902054):0.49774802504241483)0.89:0.44371779199664557)1:0.5815501391220561,(Proteopisargentea)#H22:::0.5408519805097947)0.41:4.286157092751794e-8)0.77:0.049673289208262056)0.54;

begin replicate 36
bootstrap data simulation: seed 72813
estimation, 5 runs: seed 59983
(((Eremanthus_incanus)#H1:::0.5333201648564018,Lychnophorasalicifolia):0.5950324169664687,(Minasiascapigera,(((Proteopisargentea)#H22:::0.6272541252137416,(Hololepis_pedunculata,(Heterocoma_ekmaniana,(Chronopappus_bifrons,#H22:::0.3727458747862585):0.2926998335581075)0.89:0.6156300645332937)1:0.5322034391415628)0.41:0.0,#H1:::0.46667983514359823):0.1046950236656056)0.77:0.21533388708583545,((((Lychnophoraalbertinioides,(Lychnocephalusjolianus,#H23:::0.36553857343206553)1:1.3311440637630787)0.7:0.1972637475078078,(Lychnocephalustomentosus)#H23:::0.6344614265679345):0.09796826679313518,Lychnophorasouzae)0.77:0.16207763266686925,Presteliaeriopus):0.13610865917787957)0.54;

begin replicate 37
bootstrap data simulation: seed 68497
estimation, 5 runs: seed 74311
(Minasiascapigera,((Eremanthus_incanus,Lychnophorasalicifolia):0.06997684698881096,((Presteliaeriopus,#H21:2.1087723855153392e-7::0.19486011369178655)0.77:1.226333573784363,(((Lychnocephalustomentosus,((Lychnophoraalbertinioides)#H24:::0.5330324684028341,Lychnocephalusjolianus)0.99:9.3172892841383e-8):0.5280619761764112,#H24:::0.46696753159716586):0.003249247473117595,Lychnophorasouzae)0.7:0.23571050282299513):0.12889809766382523)0.77:0.24034237156805022,(((Hololepis_pedunculata,(Heterocoma_ekmaniana,(Chronopappus_bifrons,#H22:::0.3270815727373024):0.6180684256791996)0.89:0.568844278885236)1:0.6347040205693176,(Proteopisargentea)#H22:::0.6729184272626976)0.41:7.590932362052473e-11)#H21:8.303908293617857e-9::0.8051398863082134)0.54;

begin replicate 38
bootstrap data simulation: seed 73870
estimation, 5 runs: seed 40376
(((Proteopisargentea)#H22:::0.5512611315322977,((Hololepis_pedunculata,((Heterocoma_ekmaniana,#H22:::0.4487388684677023):0.0,Chronopappus_bifrons)0.89:0.6113311829782204)1:0.6152640904102027,Minasiascapigera)0.77:0.09435969570477377)0.41:0.2729945662354825,((#H21:::1.0,Presteliaeriopus):0.01500269026495959,(Eremanthus_incanus,(Lychnophorasalicifolia)#H21:::0.0):0.01500269026495959)0.77:0.0004880497405104168,((Lychnophorasouzae,#H24:::0.3876603704865268):0.23501984077702723,((Lychnocephalustomentosus,Lychnocephalusjolianus)0.7:3.648821092069972e-8,(Lychnophoraalbertinioides)#H24:::0.6123396295134732):0.5429364642278279)0.99:0.16337591780429647)0.54;

begin replicate 39
bootstrap data simulation: seed 82529
estimation, 5 runs: seed 65600
(((Hololepis_pedunculata,(Chronopappus_bifrons,(Heterocoma_ekmaniana,#H22:::0.3841752557741481):0.14313109625614007)0.89:0.609317886119249)1:0.5848768326480976,(Minasiascapigera,(Proteopisargentea)#H22:::0.615824744225852)0.41:0.19447085898693484)0.77:0.08089499773345141,(Lychnophorasalicifolia,(Eremanthus_incanus,#H21:0.6860015599404262::0.01610174847234736):1.2320011521091239):0.08794503023182704,(Presteliaeriopus,(Lychnophorasouzae,(((Lychnophoraalbertinioides,(Lychnocephalusjolianus,#H23:::0.357322481716766)1:1.4179030807597897)0.7:0.20197341327721563,(Lychnocephalustomentosus)#H23:::0.642677518283234):0.03525548290956632)#H21:0.0::0.9838982515276526)0.99:0.41233808263623634)0.77:0.05929746022572707)0.54;

begin replicate 40
bootstrap data simulation: seed 27073
estimation, 5 runs: seed 27681
((Lychnophorasalicifolia,(Eremanthus_incanus,(((Lychnocephalustomentosus,(Lychnocephalusjolianus,#H24:::0.46127157112804684)0.99:0.0)1:0.3944224480807489,(Lychnophorasouzae,(Lychnophoraalbertinioides)#H24:::0.5387284288719532):0.0)0.7:0.0)#H21:1.4519163107099382::0.6291852027947253):0.08847847172892746):0.12917239113219928,(Presteliaeriopus,#H21:0.2649512128575817::0.37081479720527466)0.77:0.8858293015694516,((Hololepis_pedunculata,(Heterocoma_ekmaniana,(Chronopappus_bifrons,#H22:::0.3449342336617871):0.32656222657828393)0.89:0.6933681321297599)1:0.6735275195233297,(Minasiascapigera,(Proteopisargentea)#H22:::0.6550657663382129)0.41:1.8216547269070594e-14)0.77:0.004822656480546192)0.54;

begin replicate 41
bootstrap data simulation: seed 25465
estimation, 5 runs: seed 20899
((Minasiascapigera,((Eremanthus_incanus,Lychnophorasalicifolia):0.0,((Presteliaeriopus,((Lychnophoraalbertinioides,(Lychnocephalusjolianus,(Lychnocephalustomentosus)#H23:::0.6805291393868531)1:0.5104160202612396)0.7:0.1642272056843961,(Lychnophorasouzae,#H23:::0.3194708606131469):0.21341418658052724)0.99:0.13148425634077018)0.77:0.0577290922036397)#H21:2.1481979645042688e-8::0.5036578494456222):0.25183947213148644)0.77:0.1350377032906234,((Hololepis_pedunculata,(Heterocoma_ekmaniana,(Chronopappus_bifrons,(Proteopisargentea)#H22:::0.5709913595319291):0.36204154291674784)0.89:0.3591244241928713)1:0.6753145898813323,#H22:::0.4290086404680709)0.41:0.06029047540484181,#H21:9.991754504893231::0.4963421505543778)0.54;

begin replicate 42
bootstrap data simulation: seed 15559
estimation, 5 runs: seed 58627
(((((Lychnophoraalbertinioides,((Lychnocephalusjolianus,Lychnocephalustomentosus)1:0.1582907390583546)#H23:0.4271559694083341::0.5213448873342539)0.7:0.6761033010047733,(Lychnophorasouzae,#H23:0.5610271139573018::0.4786551126657461):0.0516202318500052)0.99:0.0)#H21:0.4564354649727707::0.8585298552202788,(Lychnophorasalicifolia,Eremanthus_incanus):0.1933709301923284):0.00763875000594055,(Presteliaeriopus,#H21:8.31088116140435e-9::0.14147014477972122)0.77:2.576536797848749,((Hololepis_pedunculata,(Chronopappus_bifrons,(#H22:::0.4249612809634841,Heterocoma_ekmaniana):0.08926321355184935)0.89:0.6848636669568785)1:0.602658889412105,((Proteopisargentea)#H22:::0.5750387190365158,Minasiascapigera)0.41:0.14541769477080616)0.77:0.12140007307476303)0.54;

begin replicate 43
bootstrap data simulation: seed 91339
estimation, 5 runs: seed 9153
(Lychnophoraalbertinioides,(Lychnocephalusjolianus,(Lychnocephalustomentosus,#H26:0.0::0.014869139940656691):0.0):0.15311885816904194,(Lychnophorasouzae,((((Lychnophorasalicifolia,(Eremanthus_incanus)#H21:::0.9470889732023919):0.3852787794010208,(Presteliaeriopus,#H21:::0.05291102679760817):0.3852787794010208)0.54:0.12021127508425289,(Minasiascapigera,((Hololepis_pedunculata,(Heterocoma_ekmaniana,(Chronopappus_bifrons,#H22:::0.3185105297530807):0.3781380113700359)0.89:0.640684563060498)1:0.8183623291188955,(Proteopisargentea)#H22:::0.6814894702469193)0.41:2.353805627055098e-9)0.77:0.0776427083159358)0.77:0.051187585527051105)#H26:0.08977993457128303::0.9851308600593434)0.99:0.13455724991036208)0.7;

begin replicate 44
bootstrap data simulation: seed 17532
estimation, 5 runs: seed 65659
(Lychnocephalustomentosus,(Lychnophoraalbertinioides,(Lychnophorasouzae,(Presteliaeriopus,((((((Hololepis_pedunculata,(Heterocoma_ekmaniana,(Chronopappus_bifrons,#H22:::0.4568476947895047):0.43682991598903814)0.89:0.5589289246827678)1:0.7126485367745702,(Minasiascapigera,(Proteopisargentea)#H22:::0.5431523052104953)0.41:0.0)0.54:0.0)#H21:3.398942901211978e-7::0.6499343432234123,(Eremanthus_incanus,Lychnophorasalicifolia)0.77:0.001788535423482265)0.77:0.2376045512930131,#H21:9.972616334145277::0.35006565677658774):0.04188270414496248)#H23:0.0::0.7777684290115807):0.385118157164226)0.99:0.21566356116735283)0.7:0.2959289303075001,(Lychnocephalusjolianus,#H23:5.8420019908511165::0.22223157098841928):0.1582497869244605)1;

begin replicate 45
bootstrap data simulation: seed 58959
estimation, 5 runs: seed 91204
((Minasiascapigera,((Proteopisargentea)#H22:::0.5133961748079082,(Hololepis_pedunculata,(Chronopappus_bifrons,(Heterocoma_ekmaniana,#H22:::0.4866038251920918):0.10768752172710604)0.89:0.5178943907737922)1:0.6113333062749101)0.41:0.04905759748848961)0.77:0.06813674573442549,(Eremanthus_incanus,(Lychnophorasalicifolia,#H21:3.2929693124214596::0.449114530769289):0.1665922585131949):0.2443636858965173,(Presteliaeriopus,(((Lychnophorasouzae,#H23:0.25788754870741404::0.33254377030874754):0.06279286440537504,(Lychnophoraalbertinioides,((Lychnocephalustomentosus,Lychnocephalusjolianus)1:0.13939358091336215)#H23:0.5467013267611316::0.6674562296912525)0.7:0.2756049482302884)0.99:0.07316299200824103)#H21:6.577914984296763e-8::0.550885469230711)0.77:0.3848554845181737)0.54;

begin replicate 46
bootstrap data simulation: seed 51436
estimation, 5 runs: seed 67607
(Heterocoma_ekmaniana,(((Minasiascapigera,((Lychnophorasalicifolia,Eremanthus_incanus):0.12046780150640571,((Presteliaeriopus,#H21:0.4632525799459843::0.38304398708926757)0.77:0.4366148936716898,(Lychnophorasouzae,((Lychnophoraalbertinioides,(Lychnocephalusjolianus,(Lychnocephalustomentosus)#H23:::0.6225200331932512)1:0.4252131437648009)0.7:0.1795717247175799,#H23:::0.3774799668067487):0.0)0.99:0.2637221317650286):0.21936179408909892)0.77:0.17274205299477655)0.54:0.8385907343888949,(Proteopisargentea)#H21:0.003532290182884605::0.6169560129107324)0.41:0.0)#H22:1.2718756906502945e-8::0.5413992847232987,(Chronopappus_bifrons,(Hololepis_pedunculata,#H22:8.075161933639312e-7::0.45860071527670127)0.89:9.999556667887365)1:0.2693560282812813);

begin replicate 47
bootstrap data simulation: seed 84569
estimation, 5 runs: seed 19079
((Hololepis_pedunculata,((Chronopappus_bifrons,#H22:::0.26594221391218614):0.25447285522088187,Heterocoma_ekmaniana)0.89:0.6339511276515295)1:0.5798869703770955,(((Lychnophorasalicifolia,Eremanthus_incanus):0.1646708552912897,(#H21:::0.46459738699526265,((Lychnophorasouzae,#H23:::0.4509016045715806):2.0139543111958655e-21,(Lychnophoraalbertinioides,(Lychnocephalusjolianus,(Lychnocephalustomentosus)#H23:::0.5490983954284194)1:0.5321592274508723)0.7:0.20862377430202875)0.99:0.0)0.77:0.4440967860925764):0.12077151880984086,(Presteliaeriopus)#H21:::0.5354026130047373)0.77:0.06921737689175711,(Minasiascapigera,(Proteopisargentea)#H22:::0.7340577860878139)0.41:0.3507495065471961)0.54;

begin replicate 48
bootstrap data simulation: seed 56524
estimation, 5 runs: seed 5447
((Minasiascapigera,#H22:::0.4693709100295088)0.41:0.281671351133183,((Presteliaeriopus,(Lychnophorasouzae,((((Lychnocephalusjolianus,(Lychnocephalustomentosus)#H23:::0.7574907907686353)1:0.4565124449924383,Lychnophoraalbertinioides)0.7:0.3403833394626701,#H23:::0.24250920923136465):0.0)#H21:8.948635136238992e-9::0.783695973198052)0.99:0.40275011724997806)0.77:0.25006722679678683,(Lychnophorasalicifolia,(Eremanthus_incanus,#H21:2.421091013652934e-8::0.21630402680194805):0.0):0.17737619394671394)0.77:0.005893597734211534,(Hololepis_pedunculata,((Chronopappus_bifrons,(Proteopisargentea)#H22:::0.5306290899704912):0.06268512840821117,Heterocoma_ekmaniana)0.89:0.5908497626458497)1:0.6272940035741273)0.54;

begin replicate 49
bootstrap data simulation: seed 55683
estimation, 5 runs: seed 97517
((Minasiascapigera,((Proteopisargentea)#H22:::0.7965671598136715,(Hololepis_pedunculata,(Heterocoma_ekmaniana,(Chronopappus_bifrons,#H22:::0.20343284018632848):0.025490303484946936)1:0.6104094544377014)0.89:0.2915660395475743)0.41:0.34127561301988074)0.77:0.03701150461311574,(Presteliaeriopus,#H21:0.057548239039952674::0.2504816213319872)0.77:1.4904351934333988,(Lychnophorasalicifolia,(Eremanthus_incanus,(((Lychnophorasouzae,#H23:::0.486954267208317):0.1303283019831553,(Lychnophoraalbertinioides,(Lychnocephalusjolianus,(Lychnocephalustomentosus)#H23:::0.513045732791683)1:1.1259863630017295)0.7:0.17880274366817028)0.99:0.020917243479672366)#H21:0.7383671507151828::0.7495183786680129):0.0043345862818476985):0.037486902602291976)0.54;

begin replicate 50
bootstrap data simulation: seed 40808
estimation, 5 runs: seed 79960
((Minasiascapigera,(Proteopisargentea)#H22:::0.5083527188750434)0.41:0.1122071027253811,(Hololepis_pedunculata,(#H22:::0.49164728112495665,(Chronopappus_bifrons,Heterocoma_ekmaniana)0.89:0.5421521256105932):0.04974322686385671)1:0.48113639553897436,((Presteliaeriopus,(((Lychnophoraalbertinioides,(Lychnocephalusjolianus,(Lychnocephalustomentosus)#H23:::0.7706398369348417)1:0.5460074457074233)0.7:0.37025204334412565,(Lychnophorasouzae,#H23:::0.22936016306515833):0.4899541976225743)0.99:0.1432423946434299)#H21:0.0::0.9480384543119071)0.77:0.1923002657418233,(Lychnophorasalicifolia,(Eremanthus_incanus,#H21:8.301207251599648::0.05196154568809285)0.77:4.7219343304645):0.1670362713011748):0.15151509489587411)0.54;
