BOOTSTRAP OF SNAQ ESTIMATION 

main seed 4321

BEGIN: 50 replicates
Wed 08 Feb 2023 04:35:36 PM CST

begin replicate 1
bootstrap data simulation: seed 16194
estimation, 5 runs: seed 50182
(((Piptolepisbuxoides,Piptolepispilosa)0.68:0.08815300319401041,((((Eremanthus_reticulatus_E2876,Proteopisargentea):0.0)#H21:0.26883493803513286::0.7206959011773814,((Eremanthus_veadeiroensis_E2872,Lychnophorellaregis)0.99:0.15064391529572166,(Eremanthus_elaeagnus_E2875,(Eremanthus_incanus,(Piptolepispabstii,(#H21:0.0::0.27930409882261864,Piptolepisrosmarinifolia)0.99:0.31084188921119615)1:0.281995443696463)0.68:0.31632515753713275):0.11316072930182024)0.95:0.13267465127637362)0.34:0.015751233862619445)#H22:0.5606693191126886::0.98177044294506)1:0.0,Piptolepisoleaster,(#H22:0.9131299867949415::0.018229557054939952,Piptolepiscampestris)0.56:2.9020283144706767);

begin replicate 2
bootstrap data simulation: seed 13850
estimation, 5 runs: seed 89995
(Piptolepispabstii,Piptolepisrosmarinifolia,((((Eremanthus_veadeiroensis_E2872,Lychnophorellaregis)0.99:0.18796683431726668,Eremanthus_elaeagnus_E2875)0.95:0.05059278486058408,(Proteopisargentea,(((Piptolepiscampestris,(Piptolepisbuxoides,(Piptolepispilosa)#H22:::0.8420030193142292):0.13362357168198924)0.68:0.10542499727054955,(#H22:::0.15799698068577078,Piptolepisoleaster)0.56:9.971793113299587)1:0.45787619232333926,(Eremanthus_reticulatus_E2876)#H21:::0.5391442100369648):0.1087389551672519)0.34:0.10353280652086302):0.41901006491441795,(Eremanthus_incanus,#H21:::0.4608557899630352)0.99:0.5217261183755554)0.68:0.2741931774915768)1;

begin replicate 3
bootstrap data simulation: seed 63550
estimation, 5 runs: seed 20206
(Piptolepispabstii,Piptolepisrosmarinifolia,((((Proteopisargentea,(Eremanthus_veadeiroensis_E2872,Lychnophorellaregis)0.99:0.12696994878250065)0.34:0.1389880558429426,(#H21:1.7952293447147707::0.4837669132813853,((Piptolepiscampestris,((Piptolepisbuxoides,Piptolepispilosa)0.68:0.0,(Piptolepisoleaster)#H23:::0.9733639379387558)1:0.06957779479763568)0.56:0.3871593830289355,#H23:::0.02663606206124423):0.03768899260582765):0.16620372547807094)0.95:0.10754476336462061,Eremanthus_elaeagnus_E2875):0.4049586177391096,(Eremanthus_incanus,(Eremanthus_reticulatus_E2876)#H21:4.87834933376279::0.5162330867186147)0.99:0.2783984735501445)0.68:0.3055768768730368)1;

begin replicate 4
bootstrap data simulation: seed 36326
estimation, 5 runs: seed 96831
(Piptolepispabstii,Piptolepisrosmarinifolia,((((Proteopisargentea,(Eremanthus_reticulatus_E2876)#H21:::0.6360913546138476):0.1865084456632191,((Piptolepiscampestris,(Piptolepisbuxoides,#H22:::0.2382092992433384)1:0.2642679752858318)0.56:0.09565641972219979,(Piptolepisoleaster,(Piptolepispilosa)#H22:::0.7617907007566616)0.68:0.15327210471984562):0.6573414532671963)0.34:0.03600793770861159,(Eremanthus_elaeagnus_E2875,(Eremanthus_veadeiroensis_E2872,Lychnophorellaregis)0.99:0.10595251369214413):0.07256416740596035)0.95:0.4019729682557948,(Eremanthus_incanus,#H21:::0.3639086453861525)0.99:0.8650742116310918)0.68:0.19268649709615937)1;

begin replicate 5
bootstrap data simulation: seed 37005
estimation, 5 runs: seed 32968
(Piptolepisbuxoides,((#H22:0.9977844079611496::0.03928134084887655,Piptolepiscampestris)0.56:3.7135308560575693,Piptolepispilosa)0.68:0.038454858629758296,(Piptolepisoleaster,((#H21:::0.2567937183287937,((Eremanthus_veadeiroensis_E2872,Lychnophorellaregis)0.99:0.12310714876503535,(((Eremanthus_incanus,(Piptolepispabstii,Piptolepisrosmarinifolia)1:0.26870644016945394)0.68:0.1010889209486416,(Eremanthus_reticulatus_E2876,(Proteopisargentea)#H21:::0.7432062816712063):0.0867712754739621):0.23155999853555112,Eremanthus_elaeagnus_E2875)0.99:0.0007587158221788309)0.95:0.7499265914169221)0.34:0.0)#H22:0.00024316907861238::0.9607186591511234)1:0.05346576444830222);

begin replicate 6
bootstrap data simulation: seed 83325
estimation, 5 runs: seed 17365
(Piptolepispilosa,(Piptolepisbuxoides,(Piptolepisoleaster,#H22:0.29204299579103454::0.3409628150497489)1:0.372705630336615)0.68:0.07472276157533855,(((((Eremanthus_elaeagnus_E2875,(Eremanthus_veadeiroensis_E2872,Lychnophorellaregis)0.99:0.20985616938073298)0.95:0.00034528250276156717,((Piptolepispabstii,Piptolepisrosmarinifolia)1:0.3037951071760849,(Eremanthus_incanus,(Eremanthus_reticulatus_E2876)#H21:::0.5087362442319537)0.99:0.19748748212570502):0.3322775233257973)0.68:0.12231553007527972,(Proteopisargentea,#H21:::0.49126375576804626):0.4407859362413807)0.34:0.0)#H22:9.869758669887844::0.6590371849502511,Piptolepiscampestris)0.56:0.09031847019732618);

begin replicate 7
bootstrap data simulation: seed 69101
estimation, 5 runs: seed 58116
(Piptolepispilosa,(Piptolepisbuxoides,(((((Eremanthus_elaeagnus_E2875,((Eremanthus_incanus,#H21:::0.21761348918629747)0.99:1.3651819104261658,(Piptolepispabstii,Piptolepisrosmarinifolia)1:0.2687221944402564)0.68:0.3036128309757869):0.045223553197459465,(Eremanthus_veadeiroensis_E2872,Lychnophorellaregis)0.99:0.08416569486002763)0.34:0.03918613501454999,(Proteopisargentea,(Eremanthus_reticulatus_E2876)#H21:::0.7823865108137025):0.033170856552980146)0.95:0.5776207525005678,Piptolepisoleaster)0.56:0.0)#H22:0.042561086683180774::0.9165694277993968)0.68:0.08886457180596144,(Piptolepiscampestris,#H22:0.035543173549171955::0.08343057220060324)1:6.4079897836205735);

begin replicate 8
bootstrap data simulation: seed 8205
estimation, 5 runs: seed 65293
(Piptolepispabstii,Piptolepisrosmarinifolia,((Eremanthus_elaeagnus_E2875,((Eremanthus_veadeiroensis_E2872,Lychnophorellaregis)0.99:0.19004548877796973,(((Eremanthus_reticulatus_E2876,Proteopisargentea):0.0)#H21:0.0::0.5288100113780841,((Piptolepisbuxoides,(Piptolepispilosa,(Piptolepiscampestris)#H22:::0.9740743247460837):1.6079559907866005e-5)0.68:0.07721284315280445,(#H22:::0.02592567525391633,Piptolepisoleaster)0.56:1.6612198161521794)1:0.5134762139550906)0.34:0.2358030530990348)0.95:0.06274194193182164):0.36628348869483085,(Eremanthus_incanus,#H21:0.0::0.47118998862191586)0.99:0.3407890744444415)0.68:0.16574871162808197)1;

begin replicate 9
bootstrap data simulation: seed 64418
estimation, 5 runs: seed 12183
(Piptolepispabstii,Piptolepisrosmarinifolia,(((#H21:::0.3225377785549125,Eremanthus_reticulatus_E2876)0.99:0.5991718810095045,(Eremanthus_elaeagnus_E2875,(((Piptolepisbuxoides,((Piptolepisoleaster,#H22:::0.1859996938507513)0.56:0.15696837943130262,(Piptolepispilosa,Piptolepiscampestris):0.06924308809910781)1:0.017358278459152096)0.68:0.6919712683119859,(Eremanthus_veadeiroensis_E2872,Lychnophorellaregis)0.99:0.17206799290729236):4.0788955446747615e-21,(Proteopisargentea)#H22:::0.8140003061492487)0.34:0.1026319728058069)0.95:0.054809006839928856):0.4083878991474584,(Eremanthus_incanus)#H21:::0.6774622214450875)0.68:0.1035563920724913)1;

begin replicate 10
bootstrap data simulation: seed 87304
estimation, 5 runs: seed 63022
(Piptolepispabstii,(Eremanthus_reticulatus_E2876,(((Eremanthus_elaeagnus_E2875,((((Piptolepisbuxoides,(Piptolepispilosa)#H22:::0.8926826414071833)0.68:0.0314544745820218,Piptolepiscampestris):0.09006923334779098,(#H22:::0.10731735859281667,Piptolepisoleaster)0.56:2.1096658703039264)1:0.5662369203698127,(Eremanthus_veadeiroensis_E2872,Lychnophorellaregis)0.99:0.16400706827353348)0.95:0.04174367328214327):0.05829101620587355,Proteopisargentea)0.34:0.06810832502619849,(Eremanthus_incanus)#H21:::0.7819141959655729)0.99:0.0):0.5922581313364289,(Piptolepisrosmarinifolia,#H21:::0.21808580403442715)0.68:1.9686068637084606)1;

begin replicate 11
bootstrap data simulation: seed 70563
estimation, 5 runs: seed 54971
(Piptolepispabstii,Piptolepisrosmarinifolia,((((Proteopisargentea,(((Piptolepisbuxoides,(Piptolepiscampestris)#H22:::0.8179050618842394):0.06909042429009535,Piptolepispilosa)0.68:0.14559864731072003,Piptolepisoleaster)1:0.5441964420199716)0.34:0.1700786121375905,(Eremanthus_elaeagnus_E2875,((Eremanthus_veadeiroensis_E2872,Lychnophorellaregis)0.99:0.01604184159291515,#H22:::0.18209493811576058)0.56:0.11836548892859967):0.053687621745338046)0.95:0.07607035246740672,(Eremanthus_reticulatus_E2876)#H21:::0.8208093272474726):0.24527412738721383,(Eremanthus_incanus,#H21:::0.17919067275252745)0.99:2.3112245212248257)0.68:0.40918442215398587)1;

begin replicate 12
bootstrap data simulation: seed 52801
estimation, 5 runs: seed 4268
((Piptolepiscampestris,((Piptolepisoleaster,(((Eremanthus_elaeagnus_E2875,(Eremanthus_veadeiroensis_E2872,Lychnophorellaregis)0.99:0.1941147922259514):0.07203840428276609,((Piptolepispabstii,Piptolepisrosmarinifolia)0.68:0.19680387321544646,(Eremanthus_incanus,#H21:::0.3429349638657661)0.99:0.596134689506931)1:0.5142631423449644)0.95:0.13148659127705192,(Proteopisargentea,(Eremanthus_reticulatus_E2876)#H21:::0.6570650361342338):0.084387058467431)0.34:0.5432570313517986)1:0.0)#H22:0.08145083639939343::0.8843469369578081)0.68:0.1327884213460671,(#H22:0.0::0.11565306304219196,Piptolepispilosa)0.56:5.032274044363633,Piptolepisbuxoides);

begin replicate 13
bootstrap data simulation: seed 41389
estimation, 5 runs: seed 62025
(Piptolepispabstii,Piptolepisrosmarinifolia,((((#H21:0.0::0.4559264318030659,((Piptolepisoleaster,(Piptolepisbuxoides,(Piptolepispilosa,(Piptolepiscampestris)#H22:::0.9403224107012651):0.028972366157834724)0.68:0.05826025728143891)1:0.5233703927584435,#H22:::0.05967758929873488)0.56:0.1320071145722045)0.34:0.09933025463218119,(Eremanthus_elaeagnus_E2875,(Eremanthus_veadeiroensis_E2872,Lychnophorellaregis)0.99:0.1558481957197957):0.04773957679702604)0.95:0.36386749064245355,((Eremanthus_reticulatus_E2876,Proteopisargentea):0.0)#H21:0.0::0.5440735681969341)0.99:4.48650859613867e-7,Eremanthus_incanus)0.68:0.32918489870860884)1;

begin replicate 14
bootstrap data simulation: seed 49228
estimation, 5 runs: seed 82615
(Piptolepispabstii,Piptolepisrosmarinifolia,((((Proteopisargentea,(((Piptolepiscampestris,(Piptolepisbuxoides,#H22:1.0088245119644632::0.07865315446811269):0.6206359802593647)0.68:0.08071336251807112,((Piptolepispilosa,Piptolepisoleaster)0.56:0.0)#H22:0.024950858586099287::0.9213468455318873)1:0.5475924899646984,(Eremanthus_reticulatus_E2876)#H21:::0.6609146277106172):0.10665286631503476)0.34:0.08364684789260583,(Eremanthus_veadeiroensis_E2872,Lychnophorellaregis)0.99:0.1953844725408191):0.020957562164411445,Eremanthus_elaeagnus_E2875)0.95:0.3764165752612995,(Eremanthus_incanus,#H21:::0.33908537228938285)0.99:1.0053697309265957)0.68:0.20419161519055176)1;

begin replicate 15
bootstrap data simulation: seed 24885
estimation, 5 runs: seed 54604
(Piptolepispabstii,Piptolepisrosmarinifolia,((((Proteopisargentea,(((((Piptolepispilosa,(Piptolepiscampestris)#H22:::0.7844701898620581):0.057333180613439026,Piptolepisbuxoides)1:0.08686041153501702,Piptolepisoleaster)0.68:0.5931450311434632,#H22:::0.21552981013794192)0.56:0.0,(Eremanthus_reticulatus_E2876)#H21:::0.6787104735826044):0.07729499722803468)0.34:0.056030438757157255,(Eremanthus_veadeiroensis_E2872,Lychnophorellaregis)0.99:0.1750879763957509)0.95:0.03652884963401506,Eremanthus_elaeagnus_E2875):0.4099583409565652,(Eremanthus_incanus,#H21:::0.3212895264173956)0.99:0.41552786709510486)0.68:0.2718256779758401)1;

begin replicate 16
bootstrap data simulation: seed 5781
estimation, 5 runs: seed 75067
(Piptolepisrosmarinifolia,(((Eremanthus_elaeagnus_E2875,(((Eremanthus_veadeiroensis_E2872,(Lychnophorellaregis,#H25:::0.07431581189299379):10.0)0.68:0.30146792373581466,((((Piptolepispilosa,(Piptolepiscampestris)#H25:::0.9256841881070063):0.06546768069246743,Piptolepisbuxoides):0.13259838282957365,Piptolepisoleaster)0.56:0.598884524895366,Proteopisargentea)0.34:0.07539057431664464)0.95:1.9975588089546695e-17,(Piptolepispabstii)#H23:::0.5360238318849482):1.919320680519549e-16)0.99:0.09850729441924953,Eremanthus_reticulatus_E2876):0.35882403431925375,Eremanthus_incanus)0.68:1.5660010287726367,#H23:::0.4639761681150518)1;

begin replicate 17
bootstrap data simulation: seed 91481
estimation, 5 runs: seed 26133
((((((((Piptolepisbuxoides,Piptolepiscampestris):0.0,(Piptolepispilosa)#H22:::0.9399404281563958)0.68:0.1709359837835003,Piptolepisoleaster)1:0.6963303169729583,(Proteopisargentea,#H22:::0.0600595718436042)0.56:6.911258242381299)0.34:0.06358932217226267,((Eremanthus_veadeiroensis_E2872,Lychnophorellaregis)0.99:0.1625108160101519,(Eremanthus_elaeagnus_E2875,#H21:::0.4400877399015626)0.68:0.0001865356539109803):0.03875356217996326)0.95:0.25427521908851264,Eremanthus_reticulatus_E2876)0.99:0.1372297952051077,Eremanthus_incanus):0.9000265018204059,Piptolepisrosmarinifolia,(Piptolepispabstii)#H21:::0.5599122600984374)1;

begin replicate 18
bootstrap data simulation: seed 91752
estimation, 5 runs: seed 83326
(Piptolepispabstii,Piptolepisrosmarinifolia,(Eremanthus_incanus,(((((Piptolepisbuxoides,(Piptolepiscampestris,(Piptolepispilosa)#H22:::0.932552030900417):0.06229328155899992)0.68:0.05475678945992303,(Piptolepisoleaster,#H22:::0.06744796909958298)0.56:5.502749289401174)1:0.6101231695802023,(Proteopisargentea,(Eremanthus_veadeiroensis_E2872,(Lychnophorellaregis,#H21:::0.43238707162881573):0.20795654906037275)0.99:0.12821006880019772)0.34:0.051622063084378535)0.95:0.23319769628829282,Eremanthus_reticulatus_E2876)0.99:0.06644951548299192,(Eremanthus_elaeagnus_E2875)#H21:::0.5676129283711843):0.10674524840152674)0.68:0.25753040366300894)1;

begin replicate 19
bootstrap data simulation: seed 55376
estimation, 5 runs: seed 54975
(Piptolepispabstii,(((Eremanthus_elaeagnus_E2875,((Eremanthus_veadeiroensis_E2872,Lychnophorellaregis)0.99:0.1757469245673894,((#H21:::0.24825352402317696,Piptolepisoleaster)0.34:0.2181529913733548,((Piptolepisbuxoides,Piptolepiscampestris)0.56:0.018046526762464373,Piptolepispilosa)0.68:0.07936585646596207)1:0.6269943775327282)0.95:0.0598140859460201):0.18081432563586028,(Eremanthus_reticulatus_E2876,(Proteopisargentea)#H21:::0.7517464759768231):0.0)0.68:0.21502534353097624,(Eremanthus_incanus,#H23:::0.2896769283683311):0.34429784044692846)0.99:0.34429784044692846,(Piptolepisrosmarinifolia)#H23:::0.7103230716316689)1;

begin replicate 20
bootstrap data simulation: seed 54422
estimation, 5 runs: seed 97370
(Piptolepispabstii,Piptolepisrosmarinifolia,((((Proteopisargentea,(Eremanthus_reticulatus_E2876)#H21:::0.6687823418430657):0.21843569422391068,((Piptolepisoleaster,(Piptolepiscampestris,#H22:::0.38434909076641355):0.09831182073700999)1:0.03161816474912891,(Piptolepisbuxoides,(Piptolepispilosa)#H22:::0.6156509092335865)0.56:0.06039447809973723)0.68:0.6552104430849828)0.99:0.02436982474354423,(Eremanthus_elaeagnus_E2875,(Eremanthus_veadeiroensis_E2872,Lychnophorellaregis)0.95:0.1941326708348116):0.052624898783962926)0.34:0.39442508828957124,(Eremanthus_incanus,#H21:::0.33121765815693427)0.99:1.4556596375681452)0.68:0.29632321784458326)1;

begin replicate 21
bootstrap data simulation: seed 47874
estimation, 5 runs: seed 75514
(Piptolepispabstii,Piptolepisrosmarinifolia,(((Lychnophorellaregis,Eremanthus_veadeiroensis_E2872):0.19836872974805767,(Eremanthus_elaeagnus_E2875,(((Eremanthus_reticulatus_E2876)#H21:::0.5559709172303227,(#H22:::0.1580461952380571,((Piptolepisbuxoides,(Piptolepispilosa,(Piptolepiscampestris)#H22:::0.8419538047619429)0.56:0.11693210005370279)0.68:0.0002382972338310141,Piptolepisoleaster)1:0.5640345086713927):0.0):0.04381861194280523,Proteopisargentea)0.34:0.08496463572282528)0.99:0.02987250249842411)0.95:0.45243290191880065,(Eremanthus_incanus,#H21:::0.4440290827696773)0.99:0.4471431956411886)0.68:0.3056614922731158)1;

begin replicate 22
bootstrap data simulation: seed 19237
estimation, 5 runs: seed 65290
(Piptolepispabstii,Piptolepisrosmarinifolia,((Eremanthus_incanus,#H21:::0.34614898795009147)0.68:0.725235973824422,((Eremanthus_elaeagnus_E2875,((Proteopisargentea)#H22:::0.8669298807320132,((Piptolepisoleaster,((Piptolepiscampestris,(Piptolepispilosa,#H22:::0.13307011926798687)0.56:2.914046028431048):0.03497353228103693,Piptolepisbuxoides)0.68:0.10046358967971337)1:0.6307037726329384,(Eremanthus_veadeiroensis_E2872,Lychnophorellaregis)0.99:0.2687057944813584)0.95:1.2461994547649878e-7)0.34:0.0570328522788417):0.0,(Eremanthus_reticulatus_E2876)#H21:::0.6538510120499086):0.2892914414130634)0.99:0.34877442442366136)1;

begin replicate 23
bootstrap data simulation: seed 55793
estimation, 5 runs: seed 41233
(Piptolepispabstii,Piptolepisrosmarinifolia,((#H21:::0.39463044791193325,Eremanthus_incanus)0.99:0.4465983555569926,((((Eremanthus_veadeiroensis_E2872,Lychnophorellaregis)0.99:0.137137362384497,Proteopisargentea)0.95:0.04127049662922127,Eremanthus_elaeagnus_E2875)0.34:0.04712254000194155,(((Piptolepisbuxoides,(Piptolepisoleaster,(Piptolepispilosa,#H22:::0.13024367954705213):3.5467086659803924)0.56:0.06958747434246944)0.68:0.05466979124336626,(Piptolepiscampestris)#H22:::0.8697563204529479)1:0.45007760519916223,(Eremanthus_reticulatus_E2876)#H21:::0.6053695520880668):0.22182774716648604):0.3856552953367863)0.68:0.20177672869805857)1;

begin replicate 24
bootstrap data simulation: seed 3273
estimation, 5 runs: seed 63659
(Piptolepispilosa,((Piptolepiscampestris,#H22:0.0::0.03492536796078899)1:4.175403669190313,Piptolepisbuxoides)0.68:0.007178594781313899,(Piptolepisoleaster,(((((Eremanthus_veadeiroensis_E2872,Lychnophorellaregis)0.99:0.24744684884284893,(Eremanthus_elaeagnus_E2875,((Eremanthus_incanus,#H21:::0.4733007333951051)0.99:0.33926276499816405,(Piptolepispabstii,Piptolepisrosmarinifolia)1:0.3430999006395316)0.68:0.2985166981604423):0.1093888795485521)0.95:0.03014037242519766,Proteopisargentea)0.34:0.11708034346697999,(Eremanthus_reticulatus_E2876)#H21:::0.5266992666048949):3.568525223805517e-6)#H22:0.593345245590154::0.965074632039211)0.56:0.09058255708779592);

begin replicate 25
bootstrap data simulation: seed 72988
estimation, 5 runs: seed 12772
(Piptolepispabstii,Piptolepisrosmarinifolia,((Eremanthus_elaeagnus_E2875,((Lychnophorellaregis,Eremanthus_veadeiroensis_E2872)0.99:0.14867174133387615,((Proteopisargentea,(Eremanthus_reticulatus_E2876)#H21:::0.6519704121970151):0.16685124154996525,((Piptolepisoleaster,((Piptolepisbuxoides,(Piptolepiscampestris)#H22:::0.8443647122052256):0.0009866602047584442,Piptolepispilosa)0.68:0.12630430009484467)1:0.4765849696481511,#H22:::0.15563528779477445)0.56:0.10803012226815525)0.34:0.05600489875877664)0.95:0.030898948864917772):0.3029750921066511,(Eremanthus_incanus,#H21:::0.3480295878029848)0.99:0.5201825514218207)0.68:0.25223736290433263)1;

begin replicate 26
bootstrap data simulation: seed 56400
estimation, 5 runs: seed 53593
(Piptolepispabstii,Piptolepisrosmarinifolia,(((((((Piptolepisbuxoides,(Piptolepisoleaster)#H22:::0.8291440330351193)1:0.040030090743060784,Piptolepispilosa)0.56:0.034792781372932784,Piptolepiscampestris):0.7240128019949265,#H22:::0.1708559669648807)0.68:0.0,(Proteopisargentea,(Eremanthus_reticulatus_E2876)#H21:::0.6696995377837507):0.48910113325131427)0.34:0.054628644410775556,((Eremanthus_veadeiroensis_E2872,Lychnophorellaregis)0.99:0.14699056245499456,Eremanthus_elaeagnus_E2875):0.056810621214968465)0.95:0.4172831085140899,(Eremanthus_incanus,#H21:::0.3303004622162493)0.99:0.7604266267526432)0.68:0.26329438910569936)1;

begin replicate 27
bootstrap data simulation: seed 19215
estimation, 5 runs: seed 95102
(Piptolepisrosmarinifolia,((Eremanthus_reticulatus_E2876,((#H21:::0.45672103677065035,Proteopisargentea)0.34:0.22059024209561107,(((Piptolepispilosa,((Piptolepisbuxoides,Piptolepiscampestris)0.68:1.994743813124038e-6)#H22:0.1464606375595554::0.8401947110498016):0.13045440153954024,Piptolepisoleaster)0.56:0.8039563770527343,(Eremanthus_elaeagnus_E2875,(Eremanthus_veadeiroensis_E2872,(Lychnophorellaregis,#H22:0.11084646610458233::0.15980528895019847)1:0.001111359677743329)0.99:0.21266172703645844)0.95:0.0879402101412366):0.026258719647343432)0.68:0.15465529163531527)0.99:0.2468171040093341,Eremanthus_incanus):0.9513507014160569,(Piptolepispabstii)#H21:::0.5432789632293497)1;

begin replicate 28
bootstrap data simulation: seed 71487
estimation, 5 runs: seed 64828
(Piptolepispabstii,Piptolepisrosmarinifolia,(((Proteopisargentea,(((Piptolepisoleaster,(Piptolepisbuxoides,(Piptolepispilosa,(Piptolepiscampestris)#H22:::0.8491028856523244):0.11853802661961571)0.68:0.09067117138659243)1:0.5852894602789939,#H22:::0.1508971143476756)0.56:0.0,#H21:::0.49956753868308257):0.05610185230117746)0.34:0.0805653834417086,(Eremanthus_elaeagnus_E2875,(Eremanthus_veadeiroensis_E2872,Lychnophorellaregis)0.99:0.16628555670949724):0.0707124163334606)0.95:0.39963246837963734,(Eremanthus_incanus,(Eremanthus_reticulatus_E2876)#H21:::0.5004324613169174)0.99:0.5733724796649156)0.68:0.42502493500746813)1;

begin replicate 29
bootstrap data simulation: seed 55194
estimation, 5 runs: seed 28778
(Piptolepispilosa,(Piptolepisbuxoides,(Piptolepisoleaster,((((Eremanthus_elaeagnus_E2875,(Eremanthus_incanus,(((Piptolepispabstii,Piptolepisrosmarinifolia)1:0.38625770886132144,Eremanthus_reticulatus_E2876)0.99:2.9723334774006217e-6)#H21:2.725504460603119e-5::0.5885358969040378)0.68:0.6424773940718203):0.08805421097285004,(Eremanthus_veadeiroensis_E2872,Lychnophorellaregis)0.99:0.15118420456917947)0.34:0.11467654191365263,(Proteopisargentea,#H21:0.0::0.41146410309596215):0.41741674698346837)0.95:0.4423727865073872)#H22:0.0016761436710354925::0.9126931661475519)0.56:0.13374764826634114)0.68:0.09266670775310194,(Piptolepiscampestris,#H22:0.0::0.08730683385244807)1:4.02110387682384);

begin replicate 30
bootstrap data simulation: seed 28620
estimation, 5 runs: seed 50959
(Piptolepispabstii,Piptolepisrosmarinifolia,((((Eremanthus_veadeiroensis_E2872,Lychnophorellaregis)0.99:0.12859857977428563,Eremanthus_elaeagnus_E2875)0.95:0.0011835265578156475,(((Eremanthus_reticulatus_E2876,Proteopisargentea):0.0)#H21:0.43294564833661::0.5045381882033015,((Piptolepiscampestris,(Piptolepisbuxoides,(Piptolepispilosa)#H22:::0.8149985667078196):0.12833400381898544)0.68:0.01918235962834677,(#H22:::0.1850014332921804,Piptolepisoleaster)0.56:2.4212462827604555)1:0.5142883729249343)0.34:0.13887644055538897)0.68:0.3835854452569659,(Eremanthus_incanus,#H21:0.0001484119028721067::0.49546181179669846)0.99:0.011231439155085706):0.3004156050416396)1;

begin replicate 31
bootstrap data simulation: seed 69877
estimation, 5 runs: seed 53721
(Piptolepispabstii,Piptolepisrosmarinifolia,(((Eremanthus_elaeagnus_E2875,(Eremanthus_veadeiroensis_E2872,Lychnophorellaregis)0.99:0.12344555608172088):0.07305199399293515,(((Eremanthus_reticulatus_E2876,Proteopisargentea):0.0)#H21:0.002000978213372952::0.586733782091363,(((Piptolepispilosa,Piptolepisoleaster)1:0.03233295748776272,(Piptolepisbuxoides,(Piptolepiscampestris)#H22:::0.940578609160181):0.0005967239807741098)0.68:0.40714101884189313,#H22:::0.05942139083981902)0.56:0.1951168395944374)0.34:0.08463832552853968)0.95:0.4111962156727003,(Eremanthus_incanus,#H21:0.0::0.4132662179086371)0.99:0.11592562258880425)0.68:0.28462528557997063)1;

begin replicate 32
bootstrap data simulation: seed 72951
estimation, 5 runs: seed 91914
(Piptolepispabstii,Piptolepisrosmarinifolia,(((Eremanthus_elaeagnus_E2875,(Eremanthus_veadeiroensis_E2872,Lychnophorellaregis)0.99:0.17993875311835694):0.01602375787432225,((Proteopisargentea,(((Piptolepiscampestris,(Piptolepisbuxoides,#H22:::0.17674262494747187):0.9515911745456627)0.56:0.17550126037191185,Piptolepisoleaster)1:0.035440247517659444,(Piptolepispilosa)#H22:::0.8232573750525282)0.68:0.47804816304950365)0.34:0.024556230379602598,(Eremanthus_reticulatus_E2876)#H21:::0.6006137323704603):0.090698243646269)0.95:0.43235796860186704,(Eremanthus_incanus,#H21:::0.39938626762953966)0.99:0.5521622767443972)0.68:0.30496590770109255)1;

begin replicate 33
bootstrap data simulation: seed 89178
estimation, 5 runs: seed 93016
(Piptolepispabstii,Piptolepisrosmarinifolia,((((Eremanthus_veadeiroensis_E2872,Lychnophorellaregis)0.99:0.23725217125499526,((Proteopisargentea,#H21:::0.3671415564956481):0.3101253905494938,((((Piptolepispilosa,Piptolepisbuxoides)0.68:0.1347458403598418,(Piptolepiscampestris)#H23:::0.9709113208566321)0.56:0.02935996082668832,Piptolepisoleaster)1:0.3723276256232977,#H23:::0.029088679143367907):0.006908446045254289)0.34:0.26477174377417323):0.012062496966329205,Eremanthus_elaeagnus_E2875)0.95:0.3678295156786696,(Eremanthus_incanus,(Eremanthus_reticulatus_E2876)#H21:::0.6328584435043518)0.68:0.20463996165209217)0.99:0.3235971866478949)1;

begin replicate 34
bootstrap data simulation: seed 31058
estimation, 5 runs: seed 90599
(Piptolepispabstii,((Eremanthus_elaeagnus_E2875,((Eremanthus_veadeiroensis_E2872,Lychnophorellaregis)0.99:0.18988031181306436,(((Eremanthus_reticulatus_E2876,Proteopisargentea):0.0)#H21:0.08212835127263252::0.6904062547550656,((Piptolepisoleaster,(Piptolepiscampestris,(Piptolepispilosa,#H22:::0.30460651040564773)1:0.3833163527193646):0.04531158498114615)0.68:0.09144605867700598,(Piptolepisbuxoides)#H22:::0.6953934895943523)0.56:0.46019401338531934)0.34:0.13441859739335596)0.95:0.07303903853872659):0.30765731653965644,Eremanthus_incanus)0.68:0.3067118127195406,(#H21:0.0::0.3095937452449345,Piptolepisrosmarinifolia)0.99:0.15343290014269645)1;

begin replicate 35
bootstrap data simulation: seed 19252
estimation, 5 runs: seed 28986
(Piptolepisbuxoides,(Piptolepiscampestris,(Piptolepispilosa,((#H21:0.11182393410673844::0.4838780127299278,((Eremanthus_veadeiroensis_E2872,Lychnophorellaregis)0.99:0.166473516921817,(Eremanthus_elaeagnus_E2875,((Eremanthus_incanus,(Piptolepispabstii,Piptolepisrosmarinifolia)1:0.194902355035859)0.68:0.000925916088854105,((Eremanthus_reticulatus_E2876,Proteopisargentea):0.0)#H21:0.10849740392659057::0.5161219872700722)0.99:0.2914700080605963):0.05932892707371341)0.95:0.2745847111676971)0.34:0.0833309895024288)#H22:0.5758615681808676::0.7689069436614656)0.56:0.15065663903997004)0.68:3.0662060184592524e-5,(Piptolepisoleaster,#H22:1.723339850685607::0.23109305633853436)1:0.6493103078562479);

begin replicate 36
bootstrap data simulation: seed 72813
estimation, 5 runs: seed 59983
(Piptolepispabstii,Piptolepisrosmarinifolia,((Eremanthus_elaeagnus_E2875,((Proteopisargentea,((Eremanthus_reticulatus_E2876)#H21:::0.568079608570932,((Piptolepisoleaster,(Piptolepispilosa,(Piptolepisbuxoides,(Piptolepiscampestris)#H22:::0.8464346179272343):0.03535856704133365)0.68:0.09367581167366727)1:0.4725125468031166,#H22:::0.15356538207276568)0.56:0.0):0.05657087421062566)0.34:0.023315475703160088,(Eremanthus_veadeiroensis_E2872,Lychnophorellaregis)0.99:0.15269805730539662)0.95:0.05523350546034759):0.4543606044513486,(Eremanthus_incanus,#H21:::0.431920391429068)0.99:0.5117644548915506)0.68:0.3705122304009519)1;

begin replicate 37
bootstrap data simulation: seed 68497
estimation, 5 runs: seed 74311
(Piptolepispabstii,Piptolepisrosmarinifolia,((Eremanthus_elaeagnus_E2875,((Eremanthus_veadeiroensis_E2872,Lychnophorellaregis)0.99:0.3273267510663837,((Proteopisargentea,#H21:::0.4967766351501076):0.13694975949122168,((Piptolepisbuxoides,(Piptolepiscampestris,((Piptolepisoleaster)#H22:::0.5876044191827308,Piptolepispilosa)0.56:0.21642496247208887):0.06578645588079354)0.68:0.26203456720773266,#H22:::0.4123955808172693)1:0.32710309156170597)0.34:0.07436603775466526)0.95:0.07067336612365513):0.2914468796234987,(Eremanthus_incanus,(Eremanthus_reticulatus_E2876)#H21:::0.5032233648498924)0.99:0.16472391742606102)0.68:0.31933794861043086)1;

begin replicate 38
bootstrap data simulation: seed 73870
estimation, 5 runs: seed 40376
(Piptolepispabstii,Piptolepisrosmarinifolia,(((((Eremanthus_reticulatus_E2876,Proteopisargentea):0.0)#H21:0.018937785026253064::0.7059941255959825,((Piptolepisoleaster,(Piptolepisbuxoides,(Piptolepispilosa,(Piptolepiscampestris)#H22:1.1515997001352467::0.7988991600382319):0.12383157909966491)0.68:0.04973671995516817)1:0.34318172007763287,#H22:1.114233293670702::0.20110083996176806)0.56:0.22181760867053577)0.34:0.09912417773991226,(Eremanthus_veadeiroensis_E2872,(Eremanthus_elaeagnus_E2875,Lychnophorellaregis):0.0548467481969724)0.99:0.05876191300811647)0.95:0.47915309441112497,(Eremanthus_incanus,#H21:0.13215347222980312::0.29400587440401754)0.99:0.15278117422635673)0.68:0.3041524111273574)1;

begin replicate 39
bootstrap data simulation: seed 82529
estimation, 5 runs: seed 65600
(Piptolepispabstii,Piptolepisrosmarinifolia,((Eremanthus_elaeagnus_E2875,((Eremanthus_veadeiroensis_E2872,Lychnophorellaregis)0.99:0.15857492556354905,(((Eremanthus_reticulatus_E2876)#H21:::0.5112606281573321,((Piptolepisoleaster,((Piptolepisbuxoides,Piptolepispilosa)0.68:0.0)#H22:0.16765101250163367::0.5838723984016403)1:0.1000501227740464,(#H22:0.9495023852122373::0.41612760159835965,Piptolepiscampestris):0.2735478994995004)0.56:0.4743056283794636):0.06671594421958607,Proteopisargentea)0.34:0.08113098134101189)0.95:0.10575380582073067):0.3043187238116304,(Eremanthus_incanus,#H21:::0.4887393718426679)0.99:0.4537273822847433)0.68:0.3862626077865957)1;

begin replicate 40
bootstrap data simulation: seed 27073
estimation, 5 runs: seed 27681
(Piptolepispabstii,Piptolepisrosmarinifolia,(((Eremanthus_elaeagnus_E2875,(Eremanthus_veadeiroensis_E2872,Lychnophorellaregis)0.99:0.19919821690091732):0.057973120150159735,((((((#H23:::0.07776312349371457,Piptolepispilosa)1:0.41423871011801483,Piptolepisbuxoides):0.0587426029225282,Piptolepisoleaster)0.68:0.10729130737470695,Piptolepiscampestris):0.6330123962875851,(Proteopisargentea)#H23:::0.9222368765062854)0.95:0.0,(Eremanthus_reticulatus_E2876)#H21:::0.5850378828736253):0.014671596377825153)0.34:0.4139461633695221,(Eremanthus_incanus,#H21:::0.4149621171263746)0.99:0.58101702097852)0.68:0.3256738929687551)1;

begin replicate 41
bootstrap data simulation: seed 25465
estimation, 5 runs: seed 20899
(((Piptolepiscampestris,#H22:7.493669059507519::0.4386022010031762)0.56:0.4740784785887655,Piptolepisbuxoides)0.68:0.16703803009778687,Piptolepispilosa,(Piptolepisoleaster,(Proteopisargentea,(((((Piptolepispabstii,Piptolepisrosmarinifolia)1:0.21991873538899484,(Eremanthus_incanus)#H21:::0.7306672085527905)0.68:0.34579832963838353,(Eremanthus_reticulatus_E2876,#H21:::0.2693327914472094)0.99:1.0687904755917408)0.95:0.08182331154728344,((Eremanthus_veadeiroensis_E2872,Lychnophorellaregis):0.08066680151923933,Eremanthus_elaeagnus_E2875)0.99:0.07420670825009293):0.08166948960227119)#H22:1.3222562680344745e-6::0.5613977989968237)0.34:4.908179966241422)1:0.16606839933120635);

begin replicate 42
bootstrap data simulation: seed 15559
estimation, 5 runs: seed 58627
(Lychnophorellaregis,((Proteopisargentea,#H21:0.0::0.3913314005909074):0.3195165828896676,Eremanthus_veadeiroensis_E2872)0.34:0.01255740692880874,((Eremanthus_elaeagnus_E2875,(Eremanthus_incanus,(((Piptolepispabstii,Piptolepisrosmarinifolia)1:0.39492299820496113,Eremanthus_reticulatus_E2876)0.99:0.0)#H21:0.0::0.6086685994090926)0.68:0.49377333393583256):0.11653355899451179,((((Piptolepisbuxoides,(Piptolepiscampestris)#H22:1.2637046200127102::0.8935014162400179):0.016679641170154656,Piptolepispilosa)0.68:0.12887959317120712,Piptolepisoleaster)1:0.6900095603474807,#H22:0.9734039436813624::0.10649858375998215)0.56:0.0)0.95:0.10008519292333215)0.99;

begin replicate 43
bootstrap data simulation: seed 91339
estimation, 5 runs: seed 9153
(Piptolepispabstii,Piptolepisrosmarinifolia,((((Proteopisargentea,(((Piptolepisoleaster,Piptolepispilosa):0.05943436908338021,Piptolepisbuxoides)1:0.05465633995712937,(Piptolepiscampestris,#H22:::0.3001475822539513)0.56:0.28222593695352494)0.68:0.7890979599098771)0.99:3.669533838709196e-5,(Eremanthus_elaeagnus_E2875,(Eremanthus_veadeiroensis_E2872,(Lychnophorellaregis)#H22:::0.6998524177460488)0.95:0.22998325882358622)0.34:0.04602725375614277):0.004357536660844888,((Eremanthus_incanus)#H21:::0.5614207906377418,Eremanthus_reticulatus_E2876)0.99:0.3837937215251464):0.6641647500806078,#H21:::0.43857920936225825)0.68:0.0)1;

begin replicate 44
bootstrap data simulation: seed 17532
estimation, 5 runs: seed 65659
(((Piptolepisoleaster,((#H21:0.21603188752044455::0.49302708761399694,(((((Eremanthus_incanus,((Eremanthus_reticulatus_E2876,Proteopisargentea):0.0022295499925074113)#H21:0.10432353274158875::0.5069729123860031)0.99:0.049126295817418904,(Piptolepisrosmarinifolia,Piptolepispabstii)1:0.29748339874387675)0.68:0.3610457589015965,Eremanthus_veadeiroensis_E2872):0.017556558509361577,Eremanthus_elaeagnus_E2875)0.99:0.06658515006181318,Lychnophorellaregis)0.95:0.19406462056374535)0.34:0.12854357088231091)#H22:0.5102098513076376::0.820329885735571)1:0.10115634273262855,Piptolepispilosa)0.68:0.10697556024913302,(#H22:1.6455961502066474::0.179670114264429,Piptolepiscampestris)0.56:0.6267771792792844,Piptolepisbuxoides);

begin replicate 45
bootstrap data simulation: seed 58959
estimation, 5 runs: seed 91204
(Piptolepispabstii,Piptolepisrosmarinifolia,(((Eremanthus_reticulatus_E2876,Proteopisargentea):0.0)#H21:0.0::0.5591284305799309,(Eremanthus_incanus,(Eremanthus_elaeagnus_E2875,((Eremanthus_veadeiroensis_E2872,Lychnophorellaregis)0.99:0.23587539954556164,(#H21:0.6427149417425645::0.4408715694200691,((((Piptolepispilosa)#H22:::0.8500418017015836,Piptolepiscampestris):0.18830675730957502,(#H22:::0.14995819829841645,Piptolepisoleaster)0.56:0.18830675730957502)0.68:0.003202938305764295,Piptolepisbuxoides)1:0.4112161554906762)0.34:0.24975654796997196)0.95:0.07859022290728541):0.28298519493076346)0.68:0.0072046991690592945)0.99:0.32053378046197434)1;

begin replicate 46
bootstrap data simulation: seed 51436
estimation, 5 runs: seed 67607
(Eremanthus_veadeiroensis_E2872,(((Proteopisargentea,#H21:0.0::0.3670021712244509):0.255609650949032,((Piptolepisbuxoides,#H22:0.0::0.3778992689278756):0.469020047581864,(Piptolepiscampestris,((Piptolepispilosa,Piptolepisoleaster)0.68:0.0)#H22:0.0::0.6221007310721244)0.56:0.014065145128939992)1:0.4987476900523442)0.34:0.1747692313481443,(Eremanthus_elaeagnus_E2875,(Eremanthus_incanus,(((Piptolepispabstii,Piptolepisrosmarinifolia)1:0.5269809670516655,Eremanthus_reticulatus_E2876)0.99:0.0)#H21:0.0::0.6329978287755491)0.68:0.3780378059857021):0.10701849563264734)0.95:0.0849438879677962,Lychnophorellaregis)0.99;

begin replicate 47
bootstrap data simulation: seed 84569
estimation, 5 runs: seed 19079
(Piptolepispabstii,Piptolepisrosmarinifolia,(((Eremanthus_elaeagnus_E2875,(Eremanthus_veadeiroensis_E2872,Lychnophorellaregis)0.99:0.19803732314663178)0.95:0.02302432152007081,(((Eremanthus_reticulatus_E2876,Proteopisargentea):0.0)#H21:0.0::0.6881344979150956,((Piptolepisoleaster,((Piptolepisbuxoides,(Piptolepiscampestris)#H22:3.6826700340165277::0.8816473016381482):0.048318891890431155,Piptolepispilosa)0.68:0.15574096460983466)1:0.5891923699536801,#H22:1.036660913239595::0.11835269836185179)0.56:0.0)0.34:0.13083055357265475):0.4727278728093952,(Eremanthus_incanus,#H21:0.125817606993114::0.31186550208490443)0.99:0.3692499091609936)0.68:0.16839633263847414)1;

begin replicate 48
bootstrap data simulation: seed 56524
estimation, 5 runs: seed 5447
(Piptolepispabstii,Piptolepisrosmarinifolia,((Eremanthus_elaeagnus_E2875,((Eremanthus_veadeiroensis_E2872,Lychnophorellaregis)0.99:0.2287329001220304,(((Eremanthus_reticulatus_E2876)#H21:::0.5781207540677951,(((Piptolepispilosa,(Piptolepisbuxoides)#H22:::0.5025430270836602):0.2199007791893943,Piptolepiscampestris)0.56:0.06575225113860261,(Piptolepisoleaster,#H22:::0.49745697291633983)1:0.29299840217172624)0.68:0.4795430553195959):0.07067985615573794,Proteopisargentea)0.34:0.08681534722303148)0.95:0.038296054902681946):0.2663160291352062,(Eremanthus_incanus,#H21:::0.42187924593220494)0.99:0.362831959223847)0.68:0.4520091807564452)1;

begin replicate 49
bootstrap data simulation: seed 55683
estimation, 5 runs: seed 97517
(Piptolepispilosa,((Piptolepisbuxoides,Piptolepisoleaster)0.68:9.830512647289901e-5,(Proteopisargentea,((((Eremanthus_veadeiroensis_E2872,Lychnophorellaregis)0.99:0.1539440087563542,(Eremanthus_elaeagnus_E2875,((Piptolepispabstii,Piptolepisrosmarinifolia)1:0.367485624333153,(Eremanthus_incanus,(Eremanthus_reticulatus_E2876)#H21:::0.5952824397575754)0.99:0.2779854337362732)0.68:0.25935508070948426):0.08232246538031633)0.95:0.18286816774811604,#H21:::0.40471756024242456):0.07068214116068984)#H22:::0.9137119955180487)0.34:0.6059232287805741)1:0.033212715392015944,(Piptolepiscampestris,#H22:::0.08628800448195133)0.56:9.490792302000779);

begin replicate 50
bootstrap data simulation: seed 40808
estimation, 5 runs: seed 79960
(Piptolepispabstii,(((Eremanthus_reticulatus_E2876,#H21:::0.4819215279135422)0.99:0.44148108051269497,(((Piptolepiscampestris,((Piptolepispilosa,Piptolepisbuxoides):0.0)#H22:0.1055834891070254::0.8750989143778223)0.68:0.2280502266887615,(#H22:0.005449716254563713::0.12490108562217771,Piptolepisoleaster)0.56:9.334268090782242)1:0.5415925499068426,((Lychnophorellaregis,Eremanthus_veadeiroensis_E2872)0.99:0.20324997877045722,Eremanthus_elaeagnus_E2875):0.05515695629774356)0.34:0.08336843982230369)0.95:0.006708586077556148,Proteopisargentea):0.6088597165169967,(Piptolepisrosmarinifolia,(Eremanthus_incanus)#H21:::0.5180784720864577)0.68:0.15484468451085687)1;
