optimization of topology, BL and inheritance probabilities using:
 hmax = 1,
 tolerance parameters: ftolRel=1.0e-6, ftolAbs=1.0e-6,
                       xtolAbs=0.001, xtolRel=0.01.
 max number of failed proposals = 75, liktolAbs = 1.0e-6.
rootname for files: net1
BEGIN: 10 runs on starting tree (Piptolepispabstii,Piptolepisrosmarinifolia,(Eremanthus_incanus,((Proteopisargentea,(((Lychnophorellaregis,Eremanthus_veadeiroensis_E2872)0.99:0.22127891492711754,Eremanthus_elaeagnus_E2875)0.34:0.0567460152944488,(Piptolepisoleaster,((Piptolepispilosa,Piptolepisbuxoides)0.56:0.0671721139081935,Piptolepiscampestris)0.68:0.05941794029922149)1:0.6563803234581623)0.95:0.1335733297911084)0.99:0.06863551811830937,Eremanthus_reticulatus_E2876):0.2134914446790119)0.68:0.39211249022432554)1;

main seed 2345
seed: 2345 for run 1, 2022-12-06 15:22:31.067

BEGIN SNaQ for run 1, seed 2345 and hmax 1 changed starting topology by NNI move

Begins heuristic optimization of network------

found best network, now we re-optimize branch lengths and gamma more precisely
STOPPED by number of failures criteria
END optTopLevel: found minimizer topology at step 108 (failures: 75) with -loglik=1542.3288 and ht_min=[0.41189, 0.40419, 0.39363, 0.22084, 0.06734, 0.0591, 0.41627, 0.37356, 0.14659, 0.26535, 0.05165, 0.0468, 0.0]
PERFORMANCE: total number of moves (proposed, successful, accepted) in general, and to fix gamma=0.0,t=0.0 cases
	--------moves general--------				 --------moves gamma,t------	
move	 Num.Proposed	 Num.Successful	 Num.Accepted	 | Num.Proposed	 Num.Successful	 Num.Accepted
add		 1		 1		 1	 |	 NA 		 NA 		 NA 
mvorigin	 30		 30		 3	 |	 0		 0		 --
mvtarget	 29		 29		 1	 |	 0		 0		 --
chdir		 11		 11		 1	 |	 0		 0		 --
delete		 0		 0		 0	 |	 0		 0		 --
nni		 37		 36		 1	 |	 2		 2		 --
Total		 108		 107		 7	 |	 2		 2		 2
Proportion	 -- 		 1.0		 0.1	 |	 -- 		 1.0		 1.0
(Piptolepisrosmarinifolia,Piptolepispabstii,(((Proteopisargentea,((Piptolepisoleaster,((Piptolepisbuxoides,Piptolepispilosa)0.56:0.06733527108814873,Piptolepiscampestris)0.68:0.05909730544426879)1:0.41626509352566304,((Eremanthus_elaeagnus_E2875,(Eremanthus_veadeiroensis_E2872,Lychnophorellaregis)0.99:0.22084023308916614)0.34:0.046801554810730873)#H21:0.4041883709672532::0.5881119793484257)0.95:0.37356478018981176)0.99:0.14659014097612738,Eremanthus_reticulatus_E2876):0.2653477021816219,(Eremanthus_incanus,#H21:0.0::0.4118880206515742):0.051651846159709164)0.68:0.3936348126563937)1;
---------------------
seed: 26137 for run 2, 2022-12-06 15:47:19.533

BEGIN SNaQ for run 2, seed 26137 and hmax 1
Begins heuristic optimization of network------

found best network, now we re-optimize branch lengths and gamma more precisely
STOPPED by number of failures criteria
END optTopLevel: found minimizer topology at step 127 (failures: 75) with -loglik=1498.61865 and ht_min=[0.2278, 0.22717, 0.06496, 0.06926, 0.04018, 0.71974, 0.14409, 0.06281, 0.18457, 0.39114, 0.65849]
PERFORMANCE: total number of moves (proposed, successful, accepted) in general, and to fix gamma=0.0,t=0.0 cases
	--------moves general--------				 --------moves gamma,t------	
move	 Num.Proposed	 Num.Successful	 Num.Accepted	 | Num.Proposed	 Num.Successful	 Num.Accepted
add		 2		 2		 1	 |	 NA 		 NA 		 NA 
mvorigin	 35		 35		 2	 |	 0		 0		 --
mvtarget	 39		 39		 0	 |	 0		 0		 --
chdir		 13		 13		 0	 |	 0		 0		 --
delete		 0		 0		 0	 |	 0		 0		 --
nni		 38		 37		 3	 |	 0		 0		 --
Total		 127		 126		 6	 |	 0		 0		 0
Proportion	 -- 		 1.0		 0.0	 |	 -- 		 0.0		 0.0
(Piptolepispabstii,Piptolepisrosmarinifolia,(Eremanthus_incanus,(((Eremanthus_elaeagnus_E2875,(((Piptolepiscampestris,(Piptolepispilosa,Piptolepisbuxoides)0.56:0.0692594119809744)0.68:0.04018460708224393,(Piptolepisoleaster,#H21:::0.22780131914664842):0.6584872482229555)1:0.719742296355666,(Lychnophorellaregis,Eremanthus_veadeiroensis_E2872)0.99:0.22716560349280748)0.95:0.0649569580583073)0.34:0.18457145624106966,Eremanthus_reticulatus_E2876):0.06281480435179614,(Proteopisargentea)#H21:::0.7721986808533516)0.99:0.14409379846221476)0.68:0.3911448578190019)1;
---------------------
seed: 33325 for run 3, 2022-12-06 15:58:37.795

BEGIN SNaQ for run 3, seed 33325 and hmax 1 changed starting topology by NNI move

Begins heuristic optimization of network------

found best network, now we re-optimize branch lengths and gamma more precisely
STOPPED by number of failures criteria
END optTopLevel: found minimizer topology at step 117 (failures: 75) with -loglik=1702.20654 and ht_min=[0.0544, 0.25002, 0.05086, 0.67946, 0.02267, 0.0944, 0.11446, 0.07157, 0.21328, 0.40062, 0.02234]
PERFORMANCE: total number of moves (proposed, successful, accepted) in general, and to fix gamma=0.0,t=0.0 cases
	--------moves general--------				 --------moves gamma,t------	
move	 Num.Proposed	 Num.Successful	 Num.Accepted	 | Num.Proposed	 Num.Successful	 Num.Accepted
add		 1		 1		 1	 |	 NA 		 NA 		 NA 
mvorigin	 29		 29		 3	 |	 2		 2		 --
mvtarget	 38		 38		 0	 |	 2		 2		 --
chdir		 12		 12		 0	 |	 5		 5		 --
delete		 0		 0		 0	 |	 0		 0		 --
nni		 37		 37		 1	 |	 7		 7		 --
Total		 117		 117		 5	 |	 16		 16		 10
Proportion	 -- 		 1.0		 0.0	 |	 -- 		 1.0		 0.6
(Piptolepisrosmarinifolia,(Eremanthus_incanus,((Proteopisargentea,(((Lychnophorellaregis,Eremanthus_veadeiroensis_E2872)0.99:0.2500236584038672,(Piptolepisoleaster,((Piptolepispilosa,Piptolepisbuxoides)0.56:0.02267106572159265,(Piptolepiscampestris)#H21:::0.9455972147672193)0.68:0.09439605066497592)1:0.6794628699845684)0.34:0.050857458093265175,Eremanthus_elaeagnus_E2875)0.95:0.11445965073866055)0.99:0.07157039256830056,Eremanthus_reticulatus_E2876):0.2132798683754499)0.68:0.4006174611693359,(Piptolepispabstii,#H21:::0.0544027852327807):0.022335555056169)1;
---------------------
seed: 73611 for run 4, 2022-12-06 16:10:45.678

BEGIN SNaQ for run 4, seed 73611 and hmax 1 changed starting topology by NNI move

Begins heuristic optimization of network------

found best network, now we re-optimize branch lengths and gamma more precisely
STOPPED by number of failures criteria
END optTopLevel: found minimizer topology at step 179 (failures: 75) with -loglik=1553.51568 and ht_min=[0.50812, 0.22035, 0.17335, 0.26542, 0.06235, 0.06248, 0.32915, 0.68918, 0.41266, 0.0, 0.00014, 0.0, 2.0e-5]
PERFORMANCE: total number of moves (proposed, successful, accepted) in general, and to fix gamma=0.0,t=0.0 cases
	--------moves general--------				 --------moves gamma,t------	
move	 Num.Proposed	 Num.Successful	 Num.Accepted	 | Num.Proposed	 Num.Successful	 Num.Accepted
add		 1		 1		 1	 |	 NA 		 NA 		 NA 
mvorigin	 51		 51		 7	 |	 5		 5		 --
mvtarget	 50		 50		 0	 |	 5		 5		 --
chdir		 26		 26		 1	 |	 10		 10		 --
delete		 0		 0		 0	 |	 0		 0		 --
nni		 51		 46		 3	 |	 3		 3		 --
Total		 179		 174		 12	 |	 23		 23		 8
Proportion	 -- 		 1.0		 0.1	 |	 -- 		 1.0		 0.3
(Piptolepispabstii,Piptolepisrosmarinifolia,(Eremanthus_incanus,((((((Piptolepisbuxoides,Piptolepispilosa)0.56:0.062348115421462055,Piptolepiscampestris)0.68:0.062479945912061734,Piptolepisoleaster)1:0.3291524150485921,#H21:0.0::0.4918797335699596)0.99:0.6891756215585408,Eremanthus_reticulatus_E2876):0.26541764786333033,((((Lychnophorellaregis,Eremanthus_veadeiroensis_E2872)0.99:0.2203512106926754,Eremanthus_elaeagnus_E2875)0.34:0.1733484045603988,Proteopisargentea)0.95:0.0)#H21:1.613811961313486e-5::0.5081202664300404):0.00013822202309765285)0.68:0.41266414763466813)1;
---------------------
seed: 24912 for run 5, 2022-12-06 16:21:37.807

BEGIN SNaQ for run 5, seed 24912 and hmax 1
Begins heuristic optimization of network------

found best network, now we re-optimize branch lengths and gamma more precisely
STOPPED by number of failures criteria
END optTopLevel: found minimizer topology at step 108 (failures: 75) with -loglik=1542.32068 and ht_min=[0.41125, 0.05225, 0.39359, 0.22094, 0.43262, 0.06728, 0.05909, 0.41639, 0.37341, 0.14648, 0.26557, 0.04011, 0.0]
PERFORMANCE: total number of moves (proposed, successful, accepted) in general, and to fix gamma=0.0,t=0.0 cases
	--------moves general--------				 --------moves gamma,t------	
move	 Num.Proposed	 Num.Successful	 Num.Accepted	 | Num.Proposed	 Num.Successful	 Num.Accepted
add		 1		 1		 1	 |	 NA 		 NA 		 NA 
mvorigin	 29		 29		 4	 |	 0		 0		 --
mvtarget	 36		 36		 1	 |	 0		 0		 --
chdir		 9		 9		 0	 |	 0		 0		 --
delete		 0		 0		 0	 |	 0		 0		 --
nni		 33		 32		 0	 |	 0		 0		 --
Total		 108		 107		 6	 |	 0		 0		 0
Proportion	 -- 		 1.0		 0.1	 |	 -- 		 0.0		 0.0
(Piptolepispabstii,Piptolepisrosmarinifolia,(((Proteopisargentea,((Piptolepisoleaster,((Piptolepispilosa,Piptolepisbuxoides)0.56:0.06728492832304897,Piptolepiscampestris)0.68:0.05909488009620387)1:0.41638901317854976,(((Lychnophorellaregis,Eremanthus_veadeiroensis_E2872)0.99:0.22093584557238802,Eremanthus_elaeagnus_E2875)0.34:0.0401141841991778)#H21:0.4326152007733646::0.5887455380799658)0.95:0.3734142841438383)0.99:0.146481286194458,Eremanthus_reticulatus_E2876):0.2655745089007425,(Eremanthus_incanus,#H21:0.0::0.41125446192003423):0.05225160094081273)0.68:0.3935850040570452)1;
---------------------
seed: 79262 for run 6, 2022-12-06 16:45:29.114

BEGIN SNaQ for run 6, seed 79262 and hmax 1 changed starting topology by NNI move

Begins heuristic optimization of network------

found best network, now we re-optimize branch lengths and gamma more precisely
STOPPED by number of failures criteria
END optTopLevel: found minimizer topology at step 163 (failures: 75) with -loglik=1674.63248 and ht_min=[0.22265, 0.0, 0.21614, 0.40428, 0.08801, 0.0668, 0.05958, 0.60636, 0.11744, 0.07274, 0.39692]
PERFORMANCE: total number of moves (proposed, successful, accepted) in general, and to fix gamma=0.0,t=0.0 cases
	--------moves general--------				 --------moves gamma,t------	
move	 Num.Proposed	 Num.Successful	 Num.Accepted	 | Num.Proposed	 Num.Successful	 Num.Accepted
add		 4		 4		 1	 |	 NA 		 NA 		 NA 
mvorigin	 41		 41		 8	 |	 0		 0		 --
mvtarget	 53		 53		 0	 |	 0		 0		 --
chdir		 25		 25		 0	 |	 0		 0		 --
delete		 0		 0		 0	 |	 0		 0		 --
nni		 40		 37		 2	 |	 0		 0		 --
Total		 163		 160		 11	 |	 0		 0		 0
Proportion	 -- 		 1.0		 0.1	 |	 -- 		 0.0		 0.0
(Piptolepispabstii,Piptolepisrosmarinifolia,((((Proteopisargentea,(((Lychnophorellaregis,(Eremanthus_veadeiroensis_E2872)#H21:::0.7773471495396437)0.99:0.4042827440537663,(Piptolepisoleaster,((Piptolepispilosa,Piptolepisbuxoides)0.56:0.06679725892574306,Piptolepiscampestris)0.68:0.05957691418130622)1:0.6063631095486417)0.34:0.08801192767028503,Eremanthus_elaeagnus_E2875)0.95:0.11743598837663624)0.99:0.07273601408428973,Eremanthus_reticulatus_E2876):0.21614493224148562,Eremanthus_incanus)0.68:5.2242126807591846e-23,#H21:::0.22265285046035635):0.3969180761883874)1;
---------------------
seed: 68832 for run 7, 2022-12-06 17:4:19.68

BEGIN SNaQ for run 7, seed 68832 and hmax 1 changed starting topology by NNI move

Begins heuristic optimization of network------

found best network, now we re-optimize branch lengths and gamma more precisely
STOPPED by number of failures criteria
END optTopLevel: found minimizer topology at step 340 (failures: 75) with -loglik=1571.39169 and ht_min=[0.37741, 0.23274, 0.44531, 0.0, 0.06718, 0.05951, 0.54571, 0.24824, 0.09768, 0.40014, 0.0, 0.00012, 0.0]
PERFORMANCE: total number of moves (proposed, successful, accepted) in general, and to fix gamma=0.0,t=0.0 cases
	--------moves general--------				 --------moves gamma,t------	
move	 Num.Proposed	 Num.Successful	 Num.Accepted	 | Num.Proposed	 Num.Successful	 Num.Accepted
add		 4		 4		 1	 |	 NA 		 NA 		 NA 
mvorigin	 93		 93		 22	 |	 0		 0		 --
mvtarget	 89		 89		 1	 |	 0		 0		 --
chdir		 47		 47		 0	 |	 0		 0		 --
delete		 0		 0		 0	 |	 0		 0		 --
nni		 107		 102		 5	 |	 7		 7		 --
Total		 340		 335		 29	 |	 7		 7		 5
Proportion	 -- 		 1.0		 0.1	 |	 -- 		 1.0		 0.7
(Piptolepispabstii,Piptolepisrosmarinifolia,((Eremanthus_reticulatus_E2876,(((((Piptolepisbuxoides,Piptolepispilosa)0.56:0.06718360478446508,Piptolepiscampestris)1:0.05950927983942292,Piptolepisoleaster)0.68:0.5457118211403128,(Lychnophorellaregis,((Eremanthus_elaeagnus_E2875,Eremanthus_veadeiroensis_E2872)0.34:0.000118752865694068)#H21:0.0::0.622591473687275)0.99:0.4453128827684911)0.95:0.24823824458978508,Proteopisargentea)0.99:0.09768496282225038):0.23273566978136653,(#H21:0.0::0.37740852631272503,Eremanthus_incanus):0.0)0.68:0.40013923783117455)1;
---------------------
seed: 42539 for run 8, 2022-12-06 17:22:10.805

BEGIN SNaQ for run 8, seed 42539 and hmax 1 changed starting topology by NNI move

Begins heuristic optimization of network------

found best network, now we re-optimize branch lengths and gamma more precisely
STOPPED by number of failures criteria
END optTopLevel: found minimizer topology at step 120 (failures: 75) with -loglik=1709.28773 and ht_min=[0.06531, 0.2214, 0.05681, 0.1047, 2.81712, 0.00101, 0.61351, 0.1335, 0.06868, 0.21357, 0.39201, 0.09572, 0.03332]
PERFORMANCE: total number of moves (proposed, successful, accepted) in general, and to fix gamma=0.0,t=0.0 cases
	--------moves general--------				 --------moves gamma,t------	
move	 Num.Proposed	 Num.Successful	 Num.Accepted	 | Num.Proposed	 Num.Successful	 Num.Accepted
add		 1		 1		 1	 |	 NA 		 NA 		 NA 
mvorigin	 32		 32		 2	 |	 0		 0		 --
mvtarget	 36		 36		 3	 |	 0		 0		 --
chdir		 14		 14		 3	 |	 0		 0		 --
delete		 0		 0		 0	 |	 0		 0		 --
nni		 37		 34		 0	 |	 1		 1		 --
Total		 120		 117		 9	 |	 1		 1		 1
Proportion	 -- 		 1.0		 0.1	 |	 -- 		 1.0		 1.0
(Piptolepispabstii,Piptolepisrosmarinifolia,(Eremanthus_incanus,(((((Lychnophorellaregis,Eremanthus_veadeiroensis_E2872)0.99:0.221399623924637,Eremanthus_elaeagnus_E2875)0.34:0.05680725683555284,((Piptolepiscampestris,((Piptolepisbuxoides,Piptolepispilosa)0.56:0.001009561262909373)#H21:0.09571754366357461::0.9346898699085808)0.68:0.10469824824575735,(Piptolepisoleaster,#H21:0.03332018530884007::0.06531013009141916):2.817124439287304)1:0.6135108231793794)0.99:0.13350277584944575,Proteopisargentea)0.95:0.06868153281367219,Eremanthus_reticulatus_E2876):0.21356676176452968)0.68:0.3920125053538582)1;
---------------------
seed: 44520 for run 9, 2022-12-06 17:29:53.935

BEGIN SNaQ for run 9, seed 44520 and hmax 1 changed starting topology by NNI move

Begins heuristic optimization of network------

found best network, now we re-optimize branch lengths and gamma more precisely
STOPPED by number of failures criteria
END optTopLevel: found minimizer topology at step 99 (failures: 75) with -loglik=1652.43525 and ht_min=[0.31982, 0.53324, 0.22118, 0.05672, 0.06717, 0.05941, 0.65656, 0.10186, 0.19312, 1.66655, 0.10513]
PERFORMANCE: total number of moves (proposed, successful, accepted) in general, and to fix gamma=0.0,t=0.0 cases
	--------moves general--------				 --------moves gamma,t------	
move	 Num.Proposed	 Num.Successful	 Num.Accepted	 | Num.Proposed	 Num.Successful	 Num.Accepted
add		 1		 1		 1	 |	 NA 		 NA 		 NA 
mvorigin	 27		 27		 1	 |	 0		 0		 --
mvtarget	 26		 26		 0	 |	 0		 0		 --
chdir		 9		 9		 1	 |	 0		 0		 --
delete		 0		 0		 0	 |	 0		 0		 --
nni		 36		 35		 4	 |	 6		 6		 --
Total		 99		 98		 7	 |	 6		 6		 3
Proportion	 -- 		 1.0		 0.1	 |	 -- 		 1.0		 0.5
(Lychnophorellaregis,Eremanthus_veadeiroensis_E2872,((((Eremanthus_reticulatus_E2876,(Eremanthus_incanus,#H21:::0.3198153862793036)0.68:1.6665510999325297):0.19312005655152945,(Proteopisargentea,((Piptolepispabstii,Piptolepisrosmarinifolia)1:0.5332378788760078)#H21:::0.6801846137206964):0.10512583124529452)0.99:0.10185542244153442,(Piptolepisoleaster,((Piptolepispilosa,Piptolepisbuxoides)0.56:0.06717218212921715,Piptolepiscampestris)0.68:0.05941429705411227)1:0.6565562212643776)0.95:0.05671751194857202,Eremanthus_elaeagnus_E2875)0.34:0.22117551044433936)0.99;
---------------------
seed: 34246 for run 10, 2022-12-06 17:47:11.478

BEGIN SNaQ for run 10, seed 34246 and hmax 1 changed starting topology by NNI move

Begins heuristic optimization of network------

found best network, now we re-optimize branch lengths and gamma more precisely
STOPPED by number of failures criteria
END optTopLevel: found minimizer topology at step 283 (failures: 75) with -loglik=1498.61776 and ht_min=[0.22804, 0.14365, 0.22709, 0.06498, 0.71969, 0.65722, 0.06927, 0.04035, 0.06344, 0.18447, 0.3912]
PERFORMANCE: total number of moves (proposed, successful, accepted) in general, and to fix gamma=0.0,t=0.0 cases
	--------moves general--------				 --------moves gamma,t------	
move	 Num.Proposed	 Num.Successful	 Num.Accepted	 | Num.Proposed	 Num.Successful	 Num.Accepted
add		 1		 1		 1	 |	 NA 		 NA 		 NA 
mvorigin	 85		 85		 18	 |	 19		 19		 --
mvtarget	 82		 82		 1	 |	 20		 20		 --
chdir		 44		 44		 0	 |	 39		 39		 --
delete		 0		 0		 0	 |	 0		 0		 --
nni		 71		 68		 2	 |	 7		 7		 --
Total		 283		 280		 22	 |	 85		 85		 39
Proportion	 -- 		 1.0		 0.1	 |	 -- 		 1.0		 0.5
(Piptolepispabstii,Piptolepisrosmarinifolia,(Eremanthus_incanus,(((((Lychnophorellaregis,Eremanthus_veadeiroensis_E2872)0.99:0.22709254836206974,((Piptolepiscampestris,(Piptolepispilosa,Piptolepisbuxoides)0.68:0.06926598004150276)0.56:0.04035197799995938,(Piptolepisoleaster,#H21:::0.22803946238601797):0.6572231379123196)1:0.7196918862489469)0.34:0.06497567476158274,Eremanthus_elaeagnus_E2875)0.95:0.18446627040219635,Eremanthus_reticulatus_E2876):0.06343642106945623,(Proteopisargentea)#H21:::0.771960537613982)0.99:0.143654418493578)0.68:0.3911973353008445)1;
---------------------

2022-12-06 18:25:11.351
MaxNet is (Piptolepispabstii,Piptolepisrosmarinifolia,(Eremanthus_incanus,(((((Lychnophorellaregis,Eremanthus_veadeiroensis_E2872)0.99:0.22709254836206974,((Piptolepiscampestris,(Piptolepispilosa,Piptolepisbuxoides)0.68:0.06926598004150276)0.56:0.04035197799995938,(Piptolepisoleaster,#H21:::0.22803946238601797):0.6572231379123196)1:0.7196918862489469)0.34:0.06497567476158274,Eremanthus_elaeagnus_E2875)0.95:0.18446627040219635,Eremanthus_reticulatus_E2876):0.06343642106945623,(Proteopisargentea)#H21:::0.771960537613982)0.99:0.143654418493578)0.68:0.3911973353008445)1; 
with -loglik 1498.6177644516022
