optimization of topology, BL and inheritance probabilities using:
 hmax = 2,
 tolerance parameters: ftolRel=1.0e-6, ftolAbs=1.0e-6,
                       xtolAbs=0.001, xtolRel=0.01.
 max number of failed proposals = 75, liktolAbs = 1.0e-6.
rootname for files: net2
BEGIN: 10 runs on starting tree (Piptolepispabstii,Piptolepisrosmarinifolia,(Eremanthus_incanus,(((((Lychnophorellaregis,Eremanthus_veadeiroensis_E2872)0.99:0.22709254836206974,((Piptolepiscampestris,(Piptolepispilosa,Piptolepisbuxoides)0.68:0.06926598004150276)0.56:0.04035197799995938,(Piptolepisoleaster,#H21:::0.22803946238601797):0.6572231379123196)1:0.7196918862489469)0.34:0.06497567476158274,Eremanthus_elaeagnus_E2875)0.95:0.18446627040219635,Eremanthus_reticulatus_E2876):0.06343642106945623,(Proteopisargentea)#H21:::0.771960537613982)0.99:0.143654418493578)0.68:0.3911973353008445)1;

main seed 3456
seed: 3456 for run 1, 2022-12-06 18:30:30.987

BEGIN SNaQ for run 1, seed 3456 and hmax 2
 changed starting network by move origin
Begins heuristic optimization of network------

found best network, now we re-optimize branch lengths and gamma more precisely
STOPPED by number of failures criteria
END optTopLevel: found minimizer topology at step 86 (failures: 75) with -loglik=1498.55733 and ht_min=[0.22808, 0.00861, 0.00275, 0.22714, 0.06894, 0.04064, 0.65709, 0.71958, 0.065, 0.18449, 0.06349, 0.39662, 0.14151]
PERFORMANCE: total number of moves (proposed, successful, accepted) in general, and to fix gamma=0.0,t=0.0 cases
	--------moves general--------				 --------moves gamma,t------	
move	 Num.Proposed	 Num.Successful	 Num.Accepted	 | Num.Proposed	 Num.Successful	 Num.Accepted
add		 1		 1		 1	 |	 NA 		 NA 		 NA 
mvorigin	 33		 33		 1	 |	 1		 1		 --
mvtarget	 23		 23		 1	 |	 0		 0		 --
chdir		 11		 11		 1	 |	 3		 3		 --
delete		 0		 0		 0	 |	 0		 0		 --
nni		 18		 15		 0	 |	 0		 0		 --
Total		 86		 83		 4	 |	 4		 4		 3
Proportion	 -- 		 1.0		 0.0	 |	 -- 		 1.0		 0.8
(Piptolepisrosmarinifolia,(Eremanthus_incanus,((((((Lychnophorellaregis,Eremanthus_veadeiroensis_E2872)0.99:0.22714369332054618,((Piptolepiscampestris,(Piptolepispilosa,Piptolepisbuxoides)0.68:0.06894350567365715)0.56:0.0406434284206838,(Piptolepisoleaster,#H21:::0.22808046246209027):0.6570888847937609)1:0.71957743132324)0.34:0.06500395998854529,Eremanthus_elaeagnus_E2875)0.95:0.18448780514849944,Eremanthus_reticulatus_E2876):0.06349169632916375,(Proteopisargentea)#H21:::0.7719195375379098)0.99:0.00275063826335985,#H22:::0.008611467418556928):0.14150518906921994)0.68:0.3966226170246452,(Piptolepispabstii)#H22:::0.9913885325814431)1;
---------------------
seed: 40599 for run 2, 2022-12-06 18:40:28.997

BEGIN SNaQ for run 2, seed 40599 and hmax 2 changed starting topology by NNI move

 changed starting network by move target
Begins heuristic optimization of network------

found best network, now we re-optimize branch lengths and gamma more precisely
STOPPED by number of failures criteria
END optTopLevel: found minimizer topology at step 307 (failures: 75) with -loglik=1492.03641 and ht_min=[0.42976, 0.21451, 0.40761, 0.0, 0.11438, 0.52307, 0.09064, 0.05606, 0.36104, 0.20434, 0.03728, 0.0, 0.0, 0.37837, 0.40122]
PERFORMANCE: total number of moves (proposed, successful, accepted) in general, and to fix gamma=0.0,t=0.0 cases
	--------moves general--------				 --------moves gamma,t------	
move	 Num.Proposed	 Num.Successful	 Num.Accepted	 | Num.Proposed	 Num.Successful	 Num.Accepted
add		 1		 1		 1	 |	 NA 		 NA 		 NA 
mvorigin	 76		 76		 12	 |	 2		 2		 --
mvtarget	 85		 85		 3	 |	 2		 2		 --
chdir		 55		 54		 6	 |	 6		 6		 --
delete		 0		 0		 0	 |	 0		 0		 --
nni		 90		 62		 1	 |	 2		 2		 --
Total		 307		 278		 23	 |	 12		 12		 8
Proportion	 -- 		 1.0		 0.1	 |	 -- 		 1.0		 0.7
(Piptolepispabstii,Piptolepisrosmarinifolia,((Eremanthus_elaeagnus_E2875,((Eremanthus_veadeiroensis_E2872,Lychnophorellaregis)0.99:0.20433678412527156,(#H21:0.5230672233882122::0.42976194075122254,((Piptolepisoleaster,(Piptolepisbuxoides,(Piptolepispilosa,(Piptolepiscampestris)#H22:::0.785486835085115):0.05605794535541598)0.68:0.11437851521206892)1:0.40121676436619563,#H22:::0.21451316491488504)0.56:0.0)0.34:0.3610397492760132)0.95:0.09063688960054812):0.4076140622215229,(Eremanthus_incanus,((Eremanthus_reticulatus_E2876,Proteopisargentea):0.0)#H21:0.0::0.5702380592487775)0.99:0.03727905176315105)0.68:0.3783713500331697)1;
---------------------
seed: 57695 for run 3, 2022-12-06 19:40:19.404

BEGIN SNaQ for run 3, seed 57695 and hmax 2 changed starting topology by NNI move

 changed starting network by move origin
Begins heuristic optimization of network------

found best network, now we re-optimize branch lengths and gamma more precisely
STOPPED by number of failures criteria
END optTopLevel: found minimizer topology at step 107 (failures: 75) with -loglik=1497.54596 and ht_min=[0.22963, 0.2499, 0.22792, 0.71899, 0.1004, 0.0, 0.64369, 0.06427, 0.18477, 0.06493, 0.14234, 0.3915, 0.05014]
PERFORMANCE: total number of moves (proposed, successful, accepted) in general, and to fix gamma=0.0,t=0.0 cases
	--------moves general--------				 --------moves gamma,t------	
move	 Num.Proposed	 Num.Successful	 Num.Accepted	 | Num.Proposed	 Num.Successful	 Num.Accepted
add		 1		 1		 1	 |	 NA 		 NA 		 NA 
mvorigin	 22		 22		 3	 |	 0		 0		 --
mvtarget	 32		 32		 1	 |	 0		 0		 --
chdir		 17		 15		 1	 |	 0		 0		 --
delete		 0		 0		 0	 |	 0		 0		 --
nni		 35		 31		 0	 |	 2		 2		 --
Total		 107		 101		 6	 |	 2		 2		 2
Proportion	 -- 		 1.0		 0.1	 |	 -- 		 1.0		 1.0
(Piptolepispabstii,Piptolepisrosmarinifolia,(Eremanthus_incanus,(((Eremanthus_elaeagnus_E2875,((Lychnophorellaregis,Eremanthus_veadeiroensis_E2872)0.99:0.2279244888614397,((((Piptolepispilosa,(Piptolepisbuxoides)#H22:::0.750104594971115)0.68:0.1003967146347396,Piptolepiscampestris)0.56:0.05013794487146552,#H22:::0.24989540502888496):0.0,(Piptolepisoleaster,#H21:::0.22963166665351376):0.6436901624381849)1:0.7189879867927013)0.34:0.06426602706941008)0.95:0.18476983689598758,Eremanthus_reticulatus_E2876):0.06492717520983654,(Proteopisargentea)#H21:::0.7703683333464862)0.99:0.14234036911995682)0.68:0.3914950878134604)1;
---------------------
seed: 10390 for run 4, 2022-12-06 20:2:47.094

BEGIN SNaQ for run 4, seed 10390 and hmax 2
Begins heuristic optimization of network------

found best network, now we re-optimize branch lengths and gamma more precisely
STOPPED by number of failures criteria
END optTopLevel: found minimizer topology at step 99 (failures: 75) with -loglik=1495.97936 and ht_min=[0.22811, 0.16156, 0.22717, 0.11226, 0.32581, 0.0016, 0.66006, 0.71943, 0.06486, 0.18449, 0.06365, 0.1434, 0.3912]
PERFORMANCE: total number of moves (proposed, successful, accepted) in general, and to fix gamma=0.0,t=0.0 cases
	--------moves general--------				 --------moves gamma,t------	
move	 Num.Proposed	 Num.Successful	 Num.Accepted	 | Num.Proposed	 Num.Successful	 Num.Accepted
add		 5		 2		 1	 |	 NA 		 NA 		 NA 
mvorigin	 25		 25		 0	 |	 0		 0		 --
mvtarget	 31		 31		 0	 |	 0		 0		 --
chdir		 14		 14		 0	 |	 0		 0		 --
delete		 0		 0		 0	 |	 0		 0		 --
nni		 24		 19		 0	 |	 0		 0		 --
Total		 99		 91		 1	 |	 0		 0		 0
Proportion	 -- 		 1.0		 0.0	 |	 -- 		 0.0		 0.0
(Piptolepispabstii,Piptolepisrosmarinifolia,(Eremanthus_incanus,(((((Lychnophorellaregis,Eremanthus_veadeiroensis_E2872)0.99:0.22717249649707655,((Piptolepisoleaster,#H21:::0.2281123118144418):0.6600570182637211,((Piptolepiscampestris)#H22:::0.838437756340766,(Piptolepisbuxoides,(Piptolepispilosa,#H22:::0.161562243659234):0.32581366966042324)0.68:0.11226091512864741)0.56:0.0015969680615973009)1:0.719434859836972)0.34:0.06486110421688919,Eremanthus_elaeagnus_E2875)0.95:0.18449048556838366,Eremanthus_reticulatus_E2876):0.06365201329712675,(Proteopisargentea)#H21:::0.7718876881855582)0.99:0.1434041210034691)0.68:0.39120023454705205)1;
---------------------
seed: 18310 for run 5, 2022-12-06 20:22:24.452

BEGIN SNaQ for run 5, seed 18310 and hmax 2 changed starting topology by NNI move

 changed starting network by move target
Begins heuristic optimization of network------

found best network, now we re-optimize branch lengths and gamma more precisely
STOPPED by number of failures criteria
END optTopLevel: found minimizer topology at step 255 (failures: 75) with -loglik=1684.75492 and ht_min=[0.06955, 0.12782, 0.39235, 0.23757, 0.10721, 0.04777, 0.72944, 1.0e-5, 1.76169, 0.0, 0.17872, 0.17419, 0.10071, 0.0, 0.0]
PERFORMANCE: total number of moves (proposed, successful, accepted) in general, and to fix gamma=0.0,t=0.0 cases
	--------moves general--------				 --------moves gamma,t------	
move	 Num.Proposed	 Num.Successful	 Num.Accepted	 | Num.Proposed	 Num.Successful	 Num.Accepted
add		 2		 2		 1	 |	 NA 		 NA 		 NA 
mvorigin	 76		 76		 8	 |	 3		 3		 --
mvtarget	 65		 63		 0	 |	 4		 3		 --
chdir		 45		 35		 0	 |	 9		 9		 --
delete		 0		 0		 0	 |	 0		 0		 --
nni		 67		 56		 0	 |	 1		 1		 --
Total		 255		 232		 9	 |	 17		 16		 9
Proportion	 -- 		 1.0		 0.0	 |	 -- 		 1.0		 0.6
(Piptolepispabstii,Piptolepisrosmarinifolia,(Eremanthus_incanus,((((Lychnophorellaregis,Eremanthus_veadeiroensis_E2872)0.99:0.23757269696017458,(((Piptolepisoleaster,(Piptolepisbuxoides,(Piptolepispilosa,(Piptolepiscampestris)#H22:::0.8721796700082219)0.56:0.047770998924721926)0.68:0.10720573504170723)1:0.7294359029848915,(Eremanthus_elaeagnus_E2875,#H22:::0.12782032999177803):0.0)0.95:0.0)#H21:0.0::0.930450925111126)0.34:0.17871793586637502,Proteopisargentea):0.10071292286789402,(Eremanthus_reticulatus_E2876,#H21:7.975274117560577e-6::0.06954907488887398):1.7616874562899407)0.99:0.17418764185298152)0.68:0.3923484797592642)1;
---------------------
seed: 56862 for run 6, 2022-12-06 20:39:39.389

BEGIN SNaQ for run 6, seed 56862 and hmax 2
Begins heuristic optimization of network------

found best network, now we re-optimize branch lengths and gamma more precisely
STOPPED by number of failures criteria
END optTopLevel: found minimizer topology at step 85 (failures: 75) with -loglik=1496.43208 and ht_min=[0.22792, 0.06315, 0.22707, 0.10234, 1.04544, 0.07275, 0.65936, 0.71974, 0.06502, 0.18445, 0.06339, 0.14369, 0.39119, 0.05398]
PERFORMANCE: total number of moves (proposed, successful, accepted) in general, and to fix gamma=0.0,t=0.0 cases
	--------moves general--------				 --------moves gamma,t------	
move	 Num.Proposed	 Num.Successful	 Num.Accepted	 | Num.Proposed	 Num.Successful	 Num.Accepted
add		 1		 1		 1	 |	 NA 		 NA 		 NA 
mvorigin	 22		 22		 0	 |	 0		 0		 --
mvtarget	 29		 29		 0	 |	 0		 0		 --
chdir		 10		 10		 0	 |	 0		 0		 --
delete		 0		 0		 0	 |	 0		 0		 --
nni		 23		 17		 0	 |	 0		 0		 --
Total		 85		 79		 1	 |	 0		 0		 0
Proportion	 -- 		 1.0		 0.0	 |	 -- 		 0.0		 0.0
(Piptolepispilosa,(Piptolepiscampestris,(((Piptolepisoleaster,#H21:::0.22791726769068751):0.6593625410144351,((Lychnophorellaregis,Eremanthus_veadeiroensis_E2872)0.99:0.22707174690487025,(Eremanthus_elaeagnus_E2875,(Eremanthus_reticulatus_E2876,((Proteopisargentea)#H21:::0.7720827323093125,(Eremanthus_incanus,(Piptolepispabstii,Piptolepisrosmarinifolia)1:0.39118636613432334)0.68:0.14369038378430807)0.99:0.06338983095911423):0.18445443506236253)0.95:0.06501794958064239)0.34:0.7197425445840097)1:0.0)#H22:0.07275295294278376::0.9368490468087612)0.56:0.10234387729950244,(Piptolepisbuxoides,#H22:0.053977528500216886::0.06315095319123876):1.0454445130344938)0.68;
---------------------
seed: 37911 for run 7, 2022-12-06 21:4:12.048

BEGIN SNaQ for run 7, seed 37911 and hmax 2
Begins heuristic optimization of network------

found best network, now we re-optimize branch lengths and gamma more precisely
STOPPED by number of failures criteria
END optTopLevel: found minimizer topology at step 126 (failures: 75) with -loglik=1496.02434 and ht_min=[0.22815, 0.07271, 0.22673, 0.01105, 0.10233, 1.0439, 0.65353, 0.71933, 0.06498, 0.18487, 0.06254, 0.14403, 0.39127]
PERFORMANCE: total number of moves (proposed, successful, accepted) in general, and to fix gamma=0.0,t=0.0 cases
	--------moves general--------				 --------moves gamma,t------	
move	 Num.Proposed	 Num.Successful	 Num.Accepted	 | Num.Proposed	 Num.Successful	 Num.Accepted
add		 1		 1		 1	 |	 NA 		 NA 		 NA 
mvorigin	 41		 41		 0	 |	 0		 0		 --
mvtarget	 34		 34		 0	 |	 0		 0		 --
chdir		 20		 20		 1	 |	 0		 0		 --
delete		 0		 0		 0	 |	 0		 0		 --
nni		 30		 28		 0	 |	 0		 0		 --
Total		 126		 124		 2	 |	 0		 0		 0
Proportion	 -- 		 1.0		 0.0	 |	 -- 		 0.0		 0.0
(Piptolepispabstii,Piptolepisrosmarinifolia,(Eremanthus_incanus,(((((Lychnophorellaregis,Eremanthus_veadeiroensis_E2872)0.99:0.22672668689379655,((Piptolepisoleaster,#H21:::0.2281526491596853):0.653533878279366,((Piptolepiscampestris)#H22:::0.927291724328239,((Piptolepispilosa,#H22:::0.072708275671761)0.68:1.0438988400788902,Piptolepisbuxoides):0.10232886546254458)0.56:0.011053128173439578)1:0.7193265384065498)0.34:0.06498206625870946,Eremanthus_elaeagnus_E2875)0.95:0.18486652159660935,Eremanthus_reticulatus_E2876):0.06254474736709487,(Proteopisargentea)#H21:::0.7718473508403147)0.99:0.1440342063395277)0.68:0.3912716518845035)1;
---------------------
seed: 96883 for run 8, 2022-12-06 21:38:26.096

BEGIN SNaQ for run 8, seed 96883 and hmax 2 changed starting topology by NNI move

Begins heuristic optimization of network------

found best network, now we re-optimize branch lengths and gamma more precisely
STOPPED by number of failures criteria
END optTopLevel: found minimizer topology at step 123 (failures: 75) with -loglik=1493.28702 and ht_min=[0.22644, 0.28172, 0.13932, 0.22724, 0.06927, 0.04025, 0.6649, 0.71943, 0.06486, 0.18425, 0.06059, 0.0, 0.56537]
PERFORMANCE: total number of moves (proposed, successful, accepted) in general, and to fix gamma=0.0,t=0.0 cases
	--------moves general--------				 --------moves gamma,t------	
move	 Num.Proposed	 Num.Successful	 Num.Accepted	 | Num.Proposed	 Num.Successful	 Num.Accepted
add		 8		 5		 1	 |	 NA 		 NA 		 NA 
mvorigin	 26		 26		 0	 |	 0		 0		 --
mvtarget	 34		 34		 0	 |	 0		 0		 --
chdir		 19		 19		 1	 |	 0		 0		 --
delete		 0		 0		 0	 |	 0		 0		 --
nni		 36		 32		 1	 |	 1		 1		 --
Total		 123		 116		 3	 |	 1		 1		 1
Proportion	 -- 		 1.0		 0.0	 |	 -- 		 1.0		 1.0
(Piptolepispabstii,((((((Lychnophorellaregis,Eremanthus_veadeiroensis_E2872)0.99:0.22723679516013431,((Piptolepiscampestris,(Piptolepispilosa,Piptolepisbuxoides)0.68:0.06927335015524227)1:0.04025267925732405,(Piptolepisoleaster,#H21:::0.2264396171838568):0.6648993881419042)0.56:0.719433855144186)0.34:0.064860831370222,Eremanthus_elaeagnus_E2875)0.95:0.1842520399200361,Eremanthus_reticulatus_E2876):0.06058906999117311,(Proteopisargentea)#H21:::0.7735603828161433)0.99:0.0,(Eremanthus_incanus)#H24:::0.7182819662825447):0.5653748096273451,(Piptolepisrosmarinifolia,#H24:::0.2817180337174553):0.13932392206382438)1;
---------------------
seed: 83494 for run 9, 2022-12-06 22:11:32.201

BEGIN SNaQ for run 9, seed 83494 and hmax 2 changed starting topology by NNI move

 changed starting network by move origin
Begins heuristic optimization of network------

found best network, now we re-optimize branch lengths and gamma more precisely
STOPPED by number of failures criteria
END optTopLevel: found minimizer topology at step 94 (failures: 75) with -loglik=1493.28702 and ht_min=[0.22644, 0.28171, 0.56537, 0.22723, 0.06927, 0.04026, 0.66488, 0.71943, 0.06486, 0.18425, 0.06059, 0.0, 0.13936]
PERFORMANCE: total number of moves (proposed, successful, accepted) in general, and to fix gamma=0.0,t=0.0 cases
	--------moves general--------				 --------moves gamma,t------	
move	 Num.Proposed	 Num.Successful	 Num.Accepted	 | Num.Proposed	 Num.Successful	 Num.Accepted
add		 2		 1		 1	 |	 NA 		 NA 		 NA 
mvorigin	 26		 26		 1	 |	 0		 0		 --
mvtarget	 28		 28		 0	 |	 0		 0		 --
chdir		 12		 12		 0	 |	 0		 0		 --
delete		 0		 0		 0	 |	 0		 0		 --
nni		 26		 23		 0	 |	 2		 2		 --
Total		 94		 90		 2	 |	 2		 2		 2
Proportion	 -- 		 1.0		 0.0	 |	 -- 		 1.0		 1.0
(Piptolepispabstii,((((((Lychnophorellaregis,Eremanthus_veadeiroensis_E2872)0.99:0.227234781010292,(((Piptolepispilosa,Piptolepisbuxoides)0.68:0.06927026129154579,Piptolepiscampestris):0.04025711987435182,(Piptolepisoleaster,#H21:::0.2264410940893805):0.6648831153898326)1:0.719430874698214)0.34:0.06485889521603658,Eremanthus_elaeagnus_E2875)0.95:0.1842526495826683,Eremanthus_reticulatus_E2876):0.06058801755561541,(Proteopisargentea)#H21:::0.7735589059106195)0.99:0.0,(Eremanthus_incanus)#H24:::0.7182859730261357)0.68:0.5653744904310317,(Piptolepisrosmarinifolia,#H24:::0.28171402697386433):0.13936043528643652)1;
---------------------
seed: 68985 for run 10, 2022-12-06 22:45:2.481

BEGIN SNaQ for run 10, seed 68985 and hmax 2 changed starting topology by NNI move

Begins heuristic optimization of network------

found best network, now we re-optimize branch lengths and gamma more precisely
STOPPED by number of failures criteria
END optTopLevel: found minimizer topology at step 109 (failures: 75) with -loglik=1496.36676 and ht_min=[0.22805, 0.2271, 0.02065, 0.65804, 0.71937, 0.065, 0.18446, 0.06346, 0.14364, 0.39119, 0.08663, 0.03939]
PERFORMANCE: total number of moves (proposed, successful, accepted) in general, and to fix gamma=0.0,t=0.0 cases
	--------moves general--------				 --------moves gamma,t------	
move	 Num.Proposed	 Num.Successful	 Num.Accepted	 | Num.Proposed	 Num.Successful	 Num.Accepted
add		 1		 1		 1	 |	 NA 		 NA 		 NA 
mvorigin	 27		 27		 0	 |	 0		 0		 --
mvtarget	 28		 28		 0	 |	 0		 0		 --
chdir		 15		 15		 1	 |	 0		 0		 --
delete		 0		 0		 0	 |	 0		 0		 --
nni		 38		 27		 1	 |	 0		 0		 --
Total		 109		 98		 3	 |	 0		 0		 0
Proportion	 -- 		 1.0		 0.0	 |	 -- 		 0.0		 0.0
(Piptolepispabstii,Piptolepisrosmarinifolia,(Eremanthus_incanus,(((((Eremanthus_veadeiroensis_E2872,Lychnophorellaregis)0.34:0.22709767570468306,(((Piptolepisbuxoides,(Piptolepispilosa)#H22:::0.6874270364535534)0.68:0.1347059657830387,(Piptolepiscampestris,#H22:::0.3125729635464466):0.1347059657830387)0.56:0.020653157895344283,(Piptolepisoleaster,#H21:::0.22804860639952532):0.6580355374725709)1:0.7193688899317721)0.99:0.06499560125451864,Eremanthus_elaeagnus_E2875)0.95:0.1844594953569533,Eremanthus_reticulatus_E2876):0.06346149248835545,(Proteopisargentea)#H21:::0.7719513936004747)0.99:0.14363650541829)0.68:0.3911864455141454)1;
---------------------

2022-12-06 23:8:54.918
MaxNet is (Piptolepispabstii,Piptolepisrosmarinifolia,((Eremanthus_elaeagnus_E2875,((Eremanthus_veadeiroensis_E2872,Lychnophorellaregis)0.99:0.20433678412527156,(#H21:0.5230672233882122::0.42976194075122254,((Piptolepisoleaster,(Piptolepisbuxoides,(Piptolepispilosa,(Piptolepiscampestris)#H22:::0.785486835085115):0.05605794535541598)0.68:0.11437851521206892)1:0.40121676436619563,#H22:::0.21451316491488504)0.56:0.0)0.34:0.3610397492760132)0.95:0.09063688960054812):0.4076140622215229,(Eremanthus_incanus,((Eremanthus_reticulatus_E2876,Proteopisargentea):0.0)#H21:0.0::0.5702380592487775)0.99:0.03727905176315105)0.68:0.3783713500331697)1; 
with -loglik 1492.0364094152064
