optimization of topology, BL and inheritance probabilities using:
 hmax = 4,
 tolerance parameters: ftolRel=1.0e-6, ftolAbs=1.0e-6,
                       xtolAbs=0.001, xtolRel=0.01.
 max number of failed proposals = 75, liktolAbs = 1.0e-6.
rootname for files: net4
BEGIN: 10 runs on starting tree (Piptolepispabstii,Piptolepisrosmarinifolia,((Eremanthus_elaeagnus_E2875,((Eremanthus_veadeiroensis_E2872,Lychnophorellaregis)0.99:0.20449352151933742,(#H21:0.5210484068340565::0.4301215715198452,((Piptolepisoleaster,(Piptolepisbuxoides,(Piptolepispilosa,(Piptolepiscampestris)#H22:::0.785700151043657):0.05536194283847843)0.68:0.11431927773536044)1:0.40167299828085873,#H22:::0.21429984895634308)0.56:0.0)0.34:0.3606909975585938)0.95:0.0907524368824956):0.40767750246924134,(Eremanthus_incanus,((Eremanthus_reticulatus_E2876,Proteopisargentea):0.0)#H21:0.0::0.5698784284801548)0.99:0.037671160323804465)0.68:0.3782134661552311)1;

main seed 5678
seed: 5678 for run 1, 2022-12-07 13:9:25.575

BEGIN SNaQ for run 1, seed 5678 and hmax 4
Begins heuristic optimization of network------

found best network, now we re-optimize branch lengths and gamma more precisely
STOPPED by number of failures criteria
END optTopLevel: found minimizer topology at step 134 (failures: 75) with -loglik=1492.03538 and ht_min=[0.43016, 0.21427, 0.20449, 0.52076, 0.05536, 0.11433, 0.40167, 0.0, 0.36068, 0.09077, 0.40767, 0.0, 0.0, 0.03782, 0.37822]
PERFORMANCE: total number of moves (proposed, successful, accepted) in general, and to fix gamma=0.0,t=0.0 cases
	--------moves general--------				 --------moves gamma,t------	
move	 Num.Proposed	 Num.Successful	 Num.Accepted	 | Num.Proposed	 Num.Successful	 Num.Accepted
add		 51		 0		 0	 |	 NA 		 NA 		 NA 
mvorigin	 24		 24		 0	 |	 0		 0		 --
mvtarget	 18		 18		 0	 |	 0		 0		 --
chdir		 10		 10		 0	 |	 0		 0		 --
delete		 0		 0		 0	 |	 0		 0		 --
nni		 31		 23		 0	 |	 0		 0		 --
Total		 134		 75		 0	 |	 0		 0		 0
Proportion	 -- 		 1.0		 0.0	 |	 -- 		 0.0		 0.0
(Piptolepispabstii,Piptolepisrosmarinifolia,((Eremanthus_elaeagnus_E2875,((Eremanthus_veadeiroensis_E2872,Lychnophorellaregis)0.99:0.2044870219859112,(#H21:0.5207601246828022::0.4301585669992926,((Piptolepisoleaster,(Piptolepisbuxoides,(Piptolepispilosa,(Piptolepiscampestris)#H22:::0.7857331562873111):0.05536473328497749)0.68:0.11432944067760173)1:0.401669902523142,#H22:::0.21426684371268892)0.56:0.0)0.34:0.36067798780147836)0.95:0.09076955107439491):0.40767238796680466,(Eremanthus_incanus,((Eremanthus_reticulatus_E2876,Proteopisargentea):0.0)#H21:0.0::0.5698414330007073)0.99:0.03781743748954237)0.68:0.3782247119319038)1;
---------------------
seed: 86783 for run 2, 2022-12-07 13:24:13.65

BEGIN SNaQ for run 2, seed 86783 and hmax 4 changed starting topology by NNI move

Begins heuristic optimization of network------

found best network, now we re-optimize branch lengths and gamma more precisely
STOPPED by number of failures criteria
END optTopLevel: found minimizer topology at step 148 (failures: 75) with -loglik=1493.05958 and ht_min=[0.40563, 0.22137, 0.20482, 0.66115, 0.05451, 0.11405, 0.37734, 0.0, 0.3851, 0.09077, 0.0, 0.39451, 0.0, 0.0, 0.32598, 0.01723]
PERFORMANCE: total number of moves (proposed, successful, accepted) in general, and to fix gamma=0.0,t=0.0 cases
	--------moves general--------				 --------moves gamma,t------	
move	 Num.Proposed	 Num.Successful	 Num.Accepted	 | Num.Proposed	 Num.Successful	 Num.Accepted
add		 34		 1		 1	 |	 NA 		 NA 		 NA 
mvorigin	 29		 29		 1	 |	 1		 1		 --
mvtarget	 25		 25		 1	 |	 2		 2		 --
chdir		 25		 25		 1	 |	 3		 3		 --
delete		 0		 0		 0	 |	 0		 0		 --
nni		 35		 23		 0	 |	 1		 1		 --
Total		 148		 103		 4	 |	 7		 7		 4
Proportion	 -- 		 1.0		 0.0	 |	 -- 		 1.0		 0.6
(Piptolepispabstii,(((((#H21:0.6611488688343438::0.4056316525143272,((Piptolepisoleaster,(Piptolepisbuxoides,(Piptolepispilosa,(Piptolepiscampestris)#H22:::0.7786290150784064):0.054511437139002215)0.68:0.11405424782794524)1:0.3773353567695167,#H22:::0.22137098492159357)0.56:0.0)0.34:0.38509738164135215,(Eremanthus_veadeiroensis_E2872,Lychnophorellaregis)0.99:0.20482268153405656)0.95:0.09076723014287377,Eremanthus_elaeagnus_E2875):0.394513990475928,((Eremanthus_reticulatus_E2876,Proteopisargentea):0.0)#H21:0.0::0.5943683474856728)0.99:0.0,(Eremanthus_incanus,#H23:::0.05020913150691998):0.420389947690696)0.68:0.420389947690696,(Piptolepisrosmarinifolia)#H23:::0.94979086849308)1;
---------------------
seed: 40662 for run 3, 2022-12-07 13:43:43.721

BEGIN SNaQ for run 3, seed 40662 and hmax 4
Begins heuristic optimization of network------

found best network, now we re-optimize branch lengths and gamma more precisely
STOPPED by number of failures criteria
END optTopLevel: found minimizer topology at step 124 (failures: 75) with -loglik=1492.03538 and ht_min=[0.43016, 0.21427, 0.20449, 0.52076, 0.05536, 0.11433, 0.40167, 0.0, 0.36068, 0.09077, 0.40767, 0.0, 0.0, 0.03782, 0.37822]
PERFORMANCE: total number of moves (proposed, successful, accepted) in general, and to fix gamma=0.0,t=0.0 cases
	--------moves general--------				 --------moves gamma,t------	
move	 Num.Proposed	 Num.Successful	 Num.Accepted	 | Num.Proposed	 Num.Successful	 Num.Accepted
add		 47		 0		 0	 |	 NA 		 NA 		 NA 
mvorigin	 25		 25		 0	 |	 0		 0		 --
mvtarget	 22		 22		 0	 |	 0		 0		 --
chdir		 10		 10		 0	 |	 0		 0		 --
delete		 0		 0		 0	 |	 0		 0		 --
nni		 20		 18		 0	 |	 0		 0		 --
Total		 124		 75		 0	 |	 0		 0		 0
Proportion	 -- 		 1.0		 0.0	 |	 -- 		 0.0		 0.0
(Piptolepispabstii,Piptolepisrosmarinifolia,((Eremanthus_elaeagnus_E2875,((Eremanthus_veadeiroensis_E2872,Lychnophorellaregis)0.99:0.2044870219859112,(#H21:0.5207601246828022::0.4301585669992926,((Piptolepisoleaster,(Piptolepisbuxoides,(Piptolepispilosa,(Piptolepiscampestris)#H22:::0.7857331562873111):0.05536473328497749)0.68:0.11432944067760173)1:0.401669902523142,#H22:::0.21426684371268892)0.56:0.0)0.34:0.36067798780147836)0.95:0.09076955107439491):0.40767238796680466,(Eremanthus_incanus,((Eremanthus_reticulatus_E2876,Proteopisargentea):0.0)#H21:0.0::0.5698414330007073)0.99:0.03781743748954237)0.68:0.3782247119319038)1;
---------------------
seed: 22598 for run 4, 2022-12-07 13:58:40.871

BEGIN SNaQ for run 4, seed 22598 and hmax 4 changed starting topology by NNI move

 changed starting network by move target
Begins heuristic optimization of network------

found best network, now we re-optimize branch lengths and gamma more precisely
STOPPED by number of failures criteria
END optTopLevel: found minimizer topology at step 293 (failures: 75) with -loglik=1499.48489 and ht_min=[0.42263, 0.06702, 0.20366, 0.55538, 0.30458, 0.02852, 0.05809, 0.10564, 1.00176, 3.36123, 0.37428, 0.09133, 0.40547, 0.0, 0.0, 0.03376, 0.38031]
PERFORMANCE: total number of moves (proposed, successful, accepted) in general, and to fix gamma=0.0,t=0.0 cases
	--------moves general--------				 --------moves gamma,t------	
move	 Num.Proposed	 Num.Successful	 Num.Accepted	 | Num.Proposed	 Num.Successful	 Num.Accepted
add		 105		 0		 0	 |	 NA 		 NA 		 NA 
mvorigin	 48		 48		 4	 |	 1		 1		 --
mvtarget	 53		 53		 7	 |	 1		 1		 --
chdir		 31		 30		 2	 |	 2		 2		 --
delete		 0		 0		 0	 |	 0		 0		 --
nni		 56		 51		 2	 |	 1		 1		 --
Total		 293		 182		 15	 |	 5		 5		 3
Proportion	 -- 		 1.0		 0.1	 |	 -- 		 1.0		 0.6
(Piptolepispabstii,Piptolepisrosmarinifolia,((Eremanthus_elaeagnus_E2875,((Eremanthus_veadeiroensis_E2872,Lychnophorellaregis)0.95:0.20365945787196302,(#H21:0.5553750374753558::0.4226259612128568,((Piptolepiscampestris,((Piptolepisbuxoides,Piptolepispilosa)0.68:0.05809227693212519)#H22:0.028516493547931683::0.9329800648910452):0.10564477366502249,(Piptolepisoleaster,#H22:1.0017567652899928::0.06701993510895475)0.56:3.361230040587444)1:0.3045793802835754)0.34:0.3742799483586831)0.99:0.09133217065706459):0.40547318864526505,(Eremanthus_incanus,((Eremanthus_reticulatus_E2876,Proteopisargentea):0.0)#H21:0.0::0.5773740387871432)0.99:0.0337555552865545)0.68:0.38030771185358864)1;
---------------------
seed: 5236 for run 5, 2022-12-07 14:26:31.545

BEGIN SNaQ for run 5, seed 5236 and hmax 4
Begins heuristic optimization of network------

found best network, now we re-optimize branch lengths and gamma more precisely
STOPPED by number of failures criteria
END optTopLevel: found minimizer topology at step 131 (failures: 75) with -loglik=1492.03538 and ht_min=[0.43016, 0.21427, 0.20449, 0.52076, 0.05536, 0.11433, 0.40167, 0.0, 0.36068, 0.09077, 0.40767, 0.0, 0.0, 0.03782, 0.37822]
PERFORMANCE: total number of moves (proposed, successful, accepted) in general, and to fix gamma=0.0,t=0.0 cases
	--------moves general--------				 --------moves gamma,t------	
move	 Num.Proposed	 Num.Successful	 Num.Accepted	 | Num.Proposed	 Num.Successful	 Num.Accepted
add		 50		 0		 0	 |	 NA 		 NA 		 NA 
mvorigin	 24		 24		 0	 |	 0		 0		 --
mvtarget	 19		 19		 0	 |	 0		 0		 --
chdir		 10		 10		 0	 |	 0		 0		 --
delete		 0		 0		 0	 |	 0		 0		 --
nni		 28		 22		 0	 |	 0		 0		 --
Total		 131		 75		 0	 |	 0		 0		 0
Proportion	 -- 		 1.0		 0.0	 |	 -- 		 0.0		 0.0
(Piptolepispabstii,Piptolepisrosmarinifolia,((Eremanthus_elaeagnus_E2875,((Eremanthus_veadeiroensis_E2872,Lychnophorellaregis)0.99:0.2044870219859112,(#H21:0.5207601246828022::0.4301585669992926,((Piptolepisoleaster,(Piptolepisbuxoides,(Piptolepispilosa,(Piptolepiscampestris)#H22:::0.7857331562873111):0.05536473328497749)0.68:0.11432944067760173)1:0.401669902523142,#H22:::0.21426684371268892)0.56:0.0)0.34:0.36067798780147836)0.95:0.09076955107439491):0.40767238796680466,(Eremanthus_incanus,((Eremanthus_reticulatus_E2876,Proteopisargentea):0.0)#H21:0.0::0.5698414330007073)0.99:0.03781743748954237)0.68:0.3782247119319038)1;
---------------------
seed: 90886 for run 6, 2022-12-07 14:42:8.923

BEGIN SNaQ for run 6, seed 90886 and hmax 4 changed starting topology by NNI move

Begins heuristic optimization of network------

found best network, now we re-optimize branch lengths and gamma more precisely
STOPPED by number of failures criteria
END optTopLevel: found minimizer topology at step 313 (failures: 75) with -loglik=1493.16396 and ht_min=[0.388, 0.23357, 0.05292, 0.20402, 0.73628, 0.05765, 0.11552, 0.35825, 0.0, 0.40459, 0.08988, 0.37871, 0.0, 0.0, 0.0, 0.41258, 0.35317]
PERFORMANCE: total number of moves (proposed, successful, accepted) in general, and to fix gamma=0.0,t=0.0 cases
	--------moves general--------				 --------moves gamma,t------	
move	 Num.Proposed	 Num.Successful	 Num.Accepted	 | Num.Proposed	 Num.Successful	 Num.Accepted
add		 99		 1		 1	 |	 NA 		 NA 		 NA 
mvorigin	 54		 54		 1	 |	 0		 0		 --
mvtarget	 52		 52		 0	 |	 0		 0		 --
chdir		 41		 41		 2	 |	 0		 0		 --
delete		 0		 0		 0	 |	 0		 0		 --
nni		 67		 46		 3	 |	 2		 2		 --
Total		 313		 194		 7	 |	 2		 2		 2
Proportion	 -- 		 1.0		 0.0	 |	 -- 		 1.0		 1.0
(Piptolepispabstii,(((Eremanthus_elaeagnus_E2875,((Lychnophorellaregis,Eremanthus_veadeiroensis_E2872)0.95:0.20401968809383206,(#H21:0.7362755477197775::0.3879958415347257,(((Piptolepisbuxoides,(Piptolepispilosa,(Piptolepiscampestris)#H22:::0.7664278120772511):0.05765276845072318)1:0.11551576129665206,Piptolepisoleaster)0.68:0.35825442515741046,#H22:::0.2335721879227489)0.56:0.0)0.34:0.40458677605627114)0.99:0.08987652657086909):0.3787119938264726,((Eremanthus_reticulatus_E2876,Proteopisargentea):0.0)#H21:0.0::0.6120041584652742)0.99:0.0,(Eremanthus_incanus)#H23:::0.9470754897999716)0.68:0.412582616113925,(Piptolepisrosmarinifolia,#H23:::0.05292451020002842):0.35317120384795436)1;
---------------------
seed: 87303 for run 7, 2022-12-07 15:29:31.972

BEGIN SNaQ for run 7, seed 87303 and hmax 4 changed starting topology by NNI move

 changed starting network by move target
Begins heuristic optimization of network------

found best network, now we re-optimize branch lengths and gamma more precisely
STOPPED by number of failures criteria
END optTopLevel: found minimizer topology at step 128 (failures: 75) with -loglik=1504.9703 and ht_min=[0.38023, 0.20958, 0.03411, 0.41445, 0.20359, 0.79308, 0.13125, 0.05319, 0.30481, 5.44861, 0.5482, 0.42151, 0.09032, 0.37634, 0.0, 0.0, 0.00109, 1.98573]
PERFORMANCE: total number of moves (proposed, successful, accepted) in general, and to fix gamma=0.0,t=0.0 cases
	--------moves general--------				 --------moves gamma,t------	
move	 Num.Proposed	 Num.Successful	 Num.Accepted	 | Num.Proposed	 Num.Successful	 Num.Accepted
add		 24		 1		 1	 |	 NA 		 NA 		 NA 
mvorigin	 28		 28		 2	 |	 1		 1		 --
mvtarget	 26		 20		 1	 |	 1		 0		 --
chdir		 16		 11		 0	 |	 3		 3		 --
delete		 0		 0		 0	 |	 0		 0		 --
nni		 34		 20		 0	 |	 1		 1		 --
Total		 128		 80		 4	 |	 6		 5		 3
Proportion	 -- 		 1.0		 0.0	 |	 -- 		 1.0		 0.6
(Piptolepispilosa,(Piptolepisbuxoides,((Piptolepisoleaster,(#H21:0.7930765955426609::0.38022526986468475,((Eremanthus_veadeiroensis_E2872,Lychnophorellaregis)0.99:0.20359265677790678,(Eremanthus_elaeagnus_E2875,(((Eremanthus_reticulatus_E2876,Proteopisargentea):0.0)#H21:0.0::0.6197747301353153,((Piptolepispabstii,(Piptolepisrosmarinifolia,#H23:::0.03410852195191381):1.98573149182581)1:0.41444975799902345,(Eremanthus_incanus)#H23:::0.9658914780480862)0.68:0.001091939885864839)0.99:0.37634014464248094):0.09031659165513362)0.95:0.4215122198604426)0.34:0.3048138379003463)1:0.0)#H22:0.13125055977186903::0.7904189432734993)0.68:0.05319209793153902,(Piptolepiscampestris,#H22:5.448605280327115::0.2095810567265007)0.56:0.54820098907284);
---------------------
seed: 85658 for run 8, 2022-12-07 15:42:35.085

BEGIN SNaQ for run 8, seed 85658 and hmax 4 changed starting topology by NNI move

 changed starting network by move target
Begins heuristic optimization of network------

found best network, now we re-optimize branch lengths and gamma more precisely
STOPPED by number of failures criteria
END optTopLevel: found minimizer topology at step 152 (failures: 75) with -loglik=2121.74351 and ht_min=[0.07194, 0.30738, 0.0, 0.57925, 0.24675, 0.0, 0.06845, 0.1206, 0.26192, 0.0, 0.44512, 0.18638, 0.0, 0.0, 0.0, 0.15168, 0.13224, 0.03432]
PERFORMANCE: total number of moves (proposed, successful, accepted) in general, and to fix gamma=0.0,t=0.0 cases
	--------moves general--------				 --------moves gamma,t------	
move	 Num.Proposed	 Num.Successful	 Num.Accepted	 | Num.Proposed	 Num.Successful	 Num.Accepted
add		 12		 7		 2	 |	 NA 		 NA 		 NA 
mvorigin	 36		 36		 3	 |	 49		 49		 --
mvtarget	 36		 36		 0	 |	 49		 49		 --
chdir		 37		 36		 0	 |	 98		 98		 --
delete		 0		 0		 0	 |	 0		 0		 --
nni		 31		 19		 0	 |	 3		 3		 --
Total		 152		 134		 5	 |	 199		 199		 77
Proportion	 -- 		 1.0		 0.0	 |	 -- 		 1.0		 0.4
(((((Eremanthus_veadeiroensis_E2872,Lychnophorellaregis)0.99:0.24674791783585606,(#H21:6.315451929372513e-15::0.07194071911397616,((Piptolepisoleaster,(Piptolepisbuxoides,(Piptolepispilosa,(Piptolepiscampestris)#H22:::0.6926206135401914):0.06844877161872945)0.68:0.1206009170559031)1:0.2619203452497839,#H22:::0.30737938645980856)0.56:0.0)0.34:0.4451248265010465)0.95:0.18637769460274622,(((Eremanthus_incanus,(Eremanthus_reticulatus_E2876)#H23:::0.7939386561969017):0.182190972138094,(Proteopisargentea,#H23:::0.20606134380309818):0.182190972138094)0.99:0.0)#H21:0.0::0.9280592808860239):0.0,(Eremanthus_elaeagnus_E2875)#H25:::1.0)0.68:0.5792459339000794,Piptolepispabstii,(Piptolepisrosmarinifolia,#H25:::0.0):0.15167625653018488)1;
---------------------
seed: 66615 for run 9, 2022-12-07 16:5:2.212

BEGIN SNaQ for run 9, seed 66615 and hmax 4 changed starting topology by NNI move

 changed starting network by move origin
Begins heuristic optimization of network------

found best network, now we re-optimize branch lengths and gamma more precisely
STOPPED by number of failures criteria
END optTopLevel: found minimizer topology at step 364 (failures: 75) with -loglik=1560.08312 and ht_min=[0.00376, 0.16917, 0.20254, 0.12244, 0.47381, 0.06284, 0.10477, 0.55109, 0.21848, 0.07243, 0.15547, 0.00889, 0.07029, 0.22482, 0.0, 0.38582, 1.49199, 0.01055, 2.85175, 0.0292, 4.75415]
PERFORMANCE: total number of moves (proposed, successful, accepted) in general, and to fix gamma=0.0,t=0.0 cases
	--------moves general--------				 --------moves gamma,t------	
move	 Num.Proposed	 Num.Successful	 Num.Accepted	 | Num.Proposed	 Num.Successful	 Num.Accepted
add		 56		 2		 2	 |	 NA 		 NA 		 NA 
mvorigin	 74		 74		 12	 |	 1		 1		 --
mvtarget	 89		 87		 1	 |	 2		 2		 --
chdir		 78		 70		 6	 |	 3		 3		 --
delete		 0		 0		 0	 |	 0		 0		 --
nni		 67		 36		 0	 |	 16		 16		 --
Total		 364		 269		 21	 |	 22		 22		 12
Proportion	 -- 		 1.0		 0.1	 |	 -- 		 1.0		 0.5
(Eremanthus_veadeiroensis_E2872,(Lychnophorellaregis,((((Proteopisargentea,((((Piptolepispabstii,Piptolepisrosmarinifolia)1:0.3858232586543165,(Eremanthus_incanus)#H21:::0.9962422804233704)0.68:0.21847695798033423,(#H21:::0.003757719576629623,Eremanthus_reticulatus_E2876):0.15546669659280568)0.34:0.07028732693050808)#H25:0.02920347341222736::0.8775602373351895):0.22481664918268746,(Eremanthus_elaeagnus_E2875,#H25:4.754153589831729::0.12243976266481053):2.8517539232131153)0.99:0.0)#H23:0.07242842203267613::0.7974624432615556,((Piptolepisoleaster,(Piptolepisbuxoides,(Piptolepispilosa,(Piptolepiscampestris)#H22:::0.8308258887677857):0.06283552045802959)0.68:0.10477314669392987)1:0.5510852515380873,#H22:::0.1691741112322142)0.56:0.0088895377142838)0.95:0.47381000391947803):1.4919867074968247,#H23:0.010553508756848679::0.20253755673844437)0.99;
---------------------
seed: 60239 for run 10, 2022-12-07 16:35:52.123

BEGIN SNaQ for run 10, seed 60239 and hmax 4 changed starting topology by NNI move

 changed starting network by move origin
Begins heuristic optimization of network------

found best network, now we re-optimize branch lengths and gamma more precisely
STOPPED by number of failures criteria
END optTopLevel: found minimizer topology at step 214 (failures: 75) with -loglik=1633.48193 and ht_min=[0.4735, 0.13275, 0.10589, 0.68585, 0.25483, 0.0, 0.04917, 0.11027, 0.12956, 0.7122, 0.00135, 0.34086, 0.02592, 0.05797, 0.0599]
PERFORMANCE: total number of moves (proposed, successful, accepted) in general, and to fix gamma=0.0,t=0.0 cases
	--------moves general--------				 --------moves gamma,t------	
move	 Num.Proposed	 Num.Successful	 Num.Accepted	 | Num.Proposed	 Num.Successful	 Num.Accepted
add		 43		 3		 1	 |	 NA 		 NA 		 NA 
mvorigin	 41		 41		 6	 |	 0		 0		 --
mvtarget	 43		 43		 0	 |	 0		 0		 --
chdir		 35		 28		 2	 |	 0		 0		 --
delete		 0		 0		 0	 |	 0		 0		 --
nni		 52		 41		 2	 |	 3		 3		 --
Total		 214		 156		 11	 |	 3		 3		 3
Proportion	 -- 		 1.0		 0.1	 |	 -- 		 1.0		 1.0
(((((Eremanthus_incanus)#H21:::0.5264989117041861,Eremanthus_reticulatus_E2876)0.99:0.34086121490656207,((Piptolepisoleaster,(Piptolepisbuxoides,(Piptolepispilosa,(Piptolepiscampestris)#H22:::0.867246635879882):0.04917120261816962)0.68:0.1102746632602108)1:0.7122046900171961,(#H22:::0.1327533641201179,((Eremanthus_elaeagnus_E2875,(Lychnophorellaregis,(Eremanthus_veadeiroensis_E2872)#H23:::0.8941079369535061):0.25483012312684755)0.99:0.05990118617051678,#H23:::0.10589206304649385):0.0)0.56:0.0013545801773541203)0.95:0.1295563260208913)0.34:0.02592295075275426,Proteopisargentea):0.6858468183283155,Piptolepispabstii,(#H21:::0.47350108829581394,Piptolepisrosmarinifolia)0.68:0.05796882759543792)1;
---------------------

2022-12-07 16:59:8.001
MaxNet is (Piptolepispabstii,Piptolepisrosmarinifolia,((Eremanthus_elaeagnus_E2875,((Eremanthus_veadeiroensis_E2872,Lychnophorellaregis)0.99:0.2044870219859112,(#H21:0.5207601246828022::0.4301585669992926,((Piptolepisoleaster,(Piptolepisbuxoides,(Piptolepispilosa,(Piptolepiscampestris)#H22:::0.7857331562873111):0.05536473328497749)0.68:0.11432944067760173)1:0.401669902523142,#H22:::0.21426684371268892)0.56:0.0)0.34:0.36067798780147836)0.95:0.09076955107439491):0.40767238796680466,(Eremanthus_incanus,((Eremanthus_reticulatus_E2876,Proteopisargentea):0.0)#H21:0.0::0.5698414330007073)0.99:0.03781743748954237)0.68:0.3782247119319038)1; 
with -loglik 1492.0353777418322
