optimization of topology, BL and inheritance probabilities using:
 hmax = 6,
 tolerance parameters: ftolRel=1.0e-6, ftolAbs=1.0e-6,
                       xtolAbs=0.001, xtolRel=0.01.
 max number of failed proposals = 75, liktolAbs = 1.0e-6.
rootname for files: net6
BEGIN: 10 runs on starting tree (Piptolepispabstii,Piptolepisrosmarinifolia,((Eremanthus_elaeagnus_E2875,((Eremanthus_veadeiroensis_E2872,Lychnophorellaregis)0.99:0.20449046934104845,(#H21:0.5207143321299057::0.43016877781691565,((Piptolepisoleaster,(Piptolepisbuxoides,(Piptolepispilosa,(Piptolepiscampestris)#H22:::0.7857503375472724):0.0553560289016464)0.68:0.11434010474694943)1:0.40167796850133797,#H22:::0.2142496624527276)0.56:0.0)0.34:0.36066305876689014)0.95:0.09077140098765006):0.407673899160176,(Eremanthus_incanus,((Eremanthus_reticulatus_E2876,Proteopisargentea):0.0)#H21:0.0::0.5698312221830844)0.99:0.037832068798417544)0.68:0.37821563267056585)1;

main seed 7891
seed: 7891 for run 1, 2023-01-24 10:16:42.55

BEGIN SNaQ for run 1, seed 7891 and hmax 6 changed starting topology by NNI move

 changed starting network by move origin
Begins heuristic optimization of network------

found best network, now we re-optimize branch lengths and gamma more precisely
STOPPED by number of failures criteria
END optTopLevel: found minimizer topology at step 442 (failures: 75) with -loglik=1621.73549 and ht_min=[0.22685, 0.38347, 0.49118, 0.408, 0.73696, 0.14483, 0.11996, 0.0, 0.29713, 0.05778, 0.0, 0.22136, 0.77407, 0.38598, 0.0, 0.0, 5.0e-5, 0.20257, 9.0e-5]
PERFORMANCE: total number of moves (proposed, successful, accepted) in general, and to fix gamma=0.0,t=0.0 cases
	--------moves general--------				 --------moves gamma,t------	
move	 Num.Proposed	 Num.Successful	 Num.Accepted	 | Num.Proposed	 Num.Successful	 Num.Accepted
add		 192		 2		 2	 |	 NA 		 NA 		 NA 
mvorigin	 58		 58		 7	 |	 0		 0		 --
mvtarget	 69		 69		 1	 |	 0		 0		 --
chdir		 58		 58		 0	 |	 0		 0		 --
delete		 0		 0		 0	 |	 0		 0		 --
nni		 65		 16		 0	 |	 3		 3		 --
Total		 442		 203		 10	 |	 3		 3		 3
Proportion	 -- 		 1.0		 0.0	 |	 -- 		 1.0		 1.0
(Piptolepisrosmarinifolia,(Eremanthus_incanus,(((Eremanthus_elaeagnus_E2875,(((Eremanthus_reticulatus_E2876,Proteopisargentea):0.0)#H21:0.14482719328905028::0.616527377124771,((Eremanthus_veadeiroensis_E2872,(Lychnophorellaregis)#H23:::0.508822455449709)0.99:0.7369617286098883,(((Piptolepisoleaster,((Piptolepiscampestris)#H22:::0.773145035112133,(Piptolepisbuxoides,Piptolepispilosa)0.68:9.210034576822062e-7):0.1199604575729996)1:0.29712680436672856,#H22:::0.22685496488786705)0.56:0.2025653664164358,#H23:::0.49117754455029095):0.22136441376820787)0.95:0.0)0.34:0.05778192472844013)0.68:0.3859773578646415,#H21:0.0::0.383472622875229)0.99:5.364615648687393e-5,#H25:::0.4080005685590605):8.749661444477395e-5):0.774066308489255,(Piptolepispabstii)#H25:::0.5919994314409396)1;
---------------------
seed: 19989 for run 2, 2023-01-24 10:35:16.687

BEGIN SNaQ for run 2, seed 19989 and hmax 6 changed starting topology by NNI move

 changed starting network by move origin
Begins heuristic optimization of network------

found best network, now we re-optimize branch lengths and gamma more precisely
STOPPED by number of failures criteria
END optTopLevel: found minimizer topology at step 322 (failures: 75) with -loglik=1504.6519 and ht_min=[0.42324, 0.20387, 0.55288, 0.35014, 0.04048, 0.37289, 0.09097, 0.40577, 0.0, 0.0, 0.03423, 0.37981, 0.08358, 0.03718]
PERFORMANCE: total number of moves (proposed, successful, accepted) in general, and to fix gamma=0.0,t=0.0 cases
	--------moves general--------				 --------moves gamma,t------	
move	 Num.Proposed	 Num.Successful	 Num.Accepted	 | Num.Proposed	 Num.Successful	 Num.Accepted
add		 168		 1		 1	 |	 NA 		 NA 		 NA 
mvorigin	 55		 55		 1	 |	 0		 0		 --
mvtarget	 33		 33		 3	 |	 0		 0		 --
chdir		 26		 26		 3	 |	 0		 0		 --
delete		 0		 0		 0	 |	 0		 0		 --
nni		 40		 30		 1	 |	 5		 5		 --
Total		 322		 145		 9	 |	 5		 5		 3
Proportion	 -- 		 1.0		 0.1	 |	 -- 		 1.0		 0.6
(Piptolepispabstii,Piptolepisrosmarinifolia,((Eremanthus_elaeagnus_E2875,((Eremanthus_veadeiroensis_E2872,Lychnophorellaregis)0.99:0.20386616872605196,(#H21:0.5528787627506455::0.4232408478338382,(((Piptolepisbuxoides,(Piptolepispilosa)#H23:::0.6920929717987019)1:0.1286944346225926,(Piptolepiscampestris,#H23:::0.30790702820129817):0.1286944346225926):0.04047908683753521,Piptolepisoleaster)0.56:0.35013715851062877)0.34:0.3728946815409634)0.95:0.09096623291661719):0.4057660697282931,(Eremanthus_incanus,((Eremanthus_reticulatus_E2876,Proteopisargentea):0.0)#H21:0.0::0.5767591521661618)0.99:0.03422911077975462)0.68:0.3798079603642483)1;
---------------------
seed: 37124 for run 3, 2023-01-24 11:1:7.139

BEGIN SNaQ for run 3, seed 37124 and hmax 6 changed starting topology by NNI move

 changed starting network by move origin
Begins heuristic optimization of network------

found best network, now we re-optimize branch lengths and gamma more precisely
STOPPED by number of failures criteria
END optTopLevel: found minimizer topology at step 339 (failures: 75) with -loglik=1496.09019 and ht_min=[0.43251, 0.07554, 0.20488, 0.40915, 0.45423, 0.03795, 0.0284, 0.11531, 0.0014, 5.61926, 0.35419, 0.09025, 0.40692, 0.00646, 0.0, 0.0298, 0.37642]
PERFORMANCE: total number of moves (proposed, successful, accepted) in general, and to fix gamma=0.0,t=0.0 cases
	--------moves general--------				 --------moves gamma,t------	
move	 Num.Proposed	 Num.Successful	 Num.Accepted	 | Num.Proposed	 Num.Successful	 Num.Accepted
add		 174		 0		 0	 |	 NA 		 NA 		 NA 
mvorigin	 43		 43		 0	 |	 0		 0		 --
mvtarget	 50		 50		 1	 |	 0		 0		 --
chdir		 33		 23		 1	 |	 0		 0		 --
delete		 0		 0		 0	 |	 0		 0		 --
nni		 39		 33		 4	 |	 4		 4		 --
Total		 339		 149		 6	 |	 4		 4		 2
Proportion	 -- 		 1.0		 0.0	 |	 -- 		 1.0		 0.5
((Piptolepispilosa,(Piptolepiscampestris,#H22:0.001397098175668865::0.07553793581577241)0.56:5.619260978036795)0.68:0.02840125888156259,(Piptolepisoleaster,((#H21:0.40915351371169145::0.4325111931494143,((Eremanthus_veadeiroensis_E2872,Lychnophorellaregis)0.99:0.20488399286308145,(Eremanthus_elaeagnus_E2875,((Eremanthus_incanus,((Eremanthus_reticulatus_E2876,Proteopisargentea):0.00645893793806324)#H21:0.0::0.5674888068505857)0.99:0.029800468055090554,(Piptolepispabstii,Piptolepisrosmarinifolia)1:0.37642001484824844)0.68:0.40691683112352667):0.0902511935579597)0.95:0.3541949408849005)0.34:0.03794727514011422)#H22:0.4542260495966626::0.9244620641842276)1:0.11530581208725219,Piptolepisbuxoides);
---------------------
seed: 78777 for run 4, 2023-01-24 11:33:4.199

BEGIN SNaQ for run 4, seed 78777 and hmax 6 changed starting topology by NNI move

 changed starting network by move origin
Begins heuristic optimization of network------

found best network, now we re-optimize branch lengths and gamma more precisely
STOPPED by number of failures criteria
END optTopLevel: found minimizer topology at step 267 (failures: 75) with -loglik=1777.40062 and ht_min=[0.12484, 0.4451, 0.67789, 0.80315, 0.23952, 0.04341, 0.10884, 0.0, 0.06356, 0.08138, 0.40953, 0.0, 0.00577, 0.05831, 0.36898]
PERFORMANCE: total number of moves (proposed, successful, accepted) in general, and to fix gamma=0.0,t=0.0 cases
	--------moves general--------				 --------moves gamma,t------	
move	 Num.Proposed	 Num.Successful	 Num.Accepted	 | Num.Proposed	 Num.Successful	 Num.Accepted
add		 124		 0		 0	 |	 NA 		 NA 		 NA 
mvorigin	 43		 43		 5	 |	 0		 0		 --
mvtarget	 40		 40		 0	 |	 0		 0		 --
chdir		 28		 28		 0	 |	 0		 0		 --
delete		 0		 0		 0	 |	 0		 0		 --
nni		 32		 24		 1	 |	 2		 2		 --
Total		 267		 135		 6	 |	 2		 2		 2
Proportion	 -- 		 1.0		 0.0	 |	 -- 		 1.0		 1.0
(Piptolepispabstii,Piptolepisrosmarinifolia,((Eremanthus_elaeagnus_E2875,(Eremanthus_veadeiroensis_E2872,(((Eremanthus_reticulatus_E2876,Proteopisargentea):0.0)#H21:0.23951597985034465::0.5548958058175769,((Piptolepisoleaster,(Piptolepisbuxoides,(Piptolepispilosa,(Piptolepiscampestris)#H22:::0.8751616590110936):0.043411259124981956)0.68:0.10883833011107212)1:0.6778852128247456,(Lychnophorellaregis,#H22:::0.12483834098890641)0.56:0.8031543861231101)0.99:0.0)0.34:0.06355809337917079)0.95:0.08137505767927744):0.4095322085442214,(Eremanthus_incanus,#H21:0.00576791521427021::0.4451041941824231)0.99:0.05831409447499399)0.68:0.3689770298083599)1;
---------------------
seed: 74371 for run 5, 2023-01-24 12:0:54.702

BEGIN SNaQ for run 5, seed 74371 and hmax 6 changed starting topology by NNI move

 changed starting network by move target
Begins heuristic optimization of network------

found best network, now we re-optimize branch lengths and gamma more precisely
STOPPED by number of failures criteria
END optTopLevel: found minimizer topology at step 1095 (failures: 75) with -loglik=1817.73895 and ht_min=[0.42961, 0.03024, 0.40082, 0.39518, 0.23703, 5.8388, 0.0, 5.95439, 0.09615, 0.05723, 0.03811, 0.31183, 0.0, 0.18686, 2.66178, 0.0, 0.11561, 2.4367, 0.02555, 0.0]
PERFORMANCE: total number of moves (proposed, successful, accepted) in general, and to fix gamma=0.0,t=0.0 cases
	--------moves general--------				 --------moves gamma,t------	
move	 Num.Proposed	 Num.Successful	 Num.Accepted	 | Num.Proposed	 Num.Successful	 Num.Accepted
add		 489		 2		 1	 |	 NA 		 NA 		 NA 
mvorigin	 158		 158		 30	 |	 3		 3		 --
mvtarget	 162		 150		 8	 |	 2		 2		 --
chdir		 148		 107		 11	 |	 6		 4		 --
delete		 0		 0		 0	 |	 0		 0		 --
nni		 138		 89		 2	 |	 5		 5		 --
Total		 1095		 506		 52	 |	 16		 14		 11
Proportion	 -- 		 1.0		 0.1	 |	 -- 		 1.0		 0.8
(Piptolepispabstii,(Eremanthus_elaeagnus_E2875,((#H21:0.23702541402830982::0.42961184667595564,(((Proteopisargentea,(((Eremanthus_veadeiroensis_E2872,Lychnophorellaregis)0.99:0.0)#H21:2.6617809988065915::0.5703881533240444,((Piptolepiscampestris,((Piptolepisbuxoides,Piptolepispilosa)0.68:0.05723285171063252)#H22:0.0::0.9697620807663003)1:0.09615273507888762,(Piptolepisoleaster,#H22:5.95439254702212::0.030237919233699728):5.838800653383079)0.56:0.3951825260182856)0.95:0.3118322746320176)0.68:0.11561251659115271,Eremanthus_reticulatus_E2876)0.99:0.18686406094519328,Eremanthus_incanus):0.038108091226078604)0.34:0.0)#H23:1.5305744866104932e-9::0.5991762646724184):2.4367014677370507,(Piptolepisrosmarinifolia,#H23:0.0::0.40082373532758164):0.025548554321289406)1;
---------------------
seed: 3682 for run 6, 2023-01-24 12:42:26.742

BEGIN SNaQ for run 6, seed 3682 and hmax 6 changed starting topology by NNI move

 changed starting network by move origin
Begins heuristic optimization of network------

found best network, now we re-optimize branch lengths and gamma more precisely
STOPPED by number of failures criteria
END optTopLevel: found minimizer topology at step 277 (failures: 75) with -loglik=1492.07945 and ht_min=[0.43338, 0.21245, 0.20478, 0.48174, 0.055, 0.11471, 0.40659, 0.0, 0.35524, 0.09014, 0.40909, 0.0, 0.0, 0.04013, 0.37747]
PERFORMANCE: total number of moves (proposed, successful, accepted) in general, and to fix gamma=0.0,t=0.0 cases
	--------moves general--------				 --------moves gamma,t------	
move	 Num.Proposed	 Num.Successful	 Num.Accepted	 | Num.Proposed	 Num.Successful	 Num.Accepted
add		 139		 0		 0	 |	 NA 		 NA 		 NA 
mvorigin	 48		 48		 5	 |	 0		 0		 --
mvtarget	 31		 31		 0	 |	 0		 0		 --
chdir		 22		 22		 0	 |	 0		 0		 --
delete		 0		 0		 0	 |	 0		 0		 --
nni		 37		 29		 1	 |	 2		 2		 --
Total		 277		 130		 6	 |	 2		 2		 2
Proportion	 -- 		 1.0		 0.0	 |	 -- 		 1.0		 1.0
((Piptolepisrosmarinifolia,Piptolepispabstii)0.68:0.37747418488312656,(Eremanthus_elaeagnus_E2875,((Eremanthus_veadeiroensis_E2872,Lychnophorellaregis)0.99:0.20478299551840812,(#H21:0.4817386089211871::0.4333798287650548,((Piptolepisoleaster,(Piptolepisbuxoides,(Piptolepispilosa,(Piptolepiscampestris)#H22:::0.7875549202388563):0.05499508896907078)0.68:0.11471242096089648)1:0.40658801638056535,#H22:::0.2124450797611437)0.56:0.0)0.34:0.3552376625812161)0.95:0.09013618872971248):0.4090877683724462,(Eremanthus_incanus,((Eremanthus_reticulatus_E2876,Proteopisargentea):0.0)#H21:0.0::0.5666201712349452)0.99:0.040132242468801226)1;
---------------------
seed: 25900 for run 7, 2023-01-24 13:8:36.652

BEGIN SNaQ for run 7, seed 25900 and hmax 6 changed starting topology by NNI move

 changed starting network by move target
Begins heuristic optimization of network------

found best network, now we re-optimize branch lengths and gamma more precisely
STOPPED by number of failures criteria
END optTopLevel: found minimizer topology at step 183 (failures: 75) with -loglik=1550.81352 and ht_min=[0.44567, 0.08067, 0.0, 0.21327, 0.57483, 0.49809, 0.02158, 0.02156, 0.09214, 0.42808, 0.0, 0.0, 0.34203, 0.00039, 0.45827, 0.0, 0.0, 0.03691, 0.37109]
PERFORMANCE: total number of moves (proposed, successful, accepted) in general, and to fix gamma=0.0,t=0.0 cases
	--------moves general--------				 --------moves gamma,t------	
move	 Num.Proposed	 Num.Successful	 Num.Accepted	 | Num.Proposed	 Num.Successful	 Num.Accepted
add		 99		 1		 1	 |	 NA 		 NA 		 NA 
mvorigin	 20		 20		 0	 |	 73		 73		 --
mvtarget	 22		 22		 0	 |	 72		 72		 --
chdir		 17		 17		 0	 |	 145		 145		 --
delete		 0		 0		 0	 |	 0		 0		 --
nni		 25		 16		 0	 |	 0		 0		 --
Total		 183		 76		 1	 |	 290		 290		 75
Proportion	 -- 		 1.0		 0.0	 |	 -- 		 1.0		 0.3
(Piptolepispabstii,Piptolepisrosmarinifolia,(((#H21:0.49809331469773477::0.445665943887252,((Piptolepisoleaster,(Piptolepisbuxoides,((Piptolepispilosa,Piptolepiscampestris):0.02156133113165142)#H22:0.021582274966295154::0.9193270077735018)0.68:0.09213557846626055)1:0.4280755683547066,#H22:8.563433080105196e-13::0.08067299222649814)0.56:0.0)0.34:0.34203084875154255,((Eremanthus_elaeagnus_E2875)#H23:::1.0,(Eremanthus_veadeiroensis_E2872,(Lychnophorellaregis,#H23:::0.0):0.574833423015433)0.99:0.21327341838153516):0.0003931986467864308)0.95:0.4582679896207696,(Eremanthus_incanus,((Eremanthus_reticulatus_E2876,Proteopisargentea):0.0)#H21:0.0::0.554334056112748)0.99:0.03690947627121891)0.68:0.3710873398163622)1;
---------------------
seed: 29034 for run 8, 2023-01-24 13:33:40.696

BEGIN SNaQ for run 8, seed 29034 and hmax 6
Begins heuristic optimization of network------

found best network, now we re-optimize branch lengths and gamma more precisely
STOPPED by number of failures criteria
END optTopLevel: found minimizer topology at step 170 (failures: 75) with -loglik=1492.03538 and ht_min=[0.43018, 0.21424, 0.20449, 0.52064, 0.05536, 0.11433, 0.40169, 0.0, 0.36065, 0.09077, 0.40767, 0.0, 0.0, 0.03783, 0.37821]
PERFORMANCE: total number of moves (proposed, successful, accepted) in general, and to fix gamma=0.0,t=0.0 cases
	--------moves general--------				 --------moves gamma,t------	
move	 Num.Proposed	 Num.Successful	 Num.Accepted	 | Num.Proposed	 Num.Successful	 Num.Accepted
add		 92		 0		 0	 |	 NA 		 NA 		 NA 
mvorigin	 19		 19		 0	 |	 0		 0		 --
mvtarget	 29		 29		 0	 |	 0		 0		 --
chdir		 10		 10		 0	 |	 0		 0		 --
delete		 0		 0		 0	 |	 0		 0		 --
nni		 20		 17		 0	 |	 0		 0		 --
Total		 170		 75		 0	 |	 0		 0		 0
Proportion	 -- 		 1.0		 0.0	 |	 -- 		 0.0		 0.0
(Piptolepispabstii,Piptolepisrosmarinifolia,((Eremanthus_elaeagnus_E2875,((Eremanthus_veadeiroensis_E2872,Lychnophorellaregis)0.99:0.20449067544345484,(#H21:0.5206405802703592::0.4301754530472859,((Piptolepisoleaster,(Piptolepisbuxoides,(Piptolepispilosa,(Piptolepiscampestris)#H22:::0.7857615260955881):0.055355790193705096)0.68:0.11433349788566992)1:0.40169247684266207,#H22:::0.2142384739044118)0.56:0.0)0.34:0.3606463534292594)0.95:0.09076990797231836):0.4076745582116455,(Eremanthus_incanus,((Eremanthus_reticulatus_E2876,Proteopisargentea):0.0)#H21:0.0::0.5698245469527141)0.99:0.037829335754133005)0.68:0.378213645620549)1;
---------------------
seed: 49861 for run 9, 2023-01-24 13:49:0.306

BEGIN SNaQ for run 9, seed 49861 and hmax 6 changed starting topology by NNI move

 changed starting network by move origin
Begins heuristic optimization of network------

found best network, now we re-optimize branch lengths and gamma more precisely
STOPPED by number of failures criteria
END optTopLevel: found minimizer topology at step 339 (failures: 75) with -loglik=1495.24191 and ht_min=[0.42169, 0.40034, 0.20375, 0.54216, 0.16868, 0.20463, 0.12267, 0.09215, 0.37643, 0.09005, 0.40635, 0.0, 0.0, 0.03327, 0.3795]
PERFORMANCE: total number of moves (proposed, successful, accepted) in general, and to fix gamma=0.0,t=0.0 cases
	--------moves general--------				 --------moves gamma,t------	
move	 Num.Proposed	 Num.Successful	 Num.Accepted	 | Num.Proposed	 Num.Successful	 Num.Accepted
add		 188		 0		 0	 |	 NA 		 NA 		 NA 
mvorigin	 44		 44		 4	 |	 0		 0		 --
mvtarget	 42		 42		 2	 |	 0		 0		 --
chdir		 26		 24		 3	 |	 0		 0		 --
delete		 0		 0		 0	 |	 0		 0		 --
nni		 39		 32		 0	 |	 1		 1		 --
Total		 339		 142		 9	 |	 1		 1		 1
Proportion	 -- 		 1.0		 0.1	 |	 -- 		 1.0		 1.0
(Piptolepispabstii,Piptolepisrosmarinifolia,((((Eremanthus_veadeiroensis_E2872,Lychnophorellaregis)0.99:0.20375215024922416,(#H21:0.5421614875353307::0.4216859957856749,((Piptolepisoleaster,(Piptolepisbuxoides,(Piptolepispilosa,(Piptolepiscampestris)#H22:::0.5996606738934156)0.68:0.09214911085408029)0.56:0.122673846537746)1:0.1686775308920547,#H22:::0.40033932610658446):0.20463358475619964)0.34:0.3764312452599358):0.0900492819392165,Eremanthus_elaeagnus_E2875)0.95:0.4063539938051113,(Eremanthus_incanus,((Eremanthus_reticulatus_E2876,Proteopisargentea):0.0)#H21:0.0::0.5783140042143251)0.99:0.03326804265822413)0.68:0.37950463474124085)1;
---------------------
seed: 6955 for run 10, 2023-01-24 14:9:59.164

BEGIN SNaQ for run 10, seed 6955 and hmax 6
Begins heuristic optimization of network------

found best network, now we re-optimize branch lengths and gamma more precisely
STOPPED by number of failures criteria
END optTopLevel: found minimizer topology at step 214 (failures: 75) with -loglik=1492.03538 and ht_min=[0.43018, 0.21424, 0.20449, 0.52064, 0.05536, 0.11433, 0.40169, 0.0, 0.36065, 0.09077, 0.40767, 0.0, 0.0, 0.03783, 0.37821]
PERFORMANCE: total number of moves (proposed, successful, accepted) in general, and to fix gamma=0.0,t=0.0 cases
	--------moves general--------				 --------moves gamma,t------	
move	 Num.Proposed	 Num.Successful	 Num.Accepted	 | Num.Proposed	 Num.Successful	 Num.Accepted
add		 128		 0		 0	 |	 NA 		 NA 		 NA 
mvorigin	 23		 23		 0	 |	 0		 0		 --
mvtarget	 20		 20		 0	 |	 0		 0		 --
chdir		 10		 10		 0	 |	 0		 0		 --
delete		 0		 0		 0	 |	 0		 0		 --
nni		 33		 22		 0	 |	 0		 0		 --
Total		 214		 75		 0	 |	 0		 0		 0
Proportion	 -- 		 1.0		 0.0	 |	 -- 		 0.0		 0.0
(Piptolepispabstii,Piptolepisrosmarinifolia,((Eremanthus_elaeagnus_E2875,((Eremanthus_veadeiroensis_E2872,Lychnophorellaregis)0.99:0.20449067544345484,(#H21:0.5206405802703592::0.4301754530472859,((Piptolepisoleaster,(Piptolepisbuxoides,(Piptolepispilosa,(Piptolepiscampestris)#H22:::0.7857615260955881):0.055355790193705096)0.68:0.11433349788566992)1:0.40169247684266207,#H22:::0.2142384739044118)0.56:0.0)0.34:0.3606463534292594)0.95:0.09076990797231836):0.4076745582116455,(Eremanthus_incanus,((Eremanthus_reticulatus_E2876,Proteopisargentea):0.0)#H21:0.0::0.5698245469527141)0.99:0.037829335754133005)0.68:0.378213645620549)1;
---------------------

2023-01-24 14:24:45.454
MaxNet is (Piptolepispabstii,Piptolepisrosmarinifolia,((Eremanthus_elaeagnus_E2875,((Eremanthus_veadeiroensis_E2872,Lychnophorellaregis)0.99:0.20449067544345484,(#H21:0.5206405802703592::0.4301754530472859,((Piptolepisoleaster,(Piptolepisbuxoides,(Piptolepispilosa,(Piptolepiscampestris)#H22:::0.7857615260955881):0.055355790193705096)0.68:0.11433349788566992)1:0.40169247684266207,#H22:::0.2142384739044118)0.56:0.0)0.34:0.3606463534292594)0.95:0.09076990797231836):0.4076745582116455,(Eremanthus_incanus,((Eremanthus_reticulatus_E2876,Proteopisargentea):0.0)#H21:0.0::0.5698245469527141)0.99:0.037829335754133005)0.68:0.378213645620549)1; 
with -loglik 1492.0353764494114
