BOOTSTRAP OF SNAQ ESTIMATION 

main seed 4321

BEGIN: 50 replicates
Tue 14 Feb 2023 02:04:24 PM CST

begin replicate 1
bootstrap data simulation: seed 16194
estimation, 5 runs: seed 50182
((Eremanthus_erythropappus,(Eremanthus_elaeagnus_E2875,((((((#H21:::0.4622820792480938,Eremanthus_incanus)0.93:0.5470997482260325,((Piptolepispabstii,(Piptolepisrosmarinifolia,#H26:::0.1828906162088673):1.195574820326851):0.22010126098294794,(Eremanthus_auriculatus)#H26:::0.8171093837911327)0.86:0.14395096947719016)0.58:0.3369690519738439,((Eremanthus_reticulatus_E2876)#H21:::0.5377179207519063,Lychnophoraericoides):0.7377373742236272)0.87:0.0)#H24:0.0::0.8936267216398658,(Eremanthus_veadeiroensis_E2872,(Lychnophora_santosii,#H24:0.02430968621298841::0.10637327836013417):7.978809993164157)0.98:0.41436456271567385)0.69:0.0)#H25:::0.9500331930095409)1:0.33587285783519255)1:0.6198474339455291,Eremanthus_uniflorus_E2874,(Eremanthus_capitatus_E2873,#H25:::0.04996680699045911):3.18698209822549);

begin replicate 2
bootstrap data simulation: seed 13850
estimation, 5 runs: seed 89995
((Eremanthus_uniflorus_E2874,(Eremanthus_capitatus_E2873,#H25:0.007474272263501311::0.10642169317991806):0.414732385369545)1:0.5749889074358931,Eremanthus_erythropappus,(Eremanthus_elaeagnus_E2875,(((((((Eremanthus_reticulatus_E2876)#H21:::0.5781291775508277,Eremanthus_incanus)0.93:0.3030314466481021,((Piptolepispabstii,#H26:::0.7022662901293566):0.38033529724604426,((Piptolepisrosmarinifolia)#H26:::0.2977337098706434,Eremanthus_auriculatus)0.86:0.38033529724604426):0.10610275758240809)0.58:0.3026205225628707,(#H21:::0.42187082244917223,Lychnophoraericoides):1.3452386953157336)0.87:0.0)#H24:0.0::0.7676954628702672,(Eremanthus_veadeiroensis_E2872,(Lychnophora_santosii,#H24:0.0::0.2323045371297328):0.2739611201009516)0.98:0.42350307974091406)0.69:0.0)#H25:0.0::0.893578306820082)1:0.4803248641610269);

begin replicate 3
bootstrap data simulation: seed 63550
estimation, 5 runs: seed 20206
((Eremanthus_erythropappus,((((((#H21:::0.40271174484852573,Eremanthus_incanus)0.93:0.6733853182822025,((Eremanthus_auriculatus,(Piptolepisrosmarinifolia,#H26:::0.18613744940890314):6.705152274044581):0.14275455872473536,(Piptolepispabstii)#H26:::0.8138625505910968)0.86:0.12499908436924435)0.58:0.338167309575895,((Eremanthus_reticulatus_E2876)#H21:::0.5972882551514742,Lychnophoraericoides):0.8170522632771738)0.87:0.0)#H24:0.0::0.8475192011768469,(Eremanthus_veadeiroensis_E2872,(Lychnophora_santosii,#H24:1.5826120243557465e-5::0.15248079882315313):0.958729980888601)0.98:0.3387071885348248)0.69:0.0,(Eremanthus_elaeagnus_E2875,#H25:::0.2555538201730359):0.11667621942920293)1:0.3132462169048729)1:0.6744274544756985,Eremanthus_uniflorus_E2874,(Eremanthus_capitatus_E2873)#H25:::0.7444461798269641);

begin replicate 4
bootstrap data simulation: seed 36326
estimation, 5 runs: seed 96831
(Eremanthus_capitatus_E2873,Eremanthus_uniflorus_E2874,((Eremanthus_erythropappus,(Eremanthus_elaeagnus_E2875,((((((#H21:::0.45185028097906244,Eremanthus_incanus)0.93:0.378478319882535,((Piptolepispabstii,Piptolepisrosmarinifolia):0.08094841960807639,Eremanthus_auriculatus)0.86:0.21896628292463985)0.58:0.37524787516392427,((Eremanthus_reticulatus_E2876)#H21:::0.5481497190209376,Lychnophoraericoides):0.7692997636509783)0.87:0.0)#H24:0.0::0.6624286753486288,(Eremanthus_veadeiroensis_E2872,(Lychnophora_santosii,#H24:0.0::0.33757132465137113):0.42676799848787406)0.98:0.5016633925652375)0.69:0.0)#H25:0.0::0.598381094034895)1:0.7012118470400303)1:0.0,#H25:0.0::0.4016189059651049):0.5520102960846606);

begin replicate 5
bootstrap data simulation: seed 37005
estimation, 5 runs: seed 32968
((Eremanthus_erythropappus,(Eremanthus_elaeagnus_E2875,((((((#H21:::0.43140593899950574,Eremanthus_incanus)0.93:0.8494798114836686,((Eremanthus_auriculatus,(Piptolepisrosmarinifolia)#H26:::0.4770912616205441):0.15041693952489177,(Piptolepispabstii,#H26:::0.522908738379456):0.15041693952489177)0.86:0.14893098267304714)0.58:0.3476688171718837,((Eremanthus_reticulatus_E2876)#H21:::0.5685940610004943,Lychnophoraericoides):0.9139699583722737)0.87:0.0)#H24:0.0::0.7640188500985552,(Eremanthus_veadeiroensis_E2872,(Lychnophora_santosii,#H24:0.0::0.23598114990144478):0.2978952123208546)0.98:0.292492787635866)0.69:0.0,#H25:::0.2518378456720722):0.0)1:0.3620638630902383)1:0.566896254128581,Eremanthus_uniflorus_E2874,(Eremanthus_capitatus_E2873)#H25:::0.7481621543279278);

begin replicate 6
bootstrap data simulation: seed 83325
estimation, 5 runs: seed 17365
(((Eremanthus_elaeagnus_E2875,((((((#H21:::0.4736284892838631,Eremanthus_incanus)0.93:0.5405017088061974,((Piptolepispabstii,(Piptolepisrosmarinifolia,#H26:::0.1818660446621787):1.8370330652118405):0.28608600997164374,(Eremanthus_auriculatus)#H26:::0.8181339553378213)0.86:0.06814876218994996)0.58:0.29230619144552505,((Eremanthus_reticulatus_E2876)#H21:::0.5263715107161369,Lychnophoraericoides):0.9071663633800957)0.87:0.0)#H24:0.0::0.76435019105872,(Eremanthus_veadeiroensis_E2872,(Lychnophora_santosii,#H24:0.0::0.23564980894127996):0.23518516783667084)0.98:0.3054154314438124)0.69:0.0)#H25:0.0::0.919195304027431)1:0.3623279297834507,Eremanthus_erythropappus)1:0.5944695146215564,(Eremanthus_capitatus_E2873,#H25:0.0028484785160089545::0.08080469597256901):1.9650815535259507,Eremanthus_uniflorus_E2874);

begin replicate 7
bootstrap data simulation: seed 69101
estimation, 5 runs: seed 58116
(Eremanthus_capitatus_E2873,Eremanthus_uniflorus_E2874,((Eremanthus_elaeagnus_E2875,((((((#H21:::0.4855460711070421,Eremanthus_incanus)0.93:0.506375610060871,((Eremanthus_auriculatus,(Piptolepisrosmarinifolia,(Piptolepispabstii)#H26:::0.6712509578321708):0.15456771528801005):0.30881567049807773,#H26:::0.3287490421678292)0.86:0.0)0.58:0.26095071704507766,((Eremanthus_reticulatus_E2876)#H21:::0.5144539288929579,Lychnophoraericoides):0.9457361458068473)0.87:0.0)#H24:0.0::0.7653776043254441,(Eremanthus_veadeiroensis_E2872,(#H24:0.0::0.23462239567455587,Lychnophora_santosii):0.034598998639943764)0.98:0.31843848025494637)0.69:0.0)#H25:0.0::0.7733344166205331)1:0.5482477908061455,(#H25:0.03458747041008634::0.22666558337946685,Eremanthus_erythropappus):0.5939684033376668)1:0.41221999621187566);

begin replicate 8
bootstrap data simulation: seed 8205
estimation, 5 runs: seed 65293
((Eremanthus_erythropappus,(Eremanthus_elaeagnus_E2875,(((((((Eremanthus_reticulatus_E2876)#H21:::0.549888774033177,Eremanthus_incanus)0.93:0.5850469410982407,((Piptolepispabstii,(Piptolepisrosmarinifolia,#H26:::0.24302400544201683):0.40548212908924486):0.29616837546548225,(Eremanthus_auriculatus)#H26:::0.7569759945579831)0.86:0.14378751833555084)0.58:0.2683606297756185,(#H21:::0.45011122596682296,Lychnophoraericoides):1.4010932482918463)0.87:0.0)#H24:0.0::0.7397961528368666,(Eremanthus_veadeiroensis_E2872,(Lychnophora_santosii,#H24:0.0::0.26020384716313333):0.25658017425640905)0.98:0.31281729529557617)0.69:0.0)#H25:0.04354017595981352::0.9352591506322376)1:0.37962140489027085)1:0.5725000863444336,Eremanthus_uniflorus_E2874,(Eremanthus_capitatus_E2873,#H25:1.8219971718767516::0.06474084936776235):6.904402078610135);

begin replicate 9
bootstrap data simulation: seed 64418
estimation, 5 runs: seed 12183
((Eremanthus_erythropappus,(Eremanthus_elaeagnus_E2875,(((((((Eremanthus_reticulatus_E2876)#H21:::0.6319001074206783,Eremanthus_incanus)0.93:0.19278003792268555,(#H26:::0.40342103998980516,(Piptolepispabstii,(Piptolepisrosmarinifolia,(Eremanthus_auriculatus)#H26:::0.5965789600101948):0.04888336832820564)0.86:0.027611378677643034):0.2762167986299452)0.58:0.25112132395099757,(#H21:::0.3680998925793218,Lychnophoraericoides):1.9867584501565385)0.87:0.0)#H24:0.0::0.7802497717601322,(Eremanthus_veadeiroensis_E2872,(Lychnophora_santosii,#H24:0.0::0.21975022823986784):0.14732878245752665)0.98:0.3161474563714169)0.69:0.0)#H25:0.0::0.9551737869885757)1:0.3331453333856384)1:0.48020444416288605,Eremanthus_uniflorus_E2874,(Eremanthus_capitatus_E2873,#H25:0.008523327218092057::0.044826213011424365):8.314102168880328);

begin replicate 10
bootstrap data simulation: seed 87304
estimation, 5 runs: seed 63022
((Eremanthus_erythropappus,(Eremanthus_elaeagnus_E2875,(((((((Eremanthus_reticulatus_E2876)#H21:::0.6464422267469183,Eremanthus_incanus)0.93:0.21708637062823102,((Piptolepispabstii,(Piptolepisrosmarinifolia)#H26:::0.747498070168108):0.23303953388407408,(Eremanthus_auriculatus,#H26:::0.252501929831892):0.23303953388407408)0.86:0.22008315211823062)0.58:0.30517111277203274,(#H21:::0.35355777325308174,Lychnophoraericoides):2.9826475338167016)0.87:0.001535571001748775)#H24:0.0::0.8728529440306421,(Eremanthus_veadeiroensis_E2872,(Lychnophora_santosii,#H24:0.0::0.12714705596935794):2.5396750831328134)0.98:0.4398995433066092)0.69:0.0)#H25:0.00013660628511820595::0.9240329458587034)1:0.4562362235871049)1:0.6669590481623809,Eremanthus_uniflorus_E2874,(Eremanthus_capitatus_E2873,#H25:0.4589433603162117::0.07596705414129656):8.370612027271173);

begin replicate 11
bootstrap data simulation: seed 70563
estimation, 5 runs: seed 54971
((Eremanthus_erythropappus,(((((((Eremanthus_reticulatus_E2876)#H21:::0.6032229579334099,Eremanthus_incanus)0.93:0.3332396767131451,((Piptolepispabstii,(Piptolepisrosmarinifolia,#H26:::0.037120356811325646):1.0297494332453465):0.1481055898244973,(Eremanthus_auriculatus)#H26:::0.9628796431886744)0.86:0.2243468581423017)0.58:0.2890065519663688,(#H21:::0.3967770420665902,Lychnophoraericoides):1.6250119163623118)0.87:0.0)#H24:0.0::0.8167156012700507,(Eremanthus_veadeiroensis_E2872,(Lychnophora_santosii,#H24:0.0066169905724303285::0.18328439872994934):0.4345421735596258)0.98:0.4169064672630254)0.69:0.0,(Eremanthus_elaeagnus_E2875,#H25:::0.11018056709368988):0.11511221956831337)1:0.3480904705251815)1:0.6701497493095261,Eremanthus_uniflorus_E2874,(Eremanthus_capitatus_E2873)#H25:::0.8898194329063102);

begin replicate 12
bootstrap data simulation: seed 52801
estimation, 5 runs: seed 4268
((Eremanthus_erythropappus,(Eremanthus_elaeagnus_E2875,((((((#H21:::0.41481881402302834,Eremanthus_incanus)0.93:0.514201601138833,((Piptolepispabstii,(Piptolepisrosmarinifolia)#H26:::0.6003622021934738):0.2535405955519096,(Eremanthus_auriculatus,#H26:::0.3996377978065262):0.2535405955519096)0.86:0.14586267847130863)0.58:0.29544023211620746,((Eremanthus_reticulatus_E2876)#H21:::0.5851811859769717,Lychnophoraericoides):0.9621691365879189)0.87:0.0)#H24:0.0::0.7641784132973222,(Eremanthus_veadeiroensis_E2872,(Lychnophora_santosii,#H24:0.0009604188541448003::0.23582158670267778):0.2676548781206061)0.98:0.2732274334292662)0.69:0.0)#H25:0.0::0.9280307399712867)1:0.5067178066864086)1:0.5959805250467359,Eremanthus_uniflorus_E2874,(Eremanthus_capitatus_E2873,#H25:0.0::0.07196926002871326):7.315663770374955);

begin replicate 13
bootstrap data simulation: seed 41389
estimation, 5 runs: seed 62025
(Lychnophora_santosii,(Eremanthus_veadeiroensis_E2872,((((((Eremanthus_reticulatus_E2876)#H21:::0.5731306647963652,Eremanthus_incanus)0.93:0.22674865475879616,((Piptolepisrosmarinifolia,Piptolepispabstii):0.10022727303193305,Eremanthus_auriculatus):0.28244126776153555)0.87:0.2993334708921929,(#H21:::0.42686933520363485,Lychnophoraericoides):1.7430523230192643)0.58:0.0)#H24:0.006847117435325503::0.8412200573251293,((Eremanthus_erythropappus,((Eremanthus_uniflorus_E2874,Eremanthus_capitatus_E2873):0.0)#H25:0.6427532258523946::0.8485515875460334)1:0.5192430809596591,(#H25:4.372736865152308::0.1514484124539665,Eremanthus_elaeagnus_E2875):0.0)1:0.0)0.69:0.32883058177972974)0.98:0.8551142106869569,#H24:0.05205725431705064::0.1587799426748707);

begin replicate 14
bootstrap data simulation: seed 49228
estimation, 5 runs: seed 82615
((Eremanthus_uniflorus_E2874,(Eremanthus_capitatus_E2873,#H25:1.955933108984988::0.07775699027855641):8.184441285061634)1:0.5906893669817476,(Eremanthus_elaeagnus_E2875,(((((((Eremanthus_reticulatus_E2876)#H21:::0.5016414230110515,Eremanthus_incanus)0.93:0.40185373295227345,((Piptolepispabstii,(Piptolepisrosmarinifolia,#H26:::0.18730337081791454):1.0152830925899345):0.21020013088817333,(Eremanthus_auriculatus)#H26:::0.8126966291820854)0.86:0.13822750415729085)0.58:0.34194285628253523,(#H21:::0.49835857698894853,Lychnophoraericoides):0.8906576032629584)0.87:0.0)#H24:0.0::0.7225942593944081,(Eremanthus_veadeiroensis_E2872,(Lychnophora_santosii,#H24:0.0::0.27740574060559187):0.0780198385182125)0.98:0.4295632058659299)0.69:0.0)#H25:0.0::0.9222430097214436)1:0.5418729815994695,Eremanthus_erythropappus);

begin replicate 15
bootstrap data simulation: seed 24885
estimation, 5 runs: seed 54604
(Eremanthus_capitatus_E2873,Eremanthus_uniflorus_E2874,((Eremanthus_erythropappus,(Eremanthus_elaeagnus_E2875,(((((((Eremanthus_reticulatus_E2876)#H21:::0.5073138385904676,Eremanthus_incanus)0.93:0.4817792969005291,((Eremanthus_auriculatus,(Piptolepispabstii,(Piptolepisrosmarinifolia)#H26:::0.9746698510431286):0.060569481468961)0.86:0.2562317620752712,#H26:::0.025330148956871384):0.01466258100978308)0.58:0.2566702607749686,(#H21:::0.4926861614095324,Lychnophoraericoides):0.9527600255921224)0.87:0.0)#H24:0.0::0.8042119832699008,(Eremanthus_veadeiroensis_E2872,(Lychnophora_santosii,#H24:0.0::0.1957880167300992):0.5088085089315769)0.98:0.40781988313954726)0.69:0.0)#H25:0.0::0.7348459207292748)1:0.34316325951502386)1:0.00011038815528013624,#H25:0.0::0.26515407927072526):0.6241407890375934);

begin replicate 16
bootstrap data simulation: seed 5781
estimation, 5 runs: seed 75067
((Eremanthus_uniflorus_E2874,(Eremanthus_capitatus_E2873,#H25:0.13408944732080347::0.06317175517793781):6.141203441177598)1:0.6654282190573922,(Eremanthus_elaeagnus_E2875,(((((((Eremanthus_reticulatus_E2876)#H21:::0.6011046205349485,Eremanthus_incanus)0.93:0.22916533045547632,((Eremanthus_auriculatus,(Piptolepisrosmarinifolia)#H26:::0.22188534325924492):0.3216904268634144,(Piptolepispabstii,#H26:::0.778114656740755):0.3216904268634144)0.86:0.144368608522694)0.58:0.29069827897947315,(#H21:::0.3988953794650515,Lychnophoraericoides):1.121560674188869)0.87:0.0)#H24:0.0::0.7438923251759302,(Eremanthus_veadeiroensis_E2872,(Lychnophora_santosii,#H24:0.0::0.2561076748240699):0.16279962497408615)0.98:0.34919652012923036)0.69:0.0)#H25:0.0::0.9368282448220622)1:0.4456193801584479,Eremanthus_erythropappus);

begin replicate 17
bootstrap data simulation: seed 91481
estimation, 5 runs: seed 26133
(Eremanthus_capitatus_E2873,Eremanthus_uniflorus_E2874,((Eremanthus_elaeagnus_E2875,((((((#H21:::0.431717104224683,Eremanthus_incanus)0.93:0.5218064660525061,((Piptolepispabstii,(Piptolepisrosmarinifolia,#H26:::0.13076500045530678):0.6231584294821684):0.16014292952245618,(Eremanthus_auriculatus)#H26:::0.8692349995446932)0.86:0.14885848947452462)0.87:0.407068654614207,((Eremanthus_reticulatus_E2876)#H21:::0.568282895775317,Lychnophoraericoides):0.7994075808784468)0.58:0.0)#H24:0.0::0.5638798573182532,(Eremanthus_veadeiroensis_E2872,(#H24:0.0::0.4361201426817468,Lychnophora_santosii)0.69:0.17883762406293502)0.98:0.5902435801213014):0.0)#H25:0.0::0.5248651324555798)1:0.9636964219949048,(#H25:0.0::0.47513486754442025,Eremanthus_erythropappus):0.14405733935197235)1:0.3114627026837586);

begin replicate 18
bootstrap data simulation: seed 91752
estimation, 5 runs: seed 83326
(Eremanthus_uniflorus_E2874,Eremanthus_capitatus_E2873,((Eremanthus_elaeagnus_E2875,(((((((Eremanthus_reticulatus_E2876)#H21:::0.5477629120226827,Eremanthus_incanus)0.93:0.2994858856397618,((Eremanthus_auriculatus,(Piptolepisrosmarinifolia,#H26:::0.05704766261718698):6.084357419351577):0.08923519727380476,(Piptolepispabstii)#H26:::0.942952337382813)0.86:0.28978563170342697)0.58:0.33479103578288893,(#H21:::0.4522370879773173,Lychnophoraericoides):1.11357801378941)0.87:0.0)#H24:0.0::0.6188485716535532,(Lychnophora_santosii,(Eremanthus_veadeiroensis_E2872,#H24:0.0::0.3811514283464467):0.0016800155082358286)0.98:0.33551037977564385)0.69:0.0)#H25:0.0::0.8005328127532929)1:0.534371714625444,(#H25:0.002603295224742257::0.1994671872467071,Eremanthus_erythropappus):0.16969149613574236)1:0.37825574503306986);

begin replicate 19
bootstrap data simulation: seed 55376
estimation, 5 runs: seed 54975
((Eremanthus_erythropappus,(Eremanthus_elaeagnus_E2875,(((Eremanthus_veadeiroensis_E2872,(Lychnophora_santosii,#H24:0.12430202459411735::0.08921048699450199):0.6436839606317752)0.98:0.3471324138827831,(((((Eremanthus_reticulatus_E2876)#H21:::0.6278739681905274,Eremanthus_incanus)0.93:0.2850884774169607,((Piptolepisrosmarinifolia,Piptolepispabstii):0.2639106561416836,Eremanthus_auriculatus)0.86:0.21962548764987302)0.58:0.3105417890449189,(#H21:::0.3721260318094725,Lychnophoraericoides):3.9929156329866307)0.87:0.0)#H24:0.0::0.910789513005498)0.69:0.0)#H25:0.0::0.9544706644729438)1:0.33880695342834727)1:0.565952824768161,Eremanthus_uniflorus_E2874,(Eremanthus_capitatus_E2873,#H25:0.0007938489542909496::0.04552933552705614):0.6376370990455745);

begin replicate 20
bootstrap data simulation: seed 54422
estimation, 5 runs: seed 97370
((Eremanthus_erythropappus,(Eremanthus_elaeagnus_E2875,(((((((Eremanthus_reticulatus_E2876)#H21:::0.5610254549902932,Eremanthus_incanus)0.93:0.2793091836897337,((Piptolepispabstii,(Piptolepisrosmarinifolia)#H26:::0.5919406531666271):0.34950557129534565,(Eremanthus_auriculatus,#H26:::0.4080593468333728):0.34950557129534565)0.86:0.09949426675820888)0.58:0.3305208528567924,(#H21:::0.4389745450097068,Lychnophoraericoides):1.3039307385582268)0.87:0.0)#H24:0.0::0.7574740947356515,(Eremanthus_veadeiroensis_E2872,(Lychnophora_santosii,#H24:0.0::0.2425259052643485):0.4356122799638189)0.98:0.3819602899657984)0.69:0.0)#H25:0.0::0.9428754314363802)1:0.28169134318947125)1:0.46945075222151733,Eremanthus_uniflorus_E2874,(Eremanthus_capitatus_E2873,#H25:0.3950213331674983::0.05712456856361977):7.512914292571018);

begin replicate 21
bootstrap data simulation: seed 47874
estimation, 5 runs: seed 75514
((Eremanthus_erythropappus,(Eremanthus_elaeagnus_E2875,(((((((Eremanthus_reticulatus_E2876)#H21:::0.6218545553875113,Eremanthus_incanus)0.93:0.1704718900051572,((Piptolepispabstii,(Piptolepisrosmarinifolia)#H26:::0.8971189115465407):0.12063456878687023,(Eremanthus_auriculatus,#H26:::0.10288108845345936):0.12063456878687023)0.86:0.2713904548757001)0.58:0.23779541166512536,(#H21:::0.37814544461248867,Lychnophoraericoides):2.230127160678458)0.87:0.0)#H24:0.0::0.8674647078843176,(Eremanthus_veadeiroensis_E2872,(Lychnophora_santosii,#H24:0.0::0.13253529211568243):0.5921573686121824)0.98:0.35706751525011377)0.69:0.0,#H25:::0.438326300008851):0.0)1:0.43344560056478265)1:2.146049043967008,Eremanthus_uniflorus_E2874,(Eremanthus_capitatus_E2873)#H25:::0.561673699991149);

begin replicate 22
bootstrap data simulation: seed 19237
estimation, 5 runs: seed 65290
((Eremanthus_erythropappus,(((((((Eremanthus_reticulatus_E2876)#H21:::0.5975270568149593,Eremanthus_incanus)0.93:0.26169955711544407,((Eremanthus_auriculatus,(Piptolepisrosmarinifolia)#H26:::0.44101735204157994):0.3977103788135754,(Piptolepispabstii,#H26:::0.5589826479584201):0.3977103788135754)0.86:0.15668674792268814)0.58:0.2985846901396758,(#H21:::0.4024729431850406,Lychnophoraericoides):1.4549011257045774)0.87:0.0)#H24:0.0::0.7258253739026974,(Eremanthus_veadeiroensis_E2872,(Lychnophora_santosii,#H24:0.0::0.27417462609730264):0.29866067293024984)0.98:0.3399058213733806)0.69:0.0002221461852150635,(Eremanthus_elaeagnus_E2875,#H25:::0.2563336082559179):0.09445995126487823)1:0.3238693008091125)1:0.9506655062275239,Eremanthus_uniflorus_E2874,(Eremanthus_capitatus_E2873)#H25:::0.7436663917440821);

begin replicate 23
bootstrap data simulation: seed 55793
estimation, 5 runs: seed 41233
((Eremanthus_erythropappus,(Eremanthus_elaeagnus_E2875,(((((((Eremanthus_reticulatus_E2876)#H21:::0.5345342580478,Eremanthus_incanus)0.93:0.4448530906677186,((Piptolepispabstii,Piptolepisrosmarinifolia):0.023776244258143935,Eremanthus_auriculatus)0.86:0.31663824967905396)0.58:0.255992746741533,(#H21:::0.46546574195220003,Lychnophoraericoides):0.8568702318737813)0.87:0.0)#H24:0.0::0.7856048887776128,(Eremanthus_veadeiroensis_E2872,(Lychnophora_santosii,#H24:0.0::0.21439511122238725):0.24739552920529162)0.98:0.36709101693044094)0.69:0.0)#H25:0.0::0.9379217039536101)1:0.4832178064312218)1:0.7010607099830415,Eremanthus_uniflorus_E2874,(Eremanthus_capitatus_E2873,#H25:0.0297343325416364::0.06207829604638992):6.487125191991822);

begin replicate 24
bootstrap data simulation: seed 3273
estimation, 5 runs: seed 63659
(Eremanthus_capitatus_E2873,Eremanthus_uniflorus_E2874,(((Eremanthus_elaeagnus_E2875,(((((((Eremanthus_reticulatus_E2876)#H21:::0.7008950823449996,Eremanthus_incanus)0.93:0.19665780932288524,((Piptolepispabstii,(Piptolepisrosmarinifolia,#H26:::0.06890872729737316):0.8257358437459099):0.14797681595576778,(Eremanthus_auriculatus)#H26:::0.9310912727026268)0.86:0.30844672083547847)0.58:0.2527982067017946,(#H21:::0.29910491765500036,Lychnophoraericoides):9.254573850421574)0.87:0.0)#H24:0.0::0.709530548156784,(Eremanthus_veadeiroensis_E2872,(Lychnophora_santosii,#H24:0.0::0.290469451843216):0.12761182674495739)0.98:0.33246898809184533)0.69:0.0)#H25:0.0::0.6360326875375628)1:0.8490675627021477,Eremanthus_erythropappus)1:0.00023927612609702558,#H25:0.00017617384299101478::0.36396731246243724):0.44973250097220874);

begin replicate 25
bootstrap data simulation: seed 72988
estimation, 5 runs: seed 12772
(#H24:::0.1539718014084104,(Eremanthus_veadeiroensis_E2872,((((((#H21:::0.4595754211862426,Eremanthus_incanus)0.93:0.3699739328216634,((Piptolepispabstii,Piptolepisrosmarinifolia):0.10541210029421351,Eremanthus_auriculatus)0.86:0.2854966372367163)0.58:0.27900432814169607,((Eremanthus_reticulatus_E2876)#H21:::0.5404245788137574,Lychnophoraericoides):0.6237523959746377)0.87:0.0)#H24:::0.8460281985915896,((Eremanthus_capitatus_E2873,(Eremanthus_uniflorus_E2874)#H25:::0.8132777756286397)1:0.7703986185305454,(Eremanthus_erythropappus,#H25:::0.18672222437136043):0.7703986185305454):0.20456796205860509)1:0.0975948611284116,Eremanthus_elaeagnus_E2875)0.69:0.2684225774040663)0.98:9.63602280570479,Lychnophora_santosii);

begin replicate 26
bootstrap data simulation: seed 56400
estimation, 5 runs: seed 53593
((Eremanthus_erythropappus,(Eremanthus_elaeagnus_E2875,(#H25:::0.13485765894500504,((((((Eremanthus_reticulatus_E2876)#H21:::0.5751018622695705,Eremanthus_incanus)0.93:0.2657188092951543,((Piptolepispabstii,(Piptolepisrosmarinifolia,#H26:::0.08708825457865657):0.9359906301869363):0.20974427694539768,(Eremanthus_auriculatus)#H26:::0.9129117454213435)0.86:0.1723528340246901)0.58:0.2701928371199044,(#H21:::0.42489813773042956,Lychnophoraericoides):1.4268975848141257)0.87:0.0)#H24:0.0::0.7452016233557601,(Eremanthus_veadeiroensis_E2872,(Lychnophora_santosii,#H24:0.0::0.2547983766442399):0.28319441005777807)0.98:0.47550337368702583)0.69:0.0):0.0)1:0.3803945872847573)1:0.5594562421778149,Eremanthus_uniflorus_E2874,(Eremanthus_capitatus_E2873)#H25:::0.865142341054995);

begin replicate 27
bootstrap data simulation: seed 19215
estimation, 5 runs: seed 95102
(Eremanthus_capitatus_E2873,Eremanthus_uniflorus_E2874,(#H25:0.0::0.4009288435561647,(Eremanthus_erythropappus,(Eremanthus_elaeagnus_E2875,((((((#H21:::0.4910080304350086,Eremanthus_incanus)0.93:0.3856844153744523,((Piptolepispabstii,(Piptolepisrosmarinifolia,#H26:::0.08168625153301275):1.296725051228855):0.1811167926138512,(Eremanthus_auriculatus)#H26:::0.9183137484669872)0.86:0.21712051312875322)0.58:0.2518539265028042,((Eremanthus_reticulatus_E2876)#H21:::0.5089919695649914,Lychnophoraericoides):1.0032942594276844)0.87:0.0)#H24:0.0::0.7326999825624132,(Eremanthus_veadeiroensis_E2872,(Lychnophora_santosii,#H24:0.0::0.26730001743758686):0.1847162667638342)0.98:0.3912645357172069)0.69:0.0)#H25:0.0::0.5990711564438354)1:0.795088334681118)1:0.05492892062045842):0.48873370640333313);

begin replicate 28
bootstrap data simulation: seed 71487
estimation, 5 runs: seed 64828
(Eremanthus_capitatus_E2873,Eremanthus_uniflorus_E2874,((Eremanthus_elaeagnus_E2875,#H25:0.0::0.4214172505346734)1:1.3025494317204196,(((((((#H21:::0.4683293125323359,Eremanthus_incanus)0.93:0.37046946203810155,((Piptolepispabstii,(Piptolepisrosmarinifolia,#H26:::0.1556896086982746):1.0204344486058627):0.19694930977537994,(Eremanthus_auriculatus)#H26:::0.8443103913017254)0.86:0.17888726519496634)0.58:0.3333312613138462,((Eremanthus_reticulatus_E2876)#H21:::0.5316706874676641,Lychnophoraericoides):0.7984279548677817)0.87:0.0)#H24:0.0::0.5976872773100199,(Eremanthus_veadeiroensis_E2872,(Lychnophora_santosii,#H24:0.0::0.40231272268998014):0.20788356748590267)0.98:0.5474685587522682)0.69:0.0)#H25:0.0::0.5785827494653266,Eremanthus_erythropappus):0.0)1:0.5475318848993223);

begin replicate 29
bootstrap data simulation: seed 55194
estimation, 5 runs: seed 28778
(Eremanthus_capitatus_E2873,Eremanthus_uniflorus_E2874,((Eremanthus_erythropappus,(Eremanthus_elaeagnus_E2875,(((((((Eremanthus_reticulatus_E2876)#H21:::0.5771633063328823,Eremanthus_incanus)0.93:0.40668036447067535,((Piptolepispabstii,(Piptolepisrosmarinifolia,#H26:::0.18458502831539553):0.9775978431636961):0.24394166993201558,(Eremanthus_auriculatus)#H26:::0.8154149716846044)0.86:0.16485796714935239)0.58:0.364036508661689,(#H21:::0.4228366936671177,Lychnophoraericoides):0.9614131554560834)0.87:0.0)#H24:0.0::0.6449202230808406,(Eremanthus_veadeiroensis_E2872,(Lychnophora_santosii,#H24:0.0::0.35507977691915943):0.1335777281248524)0.98:0.49568358061435486)0.69:0.0)#H25:0.0::0.5117223505862336)1:1.0702532453612867)1:0.07436916776412324,#H25:0.0::0.48827764941376633):0.3429323653241641);

begin replicate 30
bootstrap data simulation: seed 28620
estimation, 5 runs: seed 50959
((Eremanthus_erythropappus,(Eremanthus_elaeagnus_E2875,((((((#H21:::0.3775979336389426,Eremanthus_incanus)0.93:0.6795420834661314,((Piptolepispabstii,(Piptolepisrosmarinifolia,#H26:::0.14654187631931395):1.2812478870072797):0.17245926200921977,(Eremanthus_auriculatus)#H26:::0.8534581236806861)0.86:0.2652090129580987)0.58:0.26839731196277766,((Eremanthus_reticulatus_E2876)#H21:::0.6224020663610574,Lychnophoraericoides):0.773930301768871)0.87:0.0)#H24:0.0::0.7269342821236522,(Eremanthus_veadeiroensis_E2872,(Lychnophora_santosii,#H24:0.021739959341209706::0.2730657178763478):0.37045881398788266)0.98:0.363826781476287)0.69:0.006119543919819354)#H25:0.032750950214078166::0.9142112283146514)1:0.3607250466186623)1:0.7411539370289745,Eremanthus_uniflorus_E2874,(Eremanthus_capitatus_E2873,#H25:0.29934992063861965::0.0857887716853486):5.7205795609370185);

begin replicate 31
bootstrap data simulation: seed 69877
estimation, 5 runs: seed 53721
((Eremanthus_erythropappus,(Eremanthus_elaeagnus_E2875,(((((((Eremanthus_reticulatus_E2876)#H21:::0.5727417644406285,Eremanthus_incanus)0.93:0.2658754055864095,((Piptolepispabstii,(Piptolepisrosmarinifolia,#H26:::0.09248245860372545):0.9974961984386919):0.13711309619447018,(Eremanthus_auriculatus)#H26:::0.9075175413962746)0.86:0.15145527794051056)0.58:0.314478120447093,(#H21:::0.42725823555937154,Lychnophoraericoides):0.9642873189550804)0.87:0.0)#H24:0.0::0.7812108337760999,(Eremanthus_veadeiroensis_E2872,(Lychnophora_santosii,#H24:0.5164795176710163::0.21878916622390004):0.2509852318064847)0.98:0.36448479673612433)0.69:0.0)#H25:0.0033748061497055008::0.9663426484860187)1:0.35071894307853946)1:0.627548465388353,Eremanthus_uniflorus_E2874,(Eremanthus_capitatus_E2873,#H25:0.29692593919049964::0.033657351513981346):7.448167593529857);

begin replicate 32
bootstrap data simulation: seed 72951
estimation, 5 runs: seed 91914
(Eremanthus_capitatus_E2873,Eremanthus_uniflorus_E2874,((Eremanthus_elaeagnus_E2875,((((((#H21:::0.44498888211719195,Eremanthus_incanus)0.93:0.48346921215773814,((Eremanthus_auriculatus,(Piptolepisrosmarinifolia,#H26:::0.16472503164180327):3.6297069445623227):0.15502978040128676,(Piptolepispabstii)#H26:::0.8352749683581967)0.86:0.12023539689140421)0.58:0.2654360060250924,((Eremanthus_reticulatus_E2876)#H21:::0.5550111178828081,Lychnophoraericoides):0.7972315389436626)0.87:0.0)#H24:0.0::0.7584589052236312,(Eremanthus_veadeiroensis_E2872,(Lychnophora_santosii,#H24:0.0::0.2415410947763687):0.38458218251116083)0.98:0.42338436254536943)0.69:0.0)#H25:0.0::0.8125888900261277)1:0.5345309346444882,(#H25:0.007872584965155143::0.18741110997387234,Eremanthus_erythropappus):0.09560494575988669)1:0.40705857489077507);

begin replicate 33
bootstrap data simulation: seed 89178
estimation, 5 runs: seed 93016
((Eremanthus_erythropappus,(Eremanthus_elaeagnus_E2875,((((((#H21:::0.473537768865512,Eremanthus_incanus)0.93:0.2373318553140964,((Piptolepisrosmarinifolia,Piptolepispabstii):0.13084017576467216,Eremanthus_auriculatus):0.19230927163319125)0.58:0.316918575990775,((Eremanthus_reticulatus_E2876)#H21:::0.526462231134488,Lychnophoraericoides):1.0831736968695742)0.87:0.0)#H24:0.0::0.7642149313938318,(Eremanthus_veadeiroensis_E2872,(Lychnophora_santosii,#H24:0.0::0.23578506860616824):0.13021197133679283)0.98:0.5102070516847405)0.69:0.0)#H25:0.0::0.8549105404439835)1:0.5445244352938927)1:0.5841203425685909,Eremanthus_uniflorus_E2874,(Eremanthus_capitatus_E2873,#H25:0.0007274027370060839::0.14508945955601646):0.6291004339526085);

begin replicate 34
bootstrap data simulation: seed 31058
estimation, 5 runs: seed 90599
(Eremanthus_capitatus_E2873,Eremanthus_uniflorus_E2874,((Eremanthus_erythropappus,(Eremanthus_elaeagnus_E2875,((((((#H21:::0.49186489665693944,Eremanthus_incanus)0.93:0.4166374196394405,((Eremanthus_auriculatus,(Piptolepisrosmarinifolia)#H26:::0.3048117484887982):0.2849272561737712,(Piptolepispabstii,#H26:::0.6951882515112018):0.2849272561737712)0.86:0.2187732498791357)0.58:0.3007836371142067,((Eremanthus_reticulatus_E2876)#H21:::0.5081351033430606,Lychnophoraericoides):1.1377738630873542)0.87:0.0)#H24:0.0::0.7640175658482123,(Eremanthus_veadeiroensis_E2872,(Lychnophora_santosii,#H24:0.0::0.23598243415178766):0.43926360962091204)0.98:0.39108925743640904)0.69:0.0)#H25:0.0::0.7075585971771112)1:0.4671674982696674)1:0.002746821399785181,#H25:0.0008897631794582895::0.2924414028228887):0.5371052187174444);

begin replicate 35
bootstrap data simulation: seed 19252
estimation, 5 runs: seed 28986
(Eremanthus_uniflorus_E2874,Eremanthus_capitatus_E2873,((Eremanthus_elaeagnus_E2875,((((((#H21:::0.3519314252053964,Eremanthus_incanus)0.93:0.7007918095418368,((Piptolepispabstii,(Piptolepisrosmarinifolia)#H26:::0.5538015204826535):0.39492974596266384,(Eremanthus_auriculatus,#H26:::0.4461984795173466):0.39492974596266384)0.86:0.1136260329962392)0.58:0.29365610297635086,((Eremanthus_reticulatus_E2876)#H21:::0.6480685747946036,Lychnophoraericoides):0.6819567913404619)0.87:0.0)#H24:0.0::0.5966868000457299,(Eremanthus_veadeiroensis_E2872,(Lychnophora_santosii,#H24:0.0::0.40331319995427006):9.119118713596469e-6)0.98:0.4933752636385942)0.69:0.0)#H25:0.0::0.6378830598623076)1:0.7587692227453238,(#H25:0.0::0.36211694013769236,Eremanthus_erythropappus):0.20474797526319244)1:0.3224165921877534);

begin replicate 36
bootstrap data simulation: seed 72813
estimation, 5 runs: seed 59983
(Eremanthus_capitatus_E2873,Eremanthus_uniflorus_E2874,((Eremanthus_elaeagnus_E2875,(((((((Eremanthus_reticulatus_E2876)#H21:::0.5839114997981717,Eremanthus_incanus)0.93:0.3349081247556625,((Eremanthus_auriculatus,(Piptolepisrosmarinifolia,#H26:::0.16513178275344437):3.8083434942501313):0.1499529277055884,(Piptolepispabstii)#H26:::0.8348682172465556)0.86:0.12141523663568196)0.58:0.2634221373410333,(#H21:::0.4160885002018283,Lychnophoraericoides):1.128043541033771)0.87:0.0)#H24:0.0::0.7431547223921273,(Eremanthus_veadeiroensis_E2872,(Lychnophora_santosii,#H24:0.0::0.2568452776078727):0.22074309523431582)0.98:0.39457764219570024)0.69:0.0)#H25:0.0::0.7438597104350606)1:0.5156065911598164,(#H25:5.8355667302620685e-6::0.25614028956493945,Eremanthus_erythropappus):0.07690778796904775)1:0.4852271295581546);

begin replicate 37
bootstrap data simulation: seed 68497
estimation, 5 runs: seed 74311
(Eremanthus_uniflorus_E2874,(Eremanthus_erythropappus,(Eremanthus_elaeagnus_E2875,(((((((Eremanthus_reticulatus_E2876)#H21:::0.6825787118035544,Eremanthus_incanus)0.93:0.15994538721647503,((Eremanthus_auriculatus,(Piptolepisrosmarinifolia)#H26:::0.5306245459351924):0.18374256762668775,(Piptolepispabstii,#H26:::0.4693754540648076):0.18374256762668775)0.86:0.26484758276974457)0.58:0.2294305808905374,(#H21:::0.3174212881964456,Lychnophoraericoides):2.8636223744590548)0.87:0.0)#H24:0.0::0.7201881851031302,(Eremanthus_veadeiroensis_E2872,(Lychnophora_santosii,#H24:0.0::0.2798118148968698):0.22221457475429038)0.98:0.30722757097072656)0.69:0.0)#H25:0.0::0.8965156555793209)1:0.36246759093688846)1:0.6339399649457517,(Eremanthus_capitatus_E2873,#H25:0.02322714942470685::0.10348434442067907):0.25808737606312154);

begin replicate 38
bootstrap data simulation: seed 73870
estimation, 5 runs: seed 40376
((Eremanthus_erythropappus,(Eremanthus_elaeagnus_E2875,(((((((Eremanthus_reticulatus_E2876)#H21:::0.6566820109208669,Eremanthus_incanus)0.93:0.1847924629764663,((Piptolepispabstii,(Piptolepisrosmarinifolia)#H26:::0.7140593581840373):0.1641272549264554,(Eremanthus_auriculatus,#H26:::0.2859406418159627):0.1641272549264554)0.86:0.21927789232564276)0.58:0.30593872693310126,(#H21:::0.34331798907913313,Lychnophoraericoides):2.7679194748497586)0.87:0.0)#H24:0.0::0.9400020169470547,(Eremanthus_veadeiroensis_E2872,(Lychnophora_santosii,#H24:2.099989055467889::0.0599979830529454):1.6118990355518135)0.98:0.2628220450116646)0.69:0.0,#H25:::0.1302087929961713):0.0)1:0.32664227001978746)1:0.7291651735375542,Eremanthus_uniflorus_E2874,(Eremanthus_capitatus_E2873)#H25:::0.8697912070038287);

begin replicate 39
bootstrap data simulation: seed 82529
estimation, 5 runs: seed 65600
(Eremanthus_capitatus_E2873,Eremanthus_uniflorus_E2874,((Eremanthus_erythropappus,(Eremanthus_elaeagnus_E2875,((((((#H21:::0.46687733829996153,Eremanthus_incanus)0.93:0.379525228858878,((Eremanthus_auriculatus,(Piptolepisrosmarinifolia,#H26:::0.2008256944574735):7.607529646155778):0.15060371109158852,(Piptolepispabstii)#H26:::0.7991743055425264)0.86:0.10817546856914577)0.58:0.39705137043903777,((Eremanthus_reticulatus_E2876)#H21:::0.5331226617000384,Lychnophoraericoides):0.8876387806500684)0.87:0.0)#H24:0.0::0.554354612191491,((Lychnophora_santosii,#H24:0.0::0.44564538780850904):0.03711221125091465,Eremanthus_veadeiroensis_E2872)0.98:0.374018879544732)0.69:0.0)#H25:0.0::0.5436986354593565)1:1.2935840618174845)1:0.0407742991344974,#H25:0.0::0.4563013645406436):0.45176324606714585);

begin replicate 40
bootstrap data simulation: seed 27073
estimation, 5 runs: seed 27681
(Eremanthus_capitatus_E2873,Eremanthus_uniflorus_E2874,((Eremanthus_erythropappus,(Eremanthus_elaeagnus_E2875,(((((((Eremanthus_reticulatus_E2876)#H21:::0.6190280697844488,Eremanthus_incanus)0.93:0.23137656562008105,((Piptolepispabstii,(Piptolepisrosmarinifolia,#H26:::0.22161946906590446):0.2666297176639975):0.2761413184443721,(Eremanthus_auriculatus)#H26:::0.7783805309340955)0.86:0.14728823298289495)0.58:0.33762732393469375,(#H21:::0.3809719302155512,Lychnophoraericoides):1.7115564618663897)0.87:0.0)#H24:0.0::0.7307457782424958,(Eremanthus_veadeiroensis_E2872,(Lychnophora_santosii,#H24:0.0::0.2692542217575043):0.4772072007557766)0.98:0.5774914235724863)0.69:0.0)#H25:0.0::0.5782107595153707)1:0.7981123339375475)1:0.10439766641966561,#H25:0.0024592983875903847::0.4217892404846293):0.44429082781957513);

begin replicate 41
bootstrap data simulation: seed 25465
estimation, 5 runs: seed 20899
((Eremanthus_erythropappus,(Eremanthus_elaeagnus_E2875,((((((#H21:::0.42258358775211396,Eremanthus_incanus)0.93:0.38249275298405505,((Eremanthus_auriculatus,(Piptolepisrosmarinifolia)#H26:::0.3391217633641392):0.424833054042007,(Piptolepispabstii,#H26:::0.6608782366358609):0.424833054042007)0.86:0.13009994215644857)0.58:0.32707054699133736,((Eremanthus_reticulatus_E2876)#H21:::0.577416412247886,Lychnophoraericoides):0.5899656096194121)0.87:0.0)#H24:0.0::0.8254232301932807,(Lychnophora_santosii,(Eremanthus_veadeiroensis_E2872,#H24:0.0::0.17457676980671932):0.013062678309140272)0.98:0.42445764622863996)0.69:0.0)#H25:0.0::0.9441744968908525)1:0.32947508986079266)1:0.651947058388553,Eremanthus_uniflorus_E2874,(Eremanthus_capitatus_E2873,#H25:0.017175141268293847::0.05582550310914741):7.9425995225903625);

begin replicate 42
bootstrap data simulation: seed 15559
estimation, 5 runs: seed 58627
(Eremanthus_capitatus_E2873,Eremanthus_uniflorus_E2874,((Eremanthus_erythropappus,(Eremanthus_elaeagnus_E2875,((((((Eremanthus_reticulatus_E2876)#H21:::0.5206157042060191,Lychnophoraericoides):0.872120161767752,(((Eremanthus_auriculatus,(Piptolepisrosmarinifolia,#H26:::0.17775068410095887):7.303470300627076):0.21044884062198307,(Piptolepispabstii)#H26:::0.8222493158990412)0.86:0.07865314952773032,(Eremanthus_incanus,#H21:::0.4793842957939809)0.93:0.48238236152152053)0.58:0.3301298589596388)0.87:0.0)#H24:0.0::0.7375529438681576,(Eremanthus_veadeiroensis_E2872,(Lychnophora_santosii,#H24:0.0::0.26244705613184244):0.6468679681475419)0.98:0.49957782768320186)0.69:0.0)#H25:0.0::0.611458330352434)1:0.6209520912725073)1:0.0017787122223665674,#H25:0.01209990920817223::0.388541669647566):0.5776140700507117);

begin replicate 43
bootstrap data simulation: seed 91339
estimation, 5 runs: seed 9153
((Eremanthus_erythropappus,(Eremanthus_elaeagnus_E2875,(((((((Eremanthus_reticulatus_E2876)#H21:::0.5714205139578343,Eremanthus_incanus)0.93:0.2671646756572743,((Piptolepispabstii,(Piptolepisrosmarinifolia,#H26:::0.10038151306545326):1.0571144462234972):0.12632179897815846,(Eremanthus_auriculatus)#H26:::0.8996184869345467)0.86:0.20854270998575802)0.58:0.290200649553243,(#H21:::0.4285794860421657,Lychnophoraericoides):1.1469616597769121)0.87:0.008685553247679834)#H24:0.002471228853470084::0.837596666091518,(Eremanthus_veadeiroensis_E2872,(Lychnophora_santosii,#H24:0.14484303529543055::0.16240333390848205):0.5832753154132858)0.98:0.33690057214870617)0.69:0.0)#H25:0.0::0.8915551580732881)1:0.4546599590371647)1:0.6028346160810091,Eremanthus_uniflorus_E2874,(Eremanthus_capitatus_E2873,#H25:0.06884844284780588::0.10844484192671192):8.877138572560456);

begin replicate 44
bootstrap data simulation: seed 17532
estimation, 5 runs: seed 65659
((Eremanthus_erythropappus,(Eremanthus_elaeagnus_E2875,(((((((Eremanthus_reticulatus_E2876)#H21:::0.590225324980759,Eremanthus_incanus)0.93:0.37741405511051823,((Piptolepispabstii,Piptolepisrosmarinifolia):0.08812426645347282,Eremanthus_auriculatus)0.86:0.23124650355100385)0.58:0.3117639322801912,(#H21:::0.409774675019241,Lychnophoraericoides):1.1953968271462558)0.87:0.0)#H24:0.0::0.7691765746045524,(Eremanthus_veadeiroensis_E2872,(Lychnophora_santosii,#H24:0.012092995524462021::0.23082342539544767):0.6786533220856014)0.98:0.42739922252188306)0.69:0.0)#H25:0.0::0.8898056508538571)1:0.4659339007159283)1:0.7569647983320488,Eremanthus_uniflorus_E2874,(Eremanthus_capitatus_E2873,#H25:0.024845057692653404::0.1101943491461429):6.383199638614285);

begin replicate 45
bootstrap data simulation: seed 58959
estimation, 5 runs: seed 91204
(Eremanthus_capitatus_E2873,Eremanthus_uniflorus_E2874,((Eremanthus_erythropappus,(Eremanthus_elaeagnus_E2875,((((((Eremanthus_incanus,#H21:::0.48575803844624243)0.93:0.5251083882004149,((Piptolepispabstii,#H26:::0.727575164529754):0.5186520002648637,((Piptolepisrosmarinifolia)#H26:::0.27242483547024593,Eremanthus_auriculatus)0.86:0.5186520002648637):0.08118153281512576)0.87:0.3370619373844623,(Lychnophoraericoides,(Eremanthus_reticulatus_E2876)#H21:::0.5142419615537576):0.943877840764721)0.58:0.0)#H24:0.0::0.5897466009086336,(Eremanthus_veadeiroensis_E2872,(Lychnophora_santosii,#H24:0.006557663502780863::0.41025339909136643):0.08459801548944575)0.98:0.4363093819017233)0.69:0.002276699928506897)#H25:0.00045304610897304605::0.7794744309772265)1:0.39867706195806263)1:0.010495284206887855,#H25:0.24601207499086092::0.22052556902277354):0.45558368692829715);

begin replicate 46
bootstrap data simulation: seed 51436
estimation, 5 runs: seed 67607
((Eremanthus_erythropappus,(Eremanthus_elaeagnus_E2875,((((((#H21:::0.4383256637648096,Eremanthus_incanus)0.93:0.49620400794026237,((Eremanthus_auriculatus,(Piptolepisrosmarinifolia,#H26:::0.2172962127236765):9.960430461119408):0.10870929802807312,(Piptolepispabstii)#H26:::0.7827037872763235)0.86:0.1415257194402649)0.58:0.35583324215106826,((Eremanthus_reticulatus_E2876)#H21:::0.5616743362351904,Lychnophoraericoides):0.9378633341684837)0.87:0.0)#H24:0.0::0.665945602043677,(Eremanthus_veadeiroensis_E2872,(Lychnophora_santosii,#H24:0.0::0.33405439795632297):0.09186727052878214)0.98:0.47959093775134026)0.69:0.0)#H25:0.0::0.9681134769395439)1:0.3502074183456368)1:0.5608054557652908,Eremanthus_uniflorus_E2874,(Eremanthus_capitatus_E2873,#H25:3.8796199417927637::0.0318865230604561):7.068345160637891);

begin replicate 47
bootstrap data simulation: seed 84569
estimation, 5 runs: seed 19079
(Eremanthus_capitatus_E2873,Eremanthus_uniflorus_E2874,((Eremanthus_elaeagnus_E2875,((((((#H21:::0.4328692391587919,Eremanthus_incanus)0.93:0.7923516415806435,((Eremanthus_auriculatus,(Piptolepisrosmarinifolia)#H26:::0.4102794360838721):0.5212451950007778,(Piptolepispabstii,#H26:::0.589720563916128):0.5212451950007778)0.86:0.1565407188191184)0.58:0.3333765603657025,((Eremanthus_reticulatus_E2876)#H21:::0.5671307608412082,Lychnophoraericoides):0.8212552407267409)0.87:0.0)#H24:0.0::0.7377061954913118,(Eremanthus_veadeiroensis_E2872,(Lychnophora_santosii,#H24:0.0::0.26229380450868817):0.7667686573241527)0.98:0.4033074229451029)0.69:0.0)#H25:0.0::0.6350137782027767)1:0.7712503303454251,(#H25:0.0013224489432748351::0.3649862217972233,Eremanthus_erythropappus):0.08777241760615956)1:0.609194867133006);

begin replicate 48
bootstrap data simulation: seed 56524
estimation, 5 runs: seed 5447
((Eremanthus_erythropappus,(Eremanthus_elaeagnus_E2875,(((((((Eremanthus_reticulatus_E2876)#H21:::0.6080459278542493,Eremanthus_incanus)0.93:0.4568743400301673,((Piptolepispabstii,(Piptolepisrosmarinifolia,#H26:::0.21826082555540274):0.45093761976255686):0.3170131597030195,(Eremanthus_auriculatus)#H26:::0.7817391744445973)0.86:0.1479289372273395)0.58:0.2992071106149486,(#H21:::0.39195407214575073,Lychnophoraericoides):1.307750132882031)0.87:0.0)#H24:0.0::0.7619902029635561,(Eremanthus_veadeiroensis_E2872,(Lychnophora_santosii,#H24:0.0::0.2380097970364439):0.35844094720720343)0.98:0.36312010772530473)0.69:0.0)#H25:0.0::0.932674991388452)1:0.3221474494958748)1:0.6691399729767892,Eremanthus_uniflorus_E2874,(Eremanthus_capitatus_E2873,#H25:0.04505603216310151::0.06732500861154797):6.0012838549228675);

begin replicate 49
bootstrap data simulation: seed 55683
estimation, 5 runs: seed 97517
((Eremanthus_erythropappus,(Eremanthus_elaeagnus_E2875,(((((((Eremanthus_reticulatus_E2876)#H21:::0.5055565076507922,Eremanthus_incanus)0.93:0.26152751097621496,((Eremanthus_auriculatus,(Piptolepisrosmarinifolia)#H26:::0.44833801192480754):0.4241543965367662,(Piptolepispabstii,#H26:::0.5516619880751925):0.4241543965367662)0.86:0.17818468999261472)0.58:0.24801918607457507,(#H21:::0.49444349234920776,Lychnophoraericoides):0.9532981404345447)0.87:0.0)#H24:0.0::0.7416875559136694,(Eremanthus_veadeiroensis_E2872,(Lychnophora_santosii,#H24:0.0::0.2583124440863306):0.10767672110802178)0.98:0.3962425539384448)0.69:0.0)#H25:0.0::0.9465776597028795)1:0.4344291884819687)1:0.5622777377147273,Eremanthus_uniflorus_E2874,(Eremanthus_capitatus_E2873,#H25:0.21473642287439434::0.0534223402971205):6.966065612358834);

begin replicate 50
bootstrap data simulation: seed 40808
estimation, 5 runs: seed 79960
((Eremanthus_erythropappus,(((Eremanthus_veadeiroensis_E2872,(Lychnophora_santosii,#H24:0.0::0.31236834769304433):0.24298570683631152)0.98:0.6082079231271029,((((((Eremanthus_reticulatus_E2876)#H21:::0.5531796623365186,Eremanthus_incanus)0.93:0.2172054798505443,((Piptolepispabstii,(Piptolepisrosmarinifolia)#H26:::0.5405842106206808):0.2556829635402792,(Eremanthus_auriculatus,#H26:::0.45941578937931915):0.2556829635402792)0.86:0.2818523918243387)0.87:0.2674399788247839,Eremanthus_elaeagnus_E2875)0.69:0.026749100382159337,(#H21:::0.44682033766348145,Lychnophoraericoides):1.4747701587291877)0.58:0.0)#H24:0.00034592559505608895::0.6876316523069557)1:0.0)#H25:0.7893050031051592::0.7752765677683773)1:0.7274878498035623,Eremanthus_capitatus_E2873,(Eremanthus_uniflorus_E2874,#H25:0.26673771067792157::0.22472343223162267):4.595313663986805e-5);
