optimization of topology, BL and inheritance probabilities using:
 hmax = 2,
 tolerance parameters: ftolRel=1.0e-6, ftolAbs=1.0e-6,
                       xtolAbs=0.001, xtolRel=0.01.
 max number of failed proposals = 75, liktolAbs = 1.0e-6.
rootname for files: net2
BEGIN: 10 runs on starting tree (Eremanthus_veadeiroensis_E2872,Lychnophora_santosii,(((((Eremanthus_capitatus_E2873,Eremanthus_uniflorus_E2874):0.5030454585497766,Eremanthus_erythropappus)1:0.46666980501886673,Eremanthus_elaeagnus_E2875)0.69:0.030560872616092898,((Eremanthus_auriculatus,(Piptolepispabstii,Piptolepisrosmarinifolia)0.86:0.153814915025371)1:0.2852622970107071,(Eremanthus_incanus,(Eremanthus_reticulatus_E2876)#H21:::0.545522886188382)0.93:0.46356194887157476)0.87:0.2716918245620899)1:0.12433993260309788,(#H21:::0.45447711381161804,Lychnophoraericoides):1.1302550704010974)0.58:0.1314168946980895)0.98;

main seed 3456
seed: 3456 for run 1, 2022-12-06 18:29:53.712

BEGIN SNaQ for run 1, seed 3456 and hmax 2 changed starting topology by NNI move

Begins heuristic optimization of network------

found best network, now we re-optimize branch lengths and gamma more precisely
STOPPED by number of failures criteria
END optTopLevel: found minimizer topology at step 185 (failures: 75) with -loglik=647.48109 and ht_min=[0.45337, 0.18261, 0.8408, 0.01451, 0.53528, 0.15572, 0.28685, 0.45928, 0.26946, 0.12347, 1.12974, 0.13084, 0.02313]
PERFORMANCE: total number of moves (proposed, successful, accepted) in general, and to fix gamma=0.0,t=0.0 cases
	--------moves general--------				 --------moves gamma,t------	
move	 Num.Proposed	 Num.Successful	 Num.Accepted	 | Num.Proposed	 Num.Successful	 Num.Accepted
add		 1		 1		 1	 |	 NA 		 NA 		 NA 
mvorigin	 50		 50		 12	 |	 0		 0		 --
mvtarget	 52		 52		 0	 |	 0		 0		 --
chdir		 34		 34		 0	 |	 1		 1		 --
delete		 0		 0		 0	 |	 0		 0		 --
nni		 48		 43		 0	 |	 6		 6		 --
Total		 185		 180		 13	 |	 7		 7		 6
Proportion	 -- 		 1.0		 0.1	 |	 -- 		 1.0		 0.9
(Eremanthus_veadeiroensis_E2872,Lychnophora_santosii,(((((Piptolepispabstii,Piptolepisrosmarinifolia)0.86:0.155719021409307,Eremanthus_auriculatus)1:0.28685366090061837,(Eremanthus_incanus,(Eremanthus_reticulatus_E2876)#H21:::0.5466336044440123)0.93:0.45928215360985364)0.87:0.2694643062690855,(((Eremanthus_erythropappus,(Eremanthus_uniflorus_E2874,(Eremanthus_capitatus_E2873)#H22:::0.8173877537767923):0.8407952860274786)1:0.5352849375073228,Eremanthus_elaeagnus_E2875)0.69:0.023130297474074687,#H22:::0.1826122462232077):0.014509270076869519)1:0.12347418526623946,(#H21:::0.45336639555598773,Lychnophoraericoides):1.1297354627072969)0.58:0.1308371509635349)0.98;
---------------------
seed: 40599 for run 2, 2022-12-06 19:12:8.405

BEGIN SNaQ for run 2, seed 40599 and hmax 2 changed starting topology by NNI move

Begins heuristic optimization of network------

found best network, now we re-optimize branch lengths and gamma more precisely
STOPPED by number of failures criteria
END optTopLevel: found minimizer topology at step 189 (failures: 75) with -loglik=647.52633 and ht_min=[0.46268, 0.1781, 0.82746, 0.53254, 0.01472, 0.15527, 0.28495, 0.476, 0.27129, 0.12292, 1.07714, 0.13411, 0.02306]
PERFORMANCE: total number of moves (proposed, successful, accepted) in general, and to fix gamma=0.0,t=0.0 cases
	--------moves general--------				 --------moves gamma,t------	
move	 Num.Proposed	 Num.Successful	 Num.Accepted	 | Num.Proposed	 Num.Successful	 Num.Accepted
add		 1		 1		 1	 |	 NA 		 NA 		 NA 
mvorigin	 44		 44		 5	 |	 0		 0		 --
mvtarget	 55		 55		 0	 |	 0		 0		 --
chdir		 31		 31		 0	 |	 0		 0		 --
delete		 0		 0		 0	 |	 0		 0		 --
nni		 58		 51		 1	 |	 0		 0		 --
Total		 189		 182		 7	 |	 0		 0		 0
Proportion	 -- 		 1.0		 0.0	 |	 -- 		 0.0		 0.0
(Eremanthus_veadeiroensis_E2872,Lychnophora_santosii,((((Eremanthus_auriculatus,(Piptolepispabstii,Piptolepisrosmarinifolia)0.86:0.155270925101721)1:0.284950031757766,(Eremanthus_incanus,(Eremanthus_reticulatus_E2876)#H21:::0.5373230106823238)0.93:0.4759995122396754)0.87:0.2712884615040808,((((Eremanthus_uniflorus_E2874,(Eremanthus_capitatus_E2873)#H22:::0.8218998541990655):0.8274600527512578,Eremanthus_erythropappus)1:0.532538335610062,Eremanthus_elaeagnus_E2875)0.69:0.023063092357216965,#H22:::0.17810014580093447):0.014718264468941096)0.58:0.12292061111039901,(#H21:::0.4626769893176762,Lychnophoraericoides):1.0771372761734936)1:0.1341106791975575)0.98;
---------------------
seed: 57695 for run 3, 2022-12-06 19:53:24.186

BEGIN SNaQ for run 3, seed 57695 and hmax 2 changed starting topology by NNI move

 changed starting network by move origin
Begins heuristic optimization of network------

found best network, now we re-optimize branch lengths and gamma more precisely
STOPPED by number of failures criteria
END optTopLevel: found minimizer topology at step 430 (failures: 75) with -loglik=648.87846 and ht_min=[0.45385, 0.17876, 0.02998, 0.0, 0.28538, 0.15371, 0.46232, 0.27164, 0.12445, 1.13385, 0.13131, 0.82242, 0.53671]
PERFORMANCE: total number of moves (proposed, successful, accepted) in general, and to fix gamma=0.0,t=0.0 cases
	--------moves general--------				 --------moves gamma,t------	
move	 Num.Proposed	 Num.Successful	 Num.Accepted	 | Num.Proposed	 Num.Successful	 Num.Accepted
add		 5		 4		 3	 |	 NA 		 NA 		 NA 
mvorigin	 105		 105		 25	 |	 0		 0		 --
mvtarget	 120		 120		 0	 |	 1		 1		 --
chdir		 81		 81		 1	 |	 3		 3		 --
delete		 0		 0		 0	 |	 0		 0		 --
nni		 119		 112		 1	 |	 14		 14		 --
Total		 430		 422		 30	 |	 18		 18		 8
Proportion	 -- 		 1.0		 0.1	 |	 -- 		 1.0		 0.4
(Eremanthus_veadeiroensis_E2872,Lychnophora_santosii,(((((Piptolepispabstii,Piptolepisrosmarinifolia):0.1537105795966591,Eremanthus_auriculatus)0.87:0.2853816328852658,((Eremanthus_reticulatus_E2876)#H21:::0.5461493021864188,Eremanthus_incanus)0.93:0.4623236140483635)1:0.2716410336727101,(Eremanthus_elaeagnus_E2875,((Eremanthus_erythropappus,(Eremanthus_uniflorus_E2874,(Eremanthus_capitatus_E2873)#H26:::0.8212353349741731):0.8224175817960421)1:0.5367132735186069,#H26:::0.1787646650258269):0.0)0.69:0.02997738438481418)1:0.1244519102914014,(#H21:::0.4538506978135813,Lychnophoraericoides):1.1338534685282997)0.58:0.1313087184747623)0.98;
---------------------
seed: 10390 for run 4, 2022-12-06 21:42:20.596

BEGIN SNaQ for run 4, seed 10390 and hmax 2
Begins heuristic optimization of network------

found best network, now we re-optimize branch lengths and gamma more precisely
STOPPED by number of failures criteria
END optTopLevel: found minimizer topology at step 78 (failures: 75) with -loglik=642.62133 and ht_min=[0.45478, 0.34321, 0.50305, 0.4666, 0.03059, 0.38779, 0.36308, 0.4645, 0.27145, 0.1244, 1.12911, 0.13143, 0.0]
PERFORMANCE: total number of moves (proposed, successful, accepted) in general, and to fix gamma=0.0,t=0.0 cases
	--------moves general--------				 --------moves gamma,t------	
move	 Num.Proposed	 Num.Successful	 Num.Accepted	 | Num.Proposed	 Num.Successful	 Num.Accepted
add		 2		 2		 1	 |	 NA 		 NA 		 NA 
mvorigin	 23		 23		 0	 |	 0		 0		 --
mvtarget	 18		 18		 0	 |	 0		 0		 --
chdir		 10		 10		 0	 |	 0		 0		 --
delete		 0		 0		 0	 |	 0		 0		 --
nni		 25		 25		 0	 |	 0		 0		 --
Total		 78		 78		 1	 |	 0		 0		 0
Proportion	 -- 		 1.0		 0.0	 |	 -- 		 0.0		 0.0
(Eremanthus_veadeiroensis_E2872,Lychnophora_santosii,(((((Eremanthus_capitatus_E2873,Eremanthus_uniflorus_E2874):0.5030535999239356,Eremanthus_erythropappus)1:0.46660254937770135,Eremanthus_elaeagnus_E2875)0.69:0.03059408161962047,((Eremanthus_incanus,(Eremanthus_reticulatus_E2876)#H21:::0.5452159732993829)0.93:0.4645008055697943,((Eremanthus_auriculatus,(Piptolepisrosmarinifolia,(Piptolepispabstii)#H22:::0.6567886574805059)0.86:0.3877940913763922)1:0.36307754954107624,#H22:::0.34321134251949414):0.0)0.87:0.2714545596079103)1:0.12439939190732884,(#H21:::0.4547840267006171,Lychnophoraericoides):1.12910503068974)0.58:0.1314301149116333)0.98;
---------------------
seed: 18310 for run 5, 2022-12-06 22:3:40.292

BEGIN SNaQ for run 5, seed 18310 and hmax 2 changed starting topology by NNI move

 changed starting network by move target
Begins heuristic optimization of network------

found best network, now we re-optimize branch lengths and gamma more precisely
STOPPED by number of failures criteria
END optTopLevel: found minimizer topology at step 100 (failures: 75) with -loglik=642.62495 and ht_min=[0.45502, 0.3456, 0.50324, 0.46609, 0.03117, 0.39067, 0.36232, 0.46412, 0.27132, 0.12432, 1.12767, 0.13172, 0.00098]
PERFORMANCE: total number of moves (proposed, successful, accepted) in general, and to fix gamma=0.0,t=0.0 cases
	--------moves general--------				 --------moves gamma,t------	
move	 Num.Proposed	 Num.Successful	 Num.Accepted	 | Num.Proposed	 Num.Successful	 Num.Accepted
add		 1		 1		 1	 |	 NA 		 NA 		 NA 
mvorigin	 23		 23		 0	 |	 0		 0		 --
mvtarget	 33		 33		 1	 |	 0		 0		 --
chdir		 14		 14		 1	 |	 0		 0		 --
delete		 0		 0		 0	 |	 0		 0		 --
nni		 29		 24		 1	 |	 2		 2		 --
Total		 100		 95		 4	 |	 2		 2		 2
Proportion	 -- 		 1.0		 0.0	 |	 -- 		 1.0		 1.0
(Eremanthus_veadeiroensis_E2872,Lychnophora_santosii,(((((Eremanthus_uniflorus_E2874,Eremanthus_capitatus_E2873):0.5032407651914838,Eremanthus_erythropappus)1:0.46609334601415076,Eremanthus_elaeagnus_E2875)0.69:0.031166129412486608,((Eremanthus_incanus,(Eremanthus_reticulatus_E2876)#H21:::0.5449829947920006)0.93:0.46411750619107567,((Eremanthus_auriculatus,(Piptolepisrosmarinifolia,(Piptolepispabstii)#H22:::0.6543968236355967)0.86:0.3906744943613315)1:0.3623223044732287,#H22:::0.3456031763644033):0.0009839418613824715)0.87:0.2713182578849275)1:0.12431650506577607,(#H21:::0.45501700520799937,Lychnophoraericoides):1.1276742554423758)0.58:0.13171571055387526)0.98;
---------------------
seed: 56862 for run 6, 2022-12-06 22:23:31.573

BEGIN SNaQ for run 6, seed 56862 and hmax 2
Begins heuristic optimization of network------

found best network, now we re-optimize branch lengths and gamma more precisely
STOPPED by number of failures criteria
END optTopLevel: found minimizer topology at step 192 (failures: 75) with -loglik=648.87824 and ht_min=[0.45447, 0.17863, 0.0, 0.82198, 0.02994, 0.15379, 0.2853, 0.46367, 0.27171, 0.12437, 1.13017, 0.13146, 0.53668]
PERFORMANCE: total number of moves (proposed, successful, accepted) in general, and to fix gamma=0.0,t=0.0 cases
	--------moves general--------				 --------moves gamma,t------	
move	 Num.Proposed	 Num.Successful	 Num.Accepted	 | Num.Proposed	 Num.Successful	 Num.Accepted
add		 1		 1		 1	 |	 NA 		 NA 		 NA 
mvorigin	 54		 54		 3	 |	 0		 0		 --
mvtarget	 51		 51		 3	 |	 0		 0		 --
chdir		 31		 31		 3	 |	 0		 0		 --
delete		 0		 0		 0	 |	 0		 0		 --
nni		 55		 46		 0	 |	 0		 0		 --
Total		 192		 183		 10	 |	 0		 0		 0
Proportion	 -- 		 1.0		 0.1	 |	 -- 		 0.0		 0.0
(Eremanthus_veadeiroensis_E2872,Lychnophora_santosii,((((Eremanthus_auriculatus,(Piptolepispabstii,Piptolepisrosmarinifolia)0.86:0.1537867409520824)1:0.2852967894707295,(Eremanthus_incanus,(Eremanthus_reticulatus_E2876)#H21:::0.5455336382838905)0.93:0.46367347839447765)0.87:0.2717147302579042,(Eremanthus_elaeagnus_E2875,(((Eremanthus_uniflorus_E2874,(Eremanthus_capitatus_E2873)#H22:::0.8213738993595157):0.8219840169040848,Eremanthus_erythropappus)1:0.5366808907824004,#H22:::0.17862610064048431):0.0)0.69:0.029942266085193455)1:0.12437286341929603,(#H21:::0.4544663617161095,Lychnophoraericoides):1.13017174118053)0.58:0.13145753348206288)0.98;
---------------------
seed: 37911 for run 7, 2022-12-06 23:1:35.529

BEGIN SNaQ for run 7, seed 37911 and hmax 2
Begins heuristic optimization of network------

found best network, now we re-optimize branch lengths and gamma more precisely
STOPPED by number of failures criteria
END optTopLevel: found minimizer topology at step 289 (failures: 75) with -loglik=648.87827 and ht_min=[0.45445, 0.17875, 0.82233, 0.0, 0.03003, 0.15373, 0.28529, 0.4635, 0.27171, 0.12438, 1.13018, 0.13149, 0.53663]
PERFORMANCE: total number of moves (proposed, successful, accepted) in general, and to fix gamma=0.0,t=0.0 cases
	--------moves general--------				 --------moves gamma,t------	
move	 Num.Proposed	 Num.Successful	 Num.Accepted	 | Num.Proposed	 Num.Successful	 Num.Accepted
add		 1		 1		 1	 |	 NA 		 NA 		 NA 
mvorigin	 89		 89		 15	 |	 0		 0		 --
mvtarget	 72		 72		 0	 |	 0		 0		 --
chdir		 59		 59		 1	 |	 0		 0		 --
delete		 0		 0		 0	 |	 0		 0		 --
nni		 68		 57		 0	 |	 0		 0		 --
Total		 289		 278		 17	 |	 0		 0		 0
Proportion	 -- 		 1.0		 0.1	 |	 -- 		 0.0		 0.0
(Eremanthus_veadeiroensis_E2872,Lychnophora_santosii,((((Eremanthus_auriculatus,(Piptolepispabstii,Piptolepisrosmarinifolia)0.86:0.15372880626041807)1:0.28528764656657973,(Eremanthus_incanus,(Eremanthus_reticulatus_E2876)#H21:::0.5455460815834214)0.93:0.46350269702808533)0.87:0.2717115471046967,(Eremanthus_elaeagnus_E2875,((Eremanthus_erythropappus,(Eremanthus_uniflorus_E2874,(Eremanthus_capitatus_E2873)#H22:::0.8212497276502255):0.8223326634788517)1:0.5366328880180711,#H22:::0.1787502723497745):0.0)0.69:0.030025359312332973)1:0.12438062098116262,(#H21:::0.4544539184165786,Lychnophoraericoides):1.1301756500059315)0.58:0.13149122689758744)0.98;
---------------------
seed: 96883 for run 8, 2022-12-07 0:2:3.1

BEGIN SNaQ for run 8, seed 96883 and hmax 2 changed starting topology by NNI move

Begins heuristic optimization of network------

found best network, now we re-optimize branch lengths and gamma more precisely
STOPPED by number of failures criteria
END optTopLevel: found minimizer topology at step 99 (failures: 75) with -loglik=642.62144 and ht_min=[0.45466, 0.34308, 0.50302, 0.4667, 0.03047, 0.0, 0.38765, 0.46416, 0.27144, 0.12442, 1.12964, 0.13143, 0.36311]
PERFORMANCE: total number of moves (proposed, successful, accepted) in general, and to fix gamma=0.0,t=0.0 cases
	--------moves general--------				 --------moves gamma,t------	
move	 Num.Proposed	 Num.Successful	 Num.Accepted	 | Num.Proposed	 Num.Successful	 Num.Accepted
add		 1		 1		 1	 |	 NA 		 NA 		 NA 
mvorigin	 32		 32		 0	 |	 1		 1		 --
mvtarget	 24		 24		 0	 |	 0		 0		 --
chdir		 15		 15		 1	 |	 2		 2		 --
delete		 0		 0		 0	 |	 0		 0		 --
nni		 27		 23		 0	 |	 4		 4		 --
Total		 99		 95		 2	 |	 7		 7		 5
Proportion	 -- 		 1.0		 0.0	 |	 -- 		 1.0		 0.7
(Eremanthus_veadeiroensis_E2872,Lychnophora_santosii,((((Eremanthus_incanus,(Eremanthus_reticulatus_E2876)#H21:::0.5453444138441654)0.93:0.46416189934028346,(((Piptolepisrosmarinifolia,(Piptolepispabstii)#H22:::0.6569208646605196)0.86:0.38764607169560206,Eremanthus_auriculatus)1:0.36311004151045567,#H22:::0.3430791353394804):0.0)0.87:0.27144405822979484,(((Eremanthus_capitatus_E2873,Eremanthus_uniflorus_E2874):0.5030192093337391,Eremanthus_erythropappus)1:0.46669640240177396,Eremanthus_elaeagnus_E2875)0.69:0.030473825085977062)1:0.12441944118581308,(#H21:::0.4546555861558345,Lychnophoraericoides):1.1296353108825736)0.58:0.13142864009720603)0.98;
---------------------
seed: 83494 for run 9, 2022-12-07 0:23:32.617

BEGIN SNaQ for run 9, seed 83494 and hmax 2 changed starting topology by NNI move

 changed starting network by move origin
Begins heuristic optimization of network------

found best network, now we re-optimize branch lengths and gamma more precisely
STOPPED by number of failures criteria
END optTopLevel: found minimizer topology at step 521 (failures: 75) with -loglik=648.87822 and ht_min=[0.45438, 0.17859, 0.0, 0.82187, 0.53665, 0.02998, 0.1538, 0.2853, 0.4634, 0.2717, 0.12436, 1.13069, 0.13144]
PERFORMANCE: total number of moves (proposed, successful, accepted) in general, and to fix gamma=0.0,t=0.0 cases
	--------moves general--------				 --------moves gamma,t------	
move	 Num.Proposed	 Num.Successful	 Num.Accepted	 | Num.Proposed	 Num.Successful	 Num.Accepted
add		 4		 4		 2	 |	 NA 		 NA 		 NA 
mvorigin	 118		 118		 26	 |	 0		 0		 --
mvtarget	 153		 153		 0	 |	 0		 0		 --
chdir		 105		 105		 1	 |	 0		 0		 --
delete		 0		 0		 0	 |	 0		 0		 --
nni		 141		 116		 0	 |	 4		 4		 --
Total		 521		 496		 29	 |	 4		 4		 2
Proportion	 -- 		 1.0		 0.1	 |	 -- 		 1.0		 0.5
(Eremanthus_uniflorus_E2874,(Eremanthus_capitatus_E2873)#H24:::0.821405098068009,(Eremanthus_erythropappus,((((Eremanthus_auriculatus,(Piptolepispabstii,Piptolepisrosmarinifolia)0.86:0.15379918446281107)1:0.28530111147429776,(Eremanthus_incanus,(Eremanthus_reticulatus_E2876)#H21:::0.5456229138124391)0.93:0.46340236352827724)0.87:0.2717020978355418,((Eremanthus_veadeiroensis_E2872,Lychnophora_santosii)0.58:0.13144187509581248,(#H21:::0.4543770861875609,Lychnophoraericoides):1.130689047539483):0.1243599474610969)1:0.02998367895308492,(Eremanthus_elaeagnus_E2875,#H24:::0.17859490193199096):0.0)0.69:0.5366463185875008)1:0.8218655317924981);
---------------------
seed: 68985 for run 10, 2022-12-07 2:20:48.59

BEGIN SNaQ for run 10, seed 68985 and hmax 2 changed starting topology by NNI move

 changed starting network by move target
Begins heuristic optimization of network------

found best network, now we re-optimize branch lengths and gamma more precisely
STOPPED by number of failures criteria
END optTopLevel: found minimizer topology at step 130 (failures: 75) with -loglik=644.92122 and ht_min=[0.45478, 0.12484, 0.50302, 0.46662, 0.03059, 0.27155, 0.20437, 0.4644, 0.24002, 0.12438, 1.12896, 0.13141, 4.70395]
PERFORMANCE: total number of moves (proposed, successful, accepted) in general, and to fix gamma=0.0,t=0.0 cases
	--------moves general--------				 --------moves gamma,t------	
move	 Num.Proposed	 Num.Successful	 Num.Accepted	 | Num.Proposed	 Num.Successful	 Num.Accepted
add		 1		 1		 1	 |	 NA 		 NA 		 NA 
mvorigin	 33		 33		 3	 |	 0		 0		 --
mvtarget	 32		 32		 0	 |	 1		 1		 --
chdir		 22		 22		 3	 |	 2		 2		 --
delete		 0		 0		 0	 |	 0		 0		 --
nni		 42		 38		 0	 |	 0		 0		 --
Total		 130		 126		 7	 |	 3		 3		 2
Proportion	 -- 		 1.0		 0.1	 |	 -- 		 1.0		 0.7
(Eremanthus_veadeiroensis_E2872,Lychnophora_santosii,(((((Eremanthus_capitatus_E2873,Eremanthus_uniflorus_E2874):0.5030153978901633,Eremanthus_erythropappus)1:0.46662086240953254,Eremanthus_elaeagnus_E2875)0.69:0.030591255328479967,(((Piptolepispabstii,(Piptolepisrosmarinifolia,#H22:::0.12483669932936095):4.703952705161821)0.86:0.2400225414591853,(Eremanthus_auriculatus)#H22:::0.8751633006706391)0.87:0.20436860915033642,(Eremanthus_incanus,(Eremanthus_reticulatus_E2876)#H21:::0.5452238476483626)0.93:0.4644029949197559)1:0.2715514033985561)1:0.12437794394554531,(Lychnophoraericoides,#H21:::0.4547761523516374):1.1289599488657445)0.58:0.13141342199779543)0.98;
---------------------

2022-12-07 2:52:47.566
MaxNet is (Eremanthus_veadeiroensis_E2872,Lychnophora_santosii,(((((Eremanthus_capitatus_E2873,Eremanthus_uniflorus_E2874):0.5030535999239356,Eremanthus_erythropappus)1:0.46660254937770135,Eremanthus_elaeagnus_E2875)0.69:0.03059408161962047,((Eremanthus_incanus,(Eremanthus_reticulatus_E2876)#H21:::0.5452159732993829)0.93:0.4645008055697943,((Eremanthus_auriculatus,(Piptolepisrosmarinifolia,(Piptolepispabstii)#H22:::0.6567886574805059)0.86:0.3877940913763922)1:0.36307754954107624,#H22:::0.34321134251949414):0.0)0.87:0.2714545596079103)1:0.12439939190732884,(#H21:::0.4547840267006171,Lychnophoraericoides):1.12910503068974)0.58:0.1314301149116333)0.98; 
with -loglik 642.6213258120293
