optimization of topology, BL and inheritance probabilities using:
 hmax = 5,
 tolerance parameters: ftolRel=1.0e-6, ftolAbs=1.0e-6,
                       xtolAbs=0.001, xtolRel=0.01.
 max number of failed proposals = 75, liktolAbs = 1.0e-6.
rootname for files: net5
BEGIN: 10 runs on starting tree ((((Minasiaalpestris,(((((Piptolepisleptospermoides,(Piptolepispseudomyrtus)#H25:::0.6635379784044724):0.13303308687855897,Piptolepisimbricata)0.63:0.037898079491727826,Piptolepisoleaster)0.98:0.08372240053706392,(Piptolepisgardneri,#H25:::0.3364620215955277):0.22992420693025836)0.47:0.5800037669263315,#H23:::0.4844162359929435)0.88:0.16881031990219847)1:0.4458295847317042,((Presteliaeriopus)#H23:::0.5155837640070565,(Lychnophora_hatschbachii,Lychnophorasouzae)1:0.2139694208690486)0.67:0.27568246441566524)0.96:0.05561191593372931,(Lychnophoraalbertinioides,#H24:::0.25614766478348794):0.4983758876609416):0.5075485948090243,Lychnocephalustomentosus,(Lychnocephaluscipoensis,(Lychnocephalusjolianus)#H24:::0.7438523352165121)1:0.18741597709413846)0.58;

main seed 6789
seed: 6789 for run 1, 2023-02-02 14:43:54.242

BEGIN SNaQ for run 1, seed 6789 and hmax 5
 changed starting network by move origin
Begins heuristic optimization of network------

found best network, now we re-optimize branch lengths and gamma more precisely
STOPPED by number of failures criteria
END optTopLevel: found minimizer topology at step 111 (failures: 75) with -loglik=1327.31402 and ht_min=[0.1514, 0.48295, 0.25473, 0.0615, 0.0, 0.07383, 0.56109, 0.57979, 0.17034, 0.44602, 0.2146, 0.27461, 0.05596, 0.49898, 0.50678, 0.18537]
PERFORMANCE: total number of moves (proposed, successful, accepted) in general, and to fix gamma=0.0,t=0.0 cases
	--------moves general--------				 --------moves gamma,t------	
move	 Num.Proposed	 Num.Successful	 Num.Accepted	 | Num.Proposed	 Num.Successful	 Num.Accepted
add		 27		 0		 0	 |	 NA 		 NA 		 NA 
mvorigin	 24		 24		 1	 |	 0		 0		 --
mvtarget	 23		 23		 0	 |	 0		 0		 --
chdir		 17		 17		 0	 |	 0		 0		 --
delete		 0		 0		 0	 |	 0		 0		 --
nni		 20		 13		 0	 |	 0		 0		 --
Total		 111		 77		 1	 |	 0		 0		 0
Proportion	 -- 		 1.0		 0.0	 |	 -- 		 0.0		 0.0
((((Minasiaalpestris,(((Piptolepisoleaster,((Piptolepispseudomyrtus)#H25:::0.8485978044278051,(Piptolepisleptospermoides,Piptolepisimbricata)0.63:0.0):0.06149835163667204)0.98:0.07382944038118344,(Piptolepisgardneri,#H25:::0.15140219557219492):0.5610868939762667)0.47:0.579787502687332,#H23:::0.48294629005883155)0.88:0.17034411043573217)1:0.4460216571990107,((Presteliaeriopus)#H23:::0.5170537099411685,(Lychnophora_hatschbachii,Lychnophorasouzae)1:0.2146020720559052)0.67:0.27461432345821923)0.96:0.05595771863558346,(Lychnophoraalbertinioides,#H24:::0.25473162614796796):0.4989808647498565):0.5067826855195668,Lychnocephalustomentosus,(Lychnocephaluscipoensis,(Lychnocephalusjolianus)#H24:::0.745268373852032)1:0.185373309005542)0.58;
---------------------
seed: 28131 for run 2, 2023-02-02 15:30:40.453

BEGIN SNaQ for run 2, seed 28131 and hmax 5 changed starting topology by NNI move

 changed starting network by move target
Begins heuristic optimization of network------

found best network, now we re-optimize branch lengths and gamma more precisely
STOPPED by number of failures criteria
END optTopLevel: found minimizer topology at step 311 (failures: 75) with -loglik=1349.28631 and ht_min=[0.10398, 0.21848, 0.388, 0.25208, 0.44571, 0.02713, 0.72899, 0.08112, 0.00387, 0.28435, 0.0, 0.73708, 0.10092, 0.39408, 0.0535, 0.51914, 0.50836, 0.18553, 0.10709]
PERFORMANCE: total number of moves (proposed, successful, accepted) in general, and to fix gamma=0.0,t=0.0 cases
	--------moves general--------				 --------moves gamma,t------	
move	 Num.Proposed	 Num.Successful	 Num.Accepted	 | Num.Proposed	 Num.Successful	 Num.Accepted
add		 60		 1		 1	 |	 NA 		 NA 		 NA 
mvorigin	 68		 68		 8	 |	 0		 0		 --
mvtarget	 60		 52		 6	 |	 2		 2		 --
chdir		 55		 47		 1	 |	 2		 2		 --
delete		 0		 0		 0	 |	 0		 0		 --
nni		 68		 25		 1	 |	 5		 5		 --
Total		 311		 193		 17	 |	 9		 9		 5
Proportion	 -- 		 1.0		 0.1	 |	 -- 		 1.0		 0.6
(Piptolepisoleaster,#H25:0.027127934235368575::0.10397905758394971,((Piptolepisimbricata,((((#H26:::0.2184808221745963,Piptolepisgardneri):0.2843519573243564,((Minasiaalpestris,(Presteliaeriopus)#H23:::0.6120037974531936)0.88:0.0,(((Lychnophoraalbertinioides,#H24:::0.25207509240379317):0.5191421055417366,(Lychnocephalustomentosus,(Lychnocephaluscipoensis,(Lychnocephalusjolianus)#H24:::0.7479249075962069)1:0.1855337144322345)0.58:0.5083609865672938):0.053503129319243795,(#H23:::0.38799620254680645,(Lychnophora_hatschbachii,Lychnophorasouzae)1:0.10091618557814443)0.67:0.39408496169919893)0.96:0.4457145503954746)1:0.7370815458444827):0.10709375275704665,(Piptolepispseudomyrtus)#H26:::0.7815191778254037)0.47:0.0)#H25:0.0038720475436440586::0.8960209424160503)0.98:0.08111744071961025,Piptolepisleptospermoides)0.63:0.7289903399333365);
---------------------
seed: 66583 for run 3, 2023-02-02 16:18:6.222

BEGIN SNaQ for run 3, seed 66583 and hmax 5
Begins heuristic optimization of network------

found best network, now we re-optimize branch lengths and gamma more precisely
STOPPED by number of failures criteria
END optTopLevel: found minimizer topology at step 110 (failures: 75) with -loglik=1315.47047 and ht_min=[0.33637, 0.48441, 0.25617, 0.13298, 0.03791, 0.08372, 0.23002, 0.58, 0.16881, 0.44582, 0.21396, 0.27568, 0.05561, 0.49835, 0.50755, 0.18745]
PERFORMANCE: total number of moves (proposed, successful, accepted) in general, and to fix gamma=0.0,t=0.0 cases
	--------moves general--------				 --------moves gamma,t------	
move	 Num.Proposed	 Num.Successful	 Num.Accepted	 | Num.Proposed	 Num.Successful	 Num.Accepted
add		 29		 0		 0	 |	 NA 		 NA 		 NA 
mvorigin	 23		 23		 0	 |	 0		 0		 --
mvtarget	 19		 19		 0	 |	 0		 0		 --
chdir		 17		 17		 0	 |	 0		 0		 --
delete		 0		 0		 0	 |	 0		 0		 --
nni		 22		 16		 0	 |	 0		 0		 --
Total		 110		 75		 0	 |	 0		 0		 0
Proportion	 -- 		 1.0		 0.0	 |	 -- 		 0.0		 0.0
((((Minasiaalpestris,(((((Piptolepisleptospermoides,(Piptolepispseudomyrtus)#H25:::0.663634055940315):0.13298216373383784,Piptolepisimbricata)0.63:0.03790621849519602,Piptolepisoleaster)0.98:0.08372255439517397,(Piptolepisgardneri,#H25:::0.336365944059685):0.23002272395147005)0.47:0.5799989688719257,#H23:::0.48441373968214185)0.88:0.16881353239102476)1:0.4458223002832457,((Presteliaeriopus)#H23:::0.5155862603178581,(Lychnophora_hatschbachii,Lychnophorasouzae)1:0.213964085119068)0.67:0.275680491411085)0.96:0.05561039044572356,(Lychnophoraalbertinioides,#H24:::0.256172090294578):0.4983540330052615):0.5075527314602845,Lychnocephalustomentosus,(Lychnocephaluscipoensis,(Lychnocephalusjolianus)#H24:::0.743827909705422)1:0.18744807933896632)0.58;
---------------------
seed: 71624 for run 4, 2023-02-02 16:54:12.14

BEGIN SNaQ for run 4, seed 71624 and hmax 5
Begins heuristic optimization of network------

found best network, now we re-optimize branch lengths and gamma more precisely
STOPPED by number of failures criteria
END optTopLevel: found minimizer topology at step 109 (failures: 75) with -loglik=1315.47047 and ht_min=[0.33637, 0.48441, 0.25617, 0.13298, 0.03791, 0.08372, 0.23002, 0.58, 0.16881, 0.44582, 0.21396, 0.27568, 0.05561, 0.49835, 0.50755, 0.18745]
PERFORMANCE: total number of moves (proposed, successful, accepted) in general, and to fix gamma=0.0,t=0.0 cases
	--------moves general--------				 --------moves gamma,t------	
move	 Num.Proposed	 Num.Successful	 Num.Accepted	 | Num.Proposed	 Num.Successful	 Num.Accepted
add		 27		 0		 0	 |	 NA 		 NA 		 NA 
mvorigin	 19		 19		 0	 |	 0		 0		 --
mvtarget	 32		 32		 0	 |	 0		 0		 --
chdir		 17		 17		 0	 |	 0		 0		 --
delete		 0		 0		 0	 |	 0		 0		 --
nni		 14		 7		 0	 |	 0		 0		 --
Total		 109		 75		 0	 |	 0		 0		 0
Proportion	 -- 		 1.0		 0.0	 |	 -- 		 0.0		 0.0
((((Minasiaalpestris,(((((Piptolepisleptospermoides,(Piptolepispseudomyrtus)#H25:::0.663634055940315):0.13298216373383784,Piptolepisimbricata)0.63:0.03790621849519602,Piptolepisoleaster)0.98:0.08372255439517397,(Piptolepisgardneri,#H25:::0.336365944059685):0.23002272395147005)0.47:0.5799989688719257,#H23:::0.48441373968214185)0.88:0.16881353239102476)1:0.4458223002832457,((Presteliaeriopus)#H23:::0.5155862603178581,(Lychnophora_hatschbachii,Lychnophorasouzae)1:0.213964085119068)0.67:0.275680491411085)0.96:0.05561039044572356,(Lychnophoraalbertinioides,#H24:::0.256172090294578):0.4983540330052615):0.5075527314602845,Lychnocephalustomentosus,(Lychnocephaluscipoensis,(Lychnocephalusjolianus)#H24:::0.743827909705422)1:0.18744807933896632)0.58;
---------------------
seed: 68160 for run 5, 2023-02-02 17:29:28.851

BEGIN SNaQ for run 5, seed 68160 and hmax 5
Begins heuristic optimization of network------

found best network, now we re-optimize branch lengths and gamma more precisely
STOPPED by number of failures criteria
END optTopLevel: found minimizer topology at step 124 (failures: 75) with -loglik=1315.47047 and ht_min=[0.33637, 0.48441, 0.25617, 0.13298, 0.03791, 0.08372, 0.23002, 0.58, 0.16881, 0.44582, 0.21396, 0.27568, 0.05561, 0.49835, 0.50755, 0.18745]
PERFORMANCE: total number of moves (proposed, successful, accepted) in general, and to fix gamma=0.0,t=0.0 cases
	--------moves general--------				 --------moves gamma,t------	
move	 Num.Proposed	 Num.Successful	 Num.Accepted	 | Num.Proposed	 Num.Successful	 Num.Accepted
add		 43		 0		 0	 |	 NA 		 NA 		 NA 
mvorigin	 28		 28		 0	 |	 0		 0		 --
mvtarget	 23		 23		 0	 |	 0		 0		 --
chdir		 17		 17		 0	 |	 0		 0		 --
delete		 0		 0		 0	 |	 0		 0		 --
nni		 13		 7		 0	 |	 0		 0		 --
Total		 124		 75		 0	 |	 0		 0		 0
Proportion	 -- 		 1.0		 0.0	 |	 -- 		 0.0		 0.0
((((Minasiaalpestris,(((((Piptolepisleptospermoides,(Piptolepispseudomyrtus)#H25:::0.663634055940315):0.13298216373383784,Piptolepisimbricata)0.63:0.03790621849519602,Piptolepisoleaster)0.98:0.08372255439517397,(Piptolepisgardneri,#H25:::0.336365944059685):0.23002272395147005)0.47:0.5799989688719257,#H23:::0.48441373968214185)0.88:0.16881353239102476)1:0.4458223002832457,((Presteliaeriopus)#H23:::0.5155862603178581,(Lychnophora_hatschbachii,Lychnophorasouzae)1:0.213964085119068)0.67:0.275680491411085)0.96:0.05561039044572356,(Lychnophoraalbertinioides,#H24:::0.256172090294578):0.4983540330052615):0.5075527314602845,Lychnocephalustomentosus,(Lychnocephaluscipoensis,(Lychnocephalusjolianus)#H24:::0.743827909705422)1:0.18744807933896632)0.58;
---------------------
seed: 76086 for run 6, 2023-02-02 18:3:11.213

BEGIN SNaQ for run 6, seed 76086 and hmax 5
 changed starting network by move target
Begins heuristic optimization of network------

found best network, now we re-optimize branch lengths and gamma more precisely
STOPPED by number of failures criteria
END optTopLevel: found minimizer topology at step 307 (failures: 75) with -loglik=1315.47047 and ht_min=[0.33633, 0.48441, 0.25618, 0.13298, 0.0379, 0.08372, 0.23006, 0.57999, 0.16882, 0.44582, 0.21397, 0.27568, 0.05561, 0.49832, 0.50756, 0.18744]
PERFORMANCE: total number of moves (proposed, successful, accepted) in general, and to fix gamma=0.0,t=0.0 cases
	--------moves general--------				 --------moves gamma,t------	
move	 Num.Proposed	 Num.Successful	 Num.Accepted	 | Num.Proposed	 Num.Successful	 Num.Accepted
add		 106		 0		 0	 |	 NA 		 NA 		 NA 
mvorigin	 46		 46		 1	 |	 1		 1		 --
mvtarget	 44		 44		 0	 |	 1		 1		 --
chdir		 52		 52		 2	 |	 2		 2		 --
delete		 0		 0		 0	 |	 0		 0		 --
nni		 59		 41		 4	 |	 2		 2		 --
Total		 307		 183		 7	 |	 6		 6		 4
Proportion	 -- 		 1.0		 0.0	 |	 -- 		 1.0		 0.7
((((Minasiaalpestris,((((Piptolepisimbricata,(Piptolepisleptospermoides,(Piptolepispseudomyrtus)#H25:::0.663667994103573):0.13297774025066483)0.63:0.03790194117383703,Piptolepisoleaster)0.98:0.08372353712624246,(Piptolepisgardneri,#H25:::0.336332005896427):0.23006006351187702)0.47:0.57999442761983,#H23:::0.4844123168884726)0.88:0.16881623327841844)1:0.4458236720047535,((Presteliaeriopus)#H23:::0.5155876831115274,(Lychnophora_hatschbachii,Lychnophorasouzae)1:0.2139679444645583)0.67:0.2756777928557514)0.96:0.05560961376453387,(Lychnophoraalbertinioides,#H24:::0.256182628646109):0.4983161279862941):0.5075631119690485,Lychnocephalustomentosus,(Lychnocephaluscipoensis,(Lychnocephalusjolianus)#H24:::0.7438173713538909)1:0.18744434604247343)0.58;
---------------------
seed: 17040 for run 7, 2023-02-02 19:28:51.023

BEGIN SNaQ for run 7, seed 17040 and hmax 5
 changed starting network by move origin
Begins heuristic optimization of network------

found best network, now we re-optimize branch lengths and gamma more precisely
STOPPED by number of failures criteria
END optTopLevel: found minimizer topology at step 123 (failures: 75) with -loglik=1331.73434 and ht_min=[0.33734, 0.38771, 0.25584, 0.73224, 0.13332, 0.03802, 0.08377, 0.22944, 0.0, 0.44533, 0.10177, 0.39339, 0.05545, 0.49921, 0.50764, 0.18724]
PERFORMANCE: total number of moves (proposed, successful, accepted) in general, and to fix gamma=0.0,t=0.0 cases
	--------moves general--------				 --------moves gamma,t------	
move	 Num.Proposed	 Num.Successful	 Num.Accepted	 | Num.Proposed	 Num.Successful	 Num.Accepted
add		 38		 0		 0	 |	 NA 		 NA 		 NA 
mvorigin	 17		 17		 0	 |	 0		 0		 --
mvtarget	 28		 28		 0	 |	 0		 0		 --
chdir		 17		 17		 0	 |	 0		 0		 --
delete		 0		 0		 0	 |	 0		 0		 --
nni		 23		 13		 0	 |	 0		 0		 --
Total		 123		 75		 0	 |	 0		 0		 0
Proportion	 -- 		 1.0		 0.0	 |	 -- 		 0.0		 0.0
((((((((Piptolepisleptospermoides,(Piptolepispseudomyrtus)#H25:::0.662659578463151):0.13331916675420113,Piptolepisimbricata)0.63:0.03802104486042725,Piptolepisoleaster)0.98:0.08376688059252786,(Piptolepisgardneri,#H25:::0.33734042153684896):0.22943815917181623)0.47:0.7322437675423984,(Minasiaalpestris,(Presteliaeriopus)#H23:::0.6122919924850585)0.88:0.0)1:0.4453301183369445,(#H23:::0.3877080075149415,(Lychnophora_hatschbachii,Lychnophorasouzae)1:0.10177123626042789)0.67:0.39338830338336384)0.96:0.05544773396014708,(Lychnophoraalbertinioides,#H24:::0.25583565399838953):0.4992116092704258):0.5076424114967212,Lychnocephalustomentosus,(Lychnocephaluscipoensis,(Lychnocephalusjolianus)#H24:::0.7441643460016105)1:0.18723566719373738)0.58;
---------------------
seed: 53389 for run 8, 2023-02-02 20:2:49.973

BEGIN SNaQ for run 8, seed 53389 and hmax 5 changed starting topology by NNI move

Begins heuristic optimization of network------

found best network, now we re-optimize branch lengths and gamma more precisely
STOPPED by number of failures criteria
END optTopLevel: found minimizer topology at step 132 (failures: 75) with -loglik=1315.47047 and ht_min=[0.33621, 0.48439, 0.25615, 0.13294, 0.03789, 0.08374, 0.2302, 0.57997, 0.16884, 0.44583, 0.214, 0.27565, 0.05561, 0.49837, 0.50755, 0.18741]
PERFORMANCE: total number of moves (proposed, successful, accepted) in general, and to fix gamma=0.0,t=0.0 cases
	--------moves general--------				 --------moves gamma,t------	
move	 Num.Proposed	 Num.Successful	 Num.Accepted	 | Num.Proposed	 Num.Successful	 Num.Accepted
add		 45		 0		 0	 |	 NA 		 NA 		 NA 
mvorigin	 21		 21		 0	 |	 0		 0		 --
mvtarget	 30		 30		 0	 |	 0		 0		 --
chdir		 17		 17		 0	 |	 0		 0		 --
delete		 0		 0		 0	 |	 0		 0		 --
nni		 19		 7		 0	 |	 1		 1		 --
Total		 132		 75		 0	 |	 1		 1		 1
Proportion	 -- 		 1.0		 0.0	 |	 -- 		 1.0		 1.0
((((Minasiaalpestris,(((((Piptolepisleptospermoides,(Piptolepispseudomyrtus)#H25:::0.6637905526743713):0.13293788857314306,Piptolepisimbricata)0.63:0.03789182248756761,Piptolepisoleaster)0.98:0.0837365987748138,(Piptolepisgardneri,#H25:::0.3362094473256287):0.23019796589971972)0.47:0.5799658498130281,#H23:::0.4843862942818753)0.88:0.16884182872919695)0.96:0.44582895182220583,((Presteliaeriopus)#H23:::0.5156137057181247,(Lychnophora_hatschbachii,Lychnophorasouzae)1:0.2140002264901567)0.67:0.2756508942285055)1:0.05560617397079936,(Lychnophoraalbertinioides,#H24:::0.25615272526537786):0.49837375269855494):0.5075521667086194,Lychnocephalustomentosus,(Lychnocephaluscipoensis,(Lychnocephalusjolianus)#H24:::0.7438472747346221)1:0.1874135174041659)0.58;
---------------------
seed: 73150 for run 9, 2023-02-02 20:40:34.924

BEGIN SNaQ for run 9, seed 73150 and hmax 5 changed starting topology by NNI move

Begins heuristic optimization of network------

found best network, now we re-optimize branch lengths and gamma more precisely
STOPPED by number of failures criteria
END optTopLevel: found minimizer topology at step 155 (failures: 75) with -loglik=1315.47047 and ht_min=[0.33622, 0.48437, 0.25616, 0.13293, 0.0379, 0.08373, 0.2302, 0.57994, 0.16886, 0.44582, 0.21401, 0.27564, 0.05562, 0.49831, 0.50754, 0.18742]
PERFORMANCE: total number of moves (proposed, successful, accepted) in general, and to fix gamma=0.0,t=0.0 cases
	--------moves general--------				 --------moves gamma,t------	
move	 Num.Proposed	 Num.Successful	 Num.Accepted	 | Num.Proposed	 Num.Successful	 Num.Accepted
add		 54		 0		 0	 |	 NA 		 NA 		 NA 
mvorigin	 22		 22		 0	 |	 0		 0		 --
mvtarget	 32		 32		 0	 |	 0		 0		 --
chdir		 19		 19		 0	 |	 0		 0		 --
delete		 0		 0		 0	 |	 0		 0		 --
nni		 28		 18		 1	 |	 0		 0		 --
Total		 155		 91		 1	 |	 0		 0		 0
Proportion	 -- 		 1.0		 0.0	 |	 -- 		 0.0		 0.0
((((Minasiaalpestris,((((Piptolepisimbricata,(Piptolepisleptospermoides,(Piptolepispseudomyrtus)#H25:::0.6637785725322218):0.13293126076859457)0.63:0.037904686101352635,Piptolepisoleaster)0.98:0.08373182088816739,(Piptolepisgardneri,#H25:::0.3362214274677782):0.23020231654797238)0.47:0.5799395596195827,#H23:::0.48437404845444976)0.88:0.1688631002616089)1:0.44582460324124074,((Presteliaeriopus)#H23:::0.5156259515455502,(Lychnophora_hatschbachii,Lychnophorasouzae)1:0.214011730858906)0.67:0.27563747535830063)0.96:0.055619258118184085,(Lychnophoraalbertinioides,#H24:::0.2561619441613675):0.4983120889768413):0.5075425951818116,Lychnocephalustomentosus,(Lychnocephaluscipoensis,(Lychnocephalusjolianus)#H24:::0.7438380558386325)1:0.1874178244253086)0.58;
---------------------
seed: 81458 for run 10, 2023-02-02 21:31:30.6

BEGIN SNaQ for run 10, seed 81458 and hmax 5 changed starting topology by NNI move

 changed starting network by move origin
Begins heuristic optimization of network------

found best network, now we re-optimize branch lengths and gamma more precisely
STOPPED by number of failures criteria
END optTopLevel: found minimizer topology at step 310 (failures: 75) with -loglik=1332.44215 and ht_min=[0.01509, 0.20816, 0.5153, 0.25611, 0.00232, 0.00147, 6.11895, 0.09202, 1.90846, 0.16289, 0.57644, 0.16831, 0.44581, 0.21397, 0.27568, 0.05572, 0.49865, 0.50744, 0.18707, 0.06375]
PERFORMANCE: total number of moves (proposed, successful, accepted) in general, and to fix gamma=0.0,t=0.0 cases
	--------moves general--------				 --------moves gamma,t------	
move	 Num.Proposed	 Num.Successful	 Num.Accepted	 | Num.Proposed	 Num.Successful	 Num.Accepted
add		 81		 3		 1	 |	 NA 		 NA 		 NA 
mvorigin	 65		 65		 3	 |	 0		 0		 --
mvtarget	 59		 53		 2	 |	 0		 0		 --
chdir		 62		 62		 9	 |	 0		 0		 --
delete		 0		 0		 0	 |	 0		 0		 --
nni		 43		 17		 0	 |	 7		 7		 --
Total		 310		 200		 15	 |	 7		 7		 6
Proportion	 -- 		 1.0		 0.1	 |	 -- 		 1.0		 0.9
(((Lychnocephaluscipoensis,(Lychnocephalusjolianus)#H24:::0.7438886529152384)1:0.1870652938047474,Lychnocephalustomentosus):0.5074433718016466,((Minasiaalpestris,(((Piptolepisgardneri,#H25:1.9084581813462962::0.2081611612273895):0.16288899077603275,(Piptolepisoleaster,(((Piptolepispseudomyrtus,(Piptolepisleptospermoides,#H26:::0.015088560691802625)0.63:6.118949002191459):0.06375095250649734,(Piptolepisimbricata)#H26:::0.9849114393081974)0.98:0.0023168472463513047)#H25:0.001474531187579849::0.7918388387726105):0.09202496930118005)0.47:0.5764412983737648,#H23:::0.48470128161894377)0.88:0.16830661655119994)1:0.4458115907185766,((Presteliaeriopus)#H23:::0.5152987183810562,(Lychnophora_hatschbachii,Lychnophorasouzae)1:0.21397394794206046)0.67:0.2756752364226199)0.96:0.055716435941308755,(Lychnophoraalbertinioides,#H24:::0.2561113470847615):0.49864900783036664)0.58;
---------------------

2023-02-02 21:55:57.544
MaxNet is ((((Minasiaalpestris,((((Piptolepisimbricata,(Piptolepisleptospermoides,(Piptolepispseudomyrtus)#H25:::0.663667994103573):0.13297774025066483)0.63:0.03790194117383703,Piptolepisoleaster)0.98:0.08372353712624246,(Piptolepisgardneri,#H25:::0.336332005896427):0.23006006351187702)0.47:0.57999442761983,#H23:::0.4844123168884726)0.88:0.16881623327841844)1:0.4458236720047535,((Presteliaeriopus)#H23:::0.5155876831115274,(Lychnophora_hatschbachii,Lychnophorasouzae)1:0.2139679444645583)0.67:0.2756777928557514)0.96:0.05560961376453387,(Lychnophoraalbertinioides,#H24:::0.256182628646109):0.4983161279862941):0.5075631119690485,Lychnocephalustomentosus,(Lychnocephaluscipoensis,(Lychnocephalusjolianus)#H24:::0.7438173713538909)1:0.18744434604247343)0.58; 
with -loglik 1315.4704703466675
