optimization of topology, BL and inheritance probabilities using:
 hmax = 4,
 tolerance parameters: ftolRel=1.0e-6, ftolAbs=1.0e-6,
                       xtolAbs=0.001, xtolRel=0.01.
 max number of failed proposals = 75, liktolAbs = 1.0e-6.
rootname for files: net4
BEGIN: 10 runs on starting tree (Eremanthus_elaeagnus_E2875,((Piptolepisrosmarinifolia,Piptolepispabstii)1:0.6585065339303878)#H23:0.0::0.7208685814144425,(Proteopisargentea,(Piptolepisoleaster,(((Piptolepismonticola,Piptolepisgardneri)0.69:0.04757200715044859,(Piptolepis_ericoides,(Piptolepisbuxoides,#H23:9.995722077716755::0.27913141858555746):0.08571233926397678)0.93:0.1468191893741854)0.4:0.05997518218561871,((Piptolepispilosa,(Piptolepisriparia,((Piptolepisleptospermoides,Piptolepisimbricata):0.04651713788517032)#H30:0.0756809193821033::0.7397441289963825):0.06194772647271947)0.56:0.1318854492503984,#H30:0.0::0.26025587100361747):0.0018517725722146524)0.37:0.0709606266708321)0.74:0.5230224432383468)1:1.9851185023754774)1;

main seed 5678
seed: 5678 for run 1, 2022-12-13 16:21:25.339

BEGIN SNaQ for run 1, seed 5678 and hmax 4
Begins heuristic optimization of network------

found best network, now we re-optimize branch lengths and gamma more precisely
STOPPED by number of failures criteria
END optTopLevel: found minimizer topology at step 139 (failures: 75) with -loglik=1669.7701 and ht_min=[0.27956, 0.27298, 0.65968, 0.0, 0.04744, 9.99972, 0.08302, 0.14738, 0.05987, 0.01543, 0.14956, 0.06476, 0.13301, 0.0, 0.0021, 0.07106, 0.5229, 1.98995]
PERFORMANCE: total number of moves (proposed, successful, accepted) in general, and to fix gamma=0.0,t=0.0 cases
	--------moves general--------				 --------moves gamma,t------	
move	 Num.Proposed	 Num.Successful	 Num.Accepted	 | Num.Proposed	 Num.Successful	 Num.Accepted
add		 58		 0		 0	 |	 NA 		 NA 		 NA 
mvorigin	 24		 24		 0	 |	 0		 0		 --
mvtarget	 23		 23		 0	 |	 0		 0		 --
chdir		 10		 10		 0	 |	 0		 0		 --
delete		 0		 0		 0	 |	 0		 0		 --
nni		 24		 18		 0	 |	 0		 0		 --
Total		 139		 75		 0	 |	 0		 0		 0
Proportion	 -- 		 1.0		 0.0	 |	 -- 		 0.0		 0.0
(Eremanthus_elaeagnus_E2875,((Piptolepisrosmarinifolia,Piptolepispabstii)1:0.6596760509271726)#H23:0.0::0.7204384554273093,(Proteopisargentea,(Piptolepisoleaster,(((Piptolepismonticola,Piptolepisgardneri)0.69:0.04744060264324224,(Piptolepis_ericoides,(Piptolepisbuxoides,#H23:9.999716988195194::0.2795615445726907):0.08301789426221322)0.93:0.1473840994084775)0.4:0.05986731103638715,((Piptolepispilosa,(Piptolepisriparia,((Piptolepisleptospermoides,Piptolepisimbricata):0.015427075924649135)#H30:0.14955680552055753::0.7270171759867184):0.06475830428971238)0.56:0.13301101190831915,#H30:0.0::0.27298282401328156):0.0021023115531701698)0.37:0.07105984339327673)0.74:0.5228988399006279)1:1.9899503382581383)1;
---------------------
seed: 86783 for run 2, 2022-12-13 16:31:24.005

BEGIN SNaQ for run 2, seed 86783 and hmax 4 changed starting topology by NNI move

 changed starting network by move target
Begins heuristic optimization of network------

found best network, now we re-optimize branch lengths and gamma more precisely
STOPPED by number of failures criteria
END optTopLevel: found minimizer topology at step 302 (failures: 75) with -loglik=1669.87844 and ht_min=[0.27911, 0.26715, 0.65846, 0.0, 0.04804, 9.99367, 0.08592, 0.14717, 0.05998, 0.03755, 0.09778, 0.06346, 0.13198, 0.0, 0.00221, 0.07115, 0.52302, 1.98461]
PERFORMANCE: total number of moves (proposed, successful, accepted) in general, and to fix gamma=0.0,t=0.0 cases
	--------moves general--------				 --------moves gamma,t------	
move	 Num.Proposed	 Num.Successful	 Num.Accepted	 | Num.Proposed	 Num.Successful	 Num.Accepted
add		 112		 0		 0	 |	 NA 		 NA 		 NA 
mvorigin	 52		 52		 2	 |	 0		 0		 --
mvtarget	 50		 50		 6	 |	 0		 0		 --
chdir		 32		 32		 0	 |	 0		 0		 --
delete		 0		 0		 0	 |	 0		 0		 --
nni		 56		 44		 3	 |	 3		 3		 --
Total		 302		 178		 11	 |	 3		 3		 2
Proportion	 -- 		 1.0		 0.1	 |	 -- 		 1.0		 0.7
(Eremanthus_elaeagnus_E2875,(Proteopisargentea,(Piptolepisoleaster,(((Piptolepismonticola,Piptolepisgardneri)0.69:0.04803921897453261,((Piptolepisbuxoides,#H23:9.993670347000338::0.27911468898337904):0.0859207224825096,Piptolepis_ericoides)0.93:0.14716754580365318)0.4:0.059983679229225546,((Piptolepispilosa,(Piptolepisriparia,((Piptolepisleptospermoides,Piptolepisimbricata):0.037550663208737865)#H30:0.09778361975455029::0.7328455433031337):0.06346468406775371)0.56:0.13197776703825065,#H30:0.0::0.2671544566968663):0.0022124968430859366)0.37:0.07114922049763363)0.74:0.5230199610260546)1:1.9846083309040832,((Piptolepispabstii,Piptolepisrosmarinifolia)1:0.6584640478314745)#H23:0.0::0.7208853110166209)1;
---------------------
seed: 40662 for run 3, 2022-12-13 16:51:32.791

BEGIN SNaQ for run 3, seed 40662 and hmax 4 changed starting topology by NNI move

 changed starting network by move target
Begins heuristic optimization of network------

found best network, now we re-optimize branch lengths and gamma more precisely
STOPPED by number of failures criteria
END optTopLevel: found minimizer topology at step 224 (failures: 75) with -loglik=1763.28738 and ht_min=[0.12, 0.33925, 0.0, 0.14559, 0.47161, 0.02723, 0.0, 0.0839, 0.7891, 10.0, 0.16078, 0.05195, 0.07503, 0.05449, 0.09329, 0.0, 0.0, 0.07457, 0.4771, 0.06053, 0.0, 0.0, 0.05994]
PERFORMANCE: total number of moves (proposed, successful, accepted) in general, and to fix gamma=0.0,t=0.0 cases
	--------moves general--------				 --------moves gamma,t------	
move	 Num.Proposed	 Num.Successful	 Num.Accepted	 | Num.Proposed	 Num.Successful	 Num.Accepted
add		 7		 2		 2	 |	 NA 		 NA 		 NA 
mvorigin	 46		 46		 1	 |	 236		 236		 --
mvtarget	 57		 55		 6	 |	 237		 237		 --
chdir		 58		 35		 2	 |	 473		 473		 --
delete		 0		 0		 0	 |	 56		 56		 --
nni		 56		 29		 0	 |	 1		 1		 --
Total		 224		 167		 11	 |	 1003		 1003		 20
Proportion	 -- 		 1.0		 0.1	 |	 -- 		 1.0		 0.0
(Eremanthus_elaeagnus_E2875,(Piptolepispabstii,(Piptolepisrosmarinifolia,#H24:0.0::0.0):0.06053255070541634)1:0.47161073721882946,(((Proteopisargentea,(Piptolepisoleaster,(((Piptolepispilosa,(Piptolepisriparia,((Piptolepisleptospermoides,Piptolepisimbricata):0.05194591628585042)#H30:0.07503241488832095::0.6607486402523663):0.05449190718205912)0.56:0.09328995103567261,#H30:0.0::0.33925135974763365):3.267904862030572e-15,((((Piptolepismonticola,(Piptolepisgardneri)#H26:::0.8544105940002542)0.4:0.08390307929479017,(Piptolepis_ericoides,Piptolepisbuxoides)0.93:0.16078116591239375)0.69:0.05993759621730244,#H26:::0.14558940599974576):0.02723148592814699)#H23:0.0::0.8799964303760544)0.37:0.07457312509708194)0.74:0.4770980809808006)1:0.7890966116376471,#H23:9.999999998980059::0.12000356962394562):0.0)#H24:0.0::1.0)1;
---------------------
seed: 22598 for run 4, 2022-12-13 20:15:37.798

BEGIN SNaQ for run 4, seed 22598 and hmax 4 changed starting topology by NNI move

 changed starting network by move origin
Begins heuristic optimization of network------

found best network, now we re-optimize branch lengths and gamma more precisely
STOPPED by number of failures criteria
END optTopLevel: found minimizer topology at step 347 (failures: 75) with -loglik=1671.77795 and ht_min=[0.28773, 0.25821, 0.65925, 0.0, 0.04826, 0.15033, 9.99184, 0.01783, 0.05921, 0.0, 0.17217, 0.06182, 0.13437, 0.0, 0.00033, 0.07197, 0.52428, 2.09463]
PERFORMANCE: total number of moves (proposed, successful, accepted) in general, and to fix gamma=0.0,t=0.0 cases
	--------moves general--------				 --------moves gamma,t------	
move	 Num.Proposed	 Num.Successful	 Num.Accepted	 | Num.Proposed	 Num.Successful	 Num.Accepted
add		 127		 0		 0	 |	 NA 		 NA 		 NA 
mvorigin	 54		 54		 6	 |	 0		 0		 --
mvtarget	 54		 54		 0	 |	 0		 0		 --
chdir		 42		 42		 0	 |	 0		 0		 --
delete		 0		 0		 0	 |	 0		 0		 --
nni		 70		 56		 3	 |	 3		 3		 --
Total		 347		 206		 9	 |	 3		 3		 2
Proportion	 -- 		 1.0		 0.0	 |	 -- 		 1.0		 0.7
(Eremanthus_elaeagnus_E2875,((Piptolepisrosmarinifolia,Piptolepispabstii)1:0.659245815745219)#H23:0.0::0.7122706427983923,(Proteopisargentea,(Piptolepisoleaster,(((Piptolepisgardneri,Piptolepismonticola)0.37:0.048257649108649964,((Piptolepisbuxoides,#H23:9.99184100812081::0.2877293572016078):0.01782994759740042,Piptolepis_ericoides)0.93:0.1503308651760794)0.69:0.05921078156940785,((Piptolepispilosa,(Piptolepisriparia,((Piptolepisleptospermoides,Piptolepisimbricata):0.0)#H30:0.17216799169187583::0.741794659287352):0.061820642786640526)0.56:0.1343730609908807,#H30:0.0::0.258205340712648):0.0003262537682912898)0.4:0.0719678604344768)0.74:0.5242814282711649)1:2.0946334017551536)1;
---------------------
seed: 5236 for run 5, 2022-12-13 20:37:44.362

BEGIN SNaQ for run 5, seed 5236 and hmax 4
Begins heuristic optimization of network------

found best network, now we re-optimize branch lengths and gamma more precisely
STOPPED by number of failures criteria
END optTopLevel: found minimizer topology at step 130 (failures: 75) with -loglik=1669.7701 and ht_min=[0.27956, 0.27298, 0.65968, 0.0, 0.04744, 9.99972, 0.08302, 0.14738, 0.05987, 0.01543, 0.14956, 0.06476, 0.13301, 0.0, 0.0021, 0.07106, 0.5229, 1.98995]
PERFORMANCE: total number of moves (proposed, successful, accepted) in general, and to fix gamma=0.0,t=0.0 cases
	--------moves general--------				 --------moves gamma,t------	
move	 Num.Proposed	 Num.Successful	 Num.Accepted	 | Num.Proposed	 Num.Successful	 Num.Accepted
add		 49		 0		 0	 |	 NA 		 NA 		 NA 
mvorigin	 26		 26		 0	 |	 0		 0		 --
mvtarget	 19		 19		 0	 |	 0		 0		 --
chdir		 10		 10		 0	 |	 0		 0		 --
delete		 0		 0		 0	 |	 0		 0		 --
nni		 26		 20		 0	 |	 0		 0		 --
Total		 130		 75		 0	 |	 0		 0		 0
Proportion	 -- 		 1.0		 0.0	 |	 -- 		 0.0		 0.0
(Eremanthus_elaeagnus_E2875,((Piptolepisrosmarinifolia,Piptolepispabstii)1:0.6596760509271726)#H23:0.0::0.7204384554273093,(Proteopisargentea,(Piptolepisoleaster,(((Piptolepismonticola,Piptolepisgardneri)0.69:0.04744060264324224,(Piptolepis_ericoides,(Piptolepisbuxoides,#H23:9.999716988195194::0.2795615445726907):0.08301789426221322)0.93:0.1473840994084775)0.4:0.05986731103638715,((Piptolepispilosa,(Piptolepisriparia,((Piptolepisleptospermoides,Piptolepisimbricata):0.015427075924649135)#H30:0.14955680552055753::0.7270171759867184):0.06475830428971238)0.56:0.13301101190831915,#H30:0.0::0.27298282401328156):0.0021023115531701698)0.37:0.07105984339327673)0.74:0.5228988399006279)1:1.9899503382581383)1;
---------------------
seed: 90886 for run 6, 2022-12-13 20:47:21.58

BEGIN SNaQ for run 6, seed 90886 and hmax 4 changed starting topology by NNI move

 changed starting network by move origin
Begins heuristic optimization of network------

found best network, now we re-optimize branch lengths and gamma more precisely
STOPPED by number of failures criteria
END optTopLevel: found minimizer topology at step 427 (failures: 75) with -loglik=1685.79996 and ht_min=[0.33529, 0.19529, 0.65797, 0.0, 0.13984, 0.0, 9.99991, 0.04994, 0.05859, 0.11332, 0.09714, 0.00861, 0.19009, 0.0742, 0.5382, 9.03189]
PERFORMANCE: total number of moves (proposed, successful, accepted) in general, and to fix gamma=0.0,t=0.0 cases
	--------moves general--------				 --------moves gamma,t------	
move	 Num.Proposed	 Num.Successful	 Num.Accepted	 | Num.Proposed	 Num.Successful	 Num.Accepted
add		 146		 0		 0	 |	 NA 		 NA 		 NA 
mvorigin	 83		 83		 17	 |	 0		 0		 --
mvtarget	 75		 75		 3	 |	 0		 0		 --
chdir		 57		 57		 4	 |	 0		 0		 --
delete		 0		 0		 0	 |	 0		 0		 --
nni		 66		 51		 1	 |	 2		 2		 --
Total		 427		 266		 25	 |	 2		 2		 1
Proportion	 -- 		 1.0		 0.1	 |	 -- 		 1.0		 0.5
(Eremanthus_elaeagnus_E2875,((Piptolepisrosmarinifolia,Piptolepispabstii)1:0.6579706117335927)#H23:0.0::0.6647067606145116,(Proteopisargentea,(Piptolepisoleaster,(((Piptolepisgardneri,Piptolepismonticola)0.69:0.04994278566542769,(Piptolepisbuxoides,(#H23:9.999906304827345::0.3352932393854884,Piptolepis_ericoides):0.0)0.4:0.13983703580583806)0.93:0.058590282277432744,((Piptolepispilosa,(#H30:::0.19528915210076161,Piptolepisriparia):0.19009159682236465)0.56:0.008614447362546886,(Piptolepisimbricata,(Piptolepisleptospermoides)#H30:::0.8047108478992384):0.09713533329211502):0.1133216263143726)0.37:0.07419692519632674)0.74:0.5381970619859924)1:9.031891250186757)1;
---------------------
seed: 87303 for run 7, 2022-12-13 21:18:43.604

BEGIN SNaQ for run 7, seed 87303 and hmax 4 changed starting topology by NNI move

 changed starting network by move origin
Begins heuristic optimization of network------

found best network, now we re-optimize branch lengths and gamma more precisely
STOPPED by number of failures criteria
END optTopLevel: found minimizer topology at step 144 (failures: 75) with -loglik=1682.22353 and ht_min=[0.33564, 0.09621, 0.65809, 0.0, 0.05262, 0.13681, 9.99447, 0.00422, 0.0582, 0.07194, 0.1211, 0.00199, 0.03841, 0.0, 0.25723, 0.07428, 0.53794, 8.35482]
PERFORMANCE: total number of moves (proposed, successful, accepted) in general, and to fix gamma=0.0,t=0.0 cases
	--------moves general--------				 --------moves gamma,t------	
move	 Num.Proposed	 Num.Successful	 Num.Accepted	 | Num.Proposed	 Num.Successful	 Num.Accepted
add		 51		 0		 0	 |	 NA 		 NA 		 NA 
mvorigin	 34		 34		 4	 |	 0		 0		 --
mvtarget	 26		 26		 1	 |	 0		 0		 --
chdir		 14		 14		 1	 |	 0		 0		 --
delete		 0		 0		 0	 |	 0		 0		 --
nni		 19		 17		 1	 |	 3		 3		 --
Total		 144		 91		 7	 |	 3		 3		 2
Proportion	 -- 		 1.0		 0.1	 |	 -- 		 1.0		 0.7
(Piptolepisleptospermoides,(Piptolepisriparia,(Piptolepispilosa,((((Piptolepisgardneri,Piptolepismonticola)0.4:0.05261932765435128,(#H23:9.99446668209996::0.3356420223536062,(Piptolepis_ericoides,Piptolepisbuxoides)0.93:0.004220324886551229):0.13681241167913394)0.69:0.058202122777115915,((Proteopisargentea,(Eremanthus_elaeagnus_E2875,((Piptolepisrosmarinifolia,Piptolepispabstii)1:0.6580850275377282)#H23:0.0::0.6643579776463938)1:8.354817485544444)1:0.537942870577398,Piptolepisoleaster)0.74:0.07427529563336857)0.37:0.12109673256607288)#H30:0.001987947449662525::0.9037926257578469)0.56:0.03841112757572955):0.07193539655757852,(Piptolepisimbricata,#H30:0.0::0.09620737424215305):0.257232969167917);
---------------------
seed: 85658 for run 8, 2022-12-13 21:33:28.745

BEGIN SNaQ for run 8, seed 85658 and hmax 4 changed starting topology by NNI move

 changed starting network by move target
Begins heuristic optimization of network------

found best network, now we re-optimize branch lengths and gamma more precisely
STOPPED by number of failures criteria
END optTopLevel: found minimizer topology at step 230 (failures: 75) with -loglik=1738.76215 and ht_min=[0.15891, 0.19692, 0.42492, 0.53483, 0.8204, 0.00034, 0.03524, 0.09738, 0.41792, 9.99781, 0.4598, 0.08316, 0.00061, 0.1009, 0.04721, 0.0, 0.0955, 0.10132, 0.47016, 0.0, 0.02961, 0.00956]
PERFORMANCE: total number of moves (proposed, successful, accepted) in general, and to fix gamma=0.0,t=0.0 cases
	--------moves general--------				 --------moves gamma,t------	
move	 Num.Proposed	 Num.Successful	 Num.Accepted	 | Num.Proposed	 Num.Successful	 Num.Accepted
add		 22		 4		 2	 |	 NA 		 NA 		 NA 
mvorigin	 53		 53		 7	 |	 0		 0		 --
mvtarget	 52		 40		 11	 |	 0		 0		 --
chdir		 58		 54		 7	 |	 1		 1		 --
delete		 0		 0		 0	 |	 0		 0		 --
nni		 45		 27		 0	 |	 5		 5		 --
Total		 230		 178		 27	 |	 6		 6		 3
Proportion	 -- 		 1.0		 0.2	 |	 -- 		 1.0		 0.5
((Piptolepisriparia,(Piptolepispilosa,(((Piptolepisoleaster,(Proteopisargentea,(#H23:9.997812592169476::0.1589093205331581,((Piptolepisrosmarinifolia,(Piptolepispabstii,#H24:::0.4249189214086565):0.02961267013139865)1:0.820400700504222,(Eremanthus_elaeagnus_E2875)#H24:::0.5750810785913435)1:0.0):0.4179247952291414)1:0.47015709227200636)0.74:0.1013181517559269,((((Piptolepisgardneri,Piptolepismonticola)0.69:0.03523553739535718,(Piptolepis_ericoides,#H26:::0.46516674444164874)0.93:0.45980129888287274)0.4:0.09738368660804371,(Piptolepisbuxoides)#H26:::0.5348332555583513):0.009562537834914675)#H23:0.000336191774196027::0.8410906794668419)0.37:0.0006145178873470487)#H30:0.10090030709918033::0.8030842991755027)0.56:0.047206004568886996):0.08315613947554648,Piptolepisleptospermoides,(Piptolepisimbricata,#H30:0.0::0.1969157008244973):0.09550107846068805);
---------------------
seed: 66615 for run 9, 2022-12-13 22:4:30.537

BEGIN SNaQ for run 9, seed 66615 and hmax 4 changed starting topology by NNI move

Begins heuristic optimization of network------

found best network, now we re-optimize branch lengths and gamma more precisely
STOPPED by number of failures criteria
END optTopLevel: found minimizer topology at step 168 (failures: 75) with -loglik=1669.89765 and ht_min=[0.27949, 0.27224, 0.65924, 0.0, 0.04829, 9.99693, 0.08692, 0.14657, 0.06014, 0.03822, 0.09813, 0.06358, 0.12854, 0.0, 0.00543, 0.07088, 0.52296, 1.99157]
PERFORMANCE: total number of moves (proposed, successful, accepted) in general, and to fix gamma=0.0,t=0.0 cases
	--------moves general--------				 --------moves gamma,t------	
move	 Num.Proposed	 Num.Successful	 Num.Accepted	 | Num.Proposed	 Num.Successful	 Num.Accepted
add		 67		 0		 0	 |	 NA 		 NA 		 NA 
mvorigin	 28		 28		 0	 |	 0		 0		 --
mvtarget	 25		 25		 2	 |	 0		 0		 --
chdir		 17		 17		 0	 |	 0		 0		 --
delete		 0		 0		 0	 |	 0		 0		 --
nni		 31		 29		 0	 |	 2		 2		 --
Total		 168		 99		 2	 |	 2		 2		 1
Proportion	 -- 		 1.0		 0.0	 |	 -- 		 1.0		 0.5
(Eremanthus_elaeagnus_E2875,((Piptolepisrosmarinifolia,Piptolepispabstii)1:0.6592407452557818)#H23:0.0::0.7205147559260972,(Proteopisargentea,(Piptolepisoleaster,(((Piptolepismonticola,Piptolepisgardneri)0.69:0.04829131450083004,(Piptolepis_ericoides,(Piptolepisbuxoides,#H23:9.996934111491209::0.27948524407390285):0.08692084905523999)0.93:0.14656955540511368)0.4:0.06014198208255317,((Piptolepispilosa,(Piptolepisriparia,((Piptolepisleptospermoides,Piptolepisimbricata):0.03821539057034288)#H30:0.0981323095308462::0.7277639795332316):0.06358355887370394)0.56:0.12854051180624967,#H30:0.0::0.2722360204667685):0.005425419869791482)0.37:0.07088060195041765)0.74:0.52296128773863)1:1.9915658824718077)1;
---------------------
seed: 60239 for run 10, 2022-12-13 22:16:41.455

BEGIN SNaQ for run 10, seed 60239 and hmax 4 changed starting topology by NNI move

 changed starting network by move origin
Begins heuristic optimization of network------

found best network, now we re-optimize branch lengths and gamma more precisely
STOPPED by number of failures criteria
END optTopLevel: found minimizer topology at step 142 (failures: 75) with -loglik=1711.9272 and ht_min=[0.29723, 0.2688, 0.18684, 0.65936, 0.0, 0.16789, 9.99582, 0.15329, 0.09406, 0.0213, 0.13545, 0.06429, 0.1341, 0.0, 0.0016, 0.0713, 0.52835, 2.28439, 1.05585, 0.04104, 0.0]
PERFORMANCE: total number of moves (proposed, successful, accepted) in general, and to fix gamma=0.0,t=0.0 cases
	--------moves general--------				 --------moves gamma,t------	
move	 Num.Proposed	 Num.Successful	 Num.Accepted	 | Num.Proposed	 Num.Successful	 Num.Accepted
add		 31		 1		 1	 |	 NA 		 NA 		 NA 
mvorigin	 31		 31		 2	 |	 0		 0		 --
mvtarget	 33		 33		 1	 |	 0		 0		 --
chdir		 20		 11		 1	 |	 0		 0		 --
delete		 0		 0		 0	 |	 0		 0		 --
nni		 27		 13		 0	 |	 0		 0		 --
Total		 142		 89		 5	 |	 0		 0		 0
Proportion	 -- 		 1.0		 0.1	 |	 -- 		 0.0		 0.0
(Piptolepismonticola,(Piptolepisgardneri,(((((Piptolepispilosa,(Piptolepisriparia,((Piptolepisleptospermoides,Piptolepisimbricata):0.021302053484071815)#H30:0.13545273561097607::0.7312013871005619):0.064286165723859)0.56:0.1341041996463447,#H30:0.0::0.26879861289943807):0.001598311841371623,(Piptolepisoleaster,(Proteopisargentea,(Eremanthus_elaeagnus_E2875,((Piptolepisrosmarinifolia,Piptolepispabstii)1:0.6593603030050618)#H23:0.0::0.7027728677098943)1:2.2843872952657733)1:0.5283468736357219)0.74:0.07130419859177724)0.37:0.0940605842446421,(#H23:9.995824640320345::0.2972271322901057,Piptolepisbuxoides):0.1532909462170375)0.4:0.0033498782739556)#H24:0.04103632673607674::0.8131551058787314)0.93:0.16788855187225096,(Piptolepis_ericoides,#H24:0.0::0.18684489412126865):1.0558498477277942)0.69;
---------------------

2022-12-13 22:32:15.553
MaxNet is (Eremanthus_elaeagnus_E2875,((Piptolepisrosmarinifolia,Piptolepispabstii)1:0.6596760509271726)#H23:0.0::0.7204384554273093,(Proteopisargentea,(Piptolepisoleaster,(((Piptolepismonticola,Piptolepisgardneri)0.69:0.04744060264324224,(Piptolepis_ericoides,(Piptolepisbuxoides,#H23:9.999716988195194::0.2795615445726907):0.08301789426221322)0.93:0.1473840994084775)0.4:0.05986731103638715,((Piptolepispilosa,(Piptolepisriparia,((Piptolepisleptospermoides,Piptolepisimbricata):0.015427075924649135)#H30:0.14955680552055753::0.7270171759867184):0.06475830428971238)0.56:0.13301101190831915,#H30:0.0::0.27298282401328156):0.0021023115531701698)0.37:0.07105984339327673)0.74:0.5228988399006279)1:1.9899503382581383)1; 
with -loglik 1669.7701037790594
