optimization of topology, BL and inheritance probabilities using:
 hmax = 0,
 tolerance parameters: ftolRel=1.0e-6, ftolAbs=1.0e-6,
                       xtolAbs=0.001, xtolRel=0.01.
 max number of failed proposals = 75, liktolAbs = 1.0e-6.
rootname for files: net0
BEGIN: 10 runs on starting tree (Eremanthus_incanus,Lychnophorasalicifolia,((Presteliaeriopus,(Lychnophorasouzae,(Lychnophoraalbertinioides,(Lychnocephalusjolianus,Lychnocephalustomentosus)1:0.42068539324626475)0.7:0.08032261020839729)0.99:0.299249694821577)0.77:0.1221676339742074,((Hololepis_pedunculata,(Proteopisargentea,(Chronopappus_bifrons,Heterocoma_ekmaniana)0.89:0.2377365579938608)0.41:0.01847315429432434)1:0.7102496238836413,Minasiascapigera):0.09305931354494053)0.77:0.07007273219170028)0.54;

main seed 1234
seed: 1234 for run 1, 2023-02-07 14:20:56.988

BEGIN SNaQ for run 1, seed 1234 and hmax 0 changed starting topology by NNI move

Begins heuristic optimization of network------

found best network, now we re-optimize branch lengths and gamma more precisely
STOPPED by number of failures criteria
END optTopLevel: found minimizer topology at step 80 (failures: 75) with -loglik=2210.05727 and ht_min=[0.1179, 0.31273, 0.14324, 0.36239, 0.09915, 0.10556, 0.50162, 0.13919, 0.53917]
PERFORMANCE: total number of moves (proposed, successful, accepted) in general, and to fix gamma=0.0,t=0.0 cases
	--------moves general--------				 --------moves gamma,t------	
move	 Num.Proposed	 Num.Successful	 Num.Accepted	 | Num.Proposed	 Num.Successful	 Num.Accepted
add		 0		 0		 0	 |	 NA 		 NA 		 NA 
mvorigin	 0		 0		 0	 |	 0		 0		 --
mvtarget	 0		 0		 0	 |	 0		 0		 --
chdir		 0		 0		 0	 |	 0		 0		 --
delete		 0		 0		 0	 |	 0		 0		 --
nni		 80		 79		 3	 |	 0		 0		 --
Total		 80		 79		 3	 |	 0		 0		 0
Proportion	 -- 		 1.0		 0.0	 |	 -- 		 0.0		 0.0
(Eremanthus_incanus,Lychnophorasalicifolia,((((Lychnophoraalbertinioides,(Lychnocephalusjolianus,Lychnocephalustomentosus)1:0.3127305353720107)0.7:0.14324418636306394,Lychnophorasouzae)0.77:0.36239059586488304,Presteliaeriopus)0.99:0.09915170598171004,((((Chronopappus_bifrons,Heterocoma_ekmaniana)0.89:0.5016195585466446,Hololepis_pedunculata)0.41:0.1391861129877126,Proteopisargentea)1:0.5391702794460164,Minasiascapigera):0.10556210189023768)0.77:0.11789670849013016)0.54;
---------------------
seed: 59084 for run 2, 2023-02-07 14:27:30.89

BEGIN SNaQ for run 2, seed 59084 and hmax 0
Begins heuristic optimization of network------

found best network, now we re-optimize branch lengths and gamma more precisely
STOPPED by number of failures criteria
END optTopLevel: found minimizer topology at step 96 (failures: 75) with -loglik=2210.05727 and ht_min=[0.11789, 0.31273, 0.14325, 0.36238, 0.09916, 0.10556, 0.50162, 0.13918, 0.53917]
PERFORMANCE: total number of moves (proposed, successful, accepted) in general, and to fix gamma=0.0,t=0.0 cases
	--------moves general--------				 --------moves gamma,t------	
move	 Num.Proposed	 Num.Successful	 Num.Accepted	 | Num.Proposed	 Num.Successful	 Num.Accepted
add		 0		 0		 0	 |	 NA 		 NA 		 NA 
mvorigin	 0		 0		 0	 |	 0		 0		 --
mvtarget	 0		 0		 0	 |	 0		 0		 --
chdir		 0		 0		 0	 |	 0		 0		 --
delete		 0		 0		 0	 |	 0		 0		 --
nni		 96		 94		 1	 |	 0		 0		 --
Total		 96		 94		 1	 |	 0		 0		 0
Proportion	 -- 		 1.0		 0.0	 |	 -- 		 0.0		 0.0
(Eremanthus_incanus,Lychnophorasalicifolia,((Presteliaeriopus,(Lychnophorasouzae,(Lychnophoraalbertinioides,(Lychnocephalusjolianus,Lychnocephalustomentosus)1:0.31273344803053327)0.7:0.14325260219120486)0.99:0.36238248876300144)0.77:0.09915640716479941,((Proteopisargentea,(Hololepis_pedunculata,(Chronopappus_bifrons,Heterocoma_ekmaniana)0.89:0.5016167657572153)1:0.13918360099845603)0.41:0.539171839483953,Minasiascapigera):0.10556140024379597)0.77:0.11789035110290534)0.54;
---------------------
seed: 76679 for run 3, 2023-02-07 14:34:11.206

BEGIN SNaQ for run 3, seed 76679 and hmax 0 changed starting topology by NNI move

Begins heuristic optimization of network------

found best network, now we re-optimize branch lengths and gamma more precisely
STOPPED by number of failures criteria
END optTopLevel: found minimizer topology at step 88 (failures: 75) with -loglik=2210.05727 and ht_min=[0.11789, 0.31274, 0.14325, 0.36238, 0.09916, 0.10556, 0.50162, 0.13918, 0.53918]
PERFORMANCE: total number of moves (proposed, successful, accepted) in general, and to fix gamma=0.0,t=0.0 cases
	--------moves general--------				 --------moves gamma,t------	
move	 Num.Proposed	 Num.Successful	 Num.Accepted	 | Num.Proposed	 Num.Successful	 Num.Accepted
add		 0		 0		 0	 |	 NA 		 NA 		 NA 
mvorigin	 0		 0		 0	 |	 0		 0		 --
mvtarget	 0		 0		 0	 |	 0		 0		 --
chdir		 0		 0		 0	 |	 0		 0		 --
delete		 0		 0		 0	 |	 0		 0		 --
nni		 88		 88		 2	 |	 0		 0		 --
Total		 88		 88		 2	 |	 0		 0		 0
Proportion	 -- 		 1.0		 0.0	 |	 -- 		 0.0		 0.0
(Eremanthus_incanus,Lychnophorasalicifolia,((Presteliaeriopus,(Lychnophorasouzae,(Lychnophoraalbertinioides,(Lychnocephalusjolianus,Lychnocephalustomentosus)1:0.3127387293625022)0.7:0.14324826258223847)0.99:0.36238186805970085)0.77:0.09915711530443437,((((Chronopappus_bifrons,Heterocoma_ekmaniana)0.89:0.5016197779842198,Hololepis_pedunculata)0.41:0.13918047233880118,Proteopisargentea)1:0.5391756184410087,Minasiascapigera):0.10556056637632472)0.77:0.11789104750061792)0.54;
---------------------
seed: 56623 for run 4, 2023-02-07 14:40:56.979

BEGIN SNaQ for run 4, seed 56623 and hmax 0
Begins heuristic optimization of network------

found best network, now we re-optimize branch lengths and gamma more precisely
STOPPED by number of failures criteria
END optTopLevel: found minimizer topology at step 84 (failures: 75) with -loglik=2210.05727 and ht_min=[0.11789, 0.31273, 0.14325, 0.36238, 0.09916, 0.10556, 0.50162, 0.13918, 0.53917]
PERFORMANCE: total number of moves (proposed, successful, accepted) in general, and to fix gamma=0.0,t=0.0 cases
	--------moves general--------				 --------moves gamma,t------	
move	 Num.Proposed	 Num.Successful	 Num.Accepted	 | Num.Proposed	 Num.Successful	 Num.Accepted
add		 0		 0		 0	 |	 NA 		 NA 		 NA 
mvorigin	 0		 0		 0	 |	 0		 0		 --
mvtarget	 0		 0		 0	 |	 0		 0		 --
chdir		 0		 0		 0	 |	 0		 0		 --
delete		 0		 0		 0	 |	 0		 0		 --
nni		 84		 84		 1	 |	 0		 0		 --
Total		 84		 84		 1	 |	 0		 0		 0
Proportion	 -- 		 1.0		 0.0	 |	 -- 		 0.0		 0.0
(Eremanthus_incanus,Lychnophorasalicifolia,((Presteliaeriopus,(Lychnophorasouzae,(Lychnophoraalbertinioides,(Lychnocephalusjolianus,Lychnocephalustomentosus)1:0.3127325873001374)0.7:0.14325198463259525)0.99:0.36238240831437446)0.77:0.09915641041456286,((Proteopisargentea,(Hololepis_pedunculata,(Chronopappus_bifrons,Heterocoma_ekmaniana)0.89:0.5016186379574663)1:0.1391805117861975)0.41:0.5391742936911872,Minasiascapigera):0.10556128302403446)0.77:0.1178906402255426)0.54;
---------------------
seed: 46008 for run 5, 2023-02-07 14:46:44.959

BEGIN SNaQ for run 5, seed 46008 and hmax 0 changed starting topology by NNI move

Begins heuristic optimization of network------

found best network, now we re-optimize branch lengths and gamma more precisely
STOPPED by number of failures criteria
END optTopLevel: found minimizer topology at step 94 (failures: 75) with -loglik=2210.05727 and ht_min=[0.11789, 0.31273, 0.14325, 0.36239, 0.09915, 0.10556, 0.50162, 0.13918, 0.53918]
PERFORMANCE: total number of moves (proposed, successful, accepted) in general, and to fix gamma=0.0,t=0.0 cases
	--------moves general--------				 --------moves gamma,t------	
move	 Num.Proposed	 Num.Successful	 Num.Accepted	 | Num.Proposed	 Num.Successful	 Num.Accepted
add		 0		 0		 0	 |	 NA 		 NA 		 NA 
mvorigin	 0		 0		 0	 |	 0		 0		 --
mvtarget	 0		 0		 0	 |	 0		 0		 --
chdir		 0		 0		 0	 |	 0		 0		 --
delete		 0		 0		 0	 |	 0		 0		 --
nni		 94		 93		 2	 |	 0		 0		 --
Total		 94		 93		 2	 |	 0		 0		 0
Proportion	 -- 		 1.0		 0.0	 |	 -- 		 0.0		 0.0
(Eremanthus_incanus,Lychnophorasalicifolia,((Presteliaeriopus,(Lychnophorasouzae,(Lychnophoraalbertinioides,(Lychnocephalusjolianus,Lychnocephalustomentosus)1:0.312727012010178)0.7:0.1432524132138196)0.99:0.3623870987518924)0.77:0.09915345323598761,((Proteopisargentea,(Hololepis_pedunculata,(Chronopappus_bifrons,Heterocoma_ekmaniana)0.89:0.501616141052742)1:0.1391814195964584)0.41:0.5391750334398278,Minasiascapigera):0.10556148217954327)0.77:0.11789471056383896)0.54;
---------------------
seed: 79402 for run 6, 2023-02-07 14:54:5.885

BEGIN SNaQ for run 6, seed 79402 and hmax 0 changed starting topology by NNI move

Begins heuristic optimization of network------

found best network, now we re-optimize branch lengths and gamma more precisely
STOPPED by number of failures criteria
END optTopLevel: found minimizer topology at step 130 (failures: 75) with -loglik=2210.05727 and ht_min=[0.1179, 0.31274, 0.14325, 0.36238, 0.09916, 0.10556, 0.50162, 0.13918, 0.53917]
PERFORMANCE: total number of moves (proposed, successful, accepted) in general, and to fix gamma=0.0,t=0.0 cases
	--------moves general--------				 --------moves gamma,t------	
move	 Num.Proposed	 Num.Successful	 Num.Accepted	 | Num.Proposed	 Num.Successful	 Num.Accepted
add		 0		 0		 0	 |	 NA 		 NA 		 NA 
mvorigin	 0		 0		 0	 |	 0		 0		 --
mvtarget	 0		 0		 0	 |	 0		 0		 --
chdir		 0		 0		 0	 |	 0		 0		 --
delete		 0		 0		 0	 |	 0		 0		 --
nni		 130		 130		 2	 |	 0		 0		 --
Total		 130		 130		 2	 |	 0		 0		 0
Proportion	 -- 		 1.0		 0.0	 |	 -- 		 0.0		 0.0
(Eremanthus_incanus,Lychnophorasalicifolia,((Presteliaeriopus,(Lychnophorasouzae,(Lychnophoraalbertinioides,(Lychnocephalusjolianus,Lychnocephalustomentosus)1:0.31273708721523524)0.7:0.1432490889374976)0.99:0.362377451336126)0.77:0.09916051661797029,((Proteopisargentea,(Hololepis_pedunculata,(Chronopappus_bifrons,Heterocoma_ekmaniana)0.89:0.501619743029532)1:0.13917676473943263)0.41:0.539174856742072,Minasiascapigera):0.10555987295744006)0.77:0.11789971857428913)0.54;
---------------------
seed: 85414 for run 7, 2023-02-07 15:4:18.935

BEGIN SNaQ for run 7, seed 85414 and hmax 0 changed starting topology by NNI move

Begins heuristic optimization of network------

found best network, now we re-optimize branch lengths and gamma more precisely
STOPPED by number of failures criteria
END optTopLevel: found minimizer topology at step 117 (failures: 75) with -loglik=2210.05727 and ht_min=[0.11789, 0.31273, 0.14325, 0.36238, 0.09916, 0.10556, 0.50162, 0.13918, 0.53917]
PERFORMANCE: total number of moves (proposed, successful, accepted) in general, and to fix gamma=0.0,t=0.0 cases
	--------moves general--------				 --------moves gamma,t------	
move	 Num.Proposed	 Num.Successful	 Num.Accepted	 | Num.Proposed	 Num.Successful	 Num.Accepted
add		 0		 0		 0	 |	 NA 		 NA 		 NA 
mvorigin	 0		 0		 0	 |	 0		 0		 --
mvtarget	 0		 0		 0	 |	 0		 0		 --
chdir		 0		 0		 0	 |	 0		 0		 --
delete		 0		 0		 0	 |	 0		 0		 --
nni		 117		 114		 9	 |	 0		 0		 --
Total		 117		 114		 9	 |	 0		 0		 0
Proportion	 -- 		 1.0		 0.1	 |	 -- 		 0.0		 0.0
(Eremanthus_incanus,((Presteliaeriopus,(Lychnophorasouzae,(Lychnophoraalbertinioides,(Lychnocephalusjolianus,Lychnocephalustomentosus)1:0.3127332568438498)0.7:0.14325168644686703)0.99:0.3623831800592708)0.77:0.09915606340770892,((((Chronopappus_bifrons,Heterocoma_ekmaniana)0.89:0.5016181986851512,Hololepis_pedunculata)0.41:0.13918167109138088,Proteopisargentea)1:0.539173291494141,Minasiascapigera):0.10556136942674652)0.77:0.11789237387821815,Lychnophorasalicifolia)0.54;
---------------------
seed: 20058 for run 8, 2023-02-07 15:12:55.545

BEGIN SNaQ for run 8, seed 20058 and hmax 0 changed starting topology by NNI move

Begins heuristic optimization of network------

found best network, now we re-optimize branch lengths and gamma more precisely
STOPPED by number of failures criteria
END optTopLevel: found minimizer topology at step 91 (failures: 75) with -loglik=2210.05727 and ht_min=[0.11789, 0.31273, 0.14325, 0.36238, 0.09915, 0.10556, 0.50162, 0.13918, 0.53918]
PERFORMANCE: total number of moves (proposed, successful, accepted) in general, and to fix gamma=0.0,t=0.0 cases
	--------moves general--------				 --------moves gamma,t------	
move	 Num.Proposed	 Num.Successful	 Num.Accepted	 | Num.Proposed	 Num.Successful	 Num.Accepted
add		 0		 0		 0	 |	 NA 		 NA 		 NA 
mvorigin	 0		 0		 0	 |	 0		 0		 --
mvtarget	 0		 0		 0	 |	 0		 0		 --
chdir		 0		 0		 0	 |	 0		 0		 --
delete		 0		 0		 0	 |	 0		 0		 --
nni		 91		 91		 3	 |	 0		 0		 --
Total		 91		 91		 3	 |	 0		 0		 0
Proportion	 -- 		 1.0		 0.0	 |	 -- 		 0.0		 0.0
(Eremanthus_incanus,Lychnophorasalicifolia,((Presteliaeriopus,(((Lychnocephalusjolianus,Lychnocephalustomentosus)1:0.3127307521533156,Lychnophoraalbertinioides)0.7:0.14325211348486094,Lychnophorasouzae)0.99:0.3623843489476383)0.77:0.09915473078287505,((Proteopisargentea,(Hololepis_pedunculata,(Chronopappus_bifrons,Heterocoma_ekmaniana)0.89:0.5016234505962662)1:0.1391789466182162)0.41:0.5391766631458106,Minasiascapigera):0.10556027973049395)0.77:0.11789237363160669)0.54;
---------------------
seed: 29861 for run 9, 2023-02-07 15:20:27.204

BEGIN SNaQ for run 9, seed 29861 and hmax 0
Begins heuristic optimization of network------

found best network, now we re-optimize branch lengths and gamma more precisely
STOPPED by number of failures criteria
END optTopLevel: found minimizer topology at step 76 (failures: 75) with -loglik=2210.05727 and ht_min=[0.11789, 0.31273, 0.14325, 0.36238, 0.09916, 0.10556, 0.50162, 0.13918, 0.53917]
PERFORMANCE: total number of moves (proposed, successful, accepted) in general, and to fix gamma=0.0,t=0.0 cases
	--------moves general--------				 --------moves gamma,t------	
move	 Num.Proposed	 Num.Successful	 Num.Accepted	 | Num.Proposed	 Num.Successful	 Num.Accepted
add		 0		 0		 0	 |	 NA 		 NA 		 NA 
mvorigin	 0		 0		 0	 |	 0		 0		 --
mvtarget	 0		 0		 0	 |	 0		 0		 --
chdir		 0		 0		 0	 |	 0		 0		 --
delete		 0		 0		 0	 |	 0		 0		 --
nni		 76		 76		 1	 |	 0		 0		 --
Total		 76		 76		 1	 |	 0		 0		 0
Proportion	 -- 		 1.0		 0.0	 |	 -- 		 0.0		 0.0
(Eremanthus_incanus,Lychnophorasalicifolia,((Presteliaeriopus,(Lychnophorasouzae,(Lychnophoraalbertinioides,(Lychnocephalusjolianus,Lychnocephalustomentosus)1:0.3127340942632372)0.7:0.14325196676271937)0.99:0.3623825819339386)0.77:0.09915635289045029,((((Chronopappus_bifrons,Heterocoma_ekmaniana)0.89:0.5016176066054181,Hololepis_pedunculata)0.41:0.13918186671494553,Proteopisargentea)1:0.5391733196614623,Minasiascapigera):0.10556172113837105)0.77:0.1178897588432309)0.54;
---------------------
seed: 24683 for run 10, 2023-02-07 15:26:49.359

BEGIN SNaQ for run 10, seed 24683 and hmax 0 changed starting topology by NNI move

Begins heuristic optimization of network------

found best network, now we re-optimize branch lengths and gamma more precisely
STOPPED by number of failures criteria
END optTopLevel: found minimizer topology at step 101 (failures: 75) with -loglik=2210.05727 and ht_min=[0.11789, 0.31273, 0.14325, 0.36238, 0.09916, 0.10556, 0.50162, 0.13919, 0.53917]
PERFORMANCE: total number of moves (proposed, successful, accepted) in general, and to fix gamma=0.0,t=0.0 cases
	--------moves general--------				 --------moves gamma,t------	
move	 Num.Proposed	 Num.Successful	 Num.Accepted	 | Num.Proposed	 Num.Successful	 Num.Accepted
add		 0		 0		 0	 |	 NA 		 NA 		 NA 
mvorigin	 0		 0		 0	 |	 0		 0		 --
mvtarget	 0		 0		 0	 |	 0		 0		 --
chdir		 0		 0		 0	 |	 0		 0		 --
delete		 0		 0		 0	 |	 0		 0		 --
nni		 101		 99		 3	 |	 0		 0		 --
Total		 101		 99		 3	 |	 0		 0		 0
Proportion	 -- 		 1.0		 0.0	 |	 -- 		 0.0		 0.0
(Lychnophorasalicifolia,((Presteliaeriopus,(Lychnophorasouzae,(Lychnophoraalbertinioides,(Lychnocephalusjolianus,Lychnocephalustomentosus)1:0.31273376601133507)0.7:0.14325260857634187)0.99:0.36238329007391595)0.77:0.09915748144017664,(((Hololepis_pedunculata,(Chronopappus_bifrons,Heterocoma_ekmaniana)0.89:0.5016164817870179)0.41:0.13918503014962352,Proteopisargentea)1:0.5391717211479231,Minasiascapigera):0.10556021109964867)0.77:0.11789385591551618,Eremanthus_incanus)0.54;
---------------------

2023-02-07 15:34:33.172
MaxNet is (Eremanthus_incanus,Lychnophorasalicifolia,((Presteliaeriopus,(Lychnophorasouzae,(Lychnophoraalbertinioides,(Lychnocephalusjolianus,Lychnocephalustomentosus)1:0.31273344803053327)0.7:0.14325260219120486)0.99:0.36238248876300144)0.77:0.09915640716479941,((Proteopisargentea,(Hololepis_pedunculata,(Chronopappus_bifrons,Heterocoma_ekmaniana)0.89:0.5016167657572153)1:0.13918360099845603)0.41:0.539171839483953,Minasiascapigera):0.10556140024379597)0.77:0.11789035110290534)0.54; 
with -loglik 2210.0572660454013
