optimization of topology, BL and inheritance probabilities using:
 hmax = 1,
 tolerance parameters: ftolRel=1.0e-6, ftolAbs=1.0e-6,
                       xtolAbs=0.001, xtolRel=0.01.
 max number of failed proposals = 75, liktolAbs = 1.0e-6.
rootname for files: net1
BEGIN: 10 runs on starting tree (Eremanthus_incanus,Lychnophorasalicifolia,((Presteliaeriopus,(Lychnophorasouzae,(Lychnophoraalbertinioides,(Lychnocephalusjolianus,Lychnocephalustomentosus)1:0.31273344803053327)0.7:0.14325260219120486)0.99:0.36238248876300144)0.77:0.09915640716479941,((Proteopisargentea,(Hololepis_pedunculata,(Chronopappus_bifrons,Heterocoma_ekmaniana)0.89:0.5016167657572153)1:0.13918360099845603)0.41:0.539171839483953,Minasiascapigera):0.10556140024379597)0.77:0.11789035110290534)0.54;

main seed 2345
seed: 2345 for run 1, 2023-02-08 16:18:55.426

BEGIN SNaQ for run 1, seed 2345 and hmax 1 changed starting topology by NNI move

Begins heuristic optimization of network------

found best network, now we re-optimize branch lengths and gamma more precisely
STOPPED by number of failures criteria
END optTopLevel: found minimizer topology at step 127 (failures: 75) with -loglik=2160.11263 and ht_min=[0.6894, 0.3104, 0.14593, 0.36089, 0.09784, 0.26007, 0.0, 0.35342, 0.47735, 0.10614, 0.11621, 0.00757, 9.36036]
PERFORMANCE: total number of moves (proposed, successful, accepted) in general, and to fix gamma=0.0,t=0.0 cases
	--------moves general--------				 --------moves gamma,t------	
move	 Num.Proposed	 Num.Successful	 Num.Accepted	 | Num.Proposed	 Num.Successful	 Num.Accepted
add		 1		 1		 1	 |	 NA 		 NA 		 NA 
mvorigin	 28		 28		 5	 |	 0		 0		 --
mvtarget	 43		 43		 3	 |	 0		 0		 --
chdir		 8		 8		 2	 |	 0		 0		 --
delete		 0		 0		 0	 |	 0		 0		 --
nni		 47		 43		 0	 |	 0		 0		 --
Total		 127		 123		 11	 |	 0		 0		 0
Proportion	 -- 		 1.0		 0.1	 |	 -- 		 0.0		 0.0
(Eremanthus_incanus,Lychnophorasalicifolia,((Presteliaeriopus,(Lychnophorasouzae,(Lychnophoraalbertinioides,(Lychnocephalusjolianus,Lychnocephalustomentosus)1:0.31039871580442707)0.7:0.14593111143202966)0.99:0.3608865829235898)0.77:0.09783520189332144,(((Proteopisargentea,#H21:0.0075677520034099196::0.3105980389742895)1:0.2600731039662347,(Hololepis_pedunculata,((Heterocoma_ekmaniana,Chronopappus_bifrons)0.89:0.0)#H21:9.360361826481267::0.6894019610257105):0.3534206633421758)0.41:0.47735210848693493,Minasiascapigera):0.10614377804686621)0.77:0.11621401445174306)0.54;
---------------------
seed: 26137 for run 2, 2023-02-08 16:37:21.618

BEGIN SNaQ for run 2, seed 26137 and hmax 1
Begins heuristic optimization of network------

found best network, now we re-optimize branch lengths and gamma more precisely
STOPPED by number of failures criteria
END optTopLevel: found minimizer topology at step 244 (failures: 75) with -loglik=1979.1676 and ht_min=[0.21889, 0.22287, 0.13012, 0.3124, 0.14089, 2.361, 0.50314, 0.13827, 0.4368, 0.2126, 0.00175, 0.0, 1.01407]
PERFORMANCE: total number of moves (proposed, successful, accepted) in general, and to fix gamma=0.0,t=0.0 cases
	--------moves general--------				 --------moves gamma,t------	
move	 Num.Proposed	 Num.Successful	 Num.Accepted	 | Num.Proposed	 Num.Successful	 Num.Accepted
add		 3		 3		 1	 |	 NA 		 NA 		 NA 
mvorigin	 74		 74		 14	 |	 0		 0		 --
mvtarget	 68		 68		 1	 |	 0		 0		 --
chdir		 35		 35		 1	 |	 0		 0		 --
delete		 0		 0		 0	 |	 0		 0		 --
nni		 64		 60		 1	 |	 0		 0		 --
Total		 244		 240		 18	 |	 0		 0		 0
Proportion	 -- 		 1.0		 0.1	 |	 -- 		 0.0		 0.0
(Eremanthus_incanus,Lychnophorasalicifolia,((Minasiascapigera,((Presteliaeriopus,#H21:0.22286560906357714::0.21889203975375898)0.77:2.3609987166655557,(Proteopisargentea,(Hololepis_pedunculata,(Chronopappus_bifrons,Heterocoma_ekmaniana)0.89:0.5031405485374306)1:0.138274846627869)0.41:0.43679632069890334)0.77:0.21260165431751066):0.13012313075882592,(((Lychnophoraalbertinioides,(Lychnocephalusjolianus,Lychnocephalustomentosus)1:0.31240373990232395)0.7:0.1408924711252154,Lychnophorasouzae)0.99:0.0)#H21:1.014074778520274::0.781107960246241):0.0017509958336645683)0.54;
---------------------
seed: 33325 for run 3, 2023-02-08 16:57:29.87

BEGIN SNaQ for run 3, seed 33325 and hmax 1 changed starting topology by NNI move

Begins heuristic optimization of network------

found best network, now we re-optimize branch lengths and gamma more precisely
STOPPED by number of failures criteria
END optTopLevel: found minimizer topology at step 145 (failures: 75) with -loglik=1946.05016 and ht_min=[0.30094, 0.0, 0.31257, 0.14411, 1.61247, 0.5013, 0.13909, 0.36862, 0.33663, 0.1913, 0.43007, 0.00041, 0.01253]
PERFORMANCE: total number of moves (proposed, successful, accepted) in general, and to fix gamma=0.0,t=0.0 cases
	--------moves general--------				 --------moves gamma,t------	
move	 Num.Proposed	 Num.Successful	 Num.Accepted	 | Num.Proposed	 Num.Successful	 Num.Accepted
add		 2		 2		 1	 |	 NA 		 NA 		 NA 
mvorigin	 36		 36		 3	 |	 0		 0		 --
mvtarget	 39		 39		 1	 |	 0		 0		 --
chdir		 16		 16		 1	 |	 0		 0		 --
delete		 0		 0		 0	 |	 0		 0		 --
nni		 52		 51		 2	 |	 5		 5		 --
Total		 145		 144		 8	 |	 5		 5		 2
Proportion	 -- 		 1.0		 0.1	 |	 -- 		 1.0		 0.4
(Minasiascapigera,((Presteliaeriopus,#H21:0.0004125800575661625::0.300941523539895)0.77:1.612467991244078,(Proteopisargentea,((Chronopappus_bifrons,Heterocoma_ekmaniana)0.89:0.5012951792738772,Hololepis_pedunculata)1:0.13908635669139788)0.41:0.3686189516009509)0.77:0.3366310633415242,(Lychnophorasalicifolia,((Eremanthus_incanus,(Lychnophorasouzae,(Lychnophoraalbertinioides,(Lychnocephalusjolianus,Lychnocephalustomentosus)1:0.31257123588858843)0.7:0.14411381174569507)0.99:0.43007005392565556):0.012526575419541355)#H21:0.0::0.699058476460105):0.19130059687827985)0.54;
---------------------
seed: 73611 for run 4, 2023-02-08 17:13:12.47

BEGIN SNaQ for run 4, seed 73611 and hmax 1 changed starting topology by NNI move

Begins heuristic optimization of network------

found best network, now we re-optimize branch lengths and gamma more precisely
STOPPED by number of failures criteria
END optTopLevel: found minimizer topology at step 94 (failures: 75) with -loglik=2202.0978 and ht_min=[0.03204, 0.31282, 0.14338, 0.36179, 0.08797, 0.16609, 0.50255, 0.57343, 0.11869, 0.13206, 6.72837, 0.0, 0.01237]
PERFORMANCE: total number of moves (proposed, successful, accepted) in general, and to fix gamma=0.0,t=0.0 cases
	--------moves general--------				 --------moves gamma,t------	
move	 Num.Proposed	 Num.Successful	 Num.Accepted	 | Num.Proposed	 Num.Successful	 Num.Accepted
add		 7		 7		 1	 |	 NA 		 NA 		 NA 
mvorigin	 23		 23		 0	 |	 1		 1		 --
mvtarget	 25		 25		 0	 |	 1		 1		 --
chdir		 4		 4		 0	 |	 2		 2		 --
delete		 0		 0		 0	 |	 0		 0		 --
nni		 35		 34		 1	 |	 0		 0		 --
Total		 94		 93		 2	 |	 4		 4		 2
Proportion	 -- 		 1.0		 0.0	 |	 -- 		 1.0		 0.5
(Lychnophorasalicifolia,((Presteliaeriopus,(Lychnophorasouzae,(Lychnophoraalbertinioides,(Lychnocephalusjolianus,Lychnocephalustomentosus)1:0.31281938857539404)0.7:0.14338012679270787)0.99:0.3617933975571133)0.77:0.08797251609400503,((Proteopisargentea,((Hololepis_pedunculata,(Chronopappus_bifrons,Heterocoma_ekmaniana)0.89:0.5025490611606708)1:0.16608862976380637)#H21:0.0::0.9679602047728931)0.41:0.5734273481168468,Minasiascapigera):0.11868653767229215)0.77:0.13206070142284287,(Eremanthus_incanus,#H21:0.012372759612641277::0.032039795227106836):6.728369674718573)0.54;
---------------------
seed: 24912 for run 5, 2023-02-08 17:26:23.917

BEGIN SNaQ for run 5, seed 24912 and hmax 1
Begins heuristic optimization of network------

found best network, now we re-optimize branch lengths and gamma more precisely
STOPPED by number of failures criteria
END optTopLevel: found minimizer topology at step 131 (failures: 75) with -loglik=1978.99171 and ht_min=[0.21258, 0.0, 0.12824, 0.00613, 0.31392, 0.14302, 2.67795, 0.50212, 0.13845, 0.43388, 0.21489, 0.0, 0.9926]
PERFORMANCE: total number of moves (proposed, successful, accepted) in general, and to fix gamma=0.0,t=0.0 cases
	--------moves general--------				 --------moves gamma,t------	
move	 Num.Proposed	 Num.Successful	 Num.Accepted	 | Num.Proposed	 Num.Successful	 Num.Accepted
add		 1		 1		 1	 |	 NA 		 NA 		 NA 
mvorigin	 28		 28		 4	 |	 0		 0		 --
mvtarget	 38		 38		 2	 |	 0		 0		 --
chdir		 15		 15		 0	 |	 0		 0		 --
delete		 0		 0		 0	 |	 0		 0		 --
nni		 49		 47		 2	 |	 1		 1		 --
Total		 131		 129		 9	 |	 1		 1		 1
Proportion	 -- 		 1.0		 0.1	 |	 -- 		 1.0		 1.0
((Minasiascapigera,((Presteliaeriopus,#H21:0.0::0.21257867227104274)0.77:2.6779476717806876,(Proteopisargentea,(Hololepis_pedunculata,(Chronopappus_bifrons,Heterocoma_ekmaniana)0.89:0.5021176766482687)1:0.13844742431844426)0.41:0.4338753116505922)0.77:0.21489116042738707):0.12823705451294198,Eremanthus_incanus,(Lychnophorasalicifolia,((((Lychnocephalusjolianus,Lychnocephalustomentosus)1:0.31391552425734154,Lychnophoraalbertinioides)0.99:0.1430207687764666,Lychnophorasouzae)0.7:0.0)#H21:0.9925990506163623::0.7874213277289572):0.006125658379691424)0.54;
---------------------
seed: 79262 for run 6, 2023-02-08 17:42:38.557

BEGIN SNaQ for run 6, seed 79262 and hmax 1 changed starting topology by NNI move

Begins heuristic optimization of network------

found best network, now we re-optimize branch lengths and gamma more precisely
STOPPED by number of failures criteria
END optTopLevel: found minimizer topology at step 180 (failures: 75) with -loglik=2116.94254 and ht_min=[0.35486, 0.09701, 0.13459, 0.31249, 0.14363, 0.50157, 0.1393, 0.50936, 0.21246, 0.10506, 0.32682, 0.0, 9.90123]
PERFORMANCE: total number of moves (proposed, successful, accepted) in general, and to fix gamma=0.0,t=0.0 cases
	--------moves general--------				 --------moves gamma,t------	
move	 Num.Proposed	 Num.Successful	 Num.Accepted	 | Num.Proposed	 Num.Successful	 Num.Accepted
add		 2		 2		 1	 |	 NA 		 NA 		 NA 
mvorigin	 52		 52		 11	 |	 0		 0		 --
mvtarget	 48		 48		 1	 |	 0		 0		 --
chdir		 24		 24		 1	 |	 0		 0		 --
delete		 0		 0		 0	 |	 0		 0		 --
nni		 54		 51		 1	 |	 0		 0		 --
Total		 180		 177		 15	 |	 0		 0		 0
Proportion	 -- 		 1.0		 0.1	 |	 -- 		 0.0		 0.0
(Lychnocephalusjolianus,Lychnocephalustomentosus,(Lychnophoraalbertinioides,(Lychnophorasouzae,((Presteliaeriopus,((Proteopisargentea,(Hololepis_pedunculata,(Chronopappus_bifrons,Heterocoma_ekmaniana)0.89:0.5015658165195314)1:0.139296778693448)0.41:0.5093634127463688,(Minasiascapigera,((Eremanthus_incanus,Lychnophorasalicifolia)0.54:2.7720669005083854e-7)#H21:0.1345942916729703::0.6451399028803002)0.77:0.10505836585296816):0.21245692667362706)0.77:0.32681608541291207,#H21:9.901228050925594::0.3548600971196998):0.09701107219073427)0.99:0.1436252484639821)0.7:0.31249490591012913)1;
---------------------
seed: 68832 for run 7, 2023-02-08 18:13:47.295

BEGIN SNaQ for run 7, seed 68832 and hmax 1 changed starting topology by NNI move

Begins heuristic optimization of network------

found best network, now we re-optimize branch lengths and gamma more precisely
STOPPED by number of failures criteria
END optTopLevel: found minimizer topology at step 103 (failures: 75) with -loglik=2139.72544 and ht_min=[0.22404, 0.0, 0.0071, 0.14902, 0.42224, 0.20455, 0.50136, 0.13939, 0.532, 0.0, 0.31817, 0.16764, 0.85098]
PERFORMANCE: total number of moves (proposed, successful, accepted) in general, and to fix gamma=0.0,t=0.0 cases
	--------moves general--------				 --------moves gamma,t------	
move	 Num.Proposed	 Num.Successful	 Num.Accepted	 | Num.Proposed	 Num.Successful	 Num.Accepted
add		 2		 2		 1	 |	 NA 		 NA 		 NA 
mvorigin	 29		 29		 1	 |	 0		 0		 --
mvtarget	 30		 30		 1	 |	 0		 0		 --
chdir		 6		 6		 1	 |	 0		 0		 --
delete		 0		 0		 0	 |	 0		 0		 --
nni		 36		 33		 1	 |	 0		 0		 --
Total		 103		 100		 5	 |	 0		 0		 0
Proportion	 -- 		 1.0		 0.0	 |	 -- 		 0.0		 0.0
(Lychnocephalustomentosus,Lychnocephalusjolianus,((Lychnophoraalbertinioides,(Lychnophorasouzae,((((Proteopisargentea,(Hololepis_pedunculata,(Chronopappus_bifrons,Heterocoma_ekmaniana)0.89:0.5013599906188068)1:0.1393948183597281)0.41:0.5320044297854476,Minasiascapigera):0.0,((Lychnophorasalicifolia,Eremanthus_incanus)0.54:0.1676423038182842)#H21:0.007098651471247112::0.7759556537445951)0.77:0.20455462132604965,Presteliaeriopus)0.77:0.4222396998647396)0.99:0.14901849372931047)0.7:0.0,#H21:0.8509755980477149::0.22404434625540492):0.3181693040592908)1;
---------------------
seed: 42539 for run 8, 2023-02-08 18:29:26.167

BEGIN SNaQ for run 8, seed 42539 and hmax 1 changed starting topology by NNI move

Begins heuristic optimization of network------

found best network, now we re-optimize branch lengths and gamma more precisely
STOPPED by number of failures criteria
END optTopLevel: found minimizer topology at step 122 (failures: 75) with -loglik=2195.65236 and ht_min=[0.05998, 0.32036, 0.14807, 0.37341, 0.10133, 0.50158, 0.1393, 0.50742, 0.13718, 0.11098, 0.5361]
PERFORMANCE: total number of moves (proposed, successful, accepted) in general, and to fix gamma=0.0,t=0.0 cases
	--------moves general--------				 --------moves gamma,t------	
move	 Num.Proposed	 Num.Successful	 Num.Accepted	 | Num.Proposed	 Num.Successful	 Num.Accepted
add		 3		 3		 1	 |	 NA 		 NA 		 NA 
mvorigin	 37		 37		 1	 |	 0		 0		 --
mvtarget	 34		 34		 0	 |	 0		 0		 --
chdir		 10		 10		 0	 |	 0		 0		 --
delete		 0		 0		 0	 |	 0		 0		 --
nni		 38		 35		 1	 |	 0		 0		 --
Total		 122		 119		 3	 |	 0		 0		 0
Proportion	 -- 		 1.0		 0.0	 |	 -- 		 0.0		 0.0
(Eremanthus_incanus,Lychnophorasalicifolia,((Presteliaeriopus,(Lychnophorasouzae,(Lychnophoraalbertinioides,(Lychnocephalusjolianus,(Lychnocephalustomentosus,#H21:::0.05997620320307164):0.5360967072229798)1:0.320358706375684)0.7:0.1480713984708111)0.99:0.37340912174408025)0.77:0.10133013704293081,((Proteopisargentea,((Chronopappus_bifrons,Heterocoma_ekmaniana)0.89:0.5015829183939722,Hololepis_pedunculata)1:0.13930153374507567)0.41:0.5074168893681735,(Minasiascapigera)#H21:::0.9400237967969284):0.13717553140127312)0.77:0.11097517102533852)0.54;
---------------------
seed: 44520 for run 9, 2023-02-08 18:43:17.243

BEGIN SNaQ for run 9, seed 44520 and hmax 1 changed starting topology by NNI move

Begins heuristic optimization of network------

found best network, now we re-optimize branch lengths and gamma more precisely
STOPPED by number of failures criteria
END optTopLevel: found minimizer topology at step 123 (failures: 75) with -loglik=2070.77698 and ht_min=[0.33476, 0.33081, 0.07664, 0.14402, 0.52555, 0.50011, 0.13972, 0.3862, 0.34316, 0.12453, 0.0, 5.0e-5, 0.59701]
PERFORMANCE: total number of moves (proposed, successful, accepted) in general, and to fix gamma=0.0,t=0.0 cases
	--------moves general--------				 --------moves gamma,t------	
move	 Num.Proposed	 Num.Successful	 Num.Accepted	 | Num.Proposed	 Num.Successful	 Num.Accepted
add		 3		 3		 1	 |	 NA 		 NA 		 NA 
mvorigin	 29		 29		 5	 |	 0		 0		 --
mvtarget	 35		 35		 1	 |	 0		 0		 --
chdir		 14		 14		 1	 |	 0		 0		 --
delete		 0		 0		 0	 |	 0		 0		 --
nni		 42		 39		 1	 |	 2		 2		 --
Total		 123		 120		 9	 |	 2		 2		 2
Proportion	 -- 		 1.0		 0.1	 |	 -- 		 1.0		 1.0
(Lychnocephalusjolianus,Lychnocephalustomentosus,((Lychnophorasouzae,(Presteliaeriopus,((Proteopisargentea,(Hololepis_pedunculata,(Chronopappus_bifrons,Heterocoma_ekmaniana)0.89:0.5001085941360602)1:0.13971648241828205)0.41:0.38619830440266906,((Minasiascapigera,(Eremanthus_incanus,Lychnophorasalicifolia)0.54:0.12453306749904469)0.77:0.07663627622356659)#H21:4.5098229177687645e-5::0.6652412958157212):0.3431596443507966)0.77:0.5255450006900556)0.99:0.14402028756332666,(Lychnophoraalbertinioides,#H21:0.5970139197115858::0.33475870418427883):0.0)0.7:0.3308148089441698)1;
---------------------
seed: 34246 for run 10, 2023-02-08 19:1:7.449

BEGIN SNaQ for run 10, seed 34246 and hmax 1 changed starting topology by NNI move

Begins heuristic optimization of network------

found best network, now we re-optimize branch lengths and gamma more precisely
STOPPED by number of failures criteria
END optTopLevel: found minimizer topology at step 236 (failures: 75) with -loglik=2058.44219 and ht_min=[0.41555, 0.05914, 0.52162, 0.31167, 0.15303, 0.5006, 0.13726, 0.39734, 0.33803, 0.12296, 0.0, 2.0e-5, 0.62913]
PERFORMANCE: total number of moves (proposed, successful, accepted) in general, and to fix gamma=0.0,t=0.0 cases
	--------moves general--------				 --------moves gamma,t------	
move	 Num.Proposed	 Num.Successful	 Num.Accepted	 | Num.Proposed	 Num.Successful	 Num.Accepted
add		 1		 1		 1	 |	 NA 		 NA 		 NA 
mvorigin	 68		 68		 14	 |	 0		 0		 --
mvtarget	 58		 58		 3	 |	 0		 0		 --
chdir		 36		 36		 1	 |	 1		 1		 --
delete		 0		 0		 0	 |	 0		 0		 --
nni		 73		 63		 0	 |	 1		 1		 --
Total		 236		 226		 19	 |	 2		 2		 2
Proportion	 -- 		 1.0		 0.1	 |	 -- 		 1.0		 1.0
(Lychnocephalusjolianus,Lychnocephalustomentosus,(Lychnophoraalbertinioides,((Presteliaeriopus,((Proteopisargentea,((Chronopappus_bifrons,Heterocoma_ekmaniana)1:0.5005996906400358,Hololepis_pedunculata)0.89:0.1372615771463416)0.41:0.33803427190634383,(((Eremanthus_incanus,Lychnophorasalicifolia)0.54:0.12296467649583764,Minasiascapigera)0.77:0.05914425006635519)#H21:1.55056293479575e-5::0.5844490892687282):0.3973440183495552)0.77:0.521618571680874,(Lychnophorasouzae,#H21:0.6291281624247895::0.41555091073127176):0.0)0.99:0.15303072799355052)0.7:0.311674423155519)1;
---------------------

2023-02-08 19:43:57.326
MaxNet is (Minasiascapigera,((Presteliaeriopus,#H21:0.0004125800575661625::0.300941523539895)0.77:1.612467991244078,(Proteopisargentea,((Chronopappus_bifrons,Heterocoma_ekmaniana)0.89:0.5012951792738772,Hololepis_pedunculata)1:0.13908635669139788)0.41:0.3686189516009509)0.77:0.3366310633415242,(Lychnophorasalicifolia,((Eremanthus_incanus,(Lychnophorasouzae,(Lychnophoraalbertinioides,(Lychnocephalusjolianus,Lychnocephalustomentosus)1:0.31257123588858843)0.7:0.14411381174569507)0.99:0.43007005392565556):0.012526575419541355)#H21:0.0::0.699058476460105):0.19130059687827985)0.54; 
with -loglik 1946.0501576997558
