optimization of topology, BL and inheritance probabilities using:
 hmax = 5,
 tolerance parameters: ftolRel=1.0e-6, ftolAbs=1.0e-6,
                       xtolAbs=0.001, xtolRel=0.01.
 max number of failed proposals = 75, liktolAbs = 1.0e-6.
rootname for files: net5
BEGIN: 10 runs on starting tree (Minasiascapigera,((Presteliaeriopus,#H21:0.00014232393087539844::0.30254159740963693)0.77:1.5654385895235743,((Hololepis_pedunculata,(Heterocoma_ekmaniana,(Chronopappus_bifrons,#H22:::0.412424378253195):0.4451892457976548)0.89:0.590166227301484)1:0.6007778838748129,(Proteopisargentea)#H22:::0.587575621746805)0.41:0.0015306226930814116)0.77:0.3301544758749427,(Lychnophorasalicifolia,((Eremanthus_incanus,((Lychnophoraalbertinioides,(Lychnocephalusjolianus,#H23:::0.45529279589336297)1:1.4979098821056425)0.7:0.24755817596041443,(Lychnophorasouzae,(Lychnocephalustomentosus)#H23:::0.544707204106637):0.1342777879996146)0.99:0.4044156337240922):0.013029462956301254)#H21:0.0::0.6974584025903631):0.1924396762498629)0.54;

main seed 6789
seed: 6789 for run 1, 2023-02-16 13:19:50.947

BEGIN SNaQ for run 1, seed 6789 and hmax 5 changed starting topology by NNI move

 changed starting network by move target
Begins heuristic optimization of network------

found best network, now we re-optimize branch lengths and gamma more precisely
STOPPED by number of failures criteria
END optTopLevel: found minimizer topology at step 103 (failures: 75) with -loglik=2088.8196 and ht_min=[0.30314, 0.41383, 0.00644, 0.00016, 1.55412, 0.43774, 0.58927, 0.60142, 0.00136, 0.33118, 0.00037, 0.00071, 0.51657, 0.0131, 0.0, 0.19071, 0.04984]
PERFORMANCE: total number of moves (proposed, successful, accepted) in general, and to fix gamma=0.0,t=0.0 cases
	--------moves general--------				 --------moves gamma,t------	
move	 Num.Proposed	 Num.Successful	 Num.Accepted	 | Num.Proposed	 Num.Successful	 Num.Accepted
add		 35		 17		 1	 |	 NA 		 NA 		 NA 
mvorigin	 15		 15		 0	 |	 0		 0		 --
mvtarget	 21		 21		 0	 |	 0		 0		 --
chdir		 13		 10		 0	 |	 0		 0		 --
delete		 0		 0		 0	 |	 0		 0		 --
nni		 19		 13		 0	 |	 0		 0		 --
Total		 103		 76		 1	 |	 0		 0		 0
Proportion	 -- 		 1.0		 0.0	 |	 -- 		 0.0		 0.0
(Minasiascapigera,((Presteliaeriopus,#H21:0.00016412709091264828::0.303143851756539)0.77:1.554120940072648,((Hololepis_pedunculata,(Heterocoma_ekmaniana,(Chronopappus_bifrons,#H22:::0.41383487441412375):0.43774394989193255)0.89:0.5892694927082024)1:0.6014233479475176,(Proteopisargentea)#H22:::0.5861651255858762)0.41:0.0013600115701993378)0.77:0.3311775672833313,(Lychnophorasalicifolia,((Eremanthus_incanus,(Lychnophoraalbertinioides,((((Lychnocephalustomentosus)#H24:::0.9935572802508202,Lychnophorasouzae):0.0007112131469517323,Lychnocephalusjolianus)0.7:0.00037397204305139245,#H24:::0.006442719749179775):0.04983901999367402)0.99:0.516566486983173):0.0131007395148946)#H21:0.0::0.696856148243461):0.19071173709478303)0.54;
---------------------
seed: 28131 for run 2, 2023-02-16 13:30:13.152

BEGIN SNaQ for run 2, seed 28131 and hmax 5 changed starting topology by NNI move

 changed starting network by move target
Begins heuristic optimization of network------

found best network, now we re-optimize branch lengths and gamma more precisely
STOPPED by number of failures criteria
END optTopLevel: found minimizer topology at step 872 (failures: 75) with -loglik=2012.78576 and ht_min=[0.23459, 0.45682, 0.38042, 0.46255, 0.0, 0.47292, 1.36044, 0.0, 0.55268, 0.0, 0.7884, 0.0, 5.5093, 0.98816, 0.2712, 0.0, 0.0, 0.24253, 0.0, 0.0, 0.88962]
PERFORMANCE: total number of moves (proposed, successful, accepted) in general, and to fix gamma=0.0,t=0.0 cases
	--------moves general--------				 --------moves gamma,t------	
move	 Num.Proposed	 Num.Successful	 Num.Accepted	 | Num.Proposed	 Num.Successful	 Num.Accepted
add		 168		 2		 1	 |	 NA 		 NA 		 NA 
mvorigin	 164		 164		 24	 |	 2		 2		 --
mvtarget	 176		 132		 0	 |	 2		 2		 --
chdir		 184		 167		 0	 |	 4		 4		 --
delete		 0		 0		 0	 |	 0		 0		 --
nni		 180		 61		 0	 |	 24		 1		 --
Total		 872		 526		 25	 |	 32		 9		 5
Proportion	 -- 		 1.0		 0.0	 |	 -- 		 1.0		 0.6
((Hololepis_pedunculata,((Chronopappus_bifrons,Heterocoma_ekmaniana)0.89:0.0,(Proteopisargentea)#H22:::0.5431814153857261):0.5526837436029394)1:0.7884048585058788,((Presteliaeriopus,#H21:0.4729173850581377::0.2345898136545102)0.77:1.360437059395125,(Lychnophorasalicifolia,(((Lychnophorasouzae,(((Lychnophoraalbertinioides,(Lychnocephalusjolianus,#H23:::0.38041565233435554)1:5.509300560399865)0.7:0.2712005083936627,(Lychnocephalustomentosus)#H23:::0.6195843476656444):5.2047704364884326e-8)#H26:5.824480443299417e-8::0.5374498421435614):0.9881595714410911,(Eremanthus_incanus,#H26:0.8896180536307525::0.4625501578564386):0.0):0.0)#H21:0.0::0.7654101863454899):0.2425278069237491)0.77:4.319572334056426e-10,(Minasiascapigera,#H22:::0.45681858461427394)0.41:0.0)0.54;
---------------------
seed: 66583 for run 3, 2023-02-16 14:27:36.045

BEGIN SNaQ for run 3, seed 66583 and hmax 5
Begins heuristic optimization of network------

found best network, now we re-optimize branch lengths and gamma more precisely
STOPPED by number of failures criteria
END optTopLevel: found minimizer topology at step 119 (failures: 75) with -loglik=1767.52328 and ht_min=[0.30472, 0.41426, 0.44856, 0.00015, 1.53258, 0.44013, 0.58954, 0.60344, 4.0e-5, 0.33073, 1.5676, 0.2475, 0.1312, 0.40536, 0.0122, 0.0, 0.19367]
PERFORMANCE: total number of moves (proposed, successful, accepted) in general, and to fix gamma=0.0,t=0.0 cases
	--------moves general--------				 --------moves gamma,t------	
move	 Num.Proposed	 Num.Successful	 Num.Accepted	 | Num.Proposed	 Num.Successful	 Num.Accepted
add		 37		 0		 0	 |	 NA 		 NA 		 NA 
mvorigin	 23		 23		 0	 |	 0		 0		 --
mvtarget	 23		 23		 0	 |	 0		 0		 --
chdir		 17		 17		 0	 |	 0		 0		 --
delete		 0		 0		 0	 |	 0		 0		 --
nni		 19		 12		 0	 |	 0		 0		 --
Total		 119		 75		 0	 |	 0		 0		 0
Proportion	 -- 		 1.0		 0.0	 |	 -- 		 0.0		 0.0
(Minasiascapigera,((Presteliaeriopus,#H21:0.00015192941259432077::0.3047155773477479)0.77:1.532582558945016,((Hololepis_pedunculata,(Heterocoma_ekmaniana,(Chronopappus_bifrons,#H22:::0.414256003299055):0.44013045881454543)0.89:0.5895444003337666)1:0.6034394374497514,(Proteopisargentea)#H22:::0.585743996700945)0.41:3.5026855133771377e-5)0.77:0.3307259911225174,(Lychnophorasalicifolia,((Eremanthus_incanus,((Lychnophoraalbertinioides,(Lychnocephalusjolianus,#H23:::0.44856395797447923)1:1.5676006005583838)0.7:0.24749714305162096,(Lychnophorasouzae,(Lychnocephalustomentosus)#H23:::0.5514360420255208):0.13120455497953767)0.99:0.4053573288003983):0.01220058605257166)#H21:0.0::0.6952844226522521):0.1936697023290104)0.54;
---------------------
seed: 71624 for run 4, 2023-02-16 14:35:18.573

BEGIN SNaQ for run 4, seed 71624 and hmax 5
Begins heuristic optimization of network------

found best network, now we re-optimize branch lengths and gamma more precisely
STOPPED by number of failures criteria
END optTopLevel: found minimizer topology at step 145 (failures: 75) with -loglik=1767.52328 and ht_min=[0.30472, 0.41426, 0.44856, 0.00015, 1.53258, 0.44013, 0.58954, 0.60344, 4.0e-5, 0.33073, 1.5676, 0.2475, 0.1312, 0.40536, 0.0122, 0.0, 0.19367]
PERFORMANCE: total number of moves (proposed, successful, accepted) in general, and to fix gamma=0.0,t=0.0 cases
	--------moves general--------				 --------moves gamma,t------	
move	 Num.Proposed	 Num.Successful	 Num.Accepted	 | Num.Proposed	 Num.Successful	 Num.Accepted
add		 62		 0		 0	 |	 NA 		 NA 		 NA 
mvorigin	 17		 17		 0	 |	 0		 0		 --
mvtarget	 22		 22		 0	 |	 0		 0		 --
chdir		 17		 17		 0	 |	 0		 0		 --
delete		 0		 0		 0	 |	 0		 0		 --
nni		 27		 19		 0	 |	 0		 0		 --
Total		 145		 75		 0	 |	 0		 0		 0
Proportion	 -- 		 1.0		 0.0	 |	 -- 		 0.0		 0.0
(Minasiascapigera,((Presteliaeriopus,#H21:0.00015192941259432077::0.3047155773477479)0.77:1.532582558945016,((Hololepis_pedunculata,(Heterocoma_ekmaniana,(Chronopappus_bifrons,#H22:::0.414256003299055):0.44013045881454543)0.89:0.5895444003337666)1:0.6034394374497514,(Proteopisargentea)#H22:::0.585743996700945)0.41:3.5026855133771377e-5)0.77:0.3307259911225174,(Lychnophorasalicifolia,((Eremanthus_incanus,((Lychnophoraalbertinioides,(Lychnocephalusjolianus,#H23:::0.44856395797447923)1:1.5676006005583838)0.7:0.24749714305162096,(Lychnophorasouzae,(Lychnocephalustomentosus)#H23:::0.5514360420255208):0.13120455497953767)0.99:0.4053573288003983):0.01220058605257166)#H21:0.0::0.6952844226522521):0.1936697023290104)0.54;
---------------------
seed: 68160 for run 5, 2023-02-16 14:43:9.389

BEGIN SNaQ for run 5, seed 68160 and hmax 5
Begins heuristic optimization of network------

found best network, now we re-optimize branch lengths and gamma more precisely
STOPPED by number of failures criteria
END optTopLevel: found minimizer topology at step 114 (failures: 75) with -loglik=1767.52328 and ht_min=[0.30472, 0.41426, 0.44856, 0.00015, 1.53258, 0.44013, 0.58954, 0.60344, 4.0e-5, 0.33073, 1.5676, 0.2475, 0.1312, 0.40536, 0.0122, 0.0, 0.19367]
PERFORMANCE: total number of moves (proposed, successful, accepted) in general, and to fix gamma=0.0,t=0.0 cases
	--------moves general--------				 --------moves gamma,t------	
move	 Num.Proposed	 Num.Successful	 Num.Accepted	 | Num.Proposed	 Num.Successful	 Num.Accepted
add		 34		 0		 0	 |	 NA 		 NA 		 NA 
mvorigin	 23		 23		 0	 |	 0		 0		 --
mvtarget	 22		 22		 0	 |	 0		 0		 --
chdir		 17		 17		 0	 |	 0		 0		 --
delete		 0		 0		 0	 |	 0		 0		 --
nni		 18		 13		 0	 |	 0		 0		 --
Total		 114		 75		 0	 |	 0		 0		 0
Proportion	 -- 		 1.0		 0.0	 |	 -- 		 0.0		 0.0
(Minasiascapigera,((Presteliaeriopus,#H21:0.00015192941259432077::0.3047155773477479)0.77:1.532582558945016,((Hololepis_pedunculata,(Heterocoma_ekmaniana,(Chronopappus_bifrons,#H22:::0.414256003299055):0.44013045881454543)0.89:0.5895444003337666)1:0.6034394374497514,(Proteopisargentea)#H22:::0.585743996700945)0.41:3.5026855133771377e-5)0.77:0.3307259911225174,(Lychnophorasalicifolia,((Eremanthus_incanus,((Lychnophoraalbertinioides,(Lychnocephalusjolianus,#H23:::0.44856395797447923)1:1.5676006005583838)0.7:0.24749714305162096,(Lychnophorasouzae,(Lychnocephalustomentosus)#H23:::0.5514360420255208):0.13120455497953767)0.99:0.4053573288003983):0.01220058605257166)#H21:0.0::0.6952844226522521):0.1936697023290104)0.54;
---------------------
seed: 76086 for run 6, 2023-02-16 14:50:44.206

BEGIN SNaQ for run 6, seed 76086 and hmax 5
 changed starting network by move target
Begins heuristic optimization of network------

found best network, now we re-optimize branch lengths and gamma more precisely
STOPPED by number of failures criteria
END optTopLevel: found minimizer topology at step 866 (failures: 75) with -loglik=1784.33413 and ht_min=[0.44373, 0.35889, 0.38965, 0.02628, 0.0, 0.8068, 0.55682, 0.42743, 0.63367, 0.0, 0.32254, 0.23968, 0.0, 9.99967, 0.20473, 0.47419, 2.45465, 0.0, 9.7599]
PERFORMANCE: total number of moves (proposed, successful, accepted) in general, and to fix gamma=0.0,t=0.0 cases
	--------moves general--------				 --------moves gamma,t------	
move	 Num.Proposed	 Num.Successful	 Num.Accepted	 | Num.Proposed	 Num.Successful	 Num.Accepted
add		 207		 2		 1	 |	 NA 		 NA 		 NA 
mvorigin	 191		 191		 24	 |	 0		 0		 --
mvtarget	 155		 134		 0	 |	 0		 0		 --
chdir		 163		 135		 4	 |	 0		 0		 --
delete		 0		 0		 0	 |	 0		 0		 --
nni		 150		 66		 0	 |	 0		 0		 --
Total		 866		 528		 29	 |	 0		 0		 0
Proportion	 -- 		 1.0		 0.1	 |	 -- 		 0.0		 0.0
(Minasiascapigera,((Presteliaeriopus,#H21:::0.3896542741251668)0.77:0.8067969665417014,((Proteopisargentea)#H22:::0.5562662331490653,(Hololepis_pedunculata,(Heterocoma_ekmaniana,(Chronopappus_bifrons,#H22:::0.44373376685093474):0.4274343394946129)0.89:0.5568177075075)1:0.6336663326613641)0.41:3.2289275754219246e-10)0.77:0.3225396519932442,((((Lychnophorasouzae,(((Lychnophoraalbertinioides,(Lychnocephalusjolianus,#H23:::0.3588862132438401)1:9.999668093507799)0.7:0.204726662727443,(Lychnocephalustomentosus)#H23:::0.6411137867561598):0.0)#H24:0.0::0.9737222640193075)0.99:0.4741944955095345,(Eremanthus_incanus,#H24:9.759903365348803::0.026277735980692447):2.454649596936588):0.0)#H21:::0.6103457258748333,Lychnophorasalicifolia):0.2396782216699505)0.54;
---------------------
seed: 17040 for run 7, 2023-02-16 15:43:50.004

BEGIN SNaQ for run 7, seed 17040 and hmax 5
 changed starting network by move origin
Begins heuristic optimization of network------

found best network, now we re-optimize branch lengths and gamma more precisely
STOPPED by number of failures criteria
END optTopLevel: found minimizer topology at step 129 (failures: 75) with -loglik=1794.8295 and ht_min=[0.30907, 0.41592, 0.0, 0.20545, 1.48669, 0.4231, 0.5978, 0.65315, 0.0, 0.33679, 0.0001, 0.1008, 0.30727, 0.0, 0.17154, 0.43915, 0.26131, 0.13865]
PERFORMANCE: total number of moves (proposed, successful, accepted) in general, and to fix gamma=0.0,t=0.0 cases
	--------moves general--------				 --------moves gamma,t------	
move	 Num.Proposed	 Num.Successful	 Num.Accepted	 | Num.Proposed	 Num.Successful	 Num.Accepted
add		 27		 2		 1	 |	 NA 		 NA 		 NA 
mvorigin	 36		 36		 2	 |	 38		 38		 --
mvtarget	 18		 18		 1	 |	 39		 39		 --
chdir		 21		 21		 1	 |	 77		 37		 --
delete		 0		 0		 0	 |	 0		 0		 --
nni		 27		 10		 0	 |	 0		 0		 --
Total		 129		 87		 5	 |	 154		 114		 75
Proportion	 -- 		 1.0		 0.1	 |	 -- 		 1.0		 0.7
(Minasiascapigera,((Presteliaeriopus,#H21:0.205447626813438::0.30907446425632135)0.77:1.486694197938626,((Hololepis_pedunculata,(Heterocoma_ekmaniana,(Chronopappus_bifrons,#H22:::0.41591510875462373):0.423098309027108)0.89:0.5977950664871583)1:0.6531532068653437,(Proteopisargentea)#H22:::0.5840848912453762)0.41:2.1692601434581873e-17)0.77:0.33678766855699405,(Lychnophorasalicifolia,(((((Lychnocephalustomentosus,(Lychnocephalusjolianus)#H23:::0.6533464237824977)0.7:0.5107540883652723,(Lychnophoraalbertinioides,#H23:::0.3466535762175022)1:0.5107540883652723):0.10079683667567818,(Lychnophorasouzae)#H26:::1.0):0.43914679409673085,(Eremanthus_incanus,#H26:::0.0):0.3072697854759167):0.00010340262218054748)#H21:0.0::0.6909255357436787):0.17154285966165364)0.54;
---------------------
seed: 53389 for run 8, 2023-02-16 16:0:40.958

BEGIN SNaQ for run 8, seed 53389 and hmax 5 changed starting topology by NNI move

Begins heuristic optimization of network------

found best network, now we re-optimize branch lengths and gamma more precisely
STOPPED by number of failures criteria
END optTopLevel: found minimizer topology at step 247 (failures: 75) with -loglik=1777.31503 and ht_min=[0.25947, 0.40485, 0.35411, 0.02684, 0.00012, 2.89503, 0.48176, 0.59487, 0.5917, 0.00043, 0.32253, 0.01262, 6.58728, 0.22851, 0.00496, 0.0, 0.16468, 1.06711, 0.457, 0.0, 0.47886]
PERFORMANCE: total number of moves (proposed, successful, accepted) in general, and to fix gamma=0.0,t=0.0 cases
	--------moves general--------				 --------moves gamma,t------	
move	 Num.Proposed	 Num.Successful	 Num.Accepted	 | Num.Proposed	 Num.Successful	 Num.Accepted
add		 68		 9		 1	 |	 NA 		 NA 		 NA 
mvorigin	 38		 38		 3	 |	 1		 1		 --
mvtarget	 53		 38		 0	 |	 2		 0		 --
chdir		 49		 40		 1	 |	 3		 3		 --
delete		 0		 0		 0	 |	 0		 0		 --
nni		 39		 19		 1	 |	 0		 0		 --
Total		 247		 144		 6	 |	 6		 4		 1
Proportion	 -- 		 1.0		 0.0	 |	 -- 		 1.0		 0.2
(((Lychnophorasalicifolia,(((Lychnophorasouzae,(((Lychnophoraalbertinioides,(Lychnocephalusjolianus,#H23:::0.35411010841832097)1:6.587276321918232)0.7:0.22850724254235777,(Lychnocephalustomentosus)#H23:::0.6458898915816791):0.012616008286686551)#H26:0.0::0.9731588483309546):0.45700310637000774,(Eremanthus_incanus,#H26:0.4788576367391962::0.026841151669045434):1.0671053942821653):0.004956608810622027)#H21:0.0::0.7405315844802478):0.16467788795801655,Minasiascapigera)0.77:0.3225346610031845,(Presteliaeriopus,#H21:0.00011536675475856747::0.25946841551975225)0.77:2.895032102439308,((Hololepis_pedunculata,(Heterocoma_ekmaniana,(Chronopappus_bifrons,#H22:::0.4048494880571944):0.4817604872750781)0.89:0.5948722865160796)1:0.5916973634844056,(Proteopisargentea)#H22:::0.5951505119428055)0.41:0.0004315238007572876)0.54;
---------------------
seed: 73150 for run 9, 2023-02-16 16:18:47.997

BEGIN SNaQ for run 9, seed 73150 and hmax 5 changed starting topology by NNI move

 changed starting network by move target
Begins heuristic optimization of network------

found best network, now we re-optimize branch lengths and gamma more precisely
STOPPED by number of failures criteria
END optTopLevel: found minimizer topology at step 135 (failures: 75) with -loglik=2116.54644 and ht_min=[0.34625, 0.0, 0.39792, 0.0636, 0.0, 0.52291, 0.13211, 0.0, 0.53278, 0.55928, 0.0, 2.0756, 0.21919, 0.10228, 0.44235, 0.0, 0.0, 0.26592, 0.15977]
PERFORMANCE: total number of moves (proposed, successful, accepted) in general, and to fix gamma=0.0,t=0.0 cases
	--------moves general--------				 --------moves gamma,t------	
move	 Num.Proposed	 Num.Successful	 Num.Accepted	 | Num.Proposed	 Num.Successful	 Num.Accepted
add		 26		 1		 1	 |	 NA 		 NA 		 NA 
mvorigin	 25		 25		 0	 |	 223		 223		 --
mvtarget	 24		 24		 0	 |	 222		 222		 --
chdir		 29		 29		 0	 |	 445		 445		 --
delete		 0		 0		 0	 |	 0		 0		 --
nni		 31		 12		 1	 |	 0		 0		 --
Total		 135		 91		 2	 |	 890		 890		 225
Proportion	 -- 		 1.0		 0.0	 |	 -- 		 1.0		 0.3
(((Lychnophorasalicifolia,((Eremanthus_incanus,((Lychnophoraalbertinioides,(Lychnocephalusjolianus,#H23:::0.3979151665361559)1:2.0756034741370777)0.7:0.21918763353706605,(Lychnophorasouzae,(Lychnocephalustomentosus)#H23:::0.6020848334638441):0.10228069679602449)0.99:0.4423545617262562):6.852161899071602e-16)#H21:0.0::0.6537477763983245):0.26591765447988724,(Presteliaeriopus,#H21:2.385618249795912e-15::0.3462522236016755)0.77:0.5229070238507733)0.77:0.0,((Proteopisargentea)#H24:::0.9364041994356566,((Chronopappus_bifrons,(Heterocoma_ekmaniana,#H22:::0.0):0.0)0.89:0.532776353704218,(Hololepis_pedunculata)#H22:::1.0)1:0.13210860758021714)0.41:0.5592782060633509,(Minasiascapigera,#H24:::0.06359580056434344):0.15976892026923414)0.54;
---------------------
seed: 81458 for run 10, 2023-02-16 17:32:37.464

BEGIN SNaQ for run 10, seed 81458 and hmax 5
 changed starting network by move target
Begins heuristic optimization of network------

found best network, now we re-optimize branch lengths and gamma more precisely
STOPPED by absolute difference criteria
END optTopLevel: found minimizer topology at step 506 (failures: 0) with -loglik=1969.19092 and ht_min=[0.28669, 0.38995, 0.29732, 0.11743, 3.05153, 0.58118, 0.66669, 0.63915, 0.0, 0.37272, 0.0, 0.73506, 0.0, 0.0, 0.19714, 0.0, 0.0]
PERFORMANCE: total number of moves (proposed, successful, accepted) in general, and to fix gamma=0.0,t=0.0 cases
	--------moves general--------				 --------moves gamma,t------	
move	 Num.Proposed	 Num.Successful	 Num.Accepted	 | Num.Proposed	 Num.Successful	 Num.Accepted
add		 102		 21		 10	 |	 NA 		 NA 		 NA 
mvorigin	 107		 107		 7	 |	 1		 1		 --
mvtarget	 91		 83		 1	 |	 2		 0		 --
chdir		 100		 82		 6	 |	 3		 3		 --
delete		 0		 0		 0	 |	 0		 0		 --
nni		 106		 52		 0	 |	 142		 142		 --
Total		 506		 345		 24	 |	 148		 146		 98
Proportion	 -- 		 1.0		 0.1	 |	 -- 		 1.0		 0.7
(Minasiascapigera,((Presteliaeriopus,#H21:0.11743185665008449::0.28669267536275816)0.77:3.051528628107163,((Hololepis_pedunculata,(Heterocoma_ekmaniana,(Chronopappus_bifrons,#H22:::0.3899545333338766):0.5811756940863309)0.89:0.6666886904882545)1:0.639146085048252,(Proteopisargentea)#H22:::0.6100454666661235)0.41:3.3441212781426666e-16)0.77:0.37272207593349904,(Lychnophorasalicifolia,(((Eremanthus_incanus,((Lychnophorasouzae)#H24:::0.7026761200529832,((Lychnophoraalbertinioides,Lychnocephalustomentosus):0.0,Lychnocephalusjolianus):0.0):0.7350556441385366):6.240283706494119e-14,#H24:::0.29732387994701687):2.360544643409935e-15)#H21:0.0::0.7133073246372419):0.19714303898805174)0.54;
---------------------

2023-02-16 18:29:49.488
MaxNet is (Minasiascapigera,((Presteliaeriopus,#H21:0.00015192941259432077::0.3047155773477479)0.77:1.532582558945016,((Hololepis_pedunculata,(Heterocoma_ekmaniana,(Chronopappus_bifrons,#H22:::0.414256003299055):0.44013045881454543)0.89:0.5895444003337666)1:0.6034394374497514,(Proteopisargentea)#H22:::0.585743996700945)0.41:3.5026855133771377e-5)0.77:0.3307259911225174,(Lychnophorasalicifolia,((Eremanthus_incanus,((Lychnophoraalbertinioides,(Lychnocephalusjolianus,#H23:::0.44856395797447923)1:1.5676006005583838)0.7:0.24749714305162096,(Lychnophorasouzae,(Lychnocephalustomentosus)#H23:::0.5514360420255208):0.13120455497953767)0.99:0.4053573288003983):0.01220058605257166)#H21:0.0::0.6952844226522521):0.1936697023290104)0.54; 
with -loglik 1767.523279142128
