optimization of topology, BL and inheritance probabilities using:
 hmax = 6,
 tolerance parameters: ftolRel=1.0e-6, ftolAbs=1.0e-6,
                       xtolAbs=0.001, xtolRel=0.01.
 max number of failed proposals = 75, liktolAbs = 1.0e-6.
rootname for files: net6
BEGIN: 10 runs on starting tree (Minasiascapigera,((Presteliaeriopus,#H21:0.00015192941259432077::0.3047155773477479)0.77:1.532582558945016,((Hololepis_pedunculata,(Heterocoma_ekmaniana,(Chronopappus_bifrons,#H22:::0.414256003299055):0.44013045881454543)0.89:0.5895444003337666)1:0.6034394374497514,(Proteopisargentea)#H22:::0.585743996700945)0.41:3.5026855133771377e-5)0.77:0.3307259911225174,(Lychnophorasalicifolia,((Eremanthus_incanus,((Lychnophoraalbertinioides,(Lychnocephalusjolianus,#H23:::0.44856395797447923)1:1.5676006005583838)0.7:0.24749714305162096,(Lychnophorasouzae,(Lychnocephalustomentosus)#H23:::0.5514360420255208):0.13120455497953767)0.99:0.4053573288003983):0.01220058605257166)#H21:0.0::0.6952844226522521):0.1936697023290104)0.54;

main seed 7891
seed: 7891 for run 1, 2023-02-17 10:42:18.124

BEGIN SNaQ for run 1, seed 7891 and hmax 6 changed starting topology by NNI move

 changed starting network by move origin
Begins heuristic optimization of network------

found best network, now we re-optimize branch lengths and gamma more precisely
STOPPED by number of failures criteria
END optTopLevel: found minimizer topology at step 500 (failures: 75) with -loglik=1777.15468 and ht_min=[0.3581, 0.41781, 0.37871, 0.03078, 0.00016, 1.04133, 0.4464, 0.59299, 0.61191, 4.0e-5, 0.34321, 0.00136, 2.87178, 0.24506, 0.46304, 0.0, 0.0, 0.22709, 1.05335, 0.0006, 6.13871]
PERFORMANCE: total number of moves (proposed, successful, accepted) in general, and to fix gamma=0.0,t=0.0 cases
	--------moves general--------				 --------moves gamma,t------	
move	 Num.Proposed	 Num.Successful	 Num.Accepted	 | Num.Proposed	 Num.Successful	 Num.Accepted
add		 201		 1		 1	 |	 NA 		 NA 		 NA 
mvorigin	 77		 77		 4	 |	 0		 0		 --
mvtarget	 83		 75		 0	 |	 0		 0		 --
chdir		 72		 68		 1	 |	 0		 0		 --
delete		 0		 0		 0	 |	 0		 0		 --
nni		 67		 33		 0	 |	 1		 1		 --
Total		 500		 254		 6	 |	 1		 1		 1
Proportion	 -- 		 1.0		 0.0	 |	 -- 		 1.0		 1.0
(Minasiascapigera,((Presteliaeriopus,#H21:0.0001562411598413055::0.3581009291758153)0.77:1.041334244447789,((Hololepis_pedunculata,(Heterocoma_ekmaniana,(Chronopappus_bifrons,#H22:::0.41780539949420853):0.4463969671904331)0.89:0.5929871813792078)1:0.6119085537573332,(Proteopisargentea)#H22:::0.5821946005057914)0.41:3.6987997570371906e-5)0.77:0.3432102733480744,(Lychnophorasalicifolia,(((Lychnophorasouzae,(((Lychnophoraalbertinioides,(Lychnocephalusjolianus,#H23:::0.37871242610477857)1:2.871777917046003)0.7:0.24505880912891187,(Lychnocephalustomentosus)#H23:::0.6212875738952215):0.001364827940084437)#H24:0.0006007808510883533::0.9692161784279795)0.99:0.4630352909657201,(Eremanthus_incanus,#H24:6.1387117699723035::0.03078382157202053):1.0533465307152579):0.0)#H21:0.0::0.6418990708241847):0.22709307902291642)0.54;
---------------------
seed: 19989 for run 2, 2023-02-17 11:7:25.768

BEGIN SNaQ for run 2, seed 19989 and hmax 6 changed starting topology by NNI move

 changed starting network by move origin
Begins heuristic optimization of network------

found best network, now we re-optimize branch lengths and gamma more precisely
STOPPED by number of failures criteria
END optTopLevel: found minimizer topology at step 268 (failures: 75) with -loglik=1839.73475 and ht_min=[0.30957, 0.41238, 0.12941, 0.00017, 1.49554, 0.45567, 0.58906, 0.60307, 3.0e-5, 0.33308, 3.0e-5, 0.62864, 0.0, 0.19504, 0.01938, 0.00046, 0.0, 0.0, 0.34568, 0.01062]
PERFORMANCE: total number of moves (proposed, successful, accepted) in general, and to fix gamma=0.0,t=0.0 cases
	--------moves general--------				 --------moves gamma,t------	
move	 Num.Proposed	 Num.Successful	 Num.Accepted	 | Num.Proposed	 Num.Successful	 Num.Accepted
add		 97		 19		 1	 |	 NA 		 NA 		 NA 
mvorigin	 41		 41		 1	 |	 0		 0		 --
mvtarget	 46		 45		 8	 |	 0		 0		 --
chdir		 43		 34		 0	 |	 0		 0		 --
delete		 0		 0		 0	 |	 0		 0		 --
nni		 41		 19		 0	 |	 0		 0		 --
Total		 268		 158		 10	 |	 0		 0		 0
Proportion	 -- 		 1.0		 0.1	 |	 -- 		 0.0		 0.0
(Minasiascapigera,((Presteliaeriopus,#H21:0.0001724312108006756::0.30956850485141324)0.77:1.4955411264988947,((Hololepis_pedunculata,(Heterocoma_ekmaniana,(Chronopappus_bifrons,#H22:::0.4123773979076407):0.45566609451148266)0.89:0.5890626283613037)1:0.603065031545804,(Proteopisargentea)#H22:::0.5876226020923593)0.41:3.260433759015264e-5)0.77:0.3330753799255535,(Lychnophorasalicifolia,(((Eremanthus_incanus,(Lychnophoraalbertinioides,(((Lychnophorasouzae,#H23:::0.02981451367567738):0.44052763108207893,(Lychnocephalusjolianus,(Lychnocephalustomentosus)#H23:::0.9701854863243227)1:0.44052763108207893)0.7:2.6710068004951835e-5)#H26:0.0::0.870594919522558)0.99:0.6286366308672313):0.019377717316728136,#H26:0.0::0.12940508047744206):0.0004649448065927926)#H21:0.0::0.6904314951485868):0.19504358391533444)0.54;
---------------------
seed: 37124 for run 3, 2023-02-17 11:28:15.166

BEGIN SNaQ for run 3, seed 37124 and hmax 6 changed starting topology by NNI move

 changed starting network by move origin
Begins heuristic optimization of network------

found best network, now we re-optimize branch lengths and gamma more precisely
STOPPED by number of failures criteria
END optTopLevel: found minimizer topology at step 646 (failures: 75) with -loglik=1776.03991 and ht_min=[0.28425, 0.41284, 0.37512, 0.02046, 0.00016, 1.88478, 0.44084, 0.59025, 0.60099, 1.0e-5, 0.32529, 0.0, 2.99837, 0.2454, 0.45625, 4.42901, 2.0e-5, 0.0, 0.17876, 3.90571, 1.0e-5]
PERFORMANCE: total number of moves (proposed, successful, accepted) in general, and to fix gamma=0.0,t=0.0 cases
	--------moves general--------				 --------moves gamma,t------	
move	 Num.Proposed	 Num.Successful	 Num.Accepted	 | Num.Proposed	 Num.Successful	 Num.Accepted
add		 189		 1		 1	 |	 NA 		 NA 		 NA 
mvorigin	 108		 108		 12	 |	 0		 0		 --
mvtarget	 124		 108		 2	 |	 0		 0		 --
chdir		 110		 98		 1	 |	 0		 0		 --
delete		 0		 0		 0	 |	 0		 0		 --
nni		 115		 50		 0	 |	 1		 1		 --
Total		 646		 365		 16	 |	 1		 1		 1
Proportion	 -- 		 1.0		 0.0	 |	 -- 		 1.0		 1.0
(Minasiascapigera,((Presteliaeriopus,#H21:0.00016310201988147682::0.2842484850791246)0.77:1.8847782718176775,((Hololepis_pedunculata,(Heterocoma_ekmaniana,(Chronopappus_bifrons,#H22:::0.4128439950877537):0.4408391037013455)0.89:0.5902487980703137)1:0.6009939649999987,(Proteopisargentea)#H22:::0.5871560049122463)0.41:9.607900347278214e-6)0.77:0.3252865711711439,(Lychnophorasalicifolia,(((Eremanthus_incanus,#H24:3.9057131898705446::0.020457569903063567)0.99:4.429011870775948,(Lychnophorasouzae,(((Lychnophoraalbertinioides,(Lychnocephalusjolianus,#H23:::0.37512265156977026)1:2.9983705459608094)0.7:0.24540099786480243,(Lychnocephalustomentosus)#H23:::0.6248773484302297):0.0)#H24:1.346787589000218e-5::0.9795424300969364):0.4562489409541707):1.9841111277305382e-5)#H21:0.0::0.7157515149208754):0.1787583680545201)0.54;
---------------------
seed: 78777 for run 4, 2023-02-17 12:8:19.873

BEGIN SNaQ for run 4, seed 78777 and hmax 6 changed starting topology by NNI move

 changed starting network by move origin
Begins heuristic optimization of network------

found best network, now we re-optimize branch lengths and gamma more precisely
STOPPED by number of failures criteria
END optTopLevel: found minimizer topology at step 352 (failures: 75) with -loglik=1781.45442 and ht_min=[0.30449, 0.41348, 0.08913, 0.00015, 1.53677, 0.44467, 0.59106, 0.60271, 1.0e-5, 0.33083, 0.47979, 0.00167, 0.02937, 0.0, 0.19358, 0.01072, 0.13174, 0.32088]
PERFORMANCE: total number of moves (proposed, successful, accepted) in general, and to fix gamma=0.0,t=0.0 cases
	--------moves general--------				 --------moves gamma,t------	
move	 Num.Proposed	 Num.Successful	 Num.Accepted	 | Num.Proposed	 Num.Successful	 Num.Accepted
add		 124		 2		 1	 |	 NA 		 NA 		 NA 
mvorigin	 50		 50		 6	 |	 0		 0		 --
mvtarget	 55		 54		 1	 |	 0		 0		 --
chdir		 63		 58		 1	 |	 0		 0		 --
delete		 0		 0		 0	 |	 0		 0		 --
nni		 60		 27		 1	 |	 9		 9		 --
Total		 352		 191		 10	 |	 9		 9		 8
Proportion	 -- 		 1.0		 0.1	 |	 -- 		 1.0		 0.9
(Minasiascapigera,((Presteliaeriopus,#H21:0.00014651018601704032::0.30449364866502315)0.77:1.5367699871663758,((Hololepis_pedunculata,(Heterocoma_ekmaniana,(Chronopappus_bifrons,#H22:::0.41347916750735103):0.4446736221882909)0.89:0.5910599101212045)1:0.6027117779381397,(Proteopisargentea)#H22:::0.586520832492649)0.41:9.038879308978622e-6)0.77:0.3308339099485052,(Lychnophorasalicifolia,(((Eremanthus_incanus,(((Lychnophoraalbertinioides,(Lychnocephalusjolianus)#H23:::0.2910664325769827)0.7:0.6026242930447677,(Lychnocephalustomentosus,#H23:::0.7089335674230173)1:0.6026242930447677):0.02937388373881046,(Lychnophorasouzae)#H24:::0.9108652212109118):0.47979425662090297)0.99:0.0016748014650061983,#H24:::0.0891347787890881):0.010721796439443107)#H21:0.0::0.6955063513349768):0.19358282478009267)0.54;
---------------------
seed: 74371 for run 5, 2023-02-17 12:29:6.874

BEGIN SNaQ for run 5, seed 74371 and hmax 6 changed starting topology by NNI move

Begins heuristic optimization of network------

found best network, now we re-optimize branch lengths and gamma more precisely
STOPPED by number of failures criteria
END optTopLevel: found minimizer topology at step 247 (failures: 75) with -loglik=1778.21427 and ht_min=[0.30468, 0.41426, 0.3566, 0.0159, 0.00017, 1.5343, 0.43943, 0.58952, 0.60329, 3.0e-5, 0.33072, 3.81455, 0.43622, 0.22135, 0.00021, 0.00132, 0.0, 0.19322, 0.01258]
PERFORMANCE: total number of moves (proposed, successful, accepted) in general, and to fix gamma=0.0,t=0.0 cases
	--------moves general--------				 --------moves gamma,t------	
move	 Num.Proposed	 Num.Successful	 Num.Accepted	 | Num.Proposed	 Num.Successful	 Num.Accepted
add		 92		 3		 1	 |	 NA 		 NA 		 NA 
mvorigin	 48		 48		 2	 |	 0		 0		 --
mvtarget	 39		 31		 1	 |	 0		 0		 --
chdir		 33		 26		 0	 |	 0		 0		 --
delete		 0		 0		 0	 |	 0		 0		 --
nni		 35		 13		 0	 |	 2		 2		 --
Total		 247		 121		 4	 |	 2		 2		 2
Proportion	 -- 		 1.0		 0.0	 |	 -- 		 1.0		 1.0
(Minasiascapigera,((Presteliaeriopus,#H21:0.00016769464711990082::0.30467759974543923)0.77:1.5343028243184786,((Hololepis_pedunculata,(Heterocoma_ekmaniana,(Chronopappus_bifrons,#H22:::0.4142574388835767):0.43943315838685715)0.89:0.5895196328307603)1:0.6032865397903886,(Proteopisargentea)#H22:::0.5857425611164233)0.41:2.648267614425837e-5)0.77:0.3307196945352045,(Lychnophorasalicifolia,(((Eremanthus_incanus,(((Lychnophoraalbertinioides,(Lychnocephalusjolianus,#H23:::0.35659587692220107)1:3.8145500817646285)0.7:0.22134547755149023,(Lychnocephalustomentosus)#H23:::0.6434041230777989):0.001315008736143573,(Lychnophorasouzae)#H24:::0.9840975869612998)0.99:0.43622496523110293):0.012579014453793566,#H24:::0.015902413038700183):0.0002146201850032897)#H21:0.0::0.6953224002545608):0.19321920396325093)0.54;
---------------------
seed: 3682 for run 6, 2023-02-17 12:42:53.117

BEGIN SNaQ for run 6, seed 3682 and hmax 6 changed starting topology by NNI move

 changed starting network by move origin
Begins heuristic optimization of network------

found best network, now we re-optimize branch lengths and gamma more precisely
STOPPED by number of failures criteria
END optTopLevel: found minimizer topology at step 328 (failures: 75) with -loglik=1974.80516 and ht_min=[0.46528, 0.46121, 0.44072, 0.0, 0.54276, 0.0, 0.0, 1.07165, 0.58691, 2.24828, 0.0, 0.32192, 1.47522, 0.22487, 0.00609, 0.44535, 0.0, 0.0, 0.29573]
PERFORMANCE: total number of moves (proposed, successful, accepted) in general, and to fix gamma=0.0,t=0.0 cases
	--------moves general--------				 --------moves gamma,t------	
move	 Num.Proposed	 Num.Successful	 Num.Accepted	 | Num.Proposed	 Num.Successful	 Num.Accepted
add		 136		 0		 0	 |	 NA 		 NA 		 NA 
mvorigin	 46		 46		 5	 |	 17		 17		 --
mvtarget	 51		 50		 1	 |	 16		 16		 --
chdir		 40		 38		 0	 |	 33		 33		 --
delete		 0		 0		 0	 |	 0		 0		 --
nni		 55		 38		 0	 |	 2		 2		 --
Total		 328		 172		 6	 |	 68		 68		 29
Proportion	 -- 		 1.0		 0.0	 |	 -- 		 1.0		 0.4
(((Heterocoma_ekmaniana,Chronopappus_bifrons)0.89:0.5869097162002203,(Hololepis_pedunculata,#H22:2.2482825866359684::0.461206220387822)1:0.0)0.41:0.0,(((Minasiascapigera,(Lychnophorasalicifolia,((Eremanthus_incanus,((Lychnophoraalbertinioides,(Lychnocephalusjolianus,#H23:::0.4407161471432179)1:1.475224577407425)0.7:0.22487405237068062,(Lychnophorasouzae,(Lychnocephalustomentosus)#H23:::0.5592838528567821):0.006092715434494259)0.99:0.445351164677575):0.0)#H21:0.0::0.5347219676771882):0.29573190440182)0.77:0.32191745499724755,(Presteliaeriopus,#H21:3.525077106803764e-14::0.46527803232281184)0.77:0.5427609226321414)0.54:0.0)#H22:1.0716452730920079::0.538793779612178,Proteopisargentea);
---------------------
seed: 25900 for run 7, 2023-02-17 13:4:17.435

BEGIN SNaQ for run 7, seed 25900 and hmax 6 changed starting topology by NNI move

Begins heuristic optimization of network------

found best network, now we re-optimize branch lengths and gamma more precisely
STOPPED by number of failures criteria
END optTopLevel: found minimizer topology at step 157 (failures: 75) with -loglik=1767.62732 and ht_min=[0.30344, 0.41483, 0.44711, 0.0001, 1.54448, 0.43819, 0.58912, 0.60428, 4.0e-5, 0.32958, 1.58236, 0.24748, 0.13016, 0.40796, 0.00809, 0.0, 0.19545]
PERFORMANCE: total number of moves (proposed, successful, accepted) in general, and to fix gamma=0.0,t=0.0 cases
	--------moves general--------				 --------moves gamma,t------	
move	 Num.Proposed	 Num.Successful	 Num.Accepted	 | Num.Proposed	 Num.Successful	 Num.Accepted
add		 74		 0		 0	 |	 NA 		 NA 		 NA 
mvorigin	 26		 26		 0	 |	 0		 0		 --
mvtarget	 20		 20		 0	 |	 0		 0		 --
chdir		 17		 17		 0	 |	 0		 0		 --
delete		 0		 0		 0	 |	 0		 0		 --
nni		 20		 12		 0	 |	 3		 3		 --
Total		 157		 75		 0	 |	 3		 3		 2
Proportion	 -- 		 1.0		 0.0	 |	 -- 		 1.0		 0.7
(Minasiascapigera,((Presteliaeriopus,#H21:0.00010152633962477206::0.3034351378692339)0.77:1.5444816027518908,(((Heterocoma_ekmaniana,(Chronopappus_bifrons,#H22:::0.4148318458970127):0.43819066245036886)1:0.5891198247622865,Hololepis_pedunculata)0.89:0.6042817072323157,(Proteopisargentea)#H22:::0.5851681541029873)0.41:3.709039892535224e-5)0.77:0.32958036215954445,(Lychnophorasalicifolia,((Eremanthus_incanus,((Lychnophoraalbertinioides,(Lychnocephalusjolianus,#H23:::0.44711106873213985)1:1.582360356620242)0.7:0.24747632234048975,(Lychnophorasouzae,(Lychnocephalustomentosus)#H23:::0.5528889312678602):0.13016032507079595)0.99:0.407962847573661):0.008088524324716807)#H21:0.0::0.6965648621307661):0.19544556429224316)0.54;
---------------------
seed: 29034 for run 8, 2023-02-17 13:12:19.113

BEGIN SNaQ for run 8, seed 29034 and hmax 6
Begins heuristic optimization of network------

found best network, now we re-optimize branch lengths and gamma more precisely
STOPPED by number of failures criteria
END optTopLevel: found minimizer topology at step 155 (failures: 75) with -loglik=1767.5216 and ht_min=[0.30474, 0.41425, 0.44803, 0.00031, 1.53218, 0.4405, 0.58955, 0.60351, 1.0e-5, 0.33073, 1.5725, 0.24738, 0.13066, 0.40548, 0.01218, 0.0, 0.19372]
PERFORMANCE: total number of moves (proposed, successful, accepted) in general, and to fix gamma=0.0,t=0.0 cases
	--------moves general--------				 --------moves gamma,t------	
move	 Num.Proposed	 Num.Successful	 Num.Accepted	 | Num.Proposed	 Num.Successful	 Num.Accepted
add		 70		 0		 0	 |	 NA 		 NA 		 NA 
mvorigin	 23		 23		 0	 |	 0		 0		 --
mvtarget	 25		 25		 0	 |	 0		 0		 --
chdir		 17		 17		 0	 |	 0		 0		 --
delete		 0		 0		 0	 |	 0		 0		 --
nni		 20		 10		 0	 |	 0		 0		 --
Total		 155		 75		 0	 |	 0		 0		 0
Proportion	 -- 		 1.0		 0.0	 |	 -- 		 0.0		 0.0
(Minasiascapigera,((Presteliaeriopus,#H21:0.00030608647753098487::0.30474478499701585)0.77:1.5321760895387921,((Hololepis_pedunculata,(Heterocoma_ekmaniana,(Chronopappus_bifrons,#H22:::0.4142533019337043):0.44050419400777396)0.89:0.5895498741281575)1:0.6035057921296073,(Proteopisargentea)#H22:::0.5857466980662958)0.41:7.910761728904825e-6)0.77:0.3307259875197624,(Lychnophorasalicifolia,((Eremanthus_incanus,((Lychnophoraalbertinioides,(Lychnocephalusjolianus,#H23:::0.4480263761077519)1:1.5724987746744414)0.7:0.247380338848342,(Lychnophorasouzae,(Lychnocephalustomentosus)#H23:::0.5519736238922481):0.13065603224562272)0.99:0.4054805958364321):0.012175702001517743)#H21:0.0::0.6952552150029842):0.19371847515012583)0.54;
---------------------
seed: 49861 for run 9, 2023-02-17 13:18:46.838

BEGIN SNaQ for run 9, seed 49861 and hmax 6 changed starting topology by NNI move

 changed starting network by move target
Begins heuristic optimization of network------

found best network, now we re-optimize branch lengths and gamma more precisely
STOPPED by number of failures criteria
END optTopLevel: found minimizer topology at step 599 (failures: 75) with -loglik=1780.71635 and ht_min=[0.29532, 0.41462, 0.13734, 0.00012, 1.66676, 0.43064, 0.58876, 0.60354, 0.0, 0.32811, 2.0e-5, 0.51074, 0.0, 0.0, 0.18452, 0.01591, 0.3214, 0.13411]
PERFORMANCE: total number of moves (proposed, successful, accepted) in general, and to fix gamma=0.0,t=0.0 cases
	--------moves general--------				 --------moves gamma,t------	
move	 Num.Proposed	 Num.Successful	 Num.Accepted	 | Num.Proposed	 Num.Successful	 Num.Accepted
add		 207		 1		 1	 |	 NA 		 NA 		 NA 
mvorigin	 84		 84		 8	 |	 0		 0		 --
mvtarget	 103		 101		 4	 |	 0		 0		 --
chdir		 96		 88		 3	 |	 0		 0		 --
delete		 0		 0		 0	 |	 0		 0		 --
nni		 109		 57		 1	 |	 5		 5		 --
Total		 599		 331		 17	 |	 5		 5		 2
Proportion	 -- 		 1.0		 0.1	 |	 -- 		 1.0		 0.4
(Minasiascapigera,((Presteliaeriopus,#H21:0.00012103366084952246::0.29532057575364795)0.77:1.6667563417765554,((Hololepis_pedunculata,(Heterocoma_ekmaniana,(Chronopappus_bifrons,#H22:::0.41461844795672054):0.4306395440302672)0.89:0.5887646514695861)1:0.6035400228200618,(Proteopisargentea)#H22:::0.5853815520432795)0.41:3.694519777131171e-7)0.77:0.3281094075530503,(Lychnophorasalicifolia,(((Eremanthus_incanus,(((Lychnophoraalbertinioides,#H23:::0.2944239724156724):0.6079073337046011,(Lychnocephalustomentosus,(Lychnocephalusjolianus)#H23:::0.7055760275843276):0.6079073337046011)0.7:2.1860959513890373e-5,(Lychnophorasouzae)#H24:::0.8626633922505529)1:0.5107398821296477)0.99:0.015910165123048693,#H24:::0.13733660774944706):0.0)#H21:0.0::0.7046794242463521):0.18452074127258677)0.54;
---------------------
seed: 6955 for run 10, 2023-02-17 13:51:12.56

BEGIN SNaQ for run 10, seed 6955 and hmax 6
Begins heuristic optimization of network------

found best network, now we re-optimize branch lengths and gamma more precisely
STOPPED by number of failures criteria
END optTopLevel: found minimizer topology at step 172 (failures: 75) with -loglik=1767.5216 and ht_min=[0.30474, 0.41425, 0.44803, 0.00031, 1.53218, 0.4405, 0.58955, 0.60351, 1.0e-5, 0.33073, 1.5725, 0.24738, 0.13066, 0.40548, 0.01218, 0.0, 0.19372]
PERFORMANCE: total number of moves (proposed, successful, accepted) in general, and to fix gamma=0.0,t=0.0 cases
	--------moves general--------				 --------moves gamma,t------	
move	 Num.Proposed	 Num.Successful	 Num.Accepted	 | Num.Proposed	 Num.Successful	 Num.Accepted
add		 84		 0		 0	 |	 NA 		 NA 		 NA 
mvorigin	 30		 30		 0	 |	 0		 0		 --
mvtarget	 19		 19		 0	 |	 0		 0		 --
chdir		 17		 17		 0	 |	 0		 0		 --
delete		 0		 0		 0	 |	 0		 0		 --
nni		 22		 9		 0	 |	 0		 0		 --
Total		 172		 75		 0	 |	 0		 0		 0
Proportion	 -- 		 1.0		 0.0	 |	 -- 		 0.0		 0.0
(Minasiascapigera,((Presteliaeriopus,#H21:0.00030608647753098487::0.30474478499701585)0.77:1.5321760895387921,((Hololepis_pedunculata,(Heterocoma_ekmaniana,(Chronopappus_bifrons,#H22:::0.4142533019337043):0.44050419400777396)0.89:0.5895498741281575)1:0.6035057921296073,(Proteopisargentea)#H22:::0.5857466980662958)0.41:7.910761728904825e-6)0.77:0.3307259875197624,(Lychnophorasalicifolia,((Eremanthus_incanus,((Lychnophoraalbertinioides,(Lychnocephalusjolianus,#H23:::0.4480263761077519)1:1.5724987746744414)0.7:0.247380338848342,(Lychnophorasouzae,(Lychnocephalustomentosus)#H23:::0.5519736238922481):0.13065603224562272)0.99:0.4054805958364321):0.012175702001517743)#H21:0.0::0.6952552150029842):0.19371847515012583)0.54;
---------------------

2023-02-17 13:57:41.945
MaxNet is (Minasiascapigera,((Presteliaeriopus,#H21:0.00030608647753098487::0.30474478499701585)0.77:1.5321760895387921,((Hololepis_pedunculata,(Heterocoma_ekmaniana,(Chronopappus_bifrons,#H22:::0.4142533019337043):0.44050419400777396)0.89:0.5895498741281575)1:0.6035057921296073,(Proteopisargentea)#H22:::0.5857466980662958)0.41:7.910761728904825e-6)0.77:0.3307259875197624,(Lychnophorasalicifolia,((Eremanthus_incanus,((Lychnophoraalbertinioides,(Lychnocephalusjolianus,#H23:::0.4480263761077519)1:1.5724987746744414)0.7:0.247380338848342,(Lychnophorasouzae,(Lychnocephalustomentosus)#H23:::0.5519736238922481):0.13065603224562272)0.99:0.4054805958364321):0.012175702001517743)#H21:0.0::0.6952552150029842):0.19371847515012583)0.54; 
with -loglik 1767.521597783452
