optimization of topology, BL and inheritance probabilities using:
 hmax = 3,
 tolerance parameters: ftolRel=1.0e-6, ftolAbs=1.0e-6,
                       xtolAbs=0.001, xtolRel=0.01.
 max number of failed proposals = 75, liktolAbs = 1.0e-6.
rootname for files: net3
BEGIN: 10 runs on starting tree (Lychnophorasalicifolia,(Lychnophoraericoides,#H21:::0.44079825961039143):0.20960489595136372,((Eremanthus_elaeagnus_E2875,((Piptolepispabstii,Eremanthus_auriculatus)0.99:0.22412357652304105,(Eremanthus_incanus,(Eremanthus_reticulatus_E2876)#H21:::0.5592017403896086)0.99:0.4488225452913928)0.97:0.2499460209892893):0.058801440950448064,(((Lychnophora_mellosilvae,(Lychnophorellaregis,(Lychnophorellabishopii,#H22:::0.12507048568582566):1.0282633800532581)0.97:0.1560578132474039)1:0.7184321741386624,Lychnophora_santosii)0.98:0.29541178117904343,(Eremanthus_veadeiroensis_E2872)#H22:::0.8749295143141743)1:0.16219602296971736)0.72:0.9838619263888474)1;

main seed 4567
seed: 4567 for run 1, 2023-01-30 13:15:19.949

BEGIN SNaQ for run 1, seed 4567 and hmax 3 changed starting topology by NNI move

Begins heuristic optimization of network------

found best network, now we re-optimize branch lengths and gamma more precisely
STOPPED by number of failures criteria
END optTopLevel: found minimizer topology at step 166 (failures: 75) with -loglik=530.96191 and ht_min=[0.4408, 0.12507, 0.2096, 0.22412, 0.44882, 0.24995, 0.0588, 1.02832, 0.15606, 0.71843, 0.29541, 0.1622, 0.98386]
PERFORMANCE: total number of moves (proposed, successful, accepted) in general, and to fix gamma=0.0,t=0.0 cases
	--------moves general--------				 --------moves gamma,t------	
move	 Num.Proposed	 Num.Successful	 Num.Accepted	 | Num.Proposed	 Num.Successful	 Num.Accepted
add		 37		 0		 0	 |	 NA 		 NA 		 NA 
mvorigin	 36		 36		 0	 |	 0		 0		 --
mvtarget	 33		 33		 0	 |	 0		 0		 --
chdir		 20		 20		 0	 |	 0		 0		 --
delete		 0		 0		 0	 |	 0		 0		 --
nni		 40		 33		 1	 |	 1		 1		 --
Total		 166		 122		 1	 |	 1		 1		 1
Proportion	 -- 		 1.0		 0.0	 |	 -- 		 1.0		 1.0
(Lychnophorasalicifolia,(Lychnophoraericoides,#H21:::0.440797709074663):0.2096022191247404,((((Piptolepispabstii,Eremanthus_auriculatus)0.99:0.22412343353867947,(Eremanthus_incanus,(Eremanthus_reticulatus_E2876)#H21:::0.559202290925337)0.99:0.4488208707935299)0.97:0.24994797190720733,Eremanthus_elaeagnus_E2875):0.058800571861589726,(((Lychnophora_mellosilvae,(Lychnophorellaregis,(Lychnophorellabishopii,#H22:::0.12506893417415982):1.0283204387478173)0.97:0.15605778267461817)1:0.7184323348478517,Lychnophora_santosii)0.98:0.2954108841355622,(Eremanthus_veadeiroensis_E2872)#H22:::0.8749310658258402)1:0.162196689833622)0.72:0.9838630755954032)1;
---------------------
seed: 40025 for run 2, 2023-01-30 13:40:2.11

BEGIN SNaQ for run 2, seed 40025 and hmax 3 changed starting topology by NNI move

 changed starting network by move origin
Begins heuristic optimization of network------

found best network, now we re-optimize branch lengths and gamma more precisely
STOPPED by number of failures criteria
END optTopLevel: found minimizer topology at step 182 (failures: 75) with -loglik=539.48875 and ht_min=[0.47079, 0.12507, 0.96045, 0.01508, 0.22034, 0.4953, 0.25452, 0.05618, 1.02912, 0.15602, 0.71845, 0.2954, 0.16388]
PERFORMANCE: total number of moves (proposed, successful, accepted) in general, and to fix gamma=0.0,t=0.0 cases
	--------moves general--------				 --------moves gamma,t------	
move	 Num.Proposed	 Num.Successful	 Num.Accepted	 | Num.Proposed	 Num.Successful	 Num.Accepted
add		 30		 0		 0	 |	 NA 		 NA 		 NA 
mvorigin	 34		 34		 4	 |	 0		 0		 --
mvtarget	 48		 48		 0	 |	 0		 0		 --
chdir		 23		 23		 0	 |	 0		 0		 --
delete		 0		 0		 0	 |	 0		 0		 --
nni		 47		 38		 0	 |	 3		 3		 --
Total		 182		 143		 4	 |	 3		 3		 2
Proportion	 -- 		 1.0		 0.0	 |	 -- 		 1.0		 0.7
(Lychnophorasalicifolia,(((Eremanthus_elaeagnus_E2875,((Piptolepispabstii,Eremanthus_auriculatus)0.99:0.22033541921130825,(Eremanthus_incanus,(Eremanthus_reticulatus_E2876)#H21:::0.5292067990500696)0.99:0.49529644564052705)0.97:0.25452396080880857):0.05617651092682894,(((Lychnophora_mellosilvae,(Lychnophorellaregis,(Lychnophorellabishopii,#H22:::0.12507054462040731):1.0291191156016624)0.97:0.1560172448340371)1:0.7184536383125418,Lychnophora_santosii)0.98:0.2954038434579426,(Eremanthus_veadeiroensis_E2872)#H22:::0.8749294553795927)1:0.16387975895139573)0.72:0.9604500806016455,#H21:::0.4707932009499304):0.015075953532845429,Lychnophoraericoides)1;
---------------------
seed: 13375 for run 3, 2023-01-30 14:24:11.224

BEGIN SNaQ for run 3, seed 13375 and hmax 3 changed starting topology by NNI move

Begins heuristic optimization of network------

found best network, now we re-optimize branch lengths and gamma more precisely
STOPPED by number of failures criteria
END optTopLevel: found minimizer topology at step 174 (failures: 75) with -loglik=530.96191 and ht_min=[0.4408, 0.12511, 0.20952, 0.22412, 0.44882, 0.24995, 0.0588, 1.0273, 0.15605, 0.71844, 0.29543, 0.16218, 0.98385]
PERFORMANCE: total number of moves (proposed, successful, accepted) in general, and to fix gamma=0.0,t=0.0 cases
	--------moves general--------				 --------moves gamma,t------	
move	 Num.Proposed	 Num.Successful	 Num.Accepted	 | Num.Proposed	 Num.Successful	 Num.Accepted
add		 32		 0		 0	 |	 NA 		 NA 		 NA 
mvorigin	 39		 39		 0	 |	 0		 0		 --
mvtarget	 37		 37		 0	 |	 0		 0		 --
chdir		 23		 23		 2	 |	 0		 0		 --
delete		 0		 0		 0	 |	 0		 0		 --
nni		 43		 39		 1	 |	 1		 1		 --
Total		 174		 138		 3	 |	 1		 1		 1
Proportion	 -- 		 1.0		 0.0	 |	 -- 		 1.0		 1.0
(Lychnophorasalicifolia,(Lychnophoraericoides,#H21:::0.440803346924798):0.20951788455806902,((((Piptolepispabstii,Eremanthus_auriculatus)0.99:0.22412016737787088,(Eremanthus_incanus,(Eremanthus_reticulatus_E2876)#H21:::0.5591966530752019)0.99:0.44881644690843175)0.97:0.24994863946854123,Eremanthus_elaeagnus_E2875):0.05879909609237818,(((Lychnophora_mellosilvae,(Lychnophorellaregis,(Lychnophorellabishopii,#H22:::0.1251063969608035):1.027301536126335)0.97:0.15604646251935342)1:0.7184415550838865,Lychnophora_santosii)0.98:0.29543467508516885,(Eremanthus_veadeiroensis_E2872)#H22:::0.8748936030391965)1:0.16217606046566643)0.72:0.9838487938193416)1;
---------------------
seed: 12156 for run 4, 2023-01-30 14:51:29.217

BEGIN SNaQ for run 4, seed 12156 and hmax 3
Begins heuristic optimization of network------

found best network, now we re-optimize branch lengths and gamma more precisely
STOPPED by number of failures criteria
END optTopLevel: found minimizer topology at step 98 (failures: 75) with -loglik=530.96191 and ht_min=[0.4408, 0.12507, 0.2096, 0.22412, 0.44882, 0.24995, 0.0588, 1.02827, 0.15606, 0.71843, 0.29541, 0.1622, 0.98386]
PERFORMANCE: total number of moves (proposed, successful, accepted) in general, and to fix gamma=0.0,t=0.0 cases
	--------moves general--------				 --------moves gamma,t------	
move	 Num.Proposed	 Num.Successful	 Num.Accepted	 | Num.Proposed	 Num.Successful	 Num.Accepted
add		 23		 0		 0	 |	 NA 		 NA 		 NA 
mvorigin	 29		 29		 0	 |	 0		 0		 --
mvtarget	 23		 23		 0	 |	 0		 0		 --
chdir		 10		 10		 0	 |	 0		 0		 --
delete		 0		 0		 0	 |	 0		 0		 --
nni		 13		 13		 0	 |	 0		 0		 --
Total		 98		 75		 0	 |	 0		 0		 0
Proportion	 -- 		 1.0		 0.0	 |	 -- 		 0.0		 0.0
(Lychnophorasalicifolia,(Lychnophoraericoides,#H21:::0.4407983736172031):0.2096042626405121,((Eremanthus_elaeagnus_E2875,((Piptolepispabstii,Eremanthus_auriculatus)0.99:0.2241243279739423,(Eremanthus_incanus,(Eremanthus_reticulatus_E2876)#H21:::0.5592016263827969)0.99:0.44882192778755314)0.97:0.2499468821533467):0.058800939221614015,(((Lychnophora_mellosilvae,(Lychnophorellaregis,(Lychnophorellabishopii,#H22:::0.12506985212880736):1.0282704138628151)0.97:0.15605713984152458)1:0.7184326464392395,Lychnophora_santosii)0.98:0.2954108559591462,(Eremanthus_veadeiroensis_E2872)#H22:::0.8749301478711926)1:0.16219659711905599)0.72:0.9838606653810718)1;
---------------------
seed: 71011 for run 5, 2023-01-30 15:13:48.266

BEGIN SNaQ for run 5, seed 71011 and hmax 3 changed starting topology by NNI move

 changed starting network by move origin
Begins heuristic optimization of network------

found best network, now we re-optimize branch lengths and gamma more precisely
STOPPED by number of failures criteria
END optTopLevel: found minimizer topology at step 98 (failures: 75) with -loglik=725.74052 and ht_min=[0.41879, 0.12506, 0.24796, 0.00431, 0.0, 0.32459, 0.05811, 1.028, 0.15604, 0.71844, 0.29547, 0.16456, 0.99114]
PERFORMANCE: total number of moves (proposed, successful, accepted) in general, and to fix gamma=0.0,t=0.0 cases
	--------moves general--------				 --------moves gamma,t------	
move	 Num.Proposed	 Num.Successful	 Num.Accepted	 | Num.Proposed	 Num.Successful	 Num.Accepted
add		 21		 0		 0	 |	 NA 		 NA 		 NA 
mvorigin	 26		 26		 0	 |	 0		 0		 --
mvtarget	 25		 25		 0	 |	 0		 0		 --
chdir		 10		 10		 0	 |	 0		 0		 --
delete		 0		 0		 0	 |	 0		 0		 --
nni		 16		 14		 0	 |	 0		 0		 --
Total		 98		 75		 0	 |	 0		 0		 0
Proportion	 -- 		 1.0		 0.0	 |	 -- 		 0.0		 0.0
(Lychnophorasalicifolia,(Lychnophoraericoides,#H21:::0.4187934005409501):0.24796191831851927,((Eremanthus_elaeagnus_E2875,(Eremanthus_auriculatus,((Eremanthus_reticulatus_E2876)#H21:::0.5812065994590498,(Piptolepispabstii,Eremanthus_incanus)0.99:0.0)0.99:0.004305714389818334)0.97:0.3245859752490498):0.05810824399300635,(((Lychnophora_mellosilvae,(Lychnophorellaregis,(Lychnophorellabishopii,#H22:::0.12505684007970147):1.0279988976675043)0.97:0.1560408359572999)1:0.7184441911173463,Lychnophora_santosii)0.98:0.2954712250088726,(Eremanthus_veadeiroensis_E2872)#H22:::0.8749431599202986)1:0.16456147179835176)0.72:0.9911438898547924)1;
---------------------
seed: 19067 for run 6, 2023-01-30 15:21:57.755

BEGIN SNaQ for run 6, seed 19067 and hmax 3 changed starting topology by NNI move

Begins heuristic optimization of network------

found best network, now we re-optimize branch lengths and gamma more precisely
STOPPED by number of failures criteria
END optTopLevel: found minimizer topology at step 121 (failures: 75) with -loglik=530.96191 and ht_min=[0.44079, 0.12507, 0.20965, 0.22413, 0.44881, 0.24995, 0.0588, 1.02837, 0.15606, 0.71843, 0.29541, 0.1622, 0.98387]
PERFORMANCE: total number of moves (proposed, successful, accepted) in general, and to fix gamma=0.0,t=0.0 cases
	--------moves general--------				 --------moves gamma,t------	
move	 Num.Proposed	 Num.Successful	 Num.Accepted	 | Num.Proposed	 Num.Successful	 Num.Accepted
add		 33		 0		 0	 |	 NA 		 NA 		 NA 
mvorigin	 24		 24		 0	 |	 0		 0		 --
mvtarget	 25		 25		 0	 |	 0		 0		 --
chdir		 14		 14		 2	 |	 0		 0		 --
delete		 0		 0		 0	 |	 0		 0		 --
nni		 25		 23		 0	 |	 1		 1		 --
Total		 121		 86		 2	 |	 1		 1		 1
Proportion	 -- 		 1.0		 0.0	 |	 -- 		 1.0		 1.0
(((Lychnophoraericoides,#H21:::0.44079145374343004):0.20964923305620178,Lychnophorasalicifolia)0.72:0.9838666043460151,(Eremanthus_elaeagnus_E2875,((Piptolepispabstii,Eremanthus_auriculatus)0.99:0.22412552961958054,(Eremanthus_incanus,(Eremanthus_reticulatus_E2876)#H21:::0.5592085462565699)0.99:0.4488095246967506)0.97:0.24994780277471193):0.058798815497194276,(((Lychnophora_mellosilvae,(Lychnophorellaregis,(Lychnophorellabishopii,#H22:::0.1250665446754048):1.0283654785367566)0.97:0.15606057908892487)1:0.7184324359187213,Lychnophora_santosii)0.98:0.2954094500081632,(Eremanthus_veadeiroensis_E2872)#H22:::0.8749334553245952)1:0.16219733583862642)1;
---------------------
seed: 51646 for run 7, 2023-01-30 15:51:25.475

BEGIN SNaQ for run 7, seed 51646 and hmax 3
Begins heuristic optimization of network------

found best network, now we re-optimize branch lengths and gamma more precisely
STOPPED by number of failures criteria
END optTopLevel: found minimizer topology at step 98 (failures: 75) with -loglik=530.96191 and ht_min=[0.4408, 0.12507, 0.2096, 0.22412, 0.44882, 0.24995, 0.0588, 1.02827, 0.15606, 0.71843, 0.29541, 0.1622, 0.98386]
PERFORMANCE: total number of moves (proposed, successful, accepted) in general, and to fix gamma=0.0,t=0.0 cases
	--------moves general--------				 --------moves gamma,t------	
move	 Num.Proposed	 Num.Successful	 Num.Accepted	 | Num.Proposed	 Num.Successful	 Num.Accepted
add		 20		 0		 0	 |	 NA 		 NA 		 NA 
mvorigin	 25		 25		 0	 |	 0		 0		 --
mvtarget	 19		 19		 0	 |	 0		 0		 --
chdir		 10		 10		 0	 |	 0		 0		 --
delete		 0		 0		 0	 |	 0		 0		 --
nni		 24		 21		 0	 |	 0		 0		 --
Total		 98		 75		 0	 |	 0		 0		 0
Proportion	 -- 		 1.0		 0.0	 |	 -- 		 0.0		 0.0
(Lychnophorasalicifolia,(Lychnophoraericoides,#H21:::0.4407983736172031):0.2096042626405121,((Eremanthus_elaeagnus_E2875,((Piptolepispabstii,Eremanthus_auriculatus)0.99:0.2241243279739423,(Eremanthus_incanus,(Eremanthus_reticulatus_E2876)#H21:::0.5592016263827969)0.99:0.44882192778755314)0.97:0.2499468821533467):0.058800939221614015,(((Lychnophora_mellosilvae,(Lychnophorellaregis,(Lychnophorellabishopii,#H22:::0.12506985212880736):1.0282704138628151)0.97:0.15605713984152458)1:0.7184326464392395,Lychnophora_santosii)0.98:0.2954108559591462,(Eremanthus_veadeiroensis_E2872)#H22:::0.8749301478711926)1:0.16219659711905599)0.72:0.9838606653810718)1;
---------------------
seed: 6583 for run 8, 2023-01-30 16:13:46.31

BEGIN SNaQ for run 8, seed 6583 and hmax 3 changed starting topology by NNI move

 changed starting network by move origin
Begins heuristic optimization of network------

found best network, now we re-optimize branch lengths and gamma more precisely
STOPPED by number of failures criteria
END optTopLevel: found minimizer topology at step 104 (failures: 75) with -loglik=530.96191 and ht_min=[0.4408, 0.12507, 0.20961, 0.22412, 0.44882, 0.24995, 0.0588, 0.15606, 1.02835, 0.71843, 0.29541, 0.1622, 0.98386]
PERFORMANCE: total number of moves (proposed, successful, accepted) in general, and to fix gamma=0.0,t=0.0 cases
	--------moves general--------				 --------moves gamma,t------	
move	 Num.Proposed	 Num.Successful	 Num.Accepted	 | Num.Proposed	 Num.Successful	 Num.Accepted
add		 23		 0		 0	 |	 NA 		 NA 		 NA 
mvorigin	 27		 27		 2	 |	 0		 0		 --
mvtarget	 18		 18		 0	 |	 0		 0		 --
chdir		 11		 11		 0	 |	 0		 0		 --
delete		 0		 0		 0	 |	 0		 0		 --
nni		 25		 25		 0	 |	 1		 1		 --
Total		 104		 81		 2	 |	 1		 1		 1
Proportion	 -- 		 1.0		 0.0	 |	 -- 		 1.0		 1.0
(Lychnophorasalicifolia,(Lychnophoraericoides,#H21:::0.44079770474167795):0.20960544943599266,((Eremanthus_elaeagnus_E2875,((Piptolepispabstii,Eremanthus_auriculatus)0.99:0.2241248188213106,(Eremanthus_incanus,(Eremanthus_reticulatus_E2876)#H21:::0.559202295258322)0.99:0.4488196143295452)0.97:0.24994629396068802)0.72:0.05880023422321434,(((Lychnophora_mellosilvae,((Lychnophorellabishopii,#H22:::0.12506709570735586):1.0283515082067904,Lychnophorellaregis)0.97:0.1560581145638919)1:0.718433276668387,Lychnophora_santosii)0.98:0.2954079358774642,(Eremanthus_veadeiroensis_E2872)#H22:::0.8749329042926441)1:0.16219905714056201):0.9838624038302441)1;
---------------------
seed: 71682 for run 9, 2023-01-30 16:36:47.29

BEGIN SNaQ for run 9, seed 71682 and hmax 3
Begins heuristic optimization of network------

found best network, now we re-optimize branch lengths and gamma more precisely
STOPPED by number of failures criteria
END optTopLevel: found minimizer topology at step 93 (failures: 75) with -loglik=530.96191 and ht_min=[0.4408, 0.12507, 0.2096, 0.22412, 0.44882, 0.24995, 0.0588, 1.02827, 0.15606, 0.71843, 0.29541, 0.1622, 0.98386]
PERFORMANCE: total number of moves (proposed, successful, accepted) in general, and to fix gamma=0.0,t=0.0 cases
	--------moves general--------				 --------moves gamma,t------	
move	 Num.Proposed	 Num.Successful	 Num.Accepted	 | Num.Proposed	 Num.Successful	 Num.Accepted
add		 15		 0		 0	 |	 NA 		 NA 		 NA 
mvorigin	 20		 20		 0	 |	 0		 0		 --
mvtarget	 18		 18		 0	 |	 0		 0		 --
chdir		 10		 10		 0	 |	 0		 0		 --
delete		 0		 0		 0	 |	 0		 0		 --
nni		 30		 27		 0	 |	 0		 0		 --
Total		 93		 75		 0	 |	 0		 0		 0
Proportion	 -- 		 1.0		 0.0	 |	 -- 		 0.0		 0.0
(Lychnophorasalicifolia,(Lychnophoraericoides,#H21:::0.4407983736172031):0.2096042626405121,((Eremanthus_elaeagnus_E2875,((Piptolepispabstii,Eremanthus_auriculatus)0.99:0.2241243279739423,(Eremanthus_incanus,(Eremanthus_reticulatus_E2876)#H21:::0.5592016263827969)0.99:0.44882192778755314)0.97:0.2499468821533467):0.058800939221614015,(((Lychnophora_mellosilvae,(Lychnophorellaregis,(Lychnophorellabishopii,#H22:::0.12506985212880736):1.0282704138628151)0.97:0.15605713984152458)1:0.7184326464392395,Lychnophora_santosii)0.98:0.2954108559591462,(Eremanthus_veadeiroensis_E2872)#H22:::0.8749301478711926)1:0.16219659711905599)0.72:0.9838606653810718)1;
---------------------
seed: 25199 for run 10, 2023-01-30 16:57:40.474

BEGIN SNaQ for run 10, seed 25199 and hmax 3 changed starting topology by NNI move

Begins heuristic optimization of network------

found best network, now we re-optimize branch lengths and gamma more precisely
STOPPED by number of failures criteria
END optTopLevel: found minimizer topology at step 97 (failures: 75) with -loglik=530.96191 and ht_min=[0.44079, 0.12506, 0.20964, 0.22413, 0.44881, 0.24994, 0.0588, 1.0284, 0.15606, 0.71843, 0.2954, 0.1622, 0.98386]
PERFORMANCE: total number of moves (proposed, successful, accepted) in general, and to fix gamma=0.0,t=0.0 cases
	--------moves general--------				 --------moves gamma,t------	
move	 Num.Proposed	 Num.Successful	 Num.Accepted	 | Num.Proposed	 Num.Successful	 Num.Accepted
add		 20		 0		 0	 |	 NA 		 NA 		 NA 
mvorigin	 25		 25		 0	 |	 0		 0		 --
mvtarget	 20		 20		 0	 |	 0		 0		 --
chdir		 10		 10		 0	 |	 0		 0		 --
delete		 0		 0		 0	 |	 0		 0		 --
nni		 22		 20		 0	 |	 1		 1		 --
Total		 97		 75		 0	 |	 1		 1		 1
Proportion	 -- 		 1.0		 0.0	 |	 -- 		 1.0		 1.0
(Lychnophorasalicifolia,(Lychnophoraericoides,#H21:::0.4407946216380382):0.2096352289638105,((Eremanthus_elaeagnus_E2875,((Eremanthus_auriculatus,Piptolepispabstii)0.99:0.22412911692431103,(Eremanthus_incanus,(Eremanthus_reticulatus_E2876)#H21:::0.5592053783619618)0.99:0.44881078372798694)0.97:0.24994393439984133):0.05880131671920701,(((Lychnophora_mellosilvae,(Lychnophorellaregis,(Lychnophorellabishopii,#H22:::0.1250637197694226):1.028399938062135)0.97:0.15605993069222568)1:0.7184296940315078,Lychnophora_santosii)0.98:0.2954047024064511,(Eremanthus_veadeiroensis_E2872)#H22:::0.8749362802305773)1:0.16220276654592736)0.72:0.9838618375807744)1;
---------------------

2023-01-30 17:21:41.506
MaxNet is (Lychnophorasalicifolia,(Lychnophoraericoides,#H21:::0.44079770474167795):0.20960544943599266,((Eremanthus_elaeagnus_E2875,((Piptolepispabstii,Eremanthus_auriculatus)0.99:0.2241248188213106,(Eremanthus_incanus,(Eremanthus_reticulatus_E2876)#H21:::0.559202295258322)0.99:0.4488196143295452)0.97:0.24994629396068802)0.72:0.05880023422321434,(((Lychnophora_mellosilvae,((Lychnophorellabishopii,#H22:::0.12506709570735586):1.0283515082067904,Lychnophorellaregis)0.97:0.1560581145638919)1:0.718433276668387,Lychnophora_santosii)0.98:0.2954079358774642,(Eremanthus_veadeiroensis_E2872)#H22:::0.8749329042926441)1:0.16219905714056201):0.9838624038302441)1; 
with -loglik 530.9619085674633
