BOOTSTRAP OF SNAQ ESTIMATION 

main seed 4321

BEGIN: 50 replicates
Fri 03 Feb 2023 04:07:09 PM CST

begin replicate 1
bootstrap data simulation: seed 16194
estimation, 5 runs: seed 50182
(Eremanthus_elaeagnus_E2875,((Piptolepisrosmarinifolia,Piptolepispabstii)1:0.6590631255331929)#H23:0.0::0.7207948046502345,(Proteopisargentea,(Piptolepisoleaster,(((Piptolepismonticola,Piptolepisgardneri)0.69:0.04816224159961697,(Piptolepis_ericoides,(Piptolepisbuxoides,#H23:9.999601793137533::0.2792051953497655):0.08533770012368205)0.93:0.14708710617486256)0.4:0.059836771924134245,((Piptolepispilosa,(Piptolepisriparia,((Piptolepisleptospermoides,Piptolepisimbricata):0.05377524138235006)#H30:0.06045620450824981::0.739555918420099):0.06149751239551231)0.56:0.1309790182678781,#H30:0.0::0.2604440815799009):0.0025073431557508298)0.37:0.0711101491141174)0.74:0.5230378076195686)1:1.985826970833596)1;

begin replicate 2
bootstrap data simulation: seed 13850
estimation, 5 runs: seed 89995
(Eremanthus_elaeagnus_E2875,((Piptolepisrosmarinifolia,Piptolepispabstii)1:0.6590631255331929)#H23:0.0::0.7207948046502345,(Proteopisargentea,(Piptolepisoleaster,(((Piptolepismonticola,Piptolepisgardneri)0.69:0.04816224159961697,(Piptolepis_ericoides,(Piptolepisbuxoides,#H23:9.999601793137533::0.2792051953497655):0.08533770012368205)0.93:0.14708710617486256)0.4:0.059836771924134245,((Piptolepispilosa,(Piptolepisriparia,((Piptolepisleptospermoides,Piptolepisimbricata):0.05377524138235006)#H30:0.06045620450824981::0.739555918420099):0.06149751239551231)0.56:0.1309790182678781,#H30:0.0::0.2604440815799009):0.0025073431557508298)0.37:0.0711101491141174)0.74:0.5230378076195686)1:1.985826970833596)1;

begin replicate 3
bootstrap data simulation: seed 63550
estimation, 5 runs: seed 20206
(Eremanthus_elaeagnus_E2875,((Piptolepisrosmarinifolia,Piptolepispabstii)1:0.6590631255331929)#H23:0.0::0.7207948046502345,(Proteopisargentea,(Piptolepisoleaster,(((Piptolepismonticola,Piptolepisgardneri)0.69:0.04816224159961697,(Piptolepis_ericoides,(Piptolepisbuxoides,#H23:9.999601793137533::0.2792051953497655):0.08533770012368205)0.93:0.14708710617486256)0.4:0.059836771924134245,((Piptolepispilosa,(Piptolepisriparia,((Piptolepisleptospermoides,Piptolepisimbricata):0.05377524138235006)#H30:0.06045620450824981::0.739555918420099):0.06149751239551231)0.56:0.1309790182678781,#H30:0.0::0.2604440815799009):0.0025073431557508298)0.37:0.0711101491141174)0.74:0.5230378076195686)1:1.985826970833596)1;

begin replicate 4
bootstrap data simulation: seed 36326
estimation, 5 runs: seed 96831
(Eremanthus_elaeagnus_E2875,((Piptolepisrosmarinifolia,Piptolepispabstii)1:0.6590631255331929)#H23:0.0::0.7207948046502345,(Proteopisargentea,(Piptolepisoleaster,(((Piptolepismonticola,Piptolepisgardneri)0.69:0.04816224159961697,(Piptolepis_ericoides,(Piptolepisbuxoides,#H23:9.999601793137533::0.2792051953497655):0.08533770012368205)0.93:0.14708710617486256)0.4:0.059836771924134245,((Piptolepispilosa,(Piptolepisriparia,((Piptolepisleptospermoides,Piptolepisimbricata):0.05377524138235006)#H30:0.06045620450824981::0.739555918420099):0.06149751239551231)0.56:0.1309790182678781,#H30:0.0::0.2604440815799009):0.0025073431557508298)0.37:0.0711101491141174)0.74:0.5230378076195686)1:1.985826970833596)1;

begin replicate 5
bootstrap data simulation: seed 37005
estimation, 5 runs: seed 32968
(Eremanthus_elaeagnus_E2875,((Piptolepisrosmarinifolia,Piptolepispabstii)1:0.6590631255331929)#H23:0.0::0.7207948046502345,(Proteopisargentea,(Piptolepisoleaster,(((Piptolepismonticola,Piptolepisgardneri)0.69:0.04816224159961697,(Piptolepis_ericoides,(Piptolepisbuxoides,#H23:9.999601793137533::0.2792051953497655):0.08533770012368205)0.93:0.14708710617486256)0.4:0.059836771924134245,((Piptolepispilosa,(Piptolepisriparia,((Piptolepisleptospermoides,Piptolepisimbricata):0.05377524138235006)#H30:0.06045620450824981::0.739555918420099):0.06149751239551231)0.56:0.1309790182678781,#H30:0.0::0.2604440815799009):0.0025073431557508298)0.37:0.0711101491141174)0.74:0.5230378076195686)1:1.985826970833596)1;

begin replicate 6
bootstrap data simulation: seed 83325
estimation, 5 runs: seed 17365
(Eremanthus_elaeagnus_E2875,((Piptolepisrosmarinifolia,Piptolepispabstii)1:0.6591356033824752)#H23:0.0::0.7206892373979759,(Proteopisargentea,(Piptolepisoleaster,(((Piptolepismonticola,Piptolepisgardneri)0.69:0.048054525687951065,(Piptolepis_ericoides,(Piptolepisbuxoides,#H23:9.981605052041804::0.27931076260202414):0.08620936566415766)0.93:0.1470427789518735)0.4:0.05994048883191534,((Piptolepispilosa,(Piptolepisriparia,((Piptolepisleptospermoides,Piptolepisimbricata):0.054286902342162636)#H30:0.06018924332076567::0.7387893717531709):0.06147265056786054)0.56:0.13106477160761446,#H30:0.0::0.26121062824682906):0.0025064076061541755)0.37:0.07116762627599665)0.74:0.5228558819131665)1:1.987254606391812)1;

begin replicate 7
bootstrap data simulation: seed 69101
estimation, 5 runs: seed 58116
(Eremanthus_elaeagnus_E2875,((Piptolepisrosmarinifolia,Piptolepispabstii)1:0.6590631255331929)#H23:0.0::0.7207948046502345,(Proteopisargentea,(Piptolepisoleaster,(((Piptolepismonticola,Piptolepisgardneri)0.69:0.04816224159961697,(Piptolepis_ericoides,(Piptolepisbuxoides,#H23:9.999601793137533::0.2792051953497655):0.08533770012368205)0.93:0.14708710617486256)0.4:0.059836771924134245,((Piptolepispilosa,(Piptolepisriparia,((Piptolepisleptospermoides,Piptolepisimbricata):0.05377524138235006)#H30:0.06045620450824981::0.739555918420099):0.06149751239551231)0.56:0.1309790182678781,#H30:0.0::0.2604440815799009):0.0025073431557508298)0.37:0.0711101491141174)0.74:0.5230378076195686)1:1.985826970833596)1;

begin replicate 8
bootstrap data simulation: seed 8205
estimation, 5 runs: seed 65293
(Eremanthus_elaeagnus_E2875,((Piptolepisrosmarinifolia,Piptolepispabstii)1:0.6590631255331929)#H23:0.0::0.7207948046502345,(Proteopisargentea,(Piptolepisoleaster,(((Piptolepismonticola,Piptolepisgardneri)0.69:0.04816224159961697,(Piptolepis_ericoides,(Piptolepisbuxoides,#H23:9.999601793137533::0.2792051953497655):0.08533770012368205)0.93:0.14708710617486256)0.4:0.059836771924134245,((Piptolepispilosa,(Piptolepisriparia,((Piptolepisleptospermoides,Piptolepisimbricata):0.05377524138235006)#H30:0.06045620450824981::0.739555918420099):0.06149751239551231)0.56:0.1309790182678781,#H30:0.0::0.2604440815799009):0.0025073431557508298)0.37:0.0711101491141174)0.74:0.5230378076195686)1:1.985826970833596)1;

begin replicate 9
bootstrap data simulation: seed 64418
estimation, 5 runs: seed 12183
(Eremanthus_elaeagnus_E2875,((Piptolepisrosmarinifolia,Piptolepispabstii)1:0.6590631255331929)#H23:0.0::0.7207948046502345,(Proteopisargentea,(Piptolepisoleaster,(((Piptolepismonticola,Piptolepisgardneri)0.69:0.04816224159961697,(Piptolepis_ericoides,(Piptolepisbuxoides,#H23:9.999601793137533::0.2792051953497655):0.08533770012368205)0.93:0.14708710617486256)0.4:0.059836771924134245,((Piptolepispilosa,(Piptolepisriparia,((Piptolepisleptospermoides,Piptolepisimbricata):0.05377524138235006)#H30:0.06045620450824981::0.739555918420099):0.06149751239551231)0.56:0.1309790182678781,#H30:0.0::0.2604440815799009):0.0025073431557508298)0.37:0.0711101491141174)0.74:0.5230378076195686)1:1.985826970833596)1;

begin replicate 10
bootstrap data simulation: seed 87304
estimation, 5 runs: seed 63022
(Eremanthus_elaeagnus_E2875,((Piptolepisrosmarinifolia,Piptolepispabstii)1:0.6590631255331929)#H23:0.0::0.7207948046502345,(Proteopisargentea,(Piptolepisoleaster,(((Piptolepismonticola,Piptolepisgardneri)0.69:0.04816224159961697,(Piptolepis_ericoides,(Piptolepisbuxoides,#H23:9.999601793137533::0.2792051953497655):0.08533770012368205)0.93:0.14708710617486256)0.4:0.059836771924134245,((Piptolepispilosa,(Piptolepisriparia,((Piptolepisleptospermoides,Piptolepisimbricata):0.05377524138235006)#H30:0.06045620450824981::0.739555918420099):0.06149751239551231)0.56:0.1309790182678781,#H30:0.0::0.2604440815799009):0.0025073431557508298)0.37:0.0711101491141174)0.74:0.5230378076195686)1:1.985826970833596)1;

begin replicate 11
bootstrap data simulation: seed 70563
estimation, 5 runs: seed 54971
(Eremanthus_elaeagnus_E2875,((Piptolepisrosmarinifolia,Piptolepispabstii)1:0.6590631255331929)#H23:0.0::0.7207948046502345,(Proteopisargentea,(Piptolepisoleaster,(((Piptolepismonticola,Piptolepisgardneri)0.69:0.04816224159961697,(Piptolepis_ericoides,(Piptolepisbuxoides,#H23:9.999601793137533::0.2792051953497655):0.08533770012368205)0.93:0.14708710617486256)0.4:0.059836771924134245,((Piptolepispilosa,(Piptolepisriparia,((Piptolepisleptospermoides,Piptolepisimbricata):0.05377524138235006)#H30:0.06045620450824981::0.739555918420099):0.06149751239551231)0.56:0.1309790182678781,#H30:0.0::0.2604440815799009):0.0025073431557508298)0.37:0.0711101491141174)0.74:0.5230378076195686)1:1.985826970833596)1;

begin replicate 12
bootstrap data simulation: seed 52801
estimation, 5 runs: seed 4268
(Eremanthus_elaeagnus_E2875,((Piptolepisrosmarinifolia,Piptolepispabstii)1:0.6590631255331929)#H23:0.0::0.7207948046502345,(Proteopisargentea,(Piptolepisoleaster,(((Piptolepismonticola,Piptolepisgardneri)0.69:0.04816224159961697,(Piptolepis_ericoides,(Piptolepisbuxoides,#H23:9.999601793137533::0.2792051953497655):0.08533770012368205)0.93:0.14708710617486256)0.4:0.059836771924134245,((Piptolepispilosa,(Piptolepisriparia,((Piptolepisleptospermoides,Piptolepisimbricata):0.05377524138235006)#H30:0.06045620450824981::0.739555918420099):0.06149751239551231)0.56:0.1309790182678781,#H30:0.0::0.2604440815799009):0.0025073431557508298)0.37:0.0711101491141174)0.74:0.5230378076195686)1:1.985826970833596)1;

begin replicate 13
bootstrap data simulation: seed 41389
estimation, 5 runs: seed 62025
(Eremanthus_elaeagnus_E2875,((Piptolepisrosmarinifolia,Piptolepispabstii)1:0.6590631255331929)#H23:0.0::0.7207948046502345,(Proteopisargentea,(Piptolepisoleaster,(((Piptolepismonticola,Piptolepisgardneri)0.69:0.04816224159961697,(Piptolepis_ericoides,(Piptolepisbuxoides,#H23:9.999601793137533::0.2792051953497655):0.08533770012368205)0.93:0.14708710617486256)0.4:0.059836771924134245,((Piptolepispilosa,(Piptolepisriparia,((Piptolepisleptospermoides,Piptolepisimbricata):0.05377524138235006)#H30:0.06045620450824981::0.739555918420099):0.06149751239551231)0.56:0.1309790182678781,#H30:0.0::0.2604440815799009):0.0025073431557508298)0.37:0.0711101491141174)0.74:0.5230378076195686)1:1.985826970833596)1;

begin replicate 14
bootstrap data simulation: seed 49228
estimation, 5 runs: seed 82615
(Eremanthus_elaeagnus_E2875,((Piptolepisrosmarinifolia,Piptolepispabstii)1:0.6591530332929572)#H23:0.0::0.7211015418783147,(Proteopisargentea,(Piptolepisoleaster,(((Piptolepismonticola,Piptolepisgardneri)0.69:0.04797435384776188,(Piptolepis_ericoides,(Piptolepisbuxoides,#H23:9.97744814117708::0.2788984581216853):0.08824195921224177)0.93:0.14643328716533588)0.4:0.060027191799745694,((Piptolepispilosa,(Piptolepisriparia,((Piptolepisleptospermoides,Piptolepisimbricata):0.05556966550720286)#H30:0.059847570168329874::0.7360301228079476):0.0614843858207618)0.56:0.1324379348575917,#H30:0.0::0.2639698771920525):0.0017530710629896527)0.37:0.07086139076079156)0.74:0.5232593426512531)1:1.981752974174014)1;

begin replicate 15
bootstrap data simulation: seed 24885
estimation, 5 runs: seed 54604
(Eremanthus_elaeagnus_E2875,((Piptolepisrosmarinifolia,Piptolepispabstii)1:0.6590631255331929)#H23:0.0::0.7207948046502345,(Proteopisargentea,(Piptolepisoleaster,(((Piptolepismonticola,Piptolepisgardneri)0.69:0.04816224159961697,(Piptolepis_ericoides,(Piptolepisbuxoides,#H23:9.999601793137533::0.2792051953497655):0.08533770012368205)0.93:0.14708710617486256)0.4:0.059836771924134245,((Piptolepispilosa,(Piptolepisriparia,((Piptolepisleptospermoides,Piptolepisimbricata):0.05377524138235006)#H30:0.06045620450824981::0.739555918420099):0.06149751239551231)0.56:0.1309790182678781,#H30:0.0::0.2604440815799009):0.0025073431557508298)0.37:0.0711101491141174)0.74:0.5230378076195686)1:1.985826970833596)1;

begin replicate 16
bootstrap data simulation: seed 5781
estimation, 5 runs: seed 75067
(Eremanthus_elaeagnus_E2875,((Piptolepisrosmarinifolia,Piptolepispabstii)1:0.6590631255331929)#H23:0.0::0.7207948046502345,(Proteopisargentea,(Piptolepisoleaster,(((Piptolepismonticola,Piptolepisgardneri)0.69:0.04816224159961697,(Piptolepis_ericoides,(Piptolepisbuxoides,#H23:9.999601793137533::0.2792051953497655):0.08533770012368205)0.93:0.14708710617486256)0.4:0.059836771924134245,((Piptolepispilosa,(Piptolepisriparia,((Piptolepisleptospermoides,Piptolepisimbricata):0.05377524138235006)#H30:0.06045620450824981::0.739555918420099):0.06149751239551231)0.56:0.1309790182678781,#H30:0.0::0.2604440815799009):0.0025073431557508298)0.37:0.0711101491141174)0.74:0.5230378076195686)1:1.985826970833596)1;

begin replicate 17
bootstrap data simulation: seed 91481
estimation, 5 runs: seed 26133
(Eremanthus_elaeagnus_E2875,((Piptolepisrosmarinifolia,Piptolepispabstii)1:0.6590631255331929)#H23:0.0::0.7207948046502345,(Proteopisargentea,(Piptolepisoleaster,(((Piptolepismonticola,Piptolepisgardneri)0.69:0.04816224159961697,(Piptolepis_ericoides,(Piptolepisbuxoides,#H23:9.999601793137533::0.2792051953497655):0.08533770012368205)0.93:0.14708710617486256)0.4:0.059836771924134245,((Piptolepispilosa,(Piptolepisriparia,((Piptolepisleptospermoides,Piptolepisimbricata):0.05377524138235006)#H30:0.06045620450824981::0.739555918420099):0.06149751239551231)0.56:0.1309790182678781,#H30:0.0::0.2604440815799009):0.0025073431557508298)0.37:0.0711101491141174)0.74:0.5230378076195686)1:1.985826970833596)1;

begin replicate 18
bootstrap data simulation: seed 91752
estimation, 5 runs: seed 83326
(Eremanthus_elaeagnus_E2875,((Piptolepisrosmarinifolia,Piptolepispabstii)1:0.6590631255331929)#H23:0.0::0.7207948046502345,(Proteopisargentea,(Piptolepisoleaster,(((Piptolepismonticola,Piptolepisgardneri)0.69:0.04816224159961697,(Piptolepis_ericoides,(Piptolepisbuxoides,#H23:9.999601793137533::0.2792051953497655):0.08533770012368205)0.93:0.14708710617486256)0.4:0.059836771924134245,((Piptolepispilosa,(Piptolepisriparia,((Piptolepisleptospermoides,Piptolepisimbricata):0.05377524138235006)#H30:0.06045620450824981::0.739555918420099):0.06149751239551231)0.56:0.1309790182678781,#H30:0.0::0.2604440815799009):0.0025073431557508298)0.37:0.0711101491141174)0.74:0.5230378076195686)1:1.985826970833596)1;

begin replicate 19
bootstrap data simulation: seed 55376
estimation, 5 runs: seed 54975
(Eremanthus_elaeagnus_E2875,((Piptolepisrosmarinifolia,Piptolepispabstii)1:0.6590631255331929)#H23:0.0::0.7207948046502345,(Proteopisargentea,(Piptolepisoleaster,(((Piptolepismonticola,Piptolepisgardneri)0.69:0.04816224159961697,(Piptolepis_ericoides,(Piptolepisbuxoides,#H23:9.999601793137533::0.2792051953497655):0.08533770012368205)0.93:0.14708710617486256)0.4:0.059836771924134245,((Piptolepispilosa,(Piptolepisriparia,((Piptolepisleptospermoides,Piptolepisimbricata):0.05377524138235006)#H30:0.06045620450824981::0.739555918420099):0.06149751239551231)0.56:0.1309790182678781,#H30:0.0::0.2604440815799009):0.0025073431557508298)0.37:0.0711101491141174)0.74:0.5230378076195686)1:1.985826970833596)1;

begin replicate 20
bootstrap data simulation: seed 54422
estimation, 5 runs: seed 97370
(Eremanthus_elaeagnus_E2875,((Piptolepisrosmarinifolia,Piptolepispabstii)1:0.6590631255331929)#H23:0.0::0.7207948046502345,(Proteopisargentea,(Piptolepisoleaster,(((Piptolepismonticola,Piptolepisgardneri)0.69:0.04816224159961697,(Piptolepis_ericoides,(Piptolepisbuxoides,#H23:9.999601793137533::0.2792051953497655):0.08533770012368205)0.93:0.14708710617486256)0.4:0.059836771924134245,((Piptolepispilosa,(Piptolepisriparia,((Piptolepisleptospermoides,Piptolepisimbricata):0.05377524138235006)#H30:0.06045620450824981::0.739555918420099):0.06149751239551231)0.56:0.1309790182678781,#H30:0.0::0.2604440815799009):0.0025073431557508298)0.37:0.0711101491141174)0.74:0.5230378076195686)1:1.985826970833596)1;

begin replicate 21
bootstrap data simulation: seed 47874
estimation, 5 runs: seed 75514
(Eremanthus_elaeagnus_E2875,((Piptolepisrosmarinifolia,Piptolepispabstii)1:0.6590631255331929)#H23:0.0::0.7207948046502345,(Proteopisargentea,(Piptolepisoleaster,(((Piptolepismonticola,Piptolepisgardneri)0.69:0.04816224159961697,(Piptolepis_ericoides,(Piptolepisbuxoides,#H23:9.999601793137533::0.2792051953497655):0.08533770012368205)0.93:0.14708710617486256)0.4:0.059836771924134245,((Piptolepispilosa,(Piptolepisriparia,((Piptolepisleptospermoides,Piptolepisimbricata):0.05377524138235006)#H30:0.06045620450824981::0.739555918420099):0.06149751239551231)0.56:0.1309790182678781,#H30:0.0::0.2604440815799009):0.0025073431557508298)0.37:0.0711101491141174)0.74:0.5230378076195686)1:1.985826970833596)1;

begin replicate 22
bootstrap data simulation: seed 19237
estimation, 5 runs: seed 65290
(Eremanthus_elaeagnus_E2875,((Piptolepisrosmarinifolia,Piptolepispabstii)1:0.6590631255331929)#H23:0.0::0.7207948046502345,(Proteopisargentea,(Piptolepisoleaster,(((Piptolepismonticola,Piptolepisgardneri)0.69:0.04816224159961697,(Piptolepis_ericoides,(Piptolepisbuxoides,#H23:9.999601793137533::0.2792051953497655):0.08533770012368205)0.93:0.14708710617486256)0.4:0.059836771924134245,((Piptolepispilosa,(Piptolepisriparia,((Piptolepisleptospermoides,Piptolepisimbricata):0.05377524138235006)#H30:0.06045620450824981::0.739555918420099):0.06149751239551231)0.56:0.1309790182678781,#H30:0.0::0.2604440815799009):0.0025073431557508298)0.37:0.0711101491141174)0.74:0.5230378076195686)1:1.985826970833596)1;

begin replicate 23
bootstrap data simulation: seed 55793
estimation, 5 runs: seed 41233
(Eremanthus_elaeagnus_E2875,((Piptolepisrosmarinifolia,Piptolepispabstii)1:0.6590631255331929)#H23:0.0::0.7207948046502345,(Proteopisargentea,(Piptolepisoleaster,(((Piptolepismonticola,Piptolepisgardneri)0.69:0.04816224159961697,(Piptolepis_ericoides,(Piptolepisbuxoides,#H23:9.999601793137533::0.2792051953497655):0.08533770012368205)0.93:0.14708710617486256)0.4:0.059836771924134245,((Piptolepispilosa,(Piptolepisriparia,((Piptolepisleptospermoides,Piptolepisimbricata):0.05377524138235006)#H30:0.06045620450824981::0.739555918420099):0.06149751239551231)0.56:0.1309790182678781,#H30:0.0::0.2604440815799009):0.0025073431557508298)0.37:0.0711101491141174)0.74:0.5230378076195686)1:1.985826970833596)1;

begin replicate 24
bootstrap data simulation: seed 3273
estimation, 5 runs: seed 63659
(Eremanthus_elaeagnus_E2875,((Piptolepisrosmarinifolia,Piptolepispabstii)1:0.6590631255331929)#H23:0.0::0.7207948046502345,(Proteopisargentea,(Piptolepisoleaster,(((Piptolepismonticola,Piptolepisgardneri)0.69:0.04816224159961697,(Piptolepis_ericoides,(Piptolepisbuxoides,#H23:9.999601793137533::0.2792051953497655):0.08533770012368205)0.93:0.14708710617486256)0.4:0.059836771924134245,((Piptolepispilosa,(Piptolepisriparia,((Piptolepisleptospermoides,Piptolepisimbricata):0.05377524138235006)#H30:0.06045620450824981::0.739555918420099):0.06149751239551231)0.56:0.1309790182678781,#H30:0.0::0.2604440815799009):0.0025073431557508298)0.37:0.0711101491141174)0.74:0.5230378076195686)1:1.985826970833596)1;

begin replicate 25
bootstrap data simulation: seed 72988
estimation, 5 runs: seed 12772
(Eremanthus_elaeagnus_E2875,((Piptolepisrosmarinifolia,Piptolepispabstii)1:0.6590749123941114)#H23:0.0::0.7207050598991078,(Proteopisargentea,(Piptolepisoleaster,(((Piptolepismonticola,Piptolepisgardneri)0.69:0.04817628381877402,(Piptolepis_ericoides,(Piptolepisbuxoides,#H23:9.999943618137818::0.27929494010089223):0.08601323030086391)0.93:0.14688361163504904)0.4:0.0599001404815597,(((Piptolepisriparia,(Piptolepisleptospermoides,(Piptolepisimbricata)#H30:::0.8118584250882688):0.08327247230829438):0.03785624648056554,Piptolepispilosa)0.56:0.1106475021815859,#H30:::0.18814157491173117):0.006300671394503308)0.37:0.07102725583037145)0.74:0.5231008735315)1:1.986869650509286)1;

begin replicate 26
bootstrap data simulation: seed 56400
estimation, 5 runs: seed 53593
(Eremanthus_elaeagnus_E2875,((Piptolepisrosmarinifolia,Piptolepispabstii)1:0.6590631255331929)#H23:0.0::0.7207948046502345,(Proteopisargentea,(Piptolepisoleaster,(((Piptolepismonticola,Piptolepisgardneri)0.69:0.04816224159961697,(Piptolepis_ericoides,(Piptolepisbuxoides,#H23:9.999601793137533::0.2792051953497655):0.08533770012368205)0.93:0.14708710617486256)0.4:0.059836771924134245,((Piptolepispilosa,(Piptolepisriparia,((Piptolepisleptospermoides,Piptolepisimbricata):0.05377524138235006)#H30:0.06045620450824981::0.739555918420099):0.06149751239551231)0.56:0.1309790182678781,#H30:0.0::0.2604440815799009):0.0025073431557508298)0.37:0.0711101491141174)0.74:0.5230378076195686)1:1.985826970833596)1;

begin replicate 27
bootstrap data simulation: seed 19215
estimation, 5 runs: seed 95102
(Eremanthus_elaeagnus_E2875,((Piptolepisrosmarinifolia,Piptolepispabstii)1:0.6591177760231436)#H23:0.0::0.7207580230622823,(Proteopisargentea,((((Piptolepismonticola,Piptolepisgardneri)0.69:0.0480881417702051,(Piptolepis_ericoides,(Piptolepisbuxoides,#H23:9.999589895796518::0.27924197693771763):0.08587304971810254)0.93:0.1469286474438739)0.4:0.0599159789902733,(((Piptolepisleptospermoides,Piptolepisimbricata):0.047438948791532626,(Piptolepisriparia)#H30:::0.9578133403697431):0.04344008274822224,(Piptolepispilosa,#H30:::0.042186659630256966):1.2439551537355686)0.56:0.09880456661296791)0.74:0.07107406160130496,Piptolepisoleaster)0.37:0.5231110253433287)1:1.9863489060542567)1;

begin replicate 28
bootstrap data simulation: seed 71487
estimation, 5 runs: seed 64828
(Eremanthus_elaeagnus_E2875,((Piptolepisrosmarinifolia,Piptolepispabstii)1:0.6590631255331929)#H23:0.0::0.7207948046502345,(Proteopisargentea,(Piptolepisoleaster,(((Piptolepismonticola,Piptolepisgardneri)0.69:0.04816224159961697,(Piptolepis_ericoides,(Piptolepisbuxoides,#H23:9.999601793137533::0.2792051953497655):0.08533770012368205)0.93:0.14708710617486256)0.4:0.059836771924134245,((Piptolepispilosa,(Piptolepisriparia,((Piptolepisleptospermoides,Piptolepisimbricata):0.05377524138235006)#H30:0.06045620450824981::0.739555918420099):0.06149751239551231)0.56:0.1309790182678781,#H30:0.0::0.2604440815799009):0.0025073431557508298)0.37:0.0711101491141174)0.74:0.5230378076195686)1:1.985826970833596)1;

begin replicate 29
bootstrap data simulation: seed 55194
estimation, 5 runs: seed 28778
(Eremanthus_elaeagnus_E2875,((Piptolepisrosmarinifolia,Piptolepispabstii)1:0.6590631255331929)#H23:0.0::0.7207948046502345,(Proteopisargentea,(Piptolepisoleaster,(((Piptolepismonticola,Piptolepisgardneri)0.69:0.04816224159961697,(Piptolepis_ericoides,(Piptolepisbuxoides,#H23:9.999601793137533::0.2792051953497655):0.08533770012368205)0.93:0.14708710617486256)0.4:0.059836771924134245,((Piptolepispilosa,(Piptolepisriparia,((Piptolepisleptospermoides,Piptolepisimbricata):0.05377524138235006)#H30:0.06045620450824981::0.739555918420099):0.06149751239551231)0.56:0.1309790182678781,#H30:0.0::0.2604440815799009):0.0025073431557508298)0.37:0.0711101491141174)0.74:0.5230378076195686)1:1.985826970833596)1;

begin replicate 30
bootstrap data simulation: seed 28620
estimation, 5 runs: seed 50959
(Eremanthus_elaeagnus_E2875,((Piptolepisrosmarinifolia,Piptolepispabstii)1:0.6590631255331929)#H23:0.0::0.7207948046502345,(Proteopisargentea,(Piptolepisoleaster,(((Piptolepismonticola,Piptolepisgardneri)0.69:0.04816224159961697,(Piptolepis_ericoides,(Piptolepisbuxoides,#H23:9.999601793137533::0.2792051953497655):0.08533770012368205)0.93:0.14708710617486256)0.4:0.059836771924134245,((Piptolepispilosa,(Piptolepisriparia,((Piptolepisleptospermoides,Piptolepisimbricata):0.05377524138235006)#H30:0.06045620450824981::0.739555918420099):0.06149751239551231)0.56:0.1309790182678781,#H30:0.0::0.2604440815799009):0.0025073431557508298)0.37:0.0711101491141174)0.74:0.5230378076195686)1:1.985826970833596)1;

begin replicate 31
bootstrap data simulation: seed 69877
estimation, 5 runs: seed 53721
(Eremanthus_elaeagnus_E2875,((Piptolepisrosmarinifolia,Piptolepispabstii)1:0.6590631255331929)#H23:0.0::0.7207948046502345,(Proteopisargentea,(Piptolepisoleaster,(((Piptolepismonticola,Piptolepisgardneri)0.69:0.04816224159961697,(Piptolepis_ericoides,(Piptolepisbuxoides,#H23:9.999601793137533::0.2792051953497655):0.08533770012368205)0.93:0.14708710617486256)0.4:0.059836771924134245,((Piptolepispilosa,(Piptolepisriparia,((Piptolepisleptospermoides,Piptolepisimbricata):0.05377524138235006)#H30:0.06045620450824981::0.739555918420099):0.06149751239551231)0.56:0.1309790182678781,#H30:0.0::0.2604440815799009):0.0025073431557508298)0.37:0.0711101491141174)0.74:0.5230378076195686)1:1.985826970833596)1;

begin replicate 32
bootstrap data simulation: seed 72951
estimation, 5 runs: seed 91914
(Eremanthus_elaeagnus_E2875,((Piptolepisrosmarinifolia,Piptolepispabstii)1:0.6590631255331929)#H23:0.0::0.7207948046502345,(Proteopisargentea,(Piptolepisoleaster,(((Piptolepismonticola,Piptolepisgardneri)0.69:0.04816224159961697,(Piptolepis_ericoides,(Piptolepisbuxoides,#H23:9.999601793137533::0.2792051953497655):0.08533770012368205)0.93:0.14708710617486256)0.4:0.059836771924134245,((Piptolepispilosa,(Piptolepisriparia,((Piptolepisleptospermoides,Piptolepisimbricata):0.05377524138235006)#H30:0.06045620450824981::0.739555918420099):0.06149751239551231)0.56:0.1309790182678781,#H30:0.0::0.2604440815799009):0.0025073431557508298)0.37:0.0711101491141174)0.74:0.5230378076195686)1:1.985826970833596)1;

begin replicate 33
bootstrap data simulation: seed 89178
estimation, 5 runs: seed 93016
(Eremanthus_elaeagnus_E2875,((Piptolepisrosmarinifolia,Piptolepispabstii)1:0.6590631255331929)#H23:0.0::0.7207948046502345,(Proteopisargentea,(Piptolepisoleaster,(((Piptolepismonticola,Piptolepisgardneri)0.69:0.04816224159961697,(Piptolepis_ericoides,(Piptolepisbuxoides,#H23:9.999601793137533::0.2792051953497655):0.08533770012368205)0.93:0.14708710617486256)0.4:0.059836771924134245,((Piptolepispilosa,(Piptolepisriparia,((Piptolepisleptospermoides,Piptolepisimbricata):0.05377524138235006)#H30:0.06045620450824981::0.739555918420099):0.06149751239551231)0.56:0.1309790182678781,#H30:0.0::0.2604440815799009):0.0025073431557508298)0.37:0.0711101491141174)0.74:0.5230378076195686)1:1.985826970833596)1;

begin replicate 34
bootstrap data simulation: seed 31058
estimation, 5 runs: seed 90599
(Eremanthus_elaeagnus_E2875,((Piptolepisrosmarinifolia,Piptolepispabstii)1:0.6590631255331929)#H23:0.0::0.7207948046502345,(Proteopisargentea,(Piptolepisoleaster,(((Piptolepismonticola,Piptolepisgardneri)0.69:0.04816224159961697,(Piptolepis_ericoides,(Piptolepisbuxoides,#H23:9.999601793137533::0.2792051953497655):0.08533770012368205)0.93:0.14708710617486256)0.4:0.059836771924134245,((Piptolepispilosa,(Piptolepisriparia,((Piptolepisleptospermoides,Piptolepisimbricata):0.05377524138235006)#H30:0.06045620450824981::0.739555918420099):0.06149751239551231)0.56:0.1309790182678781,#H30:0.0::0.2604440815799009):0.0025073431557508298)0.37:0.0711101491141174)0.74:0.5230378076195686)1:1.985826970833596)1;

begin replicate 35
bootstrap data simulation: seed 19252
estimation, 5 runs: seed 28986
(Eremanthus_elaeagnus_E2875,((Piptolepisrosmarinifolia,Piptolepispabstii)1:0.6590631255331929)#H23:0.0::0.7207948046502345,(Proteopisargentea,(Piptolepisoleaster,(((Piptolepismonticola,Piptolepisgardneri)0.69:0.04816224159961697,(Piptolepis_ericoides,(Piptolepisbuxoides,#H23:9.999601793137533::0.2792051953497655):0.08533770012368205)0.93:0.14708710617486256)0.4:0.059836771924134245,((Piptolepispilosa,(Piptolepisriparia,((Piptolepisleptospermoides,Piptolepisimbricata):0.05377524138235006)#H30:0.06045620450824981::0.739555918420099):0.06149751239551231)0.56:0.1309790182678781,#H30:0.0::0.2604440815799009):0.0025073431557508298)0.37:0.0711101491141174)0.74:0.5230378076195686)1:1.985826970833596)1;

begin replicate 36
bootstrap data simulation: seed 72813
estimation, 5 runs: seed 59983
(Eremanthus_elaeagnus_E2875,((Piptolepisrosmarinifolia,Piptolepispabstii)1:0.6590631255331929)#H23:0.0::0.7207948046502345,(Proteopisargentea,(Piptolepisoleaster,(((Piptolepismonticola,Piptolepisgardneri)0.69:0.04816224159961697,(Piptolepis_ericoides,(Piptolepisbuxoides,#H23:9.999601793137533::0.2792051953497655):0.08533770012368205)0.93:0.14708710617486256)0.4:0.059836771924134245,((Piptolepispilosa,(Piptolepisriparia,((Piptolepisleptospermoides,Piptolepisimbricata):0.05377524138235006)#H30:0.06045620450824981::0.739555918420099):0.06149751239551231)0.56:0.1309790182678781,#H30:0.0::0.2604440815799009):0.0025073431557508298)0.37:0.0711101491141174)0.74:0.5230378076195686)1:1.985826970833596)1;

begin replicate 37
bootstrap data simulation: seed 68497
estimation, 5 runs: seed 74311
(Eremanthus_elaeagnus_E2875,((Piptolepisrosmarinifolia,Piptolepispabstii)1:0.6590631255331929)#H23:0.0::0.7207948046502345,(Proteopisargentea,(Piptolepisoleaster,(((Piptolepismonticola,Piptolepisgardneri)0.69:0.04816224159961697,(Piptolepis_ericoides,(Piptolepisbuxoides,#H23:9.999601793137533::0.2792051953497655):0.08533770012368205)0.93:0.14708710617486256)0.4:0.059836771924134245,((Piptolepispilosa,(Piptolepisriparia,((Piptolepisleptospermoides,Piptolepisimbricata):0.05377524138235006)#H30:0.06045620450824981::0.739555918420099):0.06149751239551231)0.56:0.1309790182678781,#H30:0.0::0.2604440815799009):0.0025073431557508298)0.37:0.0711101491141174)0.74:0.5230378076195686)1:1.985826970833596)1;

begin replicate 38
bootstrap data simulation: seed 73870
estimation, 5 runs: seed 40376
(Piptolepisgardneri,(Piptolepispilosa,(Piptolepisriparia,((((Piptolepismonticola,((Piptolepisbuxoides,#H23:0.0002530568932345702::0.4065522601173049)1:0.0008048890986245492,Piptolepis_ericoides):0.1860874367908875)0.37:0.06620663127036575,(Piptolepisoleaster,(Proteopisargentea,((Eremanthus_elaeagnus_E2875,(Piptolepisrosmarinifolia,Piptolepispabstii)1:0.47556947656475046)1:0.835245774120663)#H23:0.0::0.5934477398826952)0.74:0.9408649575001526)0.4:0.1430945018781892)0.93:0.0)#H30:4.2272580054086826e-5::0.5790029190008199,(Piptolepisimbricata,Piptolepisleptospermoides):0.02819709969670837):0.04601612999581173):0.10101698516278439)0.56:0.7228964519725052,#H30:4.750712145094731e-9::0.42099708099918004)0.69;

begin replicate 39
bootstrap data simulation: seed 82529
estimation, 5 runs: seed 65600
(Eremanthus_elaeagnus_E2875,((Piptolepisrosmarinifolia,Piptolepispabstii)1:0.6590631255331929)#H23:0.0::0.7207948046502345,(Proteopisargentea,(Piptolepisoleaster,(((Piptolepismonticola,Piptolepisgardneri)0.69:0.04816224159961697,(Piptolepis_ericoides,(Piptolepisbuxoides,#H23:9.999601793137533::0.2792051953497655):0.08533770012368205)0.93:0.14708710617486256)0.4:0.059836771924134245,((Piptolepispilosa,(Piptolepisriparia,((Piptolepisleptospermoides,Piptolepisimbricata):0.05377524138235006)#H30:0.06045620450824981::0.739555918420099):0.06149751239551231)0.56:0.1309790182678781,#H30:0.0::0.2604440815799009):0.0025073431557508298)0.37:0.0711101491141174)0.74:0.5230378076195686)1:1.985826970833596)1;

begin replicate 40
bootstrap data simulation: seed 27073
estimation, 5 runs: seed 27681
(Eremanthus_elaeagnus_E2875,((Piptolepisrosmarinifolia,Piptolepispabstii)1:0.6594161081153164)#H23:0.0::0.7205645599347812,(Proteopisargentea,(Piptolepisoleaster,(((Piptolepismonticola,Piptolepisgardneri)0.69:0.0482498213600796,(Piptolepis_ericoides,(Piptolepisbuxoides,#H23:9.981463585123485::0.27943544006521887):0.08562937989207252)0.93:0.14679577058441598)0.4:0.05986850493080344,((Piptolepispilosa,(Piptolepisriparia,((Piptolepisleptospermoides,Piptolepisimbricata):0.05737339948142558)#H30:0.05256988309941857::0.7413803009150907):0.06082322547348201)0.56:0.13042596759615802,#H30:0.0::0.25861969908490934):0.0029316843173214317)0.37:0.0709709070352802)0.74:0.5232470717595056)1:1.98768537764289)1;

begin replicate 41
bootstrap data simulation: seed 25465
estimation, 5 runs: seed 20899
(Eremanthus_elaeagnus_E2875,((Piptolepisrosmarinifolia,Piptolepispabstii)1:0.6590631255331929)#H23:0.0::0.7207948046502345,(Proteopisargentea,(Piptolepisoleaster,(((Piptolepismonticola,Piptolepisgardneri)0.69:0.04816224159961697,(Piptolepis_ericoides,(Piptolepisbuxoides,#H23:9.999601793137533::0.2792051953497655):0.08533770012368205)0.93:0.14708710617486256)0.4:0.059836771924134245,((Piptolepispilosa,(Piptolepisriparia,((Piptolepisleptospermoides,Piptolepisimbricata):0.05377524138235006)#H30:0.06045620450824981::0.739555918420099):0.06149751239551231)0.56:0.1309790182678781,#H30:0.0::0.2604440815799009):0.0025073431557508298)0.37:0.0711101491141174)0.74:0.5230378076195686)1:1.985826970833596)1;

begin replicate 42
bootstrap data simulation: seed 15559
estimation, 5 runs: seed 58627
(Eremanthus_elaeagnus_E2875,((Piptolepisrosmarinifolia,Piptolepispabstii)1:0.6590631255331929)#H23:0.0::0.7207948046502345,(Proteopisargentea,(Piptolepisoleaster,(((Piptolepismonticola,Piptolepisgardneri)0.69:0.04816224159961697,(Piptolepis_ericoides,(Piptolepisbuxoides,#H23:9.999601793137533::0.2792051953497655):0.08533770012368205)0.93:0.14708710617486256)0.4:0.059836771924134245,((Piptolepispilosa,(Piptolepisriparia,((Piptolepisleptospermoides,Piptolepisimbricata):0.05377524138235006)#H30:0.06045620450824981::0.739555918420099):0.06149751239551231)0.56:0.1309790182678781,#H30:0.0::0.2604440815799009):0.0025073431557508298)0.37:0.0711101491141174)0.74:0.5230378076195686)1:1.985826970833596)1;

begin replicate 43
bootstrap data simulation: seed 91339
estimation, 5 runs: seed 9153
(Eremanthus_elaeagnus_E2875,((Piptolepisrosmarinifolia,Piptolepispabstii)1:0.6589456689580705)#H23:0.0::0.720813088408909,(Proteopisargentea,(Piptolepisoleaster,(((Piptolepismonticola,Piptolepisgardneri)0.69:0.04831943103636357,((Piptolepisbuxoides,#H23:9.994054499635547::0.279186911591091):0.08521231051725582,Piptolepis_ericoides)0.93:0.1468853777041493)0.4:0.059777643559746144,((Piptolepispilosa,(Piptolepisriparia,((Piptolepisleptospermoides,Piptolepisimbricata):0.05461659795695109)#H30:0.05922114157783626::0.7401198795198327):0.06164194120457296)0.56:0.13099755237225216,#H30:0.0::0.25988012048016723):0.0024380054240886696)0.37:0.07102983033306047)0.74:0.5230086314246988)1:1.9857027222509582)1;

begin replicate 44
bootstrap data simulation: seed 17532
estimation, 5 runs: seed 65659
(Eremanthus_elaeagnus_E2875,((Piptolepisrosmarinifolia,Piptolepispabstii)1:0.6590631255331929)#H23:0.0::0.7207948046502345,(Proteopisargentea,(Piptolepisoleaster,(((Piptolepismonticola,Piptolepisgardneri)0.69:0.04816224159961697,(Piptolepis_ericoides,(Piptolepisbuxoides,#H23:9.999601793137533::0.2792051953497655):0.08533770012368205)0.93:0.14708710617486256)0.4:0.059836771924134245,((Piptolepispilosa,(Piptolepisriparia,((Piptolepisleptospermoides,Piptolepisimbricata):0.05377524138235006)#H30:0.06045620450824981::0.739555918420099):0.06149751239551231)0.56:0.1309790182678781,#H30:0.0::0.2604440815799009):0.0025073431557508298)0.37:0.0711101491141174)0.74:0.5230378076195686)1:1.985826970833596)1;

begin replicate 45
bootstrap data simulation: seed 58959
estimation, 5 runs: seed 91204
(Eremanthus_elaeagnus_E2875,((Piptolepisrosmarinifolia,Piptolepispabstii)1:0.6590631255331929)#H23:0.0::0.7207948046502345,(Proteopisargentea,(Piptolepisoleaster,(((Piptolepismonticola,Piptolepisgardneri)0.69:0.04816224159961697,(Piptolepis_ericoides,(Piptolepisbuxoides,#H23:9.999601793137533::0.2792051953497655):0.08533770012368205)0.93:0.14708710617486256)0.4:0.059836771924134245,((Piptolepispilosa,(Piptolepisriparia,((Piptolepisleptospermoides,Piptolepisimbricata):0.05377524138235006)#H30:0.06045620450824981::0.739555918420099):0.06149751239551231)0.56:0.1309790182678781,#H30:0.0::0.2604440815799009):0.0025073431557508298)0.37:0.0711101491141174)0.74:0.5230378076195686)1:1.985826970833596)1;

begin replicate 46
bootstrap data simulation: seed 51436
estimation, 5 runs: seed 67607
(Eremanthus_elaeagnus_E2875,((Piptolepisrosmarinifolia,Piptolepispabstii)1:0.6590631255331929)#H23:0.0::0.7207948046502345,(Proteopisargentea,(Piptolepisoleaster,(((Piptolepismonticola,Piptolepisgardneri)0.69:0.04816224159961697,(Piptolepis_ericoides,(Piptolepisbuxoides,#H23:9.999601793137533::0.2792051953497655):0.08533770012368205)0.93:0.14708710617486256)0.4:0.059836771924134245,((Piptolepispilosa,(Piptolepisriparia,((Piptolepisleptospermoides,Piptolepisimbricata):0.05377524138235006)#H30:0.06045620450824981::0.739555918420099):0.06149751239551231)0.56:0.1309790182678781,#H30:0.0::0.2604440815799009):0.0025073431557508298)0.37:0.0711101491141174)0.74:0.5230378076195686)1:1.985826970833596)1;

begin replicate 47
bootstrap data simulation: seed 84569
estimation, 5 runs: seed 19079
(Eremanthus_elaeagnus_E2875,((Piptolepisrosmarinifolia,Piptolepispabstii)1:0.6590631255331929)#H23:0.0::0.7207948046502345,(Proteopisargentea,(Piptolepisoleaster,(((Piptolepismonticola,Piptolepisgardneri)0.69:0.04816224159961697,(Piptolepis_ericoides,(Piptolepisbuxoides,#H23:9.999601793137533::0.2792051953497655):0.08533770012368205)0.93:0.14708710617486256)0.4:0.059836771924134245,((Piptolepispilosa,(Piptolepisriparia,((Piptolepisleptospermoides,Piptolepisimbricata):0.05377524138235006)#H30:0.06045620450824981::0.739555918420099):0.06149751239551231)0.56:0.1309790182678781,#H30:0.0::0.2604440815799009):0.0025073431557508298)0.37:0.0711101491141174)0.74:0.5230378076195686)1:1.985826970833596)1;

begin replicate 48
bootstrap data simulation: seed 56524
estimation, 5 runs: seed 5447
(Eremanthus_elaeagnus_E2875,((Piptolepisrosmarinifolia,Piptolepispabstii)1:0.6590631255331929)#H23:0.0::0.7207948046502345,(Proteopisargentea,(Piptolepisoleaster,(((Piptolepismonticola,Piptolepisgardneri)0.69:0.04816224159961697,(Piptolepis_ericoides,(Piptolepisbuxoides,#H23:9.999601793137533::0.2792051953497655):0.08533770012368205)0.93:0.14708710617486256)0.4:0.059836771924134245,((Piptolepispilosa,(Piptolepisriparia,((Piptolepisleptospermoides,Piptolepisimbricata):0.05377524138235006)#H30:0.06045620450824981::0.739555918420099):0.06149751239551231)0.56:0.1309790182678781,#H30:0.0::0.2604440815799009):0.0025073431557508298)0.37:0.0711101491141174)0.74:0.5230378076195686)1:1.985826970833596)1;

begin replicate 49
bootstrap data simulation: seed 55683
estimation, 5 runs: seed 97517
(Eremanthus_elaeagnus_E2875,((Piptolepisrosmarinifolia,Piptolepispabstii)1:0.6590631255331929)#H23:0.0::0.7207948046502345,(Proteopisargentea,(Piptolepisoleaster,(((Piptolepismonticola,Piptolepisgardneri)0.69:0.04816224159961697,(Piptolepis_ericoides,(Piptolepisbuxoides,#H23:9.999601793137533::0.2792051953497655):0.08533770012368205)0.93:0.14708710617486256)0.4:0.059836771924134245,((Piptolepispilosa,(Piptolepisriparia,((Piptolepisleptospermoides,Piptolepisimbricata):0.05377524138235006)#H30:0.06045620450824981::0.739555918420099):0.06149751239551231)0.56:0.1309790182678781,#H30:0.0::0.2604440815799009):0.0025073431557508298)0.37:0.0711101491141174)0.74:0.5230378076195686)1:1.985826970833596)1;

begin replicate 50
bootstrap data simulation: seed 40808
estimation, 5 runs: seed 79960
(Eremanthus_elaeagnus_E2875,((Piptolepisrosmarinifolia,Piptolepispabstii)1:0.6590631255331929)#H23:0.0::0.7207948046502345,(Proteopisargentea,(Piptolepisoleaster,(((Piptolepismonticola,Piptolepisgardneri)0.69:0.04816224159961697,(Piptolepis_ericoides,(Piptolepisbuxoides,#H23:9.999601793137533::0.2792051953497655):0.08533770012368205)0.93:0.14708710617486256)0.4:0.059836771924134245,((Piptolepispilosa,(Piptolepisriparia,((Piptolepisleptospermoides,Piptolepisimbricata):0.05377524138235006)#H30:0.06045620450824981::0.739555918420099):0.06149751239551231)0.56:0.1309790182678781,#H30:0.0::0.2604440815799009):0.0025073431557508298)0.37:0.0711101491141174)0.74:0.5230378076195686)1:1.985826970833596)1;
